[0.039s] Invoking command in '/home/user/ros2_ws/build/battery_monitoring': CMAKE_PREFIX_PATH=${CMAKE_PREFIX_PATH}:/opt/ros/foxy _=/usr/bin/env /usr/bin/cmake --build /home/user/ros2_ws/build/battery_monitoring -- -j8 -l8
[0.123s] [35m[1mScanning dependencies of target server[0m
[0.209s] [  8%] Built target battery_monitoring__rosidl_generator_c
[0.218s] [ 11%] Built target battery_monitoring__cpp
[0.233s] [ 17%] Built target client
[0.321s] [ 20%] [32mBuilding CXX object CMakeFiles/server.dir/src/server.cpp.o[0m
[0.330s] [ 28%] Built target battery_monitoring__rosidl_typesupport_introspection_c
[0.423s] [ 37%] Built target battery_monitoring__rosidl_typesupport_c
[0.426s] [ 45%] Built target battery_monitoring__rosidl_typesupport_cpp
[0.523s] [ 54%] Built target battery_monitoring__rosidl_typesupport_introspection_cpp
[0.539s] [ 62%] Built target battery_monitoring__rosidl_typesupport_fastrtps_cpp
[0.646s] [ 71%] Built target battery_monitoring__rosidl_typesupport_fastrtps_c
[0.747s] [ 71%] Built target battery_monitoring
[0.838s] [ 74%] Built target battery_monitoring__py
[0.947s] [ 80%] Built target battery_monitoring__python
[1.127s] [ 85%] Built target battery_monitoring__rosidl_typesupport_introspection_c__pyext
[1.132s] [ 91%] Built target battery_monitoring__rosidl_typesupport_c__pyext
[1.212s] [ 97%] Built target battery_monitoring__rosidl_typesupport_fastrtps_c__pyext
[3.041s] [01m[K/home/user/ros2_ws/src/battery_monitoring/src/server.cpp:[m[K In function '[01m[Kint main(int, char**)[m[K':
[3.042s] [01m[K/home/user/ros2_ws/src/battery_monitoring/src/server.cpp:28:42:[m[K [01;31m[Kerror: [m[K'[01m[Kbattery_monitoring::RobotBatteryStatus[m[K' has not been declared
[3.042s]    28 |               &add, (battery_monitoring::[01;31m[KRobotBatteryStatus[m[K::Request)_1,
[3.042s]       |                                          [01;31m[K^~~~~~~~~~~~~~~~~~[m[K
[3.577s] make[2]: *** [CMakeFiles/server.dir/build.make:63: CMakeFiles/server.dir/src/server.cpp.o] Error 1
[3.577s] make[1]: *** [CMakeFiles/Makefile2:152: CMakeFiles/server.dir/all] Error 2
[3.577s] make: *** [Makefile:141: all] Error 2
[3.580s] Invoked command in '/home/user/ros2_ws/build/battery_monitoring' returned '2': CMAKE_PREFIX_PATH=${CMAKE_PREFIX_PATH}:/opt/ros/foxy _=/usr/bin/env /usr/bin/cmake --build /home/user/ros2_ws/build/battery_monitoring -- -j8 -l8
