[0.033s] Invoking command in '/home/user/ros2_ws/build/cpp_srvcli': CMAKE_PREFIX_PATH=${CMAKE_PREFIX_PATH}:/opt/ros/foxy _=/usr/bin/env /usr/bin/cmake --build /home/user/ros2_ws/build/cpp_srvcli -- -j8 -l8
[0.203s] -- Found ament_cmake: 0.9.9 (/opt/ros/foxy/share/ament_cmake/cmake)
[0.250s] -- Using PYTHON_EXECUTABLE: /usr/bin/python3
[0.699s] -- Found rclcpp: 2.4.0 (/opt/ros/foxy/share/rclcpp/cmake)
[0.802s] -- Using all available rosidl_typesupport_c: rosidl_typesupport_fastrtps_c;rosidl_typesupport_introspection_c
[0.812s] -- Found rosidl_adapter: 1.2.1 (/opt/ros/foxy/share/rosidl_adapter/cmake)
[1.160s] -- Using all available rosidl_typesupport_cpp: rosidl_typesupport_fastrtps_cpp;rosidl_typesupport_introspection_cpp
[1.306s] -- Found rmw_implementation_cmake: 1.0.3 (/opt/ros/foxy/share/rmw_implementation_cmake/cmake)
[1.311s] -- Using RMW implementation 'rmw_fastrtps_cpp' as default
[1.622s] -- Found example_interfaces: 0.9.1 (/opt/ros/foxy/share/example_interfaces/cmake)
[1.906s] -- Found PythonInterp: /usr/bin/python3 (found version "3.8.10") 
[3.163s] CMake Error at /opt/ros/foxy/share/rosidl_adapter/cmake/rosidl_adapt_interfaces.cmake:60 (message):
[3.163s]   execute_process(/usr/bin/python3 -m rosidl_adapter --package-name
[3.163s]   cpp_srvcli --arguments-file
[3.163s]   /home/user/ros2_ws/build/cpp_srvcli/rosidl_adapter__arguments__cpp_srvcli.json
[3.164s]   --output-dir /home/user/ros2_ws/build/cpp_srvcli/rosidl_adapter/cpp_srvcli
[3.164s]   --output-file
[3.164s]   /home/user/ros2_ws/build/cpp_srvcli/rosidl_adapter/cpp_srvcli.idls)
[3.164s]   returned error code 1:
[3.164s] 
[3.164s]   Traceback (most recent call last):
[3.164s] 
[3.165s]     File "/usr/lib/python3.8/runpy.py", line 194, in _run_module_as_main
[3.165s]       return _run_code(code, main_globals, None,
[3.165s]     File "/usr/lib/python3.8/runpy.py", line 87, in _run_code
[3.165s]       exec(code, run_globals)
[3.165s]     File "/opt/ros/foxy/lib/python3.8/site-packages/rosidl_adapter/__main__.py", line 19, in <module>
[3.165s]       sys.exit(main())
[3.166s]     File "/opt/ros/foxy/lib/python3.8/site-packages/rosidl_adapter/main.py", line 53, in main
[3.166s]       abs_idl_file = convert_to_idl(
[3.166s]     File "/opt/ros/foxy/lib/python3.8/site-packages/rosidl_adapter/__init__.py", line 24, in convert_to_idl
[3.166s]       return convert_srv_to_idl(
[3.166s]     File "/opt/ros/foxy/lib/python3.8/site-packages/rosidl_adapter/srv/__init__.py", line 28, in convert_srv_to_idl
[3.167s]       srv = parse_service_string(package_name, input_file.stem, content)
[3.167s]     File "/opt/ros/foxy/lib/python3.8/site-packages/rosidl_adapter/parser.py", line 852, in parse_service_string
[3.167s]       request_message = parse_message_string(
[3.167s]     File "/opt/ros/foxy/lib/python3.8/site-packages/rosidl_adapter/parser.py", line 540, in parse_message_string
[3.167s]       msg = MessageSpecification(pkg_name, msg_name, fields, constants)
[3.167s]     File "/opt/ros/foxy/lib/python3.8/site-packages/rosidl_adapter/parser.py", line 387, in __init__
[3.168s]       self.base_type = BaseType(
[3.168s]     File "/opt/ros/foxy/lib/python3.8/site-packages/rosidl_adapter/parser.py", line 204, in __init__
[3.168s]       raise InvalidResourceName(
[3.168s] 
[3.168s]   rosidl_adapter.parser.InvalidResourceName: 'battery_monitoring_Request' is
[3.169s]   an invalid message name.  It should have the pattern '^[A-Z][A-Za-z0-9]*$'
[3.169s] 
[3.169s] Call Stack (most recent call first):
[3.169s]   /opt/ros/foxy/share/rosidl_cmake/cmake/rosidl_generate_interfaces.cmake:130 (rosidl_adapt_interfaces)
[3.169s]   CMakeLists.txt:22 (rosidl_generate_interfaces)
[3.170s] 
[3.170s] 
[3.170s] -- Configuring incomplete, errors occurred!
[3.170s] See also "/home/user/ros2_ws/build/cpp_srvcli/CMakeFiles/CMakeOutput.log".
[3.170s] See also "/home/user/ros2_ws/build/cpp_srvcli/CMakeFiles/CMakeError.log".
[3.184s] make: *** [Makefile:222: cmake_check_build_system] Error 1
[3.186s] Invoked command in '/home/user/ros2_ws/build/cpp_srvcli' returned '2': CMAKE_PREFIX_PATH=${CMAKE_PREFIX_PATH}:/opt/ros/foxy _=/usr/bin/env /usr/bin/cmake --build /home/user/ros2_ws/build/cpp_srvcli -- -j8 -l8
