[0.019s] Invoking command in '/home/user/ros2_ws/build/battery_monitoring': CMAKE_PREFIX_PATH=${CMAKE_PREFIX_PATH}:/opt/ros/foxy _=/usr/bin/env /usr/bin/cmake --build /home/user/ros2_ws/build/battery_monitoring -- -j8 -l8
[0.070s] [35m[1mScanning dependencies of target client[0m
[0.085s] [  2%] Built target battery_monitoring__cpp
[0.103s] [ 11%] Built target battery_monitoring__rosidl_generator_c
[0.121s] [ 17%] Built target server
[0.204s] [ 25%] Built target battery_monitoring__rosidl_typesupport_cpp
[0.205s] [ 34%] Built target battery_monitoring__rosidl_typesupport_introspection_cpp
[0.207s] [ 42%] Built target battery_monitoring__rosidl_typesupport_introspection_c
[0.215s] [ 51%] Built target battery_monitoring__rosidl_typesupport_fastrtps_cpp
[0.216s] [ 60%] Built target battery_monitoring__rosidl_typesupport_c
[0.222s] [ 62%] [32mBuilding CXX object CMakeFiles/client.dir/src/client.cpp.o[0m
[0.250s] [ 71%] Built target battery_monitoring__rosidl_typesupport_fastrtps_c
[0.304s] [ 71%] Built target battery_monitoring
[0.330s] [ 74%] Built target battery_monitoring__py
[0.366s] [ 80%] Built target battery_monitoring__python
[0.421s] [ 97%] Built target battery_monitoring__rosidl_typesupport_fastrtps_c__pyext
[0.421s] [ 97%] Built target battery_monitoring__rosidl_typesupport_introspection_c__pyext
[0.422s] [ 97%] Built target battery_monitoring__rosidl_typesupport_c__pyext
[2.805s] [100%] [32m[1mLinking CXX executable client[0m
[2.947s] [100%] Built target client
[2.959s] Invoked command in '/home/user/ros2_ws/build/battery_monitoring' returned '0': CMAKE_PREFIX_PATH=${CMAKE_PREFIX_PATH}:/opt/ros/foxy _=/usr/bin/env /usr/bin/cmake --build /home/user/ros2_ws/build/battery_monitoring -- -j8 -l8
[3.089s] Invoking command in '/home/user/ros2_ws/build/battery_monitoring': CMAKE_PREFIX_PATH=${CMAKE_PREFIX_PATH}:/opt/ros/foxy _=/usr/bin/env /usr/bin/cmake --install /home/user/ros2_ws/build/battery_monitoring
[3.098s] -- Install configuration: ""
[3.099s] -- Up-to-date: /home/user/ros2_ws/install/battery_monitoring/share/ament_index/resource_index/rosidl_interfaces/battery_monitoring
[3.099s] -- Up-to-date: /home/user/ros2_ws/install/battery_monitoring/include/battery_monitoring
[3.099s] -- Up-to-date: /home/user/ros2_ws/install/battery_monitoring/include/battery_monitoring/srv
[3.100s] -- Up-to-date: /home/user/ros2_ws/install/battery_monitoring/include/battery_monitoring/srv/detail
[3.100s] -- Up-to-date: /home/user/ros2_ws/install/battery_monitoring/include/battery_monitoring/srv/detail/robot_battery_status__type_support.h
[3.100s] -- Up-to-date: /home/user/ros2_ws/install/battery_monitoring/include/battery_monitoring/srv/detail/robot_battery_status__functions.h
[3.100s] -- Up-to-date: /home/user/ros2_ws/install/battery_monitoring/include/battery_monitoring/srv/detail/robot_battery_status__functions.c
[3.100s] -- Up-to-date: /home/user/ros2_ws/install/battery_monitoring/include/battery_monitoring/srv/detail/robot_battery_status__struct.h
[3.101s] -- Up-to-date: /home/user/ros2_ws/install/battery_monitoring/include/battery_monitoring/srv/robot_battery_status.h
[3.101s] -- Up-to-date: /home/user/ros2_ws/install/battery_monitoring/include/battery_monitoring/msg
[3.101s] -- Up-to-date: /home/user/ros2_ws/install/battery_monitoring/include/battery_monitoring/msg/rosidl_generator_c__visibility_control.h
[3.101s] -- Up-to-date: /home/user/ros2_ws/install/battery_monitoring/share/battery_monitoring/environment/library_path.sh
[3.101s] -- Up-to-date: /home/user/ros2_ws/install/battery_monitoring/share/battery_monitoring/environment/library_path.dsv
[3.101s] -- Up-to-date: /home/user/ros2_ws/install/battery_monitoring/lib/libbattery_monitoring__rosidl_generator_c.so
[3.102s] -- Up-to-date: /home/user/ros2_ws/install/battery_monitoring/include/battery_monitoring
[3.102s] -- Up-to-date: /home/user/ros2_ws/install/battery_monitoring/include/battery_monitoring/srv
[3.102s] -- Up-to-date: /home/user/ros2_ws/install/battery_monitoring/include/battery_monitoring/srv/detail
[3.102s] -- Up-to-date: /home/user/ros2_ws/install/battery_monitoring/include/battery_monitoring/srv/detail/robot_battery_status__rosidl_typesupport_fastrtps_c.h
[3.102s] -- Up-to-date: /home/user/ros2_ws/install/battery_monitoring/include/battery_monitoring/msg
[3.103s] -- Up-to-date: /home/user/ros2_ws/install/battery_monitoring/include/battery_monitoring/msg/rosidl_typesupport_fastrtps_c__visibility_control.h
[3.103s] -- Up-to-date: /home/user/ros2_ws/install/battery_monitoring/lib/libbattery_monitoring__rosidl_typesupport_fastrtps_c.so
[3.103s] -- Up-to-date: /home/user/ros2_ws/install/battery_monitoring/include/battery_monitoring
[3.103s] -- Up-to-date: /home/user/ros2_ws/install/battery_monitoring/include/battery_monitoring/srv
[3.103s] -- Up-to-date: /home/user/ros2_ws/install/battery_monitoring/include/battery_monitoring/srv/detail
[3.103s] -- Up-to-date: /home/user/ros2_ws/install/battery_monitoring/include/battery_monitoring/srv/detail/robot_battery_status__rosidl_typesupport_fastrtps_cpp.hpp
[3.103s] -- Up-to-date: /home/user/ros2_ws/install/battery_monitoring/include/battery_monitoring/srv/detail/dds_fastrtps
[3.104s] -- Up-to-date: /home/user/ros2_ws/install/battery_monitoring/include/battery_monitoring/msg
[3.104s] -- Up-to-date: /home/user/ros2_ws/install/battery_monitoring/include/battery_monitoring/msg/rosidl_typesupport_fastrtps_cpp__visibility_control.h
[3.104s] -- Up-to-date: /home/user/ros2_ws/install/battery_monitoring/lib/libbattery_monitoring__rosidl_typesupport_fastrtps_cpp.so
[3.104s] -- Up-to-date: /home/user/ros2_ws/install/battery_monitoring/include/battery_monitoring
[3.104s] -- Up-to-date: /home/user/ros2_ws/install/battery_monitoring/include/battery_monitoring/srv
[3.105s] -- Up-to-date: /home/user/ros2_ws/install/battery_monitoring/include/battery_monitoring/srv/detail
[3.105s] -- Up-to-date: /home/user/ros2_ws/install/battery_monitoring/include/battery_monitoring/srv/detail/robot_battery_status__type_support.c
[3.105s] -- Up-to-date: /home/user/ros2_ws/install/battery_monitoring/include/battery_monitoring/srv/detail/robot_battery_status__rosidl_typesupport_introspection_c.h
[3.105s] -- Up-to-date: /home/user/ros2_ws/install/battery_monitoring/include/battery_monitoring/msg
[3.105s] -- Up-to-date: /home/user/ros2_ws/install/battery_monitoring/include/battery_monitoring/msg/rosidl_typesupport_introspection_c__visibility_control.h
[3.105s] -- Up-to-date: /home/user/ros2_ws/install/battery_monitoring/lib/libbattery_monitoring__rosidl_typesupport_introspection_c.so
[3.105s] -- Up-to-date: /home/user/ros2_ws/install/battery_monitoring/lib/libbattery_monitoring__rosidl_typesupport_c.so
[3.106s] -- Up-to-date: /home/user/ros2_ws/install/battery_monitoring/include/battery_monitoring
[3.106s] -- Up-to-date: /home/user/ros2_ws/install/battery_monitoring/include/battery_monitoring/srv
[3.106s] -- Up-to-date: /home/user/ros2_ws/install/battery_monitoring/include/battery_monitoring/srv/detail
[3.106s] -- Up-to-date: /home/user/ros2_ws/install/battery_monitoring/include/battery_monitoring/srv/detail/robot_battery_status__builder.hpp
[3.106s] -- Up-to-date: /home/user/ros2_ws/install/battery_monitoring/include/battery_monitoring/srv/detail/robot_battery_status__traits.hpp
[3.106s] -- Up-to-date: /home/user/ros2_ws/install/battery_monitoring/include/battery_monitoring/srv/detail/robot_battery_status__struct.hpp
[3.107s] -- Up-to-date: /home/user/ros2_ws/install/battery_monitoring/include/battery_monitoring/srv/robot_battery_status.hpp
[3.107s] -- Up-to-date: /home/user/ros2_ws/install/battery_monitoring/include/battery_monitoring
[3.107s] -- Up-to-date: /home/user/ros2_ws/install/battery_monitoring/include/battery_monitoring/srv
[3.107s] -- Up-to-date: /home/user/ros2_ws/install/battery_monitoring/include/battery_monitoring/srv/detail
[3.108s] -- Up-to-date: /home/user/ros2_ws/install/battery_monitoring/include/battery_monitoring/srv/detail/robot_battery_status__rosidl_typesupport_introspection_cpp.hpp
[3.108s] -- Up-to-date: /home/user/ros2_ws/install/battery_monitoring/include/battery_monitoring/srv/detail/robot_battery_status__type_support.cpp
[3.108s] -- Up-to-date: /home/user/ros2_ws/install/battery_monitoring/lib/libbattery_monitoring__rosidl_typesupport_introspection_cpp.so
[3.108s] -- Up-to-date: /home/user/ros2_ws/install/battery_monitoring/lib/libbattery_monitoring__rosidl_typesupport_cpp.so
[3.108s] -- Up-to-date: /home/user/ros2_ws/install/battery_monitoring/share/battery_monitoring/environment/pythonpath.sh
[3.109s] -- Up-to-date: /home/user/ros2_ws/install/battery_monitoring/share/battery_monitoring/environment/pythonpath.dsv
[3.109s] -- Up-to-date: /home/user/ros2_ws/install/battery_monitoring/lib/python3.8/site-packages/battery_monitoring/__init__.py
[3.147s] -- Up-to-date: /home/user/ros2_ws/install/battery_monitoring/lib/python3.8/site-packages/battery_monitoring/srv
[3.147s] -- Up-to-date: /home/user/ros2_ws/install/battery_monitoring/lib/python3.8/site-packages/battery_monitoring/srv/_robot_battery_status.py
[3.148s] -- Up-to-date: /home/user/ros2_ws/install/battery_monitoring/lib/python3.8/site-packages/battery_monitoring/srv/__init__.py
[3.148s] -- Up-to-date: /home/user/ros2_ws/install/battery_monitoring/lib/python3.8/site-packages/battery_monitoring/srv/_robot_battery_status_s.c
[3.148s] -- Up-to-date: /home/user/ros2_ws/install/battery_monitoring/lib/python3.8/site-packages/battery_monitoring/battery_monitoring_s__rosidl_typesupport_fastrtps_c.cpython-38-x86_64-linux-gnu.so
[3.149s] -- Up-to-date: /home/user/ros2_ws/install/battery_monitoring/lib/python3.8/site-packages/battery_monitoring/battery_monitoring_s__rosidl_typesupport_introspection_c.cpython-38-x86_64-linux-gnu.so
[3.149s] -- Up-to-date: /home/user/ros2_ws/install/battery_monitoring/lib/python3.8/site-packages/battery_monitoring/battery_monitoring_s__rosidl_typesupport_c.cpython-38-x86_64-linux-gnu.so
[3.150s] -- Up-to-date: /home/user/ros2_ws/install/battery_monitoring/lib/libbattery_monitoring__python.so
[3.150s] -- Up-to-date: /home/user/ros2_ws/install/battery_monitoring/share/battery_monitoring/srv/RobotBatteryStatus.idl
[3.150s] -- Up-to-date: /home/user/ros2_ws/install/battery_monitoring/share/battery_monitoring/srv/RobotBatteryStatus.srv
[3.151s] -- Up-to-date: /home/user/ros2_ws/install/battery_monitoring/share/battery_monitoring/srv/RobotBatteryStatus_Request.msg
[3.151s] -- Up-to-date: /home/user/ros2_ws/install/battery_monitoring/share/battery_monitoring/srv/RobotBatteryStatus_Response.msg
[3.151s] -- Up-to-date: /home/user/ros2_ws/install/battery_monitoring/lib/battery_monitoring/server
[3.151s] -- Installing: /home/user/ros2_ws/install/battery_monitoring/lib/battery_monitoring/client
[3.153s] -- Set runtime path of "/home/user/ros2_ws/install/battery_monitoring/lib/battery_monitoring/client" to ""
[3.153s] -- Up-to-date: /home/user/ros2_ws/install/battery_monitoring/share/ament_index/resource_index/package_run_dependencies/battery_monitoring
[3.153s] -- Up-to-date: /home/user/ros2_ws/install/battery_monitoring/share/ament_index/resource_index/parent_prefix_path/battery_monitoring
[3.153s] -- Up-to-date: /home/user/ros2_ws/install/battery_monitoring/share/battery_monitoring/environment/ament_prefix_path.sh
[3.153s] -- Up-to-date: /home/user/ros2_ws/install/battery_monitoring/share/battery_monitoring/environment/ament_prefix_path.dsv
[3.153s] -- Up-to-date: /home/user/ros2_ws/install/battery_monitoring/share/battery_monitoring/environment/path.sh
[3.154s] -- Up-to-date: /home/user/ros2_ws/install/battery_monitoring/share/battery_monitoring/environment/path.dsv
[3.154s] -- Up-to-date: /home/user/ros2_ws/install/battery_monitoring/share/battery_monitoring/local_setup.bash
[3.154s] -- Up-to-date: /home/user/ros2_ws/install/battery_monitoring/share/battery_monitoring/local_setup.sh
[3.154s] -- Up-to-date: /home/user/ros2_ws/install/battery_monitoring/share/battery_monitoring/local_setup.zsh
[3.154s] -- Up-to-date: /home/user/ros2_ws/install/battery_monitoring/share/battery_monitoring/local_setup.dsv
[3.154s] -- Installing: /home/user/ros2_ws/install/battery_monitoring/share/battery_monitoring/package.dsv
[3.154s] -- Up-to-date: /home/user/ros2_ws/install/battery_monitoring/share/ament_index/resource_index/packages/battery_monitoring
[3.155s] -- Up-to-date: /home/user/ros2_ws/install/battery_monitoring/share/battery_monitoring/cmake/battery_monitoring__rosidl_generator_cExport.cmake
[3.155s] -- Up-to-date: /home/user/ros2_ws/install/battery_monitoring/share/battery_monitoring/cmake/battery_monitoring__rosidl_generator_cExport-noconfig.cmake
[3.155s] -- Up-to-date: /home/user/ros2_ws/install/battery_monitoring/share/battery_monitoring/cmake/battery_monitoring__rosidl_typesupport_introspection_cExport.cmake
[3.155s] -- Up-to-date: /home/user/ros2_ws/install/battery_monitoring/share/battery_monitoring/cmake/battery_monitoring__rosidl_typesupport_introspection_cExport-noconfig.cmake
[3.155s] -- Up-to-date: /home/user/ros2_ws/install/battery_monitoring/share/battery_monitoring/cmake/battery_monitoring__rosidl_typesupport_cExport.cmake
[3.155s] -- Up-to-date: /home/user/ros2_ws/install/battery_monitoring/share/battery_monitoring/cmake/battery_monitoring__rosidl_typesupport_cExport-noconfig.cmake
[3.156s] -- Up-to-date: /home/user/ros2_ws/install/battery_monitoring/share/battery_monitoring/cmake/battery_monitoring__rosidl_generator_cppExport.cmake
[3.156s] -- Up-to-date: /home/user/ros2_ws/install/battery_monitoring/share/battery_monitoring/cmake/battery_monitoring__rosidl_typesupport_introspection_cppExport.cmake
[3.156s] -- Up-to-date: /home/user/ros2_ws/install/battery_monitoring/share/battery_monitoring/cmake/battery_monitoring__rosidl_typesupport_introspection_cppExport-noconfig.cmake
[3.156s] -- Up-to-date: /home/user/ros2_ws/install/battery_monitoring/share/battery_monitoring/cmake/battery_monitoring__rosidl_typesupport_cppExport.cmake
[3.156s] -- Up-to-date: /home/user/ros2_ws/install/battery_monitoring/share/battery_monitoring/cmake/battery_monitoring__rosidl_typesupport_cppExport-noconfig.cmake
[3.157s] -- Up-to-date: /home/user/ros2_ws/install/battery_monitoring/share/battery_monitoring/cmake/rosidl_cmake-extras.cmake
[3.157s] -- Up-to-date: /home/user/ros2_ws/install/battery_monitoring/share/battery_monitoring/cmake/ament_cmake_export_dependencies-extras.cmake
[3.157s] -- Up-to-date: /home/user/ros2_ws/install/battery_monitoring/share/battery_monitoring/cmake/ament_cmake_export_libraries-extras.cmake
[3.157s] -- Up-to-date: /home/user/ros2_ws/install/battery_monitoring/share/battery_monitoring/cmake/ament_cmake_export_targets-extras.cmake
[3.157s] -- Up-to-date: /home/user/ros2_ws/install/battery_monitoring/share/battery_monitoring/cmake/ament_cmake_export_include_directories-extras.cmake
[3.157s] -- Up-to-date: /home/user/ros2_ws/install/battery_monitoring/share/battery_monitoring/cmake/rosidl_cmake_export_typesupport_libraries-extras.cmake
[3.157s] -- Up-to-date: /home/user/ros2_ws/install/battery_monitoring/share/battery_monitoring/cmake/rosidl_cmake_export_typesupport_targets-extras.cmake
[3.157s] -- Up-to-date: /home/user/ros2_ws/install/battery_monitoring/share/battery_monitoring/cmake/battery_monitoringConfig.cmake
[3.158s] -- Up-to-date: /home/user/ros2_ws/install/battery_monitoring/share/battery_monitoring/cmake/battery_monitoringConfig-version.cmake
[3.158s] -- Up-to-date: /home/user/ros2_ws/install/battery_monitoring/share/battery_monitoring/package.xml
[3.160s] Invoked command in '/home/user/ros2_ws/build/battery_monitoring' returned '0': CMAKE_PREFIX_PATH=${CMAKE_PREFIX_PATH}:/opt/ros/foxy _=/usr/bin/env /usr/bin/cmake --install /home/user/ros2_ws/build/battery_monitoring
