[0.026s] Invoking command in '/home/user/ros2_ws/build/cpp_srvcli': CMAKE_PREFIX_PATH=${CMAKE_PREFIX_PATH}:/opt/ros/foxy _=/usr/bin/env /usr/bin/cmake --build /home/user/ros2_ws/build/cpp_srvcli -- -j8 -l8
[0.068s] -- Found ament_cmake: 0.9.9 (/opt/ros/foxy/share/ament_cmake/cmake)
[0.107s] -- Found PythonInterp: /usr/bin/python3 (found suitable version "3.8.10", minimum required is "3") 
[0.107s] -- Using PYTHON_EXECUTABLE: /usr/bin/python3
[0.557s] -- Found rclcpp: 2.4.0 (/opt/ros/foxy/share/rclcpp/cmake)
[0.620s] -- Using all available rosidl_typesupport_c: rosidl_typesupport_fastrtps_c;rosidl_typesupport_introspection_c
[0.626s] -- Found rosidl_adapter: 1.2.1 (/opt/ros/foxy/share/rosidl_adapter/cmake)
[0.904s] -- Using all available rosidl_typesupport_cpp: rosidl_typesupport_fastrtps_cpp;rosidl_typesupport_introspection_cpp
[0.998s] -- Found rmw_implementation_cmake: 1.0.3 (/opt/ros/foxy/share/rmw_implementation_cmake/cmake)
[1.000s] -- Using RMW implementation 'rmw_fastrtps_cpp' as default
[1.246s] -- Found example_interfaces: 0.9.1 (/opt/ros/foxy/share/example_interfaces/cmake)
[1.469s] -- Found PythonInterp: /usr/bin/python3 (found version "3.8.10") 
[1.709s] CMake Error at /opt/ros/foxy/share/rosidl_adapter/cmake/rosidl_adapt_interfaces.cmake:60 (message):
[1.709s]   execute_process(/usr/bin/python3 -m rosidl_adapter --package-name
[1.709s]   cpp_srvcli --arguments-file
[1.709s]   /home/user/ros2_ws/build/cpp_srvcli/rosidl_adapter__arguments__cpp_srvcli.json
[1.710s]   --output-dir /home/user/ros2_ws/build/cpp_srvcli/rosidl_adapter/cpp_srvcli
[1.710s]   --output-file
[1.710s]   /home/user/ros2_ws/build/cpp_srvcli/rosidl_adapter/cpp_srvcli.idls)
[1.710s]   returned error code 1:
[1.710s] 
[1.711s]   Traceback (most recent call last):
[1.711s] 
[1.711s]     File "/usr/lib/python3.8/runpy.py", line 194, in _run_module_as_main
[1.711s]       return _run_code(code, main_globals, None,
[1.711s]     File "/usr/lib/python3.8/runpy.py", line 87, in _run_code
[1.711s]       exec(code, run_globals)
[1.712s]     File "/opt/ros/foxy/lib/python3.8/site-packages/rosidl_adapter/__main__.py", line 19, in <module>
[1.712s]       sys.exit(main())
[1.712s]     File "/opt/ros/foxy/lib/python3.8/site-packages/rosidl_adapter/main.py", line 53, in main
[1.712s]       abs_idl_file = convert_to_idl(
[1.712s]     File "/opt/ros/foxy/lib/python3.8/site-packages/rosidl_adapter/__init__.py", line 24, in convert_to_idl
[1.713s]       return convert_srv_to_idl(
[1.713s]     File "/opt/ros/foxy/lib/python3.8/site-packages/rosidl_adapter/srv/__init__.py", line 28, in convert_srv_to_idl
[1.713s]       srv = parse_service_string(package_name, input_file.stem, content)
[1.713s]     File "/opt/ros/foxy/lib/python3.8/site-packages/rosidl_adapter/parser.py", line 852, in parse_service_string
[1.714s]       request_message = parse_message_string(
[1.714s]     File "/opt/ros/foxy/lib/python3.8/site-packages/rosidl_adapter/parser.py", line 540, in parse_message_string
[1.714s]       msg = MessageSpecification(pkg_name, msg_name, fields, constants)
[1.714s]     File "/opt/ros/foxy/lib/python3.8/site-packages/rosidl_adapter/parser.py", line 387, in __init__
[1.714s]       self.base_type = BaseType(
[1.715s]     File "/opt/ros/foxy/lib/python3.8/site-packages/rosidl_adapter/parser.py", line 204, in __init__
[1.715s]       raise InvalidResourceName(
[1.715s] 
[1.715s]   rosidl_adapter.parser.InvalidResourceName: 'batteryMonitoring_Request' is
[1.715s]   an invalid message name.  It should have the pattern '^[A-Z][A-Za-z0-9]*$'
[1.715s] 
[1.716s] Call Stack (most recent call first):
[1.716s]   /opt/ros/foxy/share/rosidl_cmake/cmake/rosidl_generate_interfaces.cmake:130 (rosidl_adapt_interfaces)
[1.716s]   CMakeLists.txt:22 (rosidl_generate_interfaces)
[1.716s] 
[1.716s] 
[1.716s] -- Configuring incomplete, errors occurred!
[1.717s] See also "/home/user/ros2_ws/build/cpp_srvcli/CMakeFiles/CMakeOutput.log".
[1.717s] See also "/home/user/ros2_ws/build/cpp_srvcli/CMakeFiles/CMakeError.log".
[1.722s] make: *** [Makefile:222: cmake_check_build_system] Error 1
[1.725s] Invoked command in '/home/user/ros2_ws/build/cpp_srvcli' returned '2': CMAKE_PREFIX_PATH=${CMAKE_PREFIX_PATH}:/opt/ros/foxy _=/usr/bin/env /usr/bin/cmake --build /home/user/ros2_ws/build/cpp_srvcli -- -j8 -l8
