[0.021s] Invoking command in '/home/user/ros2_ws/build/battery_monitoring': CMAKE_PREFIX_PATH=${CMAKE_PREFIX_PATH}:/opt/ros/foxy _=/usr/bin/env /usr/bin/cmake --build /home/user/ros2_ws/build/battery_monitoring -- -j8 -l8
[0.087s] [35m[1mScanning dependencies of target server[0m
[0.100s] [  5%] Built target battery_monitoring__cpp
[0.101s] [ 11%] Built target battery_monitoring__rosidl_generator_c
[0.190s] [ 20%] Built target battery_monitoring__rosidl_typesupport_cpp
[0.194s] [ 25%] Built target client
[0.200s] [ 28%] [32mBuilding CXX object CMakeFiles/server.dir/src/server.cpp.o[0m
[0.206s] [ 37%] Built target battery_monitoring__rosidl_typesupport_introspection_cpp
[0.206s] [ 45%] Built target battery_monitoring__rosidl_typesupport_introspection_c
[0.207s] [ 54%] Built target battery_monitoring__rosidl_typesupport_fastrtps_cpp
[0.210s] [ 62%] Built target battery_monitoring__rosidl_typesupport_c
[0.289s] [ 71%] Built target battery_monitoring__rosidl_typesupport_fastrtps_c
[0.320s] [ 71%] Built target battery_monitoring
[0.349s] [ 74%] Built target battery_monitoring__py
[0.387s] [ 80%] Built target battery_monitoring__python
[0.429s] [ 91%] Built target battery_monitoring__rosidl_typesupport_introspection_c__pyext
[0.429s] [ 91%] Built target battery_monitoring__rosidl_typesupport_fastrtps_c__pyext
[0.430s] [ 97%] Built target battery_monitoring__rosidl_typesupport_c__pyext
[1.875s] [01m[K/home/user/ros2_ws/src/battery_monitoring/src/server.cpp:5:19:[m[K [01;31m[Kerror: [m[Kexpected '[01m[K,[m[K' or '[01m[K...[m[K' before '[01m[Kconst[m[K'
[1.876s]     5 | void add(int *num [01;31m[Kconst[m[K std::shared_ptr<
[1.876s]       |                   [01;31m[K^~~~~[m[K
[1.879s] [01m[K/home/user/ros2_ws/src/battery_monitoring/src/server.cpp:[m[K In function '[01m[Kvoid add(int*)[m[K':
[1.879s] [01m[K/home/user/ros2_ws/src/battery_monitoring/src/server.cpp:10:3:[m[K [01;31m[Kerror: [m[K'[01m[Kresponse[m[K' was not declared in this scope
[1.879s]    10 |   [01;31m[Kresponse[m[K->percentage = 90.8; // CHANGE
[1.879s]       |   [01;31m[K^~~~~~~~[m[K
[1.880s] In file included from [01m[K/opt/ros/foxy/include/rclcpp/client.hpp:40[m[K,
[1.880s]                  from [01m[K/opt/ros/foxy/include/rclcpp/callback_group.hpp:23[m[K,
[1.880s]                  from [01m[K/opt/ros/foxy/include/rclcpp/any_executable.hpp:20[m[K,
[1.880s]                  from [01m[K/opt/ros/foxy/include/rclcpp/memory_strategy.hpp:24[m[K,
[1.880s]                  from [01m[K/opt/ros/foxy/include/rclcpp/memory_strategies.hpp:18[m[K,
[1.880s]                  from [01m[K/opt/ros/foxy/include/rclcpp/executor_options.hpp:20[m[K,
[1.881s]                  from [01m[K/opt/ros/foxy/include/rclcpp/executor.hpp:33[m[K,
[1.881s]                  from [01m[K/opt/ros/foxy/include/rclcpp/executors/multi_threaded_executor.hpp:26[m[K,
[1.881s]                  from [01m[K/opt/ros/foxy/include/rclcpp/executors.hpp:21[m[K,
[1.881s]                  from [01m[K/opt/ros/foxy/include/rclcpp/rclcpp.hpp:146[m[K,
[1.881s]                  from [01m[K/home/user/ros2_ws/src/battery_monitoring/src/server.cpp:2[m[K:
[1.881s] [01m[K/home/user/ros2_ws/src/battery_monitoring/src/server.cpp:13:15:[m[K [01;31m[Kerror: [m[K'[01m[Krequest[m[K' was not declared in this scope
[1.881s]    13 |               [01;31m[Krequest[m[K->batterynum);       // CHANGE
[1.882s]       |               [01;31m[K^~~~~~~[m[K
[1.882s] [01m[K/home/user/ros2_ws/src/battery_monitoring/src/server.cpp:5:15:[m[K [01;35m[Kwarning: [m[Kunused parameter '[01m[Knum[m[K' [[01;35m[K-Wunused-parameter[m[K]
[1.882s]     5 | void add([01;35m[Kint *num[m[K const std::shared_ptr<
[1.882s]       |          [01;35m[K~~~~~^~~[m[K
[1.886s] [01m[K/home/user/ros2_ws/src/battery_monitoring/src/server.cpp:[m[K In function '[01m[Kint main(int, char**)[m[K':
[1.886s] [01m[K/home/user/ros2_ws/src/battery_monitoring/src/server.cpp:27:65:[m[K [01;31m[Kerror: [m[Kcannot convert '[01m[Kconst std::_Placeholder<1>[m[K' to '[01m[Kint*[m[K'
[1.886s]    27 |           "add_three_ints", boost::bind(&add([01;31m[Kstd::placeholders::_1[m[K)); // CHANGE
[1.886s]       |                                              [01;31m[K~~~~~~~~~~~~~~~~~~~^~[m[K
[1.886s]       |                                                                 [01;31m[K|[m[K
[1.887s]       |                                                                 [01;31m[Kconst std::_Placeholder<1>[m[K
[1.887s] [01m[K/home/user/ros2_ws/src/battery_monitoring/src/server.cpp:5:15:[m[K [01;36m[Knote: [m[K  initializing argument 1 of '[01m[Kvoid add(int*)[m[K'
[1.887s]     5 | void add([01;36m[Kint *num[m[K const std::shared_ptr<
[1.887s]       |          [01;36m[K~~~~~^~~[m[K
[2.331s] make[2]: *** [CMakeFiles/server.dir/build.make:63: CMakeFiles/server.dir/src/server.cpp.o] Error 1
[2.331s] make[1]: *** [CMakeFiles/Makefile2:152: CMakeFiles/server.dir/all] Error 2
[2.332s] make: *** [Makefile:141: all] Error 2
[2.334s] Invoked command in '/home/user/ros2_ws/build/battery_monitoring' returned '2': CMAKE_PREFIX_PATH=${CMAKE_PREFIX_PATH}:/opt/ros/foxy _=/usr/bin/env /usr/bin/cmake --build /home/user/ros2_ws/build/battery_monitoring -- -j8 -l8
