[0.017s] Invoking command in '/home/user/ros2_ws/build/tutorial_interfaces': CMAKE_PREFIX_PATH=${CMAKE_PREFIX_PATH}:/opt/ros/foxy _=/usr/bin/env /usr/bin/cmake /home/user/ros2_ws/src/tutorial_interfaces -DCMAKE_INSTALL_PREFIX=/home/user/ros2_ws/install/tutorial_interfaces
[0.032s] -- Found ament_cmake: 0.9.9 (/opt/ros/foxy/share/ament_cmake/cmake)
[0.061s] -- Using PYTHON_EXECUTABLE: /usr/bin/python3
[0.343s] -- Found rosidl_default_generators: 1.0.1 (/opt/ros/foxy/share/rosidl_default_generators/cmake)
[0.346s] -- Using all available rosidl_typesupport_c: rosidl_typesupport_fastrtps_c;rosidl_typesupport_introspection_c
[0.350s] -- Found rosidl_adapter: 1.2.1 (/opt/ros/foxy/share/rosidl_adapter/cmake)
[0.568s] -- Using all available rosidl_typesupport_cpp: rosidl_typesupport_fastrtps_cpp;rosidl_typesupport_introspection_cpp
[0.621s] -- Found PythonInterp: /usr/bin/python3 (found version "3.8.10") 
[0.765s] -- Found ament_cmake_ros: 0.9.2 (/opt/ros/foxy/share/ament_cmake_ros/cmake)
[0.942s] -- Using all available rosidl_typesupport_c: rosidl_typesupport_fastrtps_c;rosidl_typesupport_introspection_c
[0.951s] -- Using all available rosidl_typesupport_cpp: rosidl_typesupport_fastrtps_cpp;rosidl_typesupport_introspection_cpp
[0.980s] -- Found PythonInterp: /usr/bin/python3 (found suitable version "3.8.10", minimum required is "3.5") 
[0.984s] -- Found python_cmake_module: 0.8.1 (/opt/ros/foxy/share/python_cmake_module/cmake)
[1.016s] -- Found PythonLibs: /usr/lib/x86_64-linux-gnu/libpython3.8.so (found suitable version "3.8.10", minimum required is "3.5") 
[1.017s] -- Using PYTHON_EXECUTABLE: /usr/bin/python3
[1.017s] -- Using PYTHON_INCLUDE_DIRS: /usr/include/python3.8
[1.017s] -- Using PYTHON_LIBRARIES: /usr/lib/x86_64-linux-gnu/libpython3.8.so
[1.043s] -- Found PythonExtra: .so  
[1.093s] -- Found ament_lint_auto: 0.9.6 (/opt/ros/foxy/share/ament_lint_auto/cmake)
[1.142s] -- Added test 'copyright' to check source files copyright and LICENSE
[1.145s] -- Added test 'lint_cmake' to check CMake code style
[1.146s] -- Added test 'xmllint' to check XML markup files
[1.152s] -- Configuring done
[1.190s] -- Generating done
[1.193s] -- Build files have been written to: /home/user/ros2_ws/build/tutorial_interfaces
[1.201s] Invoked command in '/home/user/ros2_ws/build/tutorial_interfaces' returned '0': CMAKE_PREFIX_PATH=${CMAKE_PREFIX_PATH}:/opt/ros/foxy _=/usr/bin/env /usr/bin/cmake /home/user/ros2_ws/src/tutorial_interfaces -DCMAKE_INSTALL_PREFIX=/home/user/ros2_ws/install/tutorial_interfaces
[1.206s] Invoking command in '/home/user/ros2_ws/build/tutorial_interfaces': CMAKE_PREFIX_PATH=${CMAKE_PREFIX_PATH}:/opt/ros/foxy _=/usr/bin/env /usr/bin/cmake --build /home/user/ros2_ws/build/tutorial_interfaces -- -j8 -l8
[1.251s] [  3%] [34m[1mGenerating C code for ROS interfaces[0m
[1.251s] [35m[1mScanning dependencies of target tutorial_interfaces__cpp[0m
[1.264s] [  6%] [34m[1mGenerating C++ code for ROS interfaces[0m
[1.540s] [35m[1mScanning dependencies of target tutorial_interfaces__rosidl_generator_c[0m
[1.554s] [  9%] [32mBuilding C object CMakeFiles/tutorial_interfaces__rosidl_generator_c.dir/rosidl_generator_c/tutorial_interfaces/srv/detail/add_three_inits__functions.c.o[0m
[1.555s] [  9%] Built target tutorial_interfaces__cpp
[1.569s] [ 12%] [34m[1mGenerating C++ introspection for ROS interfaces[0m
[1.572s] [ 16%] [34m[1mGenerating C++ type support for eProsima Fast-RTPS[0m
[1.572s] [ 19%] [34m[1mGenerating C++ type support dispatch for ROS interfaces[0m
[1.656s] [ 22%] [32m[1mLinking C shared library libtutorial_interfaces__rosidl_generator_c.so[0m
[1.763s] [ 22%] Built target tutorial_interfaces__rosidl_generator_c
[1.828s] [ 25%] [34m[1mGenerating C type support dispatch for ROS interfaces[0m
[1.833s] [ 29%] [34m[1mGenerating C introspection for ROS interfaces[0m
[2.227s] [35m[1mScanning dependencies of target tutorial_interfaces__rosidl_typesupport_introspection_cpp[0m
[2.243s] [ 32%] [32mBuilding CXX object CMakeFiles/tutorial_interfaces__rosidl_typesupport_introspection_cpp.dir/rosidl_typesupport_introspection_cpp/tutorial_interfaces/srv/detail/add_three_inits__type_support.cpp.o[0m
[2.260s] [35m[1mScanning dependencies of target tutorial_interfaces__rosidl_typesupport_fastrtps_cpp[0m
[2.352s] [35m[1mScanning dependencies of target tutorial_interfaces__rosidl_typesupport_cpp[0m
[2.355s] [ 35%] [32mBuilding CXX object CMakeFiles/tutorial_interfaces__rosidl_typesupport_fastrtps_cpp.dir/rosidl_typesupport_fastrtps_cpp/tutorial_interfaces/srv/detail/dds_fastrtps/add_three_inits__type_support.cpp.o[0m
[2.432s] [ 38%] [32mBuilding CXX object CMakeFiles/tutorial_interfaces__rosidl_typesupport_cpp.dir/rosidl_typesupport_cpp/tutorial_interfaces/srv/add_three_inits__type_support.cpp.o[0m
[2.557s] [35m[1mScanning dependencies of target tutorial_interfaces__rosidl_typesupport_introspection_c[0m
[2.639s] [ 41%] [32mBuilding C object CMakeFiles/tutorial_interfaces__rosidl_typesupport_introspection_c.dir/rosidl_typesupport_introspection_c/tutorial_interfaces/srv/detail/add_three_inits__type_support.c.o[0m
[2.735s] [35m[1mScanning dependencies of target tutorial_interfaces__rosidl_typesupport_c[0m
[2.749s] [ 45%] [32m[1mLinking C shared library libtutorial_interfaces__rosidl_typesupport_introspection_c.so[0m
[2.750s] [ 48%] [32mBuilding CXX object CMakeFiles/tutorial_interfaces__rosidl_typesupport_c.dir/rosidl_typesupport_c/tutorial_interfaces/srv/add_three_inits__type_support.cpp.o[0m
[2.851s] [ 51%] [32m[1mLinking CXX shared library libtutorial_interfaces__rosidl_typesupport_c.so[0m
[2.851s] [ 51%] Built target tutorial_interfaces__rosidl_typesupport_introspection_c
[2.961s] [ 51%] Built target tutorial_interfaces__rosidl_typesupport_c
[3.133s] [ 54%] [32m[1mLinking CXX shared library libtutorial_interfaces__rosidl_typesupport_introspection_cpp.so[0m
[3.184s] [ 54%] Built target tutorial_interfaces__rosidl_typesupport_introspection_cpp
[3.265s] [ 58%] [32m[1mLinking CXX shared library libtutorial_interfaces__rosidl_typesupport_cpp.so[0m
[3.310s] [ 58%] Built target tutorial_interfaces__rosidl_typesupport_cpp
[3.433s] [ 61%] [32m[1mLinking CXX shared library libtutorial_interfaces__rosidl_typesupport_fastrtps_cpp.so[0m
[3.520s] [ 61%] Built target tutorial_interfaces__rosidl_typesupport_fastrtps_cpp
[3.532s] [ 64%] [34m[1mGenerating C type support for eProsima Fast-RTPS[0m
[3.794s] [35m[1mScanning dependencies of target tutorial_interfaces__rosidl_typesupport_fastrtps_c[0m
[3.813s] [ 67%] [32mBuilding CXX object CMakeFiles/tutorial_interfaces__rosidl_typesupport_fastrtps_c.dir/rosidl_typesupport_fastrtps_c/tutorial_interfaces/srv/detail/add_three_inits__type_support_c.cpp.o[0m
[4.208s] [ 70%] [32m[1mLinking CXX shared library libtutorial_interfaces__rosidl_typesupport_fastrtps_c.so[0m
[4.295s] [ 70%] Built target tutorial_interfaces__rosidl_typesupport_fastrtps_c
[4.306s] [35m[1mScanning dependencies of target tutorial_interfaces[0m
[4.318s] [ 70%] Built target tutorial_interfaces
[4.329s] [35m[1mScanning dependencies of target tutorial_interfaces__py[0m
[4.342s] [ 74%] [34m[1mGenerating Python code for ROS interfaces[0m
[4.865s] [ 74%] Built target tutorial_interfaces__py
[4.876s] [35m[1mScanning dependencies of target tutorial_interfaces__python[0m
[4.900s] [ 77%] [32mBuilding C object CMakeFiles/tutorial_interfaces__python.dir/rosidl_generator_py/tutorial_interfaces/srv/_add_three_inits_s.c.o[0m
[5.003s] [ 80%] [32m[1mLinking C shared library rosidl_generator_py/tutorial_interfaces/libtutorial_interfaces__python.so[0m
[5.052s] [ 80%] Built target tutorial_interfaces__python
[5.065s] [35m[1mScanning dependencies of target tutorial_interfaces__rosidl_typesupport_c__pyext[0m
[5.065s] [35m[1mScanning dependencies of target tutorial_interfaces__rosidl_typesupport_introspection_c__pyext[0m
[5.066s] [35m[1mScanning dependencies of target tutorial_interfaces__rosidl_typesupport_fastrtps_c__pyext[0m
[5.094s] [ 83%] [32mBuilding C object CMakeFiles/tutorial_interfaces__rosidl_typesupport_introspection_c__pyext.dir/rosidl_generator_py/tutorial_interfaces/_tutorial_interfaces_s.ep.rosidl_typesupport_introspection_c.c.o[0m
[5.097s] [ 87%] [32mBuilding C object CMakeFiles/tutorial_interfaces__rosidl_typesupport_fastrtps_c__pyext.dir/rosidl_generator_py/tutorial_interfaces/_tutorial_interfaces_s.ep.rosidl_typesupport_fastrtps_c.c.o[0m
[5.130s] [ 90%] [32mBuilding C object CMakeFiles/tutorial_interfaces__rosidl_typesupport_c__pyext.dir/rosidl_generator_py/tutorial_interfaces/_tutorial_interfaces_s.ep.rosidl_typesupport_c.c.o[0m
[5.255s] [ 96%] [32m[1mLinking C shared library rosidl_generator_py/tutorial_interfaces/tutorial_interfaces_s__rosidl_typesupport_introspection_c.cpython-38-x86_64-linux-gnu.so[0m
[5.255s] [ 96%] [32m[1mLinking CXX shared library rosidl_generator_py/tutorial_interfaces/tutorial_interfaces_s__rosidl_typesupport_fastrtps_c.cpython-38-x86_64-linux-gnu.so[0m
[5.257s] [100%] [32m[1mLinking C shared library rosidl_generator_py/tutorial_interfaces/tutorial_interfaces_s__rosidl_typesupport_c.cpython-38-x86_64-linux-gnu.so[0m
[5.327s] [100%] Built target tutorial_interfaces__rosidl_typesupport_introspection_c__pyext
[5.331s] [100%] Built target tutorial_interfaces__rosidl_typesupport_c__pyext
[5.361s] [100%] Built target tutorial_interfaces__rosidl_typesupport_fastrtps_c__pyext
[5.374s] Invoked command in '/home/user/ros2_ws/build/tutorial_interfaces' returned '0': CMAKE_PREFIX_PATH=${CMAKE_PREFIX_PATH}:/opt/ros/foxy _=/usr/bin/env /usr/bin/cmake --build /home/user/ros2_ws/build/tutorial_interfaces -- -j8 -l8
[5.477s] Invoking command in '/home/user/ros2_ws/build/tutorial_interfaces': CMAKE_PREFIX_PATH=${CMAKE_PREFIX_PATH}:/opt/ros/foxy _=/usr/bin/env /usr/bin/cmake --install /home/user/ros2_ws/build/tutorial_interfaces
[5.487s] -- Install configuration: ""
[5.488s] -- Installing: /home/user/ros2_ws/install/tutorial_interfaces/share/ament_index/resource_index/rosidl_interfaces/tutorial_interfaces
[5.488s] -- Installing: /home/user/ros2_ws/install/tutorial_interfaces/include/tutorial_interfaces
[5.488s] -- Installing: /home/user/ros2_ws/install/tutorial_interfaces/include/tutorial_interfaces/srv
[5.489s] -- Installing: /home/user/ros2_ws/install/tutorial_interfaces/include/tutorial_interfaces/srv/detail
[5.489s] -- Installing: /home/user/ros2_ws/install/tutorial_interfaces/include/tutorial_interfaces/srv/detail/add_three_inits__struct.h
[5.489s] -- Installing: /home/user/ros2_ws/install/tutorial_interfaces/include/tutorial_interfaces/srv/detail/add_three_inits__type_support.h
[5.489s] -- Installing: /home/user/ros2_ws/install/tutorial_interfaces/include/tutorial_interfaces/srv/detail/add_three_inits__functions.h
[5.490s] -- Installing: /home/user/ros2_ws/install/tutorial_interfaces/include/tutorial_interfaces/srv/detail/add_three_inits__functions.c
[5.490s] -- Installing: /home/user/ros2_ws/install/tutorial_interfaces/include/tutorial_interfaces/srv/add_three_inits.h
[5.490s] -- Installing: /home/user/ros2_ws/install/tutorial_interfaces/include/tutorial_interfaces/msg
[5.490s] -- Installing: /home/user/ros2_ws/install/tutorial_interfaces/include/tutorial_interfaces/msg/rosidl_generator_c__visibility_control.h
[5.490s] -- Installing: /home/user/ros2_ws/install/tutorial_interfaces/share/tutorial_interfaces/environment/library_path.sh
[5.491s] -- Installing: /home/user/ros2_ws/install/tutorial_interfaces/share/tutorial_interfaces/environment/library_path.dsv
[5.491s] -- Installing: /home/user/ros2_ws/install/tutorial_interfaces/lib/libtutorial_interfaces__rosidl_generator_c.so
[5.491s] -- Set runtime path of "/home/user/ros2_ws/install/tutorial_interfaces/lib/libtutorial_interfaces__rosidl_generator_c.so" to ""
[5.491s] -- Up-to-date: /home/user/ros2_ws/install/tutorial_interfaces/include/tutorial_interfaces
[5.492s] -- Up-to-date: /home/user/ros2_ws/install/tutorial_interfaces/include/tutorial_interfaces/srv
[5.492s] -- Up-to-date: /home/user/ros2_ws/install/tutorial_interfaces/include/tutorial_interfaces/srv/detail
[5.492s] -- Installing: /home/user/ros2_ws/install/tutorial_interfaces/include/tutorial_interfaces/srv/detail/add_three_inits__rosidl_typesupport_fastrtps_c.h
[5.492s] -- Up-to-date: /home/user/ros2_ws/install/tutorial_interfaces/include/tutorial_interfaces/msg
[5.492s] -- Installing: /home/user/ros2_ws/install/tutorial_interfaces/include/tutorial_interfaces/msg/rosidl_typesupport_fastrtps_c__visibility_control.h
[5.493s] -- Installing: /home/user/ros2_ws/install/tutorial_interfaces/lib/libtutorial_interfaces__rosidl_typesupport_fastrtps_c.so
[5.493s] -- Set runtime path of "/home/user/ros2_ws/install/tutorial_interfaces/lib/libtutorial_interfaces__rosidl_typesupport_fastrtps_c.so" to ""
[5.493s] -- Up-to-date: /home/user/ros2_ws/install/tutorial_interfaces/include/tutorial_interfaces
[5.493s] -- Up-to-date: /home/user/ros2_ws/install/tutorial_interfaces/include/tutorial_interfaces/srv
[5.494s] -- Up-to-date: /home/user/ros2_ws/install/tutorial_interfaces/include/tutorial_interfaces/srv/detail
[5.494s] -- Installing: /home/user/ros2_ws/install/tutorial_interfaces/include/tutorial_interfaces/srv/detail/dds_fastrtps
[5.494s] -- Installing: /home/user/ros2_ws/install/tutorial_interfaces/include/tutorial_interfaces/srv/detail/add_three_inits__rosidl_typesupport_fastrtps_cpp.hpp
[5.494s] -- Up-to-date: /home/user/ros2_ws/install/tutorial_interfaces/include/tutorial_interfaces/msg
[5.494s] -- Installing: /home/user/ros2_ws/install/tutorial_interfaces/include/tutorial_interfaces/msg/rosidl_typesupport_fastrtps_cpp__visibility_control.h
[5.495s] -- Installing: /home/user/ros2_ws/install/tutorial_interfaces/lib/libtutorial_interfaces__rosidl_typesupport_fastrtps_cpp.so
[5.495s] -- Set runtime path of "/home/user/ros2_ws/install/tutorial_interfaces/lib/libtutorial_interfaces__rosidl_typesupport_fastrtps_cpp.so" to ""
[5.495s] -- Up-to-date: /home/user/ros2_ws/install/tutorial_interfaces/include/tutorial_interfaces
[5.495s] -- Up-to-date: /home/user/ros2_ws/install/tutorial_interfaces/include/tutorial_interfaces/srv
[5.496s] -- Up-to-date: /home/user/ros2_ws/install/tutorial_interfaces/include/tutorial_interfaces/srv/detail
[5.496s] -- Installing: /home/user/ros2_ws/install/tutorial_interfaces/include/tutorial_interfaces/srv/detail/add_three_inits__type_support.c
[5.496s] -- Installing: /home/user/ros2_ws/install/tutorial_interfaces/include/tutorial_interfaces/srv/detail/add_three_inits__rosidl_typesupport_introspection_c.h
[5.496s] -- Up-to-date: /home/user/ros2_ws/install/tutorial_interfaces/include/tutorial_interfaces/msg
[5.496s] -- Installing: /home/user/ros2_ws/install/tutorial_interfaces/include/tutorial_interfaces/msg/rosidl_typesupport_introspection_c__visibility_control.h
[5.497s] -- Installing: /home/user/ros2_ws/install/tutorial_interfaces/lib/libtutorial_interfaces__rosidl_typesupport_introspection_c.so
[5.497s] -- Set runtime path of "/home/user/ros2_ws/install/tutorial_interfaces/lib/libtutorial_interfaces__rosidl_typesupport_introspection_c.so" to ""
[5.497s] -- Installing: /home/user/ros2_ws/install/tutorial_interfaces/lib/libtutorial_interfaces__rosidl_typesupport_c.so
[5.497s] -- Set runtime path of "/home/user/ros2_ws/install/tutorial_interfaces/lib/libtutorial_interfaces__rosidl_typesupport_c.so" to ""
[5.497s] -- Up-to-date: /home/user/ros2_ws/install/tutorial_interfaces/include/tutorial_interfaces
[5.498s] -- Up-to-date: /home/user/ros2_ws/install/tutorial_interfaces/include/tutorial_interfaces/srv
[5.498s] -- Up-to-date: /home/user/ros2_ws/install/tutorial_interfaces/include/tutorial_interfaces/srv/detail
[5.498s] -- Installing: /home/user/ros2_ws/install/tutorial_interfaces/include/tutorial_interfaces/srv/detail/add_three_inits__builder.hpp
[5.498s] -- Installing: /home/user/ros2_ws/install/tutorial_interfaces/include/tutorial_interfaces/srv/detail/add_three_inits__traits.hpp
[5.499s] -- Installing: /home/user/ros2_ws/install/tutorial_interfaces/include/tutorial_interfaces/srv/detail/add_three_inits__struct.hpp
[5.499s] -- Installing: /home/user/ros2_ws/install/tutorial_interfaces/include/tutorial_interfaces/srv/add_three_inits.hpp
[5.499s] -- Up-to-date: /home/user/ros2_ws/install/tutorial_interfaces/include/tutorial_interfaces
[5.499s] -- Up-to-date: /home/user/ros2_ws/install/tutorial_interfaces/include/tutorial_interfaces/srv
[5.499s] -- Up-to-date: /home/user/ros2_ws/install/tutorial_interfaces/include/tutorial_interfaces/srv/detail
[5.500s] -- Installing: /home/user/ros2_ws/install/tutorial_interfaces/include/tutorial_interfaces/srv/detail/add_three_inits__type_support.cpp
[5.500s] -- Installing: /home/user/ros2_ws/install/tutorial_interfaces/include/tutorial_interfaces/srv/detail/add_three_inits__rosidl_typesupport_introspection_cpp.hpp
[5.500s] -- Installing: /home/user/ros2_ws/install/tutorial_interfaces/lib/libtutorial_interfaces__rosidl_typesupport_introspection_cpp.so
[5.500s] -- Set runtime path of "/home/user/ros2_ws/install/tutorial_interfaces/lib/libtutorial_interfaces__rosidl_typesupport_introspection_cpp.so" to ""
[5.500s] -- Installing: /home/user/ros2_ws/install/tutorial_interfaces/lib/libtutorial_interfaces__rosidl_typesupport_cpp.so
[5.500s] -- Set runtime path of "/home/user/ros2_ws/install/tutorial_interfaces/lib/libtutorial_interfaces__rosidl_typesupport_cpp.so" to ""
[5.500s] -- Installing: /home/user/ros2_ws/install/tutorial_interfaces/share/tutorial_interfaces/environment/pythonpath.sh
[5.501s] -- Installing: /home/user/ros2_ws/install/tutorial_interfaces/share/tutorial_interfaces/environment/pythonpath.dsv
[5.501s] -- Installing: /home/user/ros2_ws/install/tutorial_interfaces/lib/python3.8/site-packages/tutorial_interfaces/__init__.py
[5.538s] Compiling '/home/user/ros2_ws/install/tutorial_interfaces/lib/python3.8/site-packages/tutorial_interfaces/__init__.py'...
[5.543s] -- Installing: /home/user/ros2_ws/install/tutorial_interfaces/lib/python3.8/site-packages/tutorial_interfaces/srv
[5.543s] -- Installing: /home/user/ros2_ws/install/tutorial_interfaces/lib/python3.8/site-packages/tutorial_interfaces/srv/_add_three_inits_s.c
[5.543s] -- Installing: /home/user/ros2_ws/install/tutorial_interfaces/lib/python3.8/site-packages/tutorial_interfaces/srv/__init__.py
[5.544s] -- Installing: /home/user/ros2_ws/install/tutorial_interfaces/lib/python3.8/site-packages/tutorial_interfaces/srv/_add_three_inits.py
[5.544s] -- Installing: /home/user/ros2_ws/install/tutorial_interfaces/lib/python3.8/site-packages/tutorial_interfaces/tutorial_interfaces_s__rosidl_typesupport_fastrtps_c.cpython-38-x86_64-linux-gnu.so
[5.545s] -- Set runtime path of "/home/user/ros2_ws/install/tutorial_interfaces/lib/python3.8/site-packages/tutorial_interfaces/tutorial_interfaces_s__rosidl_typesupport_fastrtps_c.cpython-38-x86_64-linux-gnu.so" to ""
[5.545s] -- Installing: /home/user/ros2_ws/install/tutorial_interfaces/lib/python3.8/site-packages/tutorial_interfaces/tutorial_interfaces_s__rosidl_typesupport_introspection_c.cpython-38-x86_64-linux-gnu.so
[5.546s] -- Set runtime path of "/home/user/ros2_ws/install/tutorial_interfaces/lib/python3.8/site-packages/tutorial_interfaces/tutorial_interfaces_s__rosidl_typesupport_introspection_c.cpython-38-x86_64-linux-gnu.so" to ""
[5.546s] -- Installing: /home/user/ros2_ws/install/tutorial_interfaces/lib/python3.8/site-packages/tutorial_interfaces/tutorial_interfaces_s__rosidl_typesupport_c.cpython-38-x86_64-linux-gnu.so
[5.547s] -- Set runtime path of "/home/user/ros2_ws/install/tutorial_interfaces/lib/python3.8/site-packages/tutorial_interfaces/tutorial_interfaces_s__rosidl_typesupport_c.cpython-38-x86_64-linux-gnu.so" to ""
[5.547s] -- Installing: /home/user/ros2_ws/install/tutorial_interfaces/lib/libtutorial_interfaces__python.so
[5.548s] -- Set runtime path of "/home/user/ros2_ws/install/tutorial_interfaces/lib/libtutorial_interfaces__python.so" to ""
[5.548s] -- Installing: /home/user/ros2_ws/install/tutorial_interfaces/share/tutorial_interfaces/srv/AddThreeInits.idl
[5.548s] -- Installing: /home/user/ros2_ws/install/tutorial_interfaces/share/tutorial_interfaces/srv/AddThreeInits.srv
[5.549s] -- Installing: /home/user/ros2_ws/install/tutorial_interfaces/share/tutorial_interfaces/srv/AddThreeInits_Request.msg
[5.549s] -- Installing: /home/user/ros2_ws/install/tutorial_interfaces/share/tutorial_interfaces/srv/AddThreeInits_Response.msg
[5.549s] -- Installing: /home/user/ros2_ws/install/tutorial_interfaces/share/ament_index/resource_index/package_run_dependencies/tutorial_interfaces
[5.550s] -- Installing: /home/user/ros2_ws/install/tutorial_interfaces/share/ament_index/resource_index/parent_prefix_path/tutorial_interfaces
[5.550s] -- Installing: /home/user/ros2_ws/install/tutorial_interfaces/share/tutorial_interfaces/environment/ament_prefix_path.sh
[5.550s] -- Installing: /home/user/ros2_ws/install/tutorial_interfaces/share/tutorial_interfaces/environment/ament_prefix_path.dsv
[5.551s] -- Installing: /home/user/ros2_ws/install/tutorial_interfaces/share/tutorial_interfaces/environment/path.sh
[5.551s] -- Installing: /home/user/ros2_ws/install/tutorial_interfaces/share/tutorial_interfaces/environment/path.dsv
[5.551s] -- Installing: /home/user/ros2_ws/install/tutorial_interfaces/share/tutorial_interfaces/local_setup.bash
[5.551s] -- Installing: /home/user/ros2_ws/install/tutorial_interfaces/share/tutorial_interfaces/local_setup.sh
[5.552s] -- Installing: /home/user/ros2_ws/install/tutorial_interfaces/share/tutorial_interfaces/local_setup.zsh
[5.552s] -- Installing: /home/user/ros2_ws/install/tutorial_interfaces/share/tutorial_interfaces/local_setup.dsv
[5.552s] -- Installing: /home/user/ros2_ws/install/tutorial_interfaces/share/tutorial_interfaces/package.dsv
[5.553s] -- Installing: /home/user/ros2_ws/install/tutorial_interfaces/share/ament_index/resource_index/packages/tutorial_interfaces
[5.553s] -- Installing: /home/user/ros2_ws/install/tutorial_interfaces/share/tutorial_interfaces/cmake/tutorial_interfaces__rosidl_generator_cExport.cmake
[5.553s] -- Installing: /home/user/ros2_ws/install/tutorial_interfaces/share/tutorial_interfaces/cmake/tutorial_interfaces__rosidl_generator_cExport-noconfig.cmake
[5.554s] -- Installing: /home/user/ros2_ws/install/tutorial_interfaces/share/tutorial_interfaces/cmake/tutorial_interfaces__rosidl_typesupport_introspection_cExport.cmake
[5.554s] -- Installing: /home/user/ros2_ws/install/tutorial_interfaces/share/tutorial_interfaces/cmake/tutorial_interfaces__rosidl_typesupport_introspection_cExport-noconfig.cmake
[5.554s] -- Installing: /home/user/ros2_ws/install/tutorial_interfaces/share/tutorial_interfaces/cmake/tutorial_interfaces__rosidl_typesupport_cExport.cmake
[5.555s] -- Installing: /home/user/ros2_ws/install/tutorial_interfaces/share/tutorial_interfaces/cmake/tutorial_interfaces__rosidl_typesupport_cExport-noconfig.cmake
[5.555s] -- Installing: /home/user/ros2_ws/install/tutorial_interfaces/share/tutorial_interfaces/cmake/tutorial_interfaces__rosidl_generator_cppExport.cmake
[5.556s] -- Installing: /home/user/ros2_ws/install/tutorial_interfaces/share/tutorial_interfaces/cmake/tutorial_interfaces__rosidl_typesupport_introspection_cppExport.cmake
[5.556s] -- Installing: /home/user/ros2_ws/install/tutorial_interfaces/share/tutorial_interfaces/cmake/tutorial_interfaces__rosidl_typesupport_introspection_cppExport-noconfig.cmake
[5.556s] -- Installing: /home/user/ros2_ws/install/tutorial_interfaces/share/tutorial_interfaces/cmake/tutorial_interfaces__rosidl_typesupport_cppExport.cmake
[5.557s] -- Installing: /home/user/ros2_ws/install/tutorial_interfaces/share/tutorial_interfaces/cmake/tutorial_interfaces__rosidl_typesupport_cppExport-noconfig.cmake
[5.557s] -- Installing: /home/user/ros2_ws/install/tutorial_interfaces/share/tutorial_interfaces/cmake/rosidl_cmake-extras.cmake
[5.557s] -- Installing: /home/user/ros2_ws/install/tutorial_interfaces/share/tutorial_interfaces/cmake/ament_cmake_export_dependencies-extras.cmake
[5.557s] -- Installing: /home/user/ros2_ws/install/tutorial_interfaces/share/tutorial_interfaces/cmake/ament_cmake_export_libraries-extras.cmake
[5.558s] -- Installing: /home/user/ros2_ws/install/tutorial_interfaces/share/tutorial_interfaces/cmake/ament_cmake_export_targets-extras.cmake
[5.558s] -- Installing: /home/user/ros2_ws/install/tutorial_interfaces/share/tutorial_interfaces/cmake/ament_cmake_export_include_directories-extras.cmake
[5.558s] -- Installing: /home/user/ros2_ws/install/tutorial_interfaces/share/tutorial_interfaces/cmake/rosidl_cmake_export_typesupport_libraries-extras.cmake
[5.559s] -- Installing: /home/user/ros2_ws/install/tutorial_interfaces/share/tutorial_interfaces/cmake/rosidl_cmake_export_typesupport_targets-extras.cmake
[5.559s] -- Installing: /home/user/ros2_ws/install/tutorial_interfaces/share/tutorial_interfaces/cmake/tutorial_interfacesConfig.cmake
[5.559s] -- Installing: /home/user/ros2_ws/install/tutorial_interfaces/share/tutorial_interfaces/cmake/tutorial_interfacesConfig-version.cmake
[5.559s] -- Installing: /home/user/ros2_ws/install/tutorial_interfaces/share/tutorial_interfaces/package.xml
[5.564s] Invoked command in '/home/user/ros2_ws/build/tutorial_interfaces' returned '0': CMAKE_PREFIX_PATH=${CMAKE_PREFIX_PATH}:/opt/ros/foxy _=/usr/bin/env /usr/bin/cmake --install /home/user/ros2_ws/build/tutorial_interfaces
