-- The C compiler identification is GNU 9.3.0
-- The CXX compiler identification is GNU 9.3.0
-- Check for working C compiler: /usr/bin/cc
-- Check for working C compiler: /usr/bin/cc -- works
-- Detecting C compiler ABI info
-- Detecting C compiler ABI info - done
-- Detecting C compile features
-- Detecting C compile features - done
-- Check for working CXX compiler: /usr/bin/c++
-- Check for working CXX compiler: /usr/bin/c++ -- works
-- Detecting CXX compiler ABI info
-- Detecting CXX compiler ABI info - done
-- Detecting CXX compile features
-- Detecting CXX compile features - done
-- Found ament_cmake: 0.9.9 (/opt/ros/foxy/share/ament_cmake/cmake)
-- Found PythonInterp: /usr/bin/python3 (found suitable version "3.8.10", minimum required is "3") 
-- Using PYTHON_EXECUTABLE: /usr/bin/python3
-- Found rosidl_default_generators: 1.0.1 (/opt/ros/foxy/share/rosidl_default_generators/cmake)
-- Using all available rosidl_typesupport_c: rosidl_typesupport_fastrtps_c;rosidl_typesupport_introspection_c
-- Found rosidl_adapter: 1.2.1 (/opt/ros/foxy/share/rosidl_adapter/cmake)
-- Found OpenSSL: /usr/lib/x86_64-linux-gnu/libcrypto.so (found version "1.1.1f")  
-- Found FastRTPS: /opt/ros/foxy/include  
-- Using all available rosidl_typesupport_cpp: rosidl_typesupport_fastrtps_cpp;rosidl_typesupport_introspection_cpp
-- Found PythonInterp: /usr/bin/python3 (found version "3.8.10") 
-- Found ament_cmake_ros: 0.9.2 (/opt/ros/foxy/share/ament_cmake_ros/cmake)
-- Using all available rosidl_typesupport_c: rosidl_typesupport_fastrtps_c;rosidl_typesupport_introspection_c
-- Using all available rosidl_typesupport_cpp: rosidl_typesupport_fastrtps_cpp;rosidl_typesupport_introspection_cpp
-- Found PythonInterp: /usr/bin/python3 (found suitable version "3.8.10", minimum required is "3.5") 
-- Found python_cmake_module: 0.8.1 (/opt/ros/foxy/share/python_cmake_module/cmake)
-- Found PythonLibs: /usr/lib/x86_64-linux-gnu/libpython3.8.so (found suitable version "3.8.10", minimum required is "3.5") 
-- Using PYTHON_EXECUTABLE: /usr/bin/python3
-- Using PYTHON_INCLUDE_DIRS: /usr/include/python3.8
-- Using PYTHON_LIBRARIES: /usr/lib/x86_64-linux-gnu/libpython3.8.so
-- Found PythonExtra: .so  
-- Found ament_lint_auto: 0.9.6 (/opt/ros/foxy/share/ament_lint_auto/cmake)
-- Added test 'copyright' to check source files copyright and LICENSE
-- Added test 'lint_cmake' to check CMake code style
-- Added test 'xmllint' to check XML markup files
-- Configuring done
-- Generating done
-- Build files have been written to: /home/user/ros2_ws/build/ros_battery_monitoring
[  3%] [34m[1mGenerating C code for ROS interfaces[0m
[35m[1mScanning dependencies of target ros_battery_monitoring__cpp[0m
[  6%] [34m[1mGenerating C++ code for ROS interfaces[0m
[35m[1mScanning dependencies of target ros_battery_monitoring__rosidl_generator_c[0m
[  9%] [32mBuilding C object CMakeFiles/ros_battery_monitoring__rosidl_generator_c.dir/rosidl_generator_c/ros_battery_monitoring/srv/detail/battery_monitoring__functions.c.o[0m
[  9%] Built target ros_battery_monitoring__cpp
[ 12%] [34m[1mGenerating C++ type support for eProsima Fast-RTPS[0m
[ 16%] [34m[1mGenerating C++ type support dispatch for ROS interfaces[0m
[ 19%] [34m[1mGenerating C++ introspection for ROS interfaces[0m
[ 22%] [32m[1mLinking C shared library libros_battery_monitoring__rosidl_generator_c.so[0m
[ 22%] Built target ros_battery_monitoring__rosidl_generator_c
[ 25%] [34m[1mGenerating C type support dispatch for ROS interfaces[0m
[ 29%] [34m[1mGenerating C introspection for ROS interfaces[0m
[35m[1mScanning dependencies of target ros_battery_monitoring__rosidl_typesupport_introspection_cpp[0m
[35m[1mScanning dependencies of target ros_battery_monitoring__rosidl_typesupport_cpp[0m
[ 32%] [32mBuilding CXX object CMakeFiles/ros_battery_monitoring__rosidl_typesupport_introspection_cpp.dir/rosidl_typesupport_introspection_cpp/ros_battery_monitoring/srv/detail/battery_monitoring__type_support.cpp.o[0m
[ 35%] [32mBuilding CXX object CMakeFiles/ros_battery_monitoring__rosidl_typesupport_cpp.dir/rosidl_typesupport_cpp/ros_battery_monitoring/srv/battery_monitoring__type_support.cpp.o[0m
[35m[1mScanning dependencies of target ros_battery_monitoring__rosidl_typesupport_fastrtps_cpp[0m
[ 38%] [32mBuilding CXX object CMakeFiles/ros_battery_monitoring__rosidl_typesupport_fastrtps_cpp.dir/rosidl_typesupport_fastrtps_cpp/ros_battery_monitoring/srv/detail/dds_fastrtps/battery_monitoring__type_support.cpp.o[0m
[35m[1mScanning dependencies of target ros_battery_monitoring__rosidl_typesupport_c[0m
[ 41%] [32mBuilding CXX object CMakeFiles/ros_battery_monitoring__rosidl_typesupport_c.dir/rosidl_typesupport_c/ros_battery_monitoring/srv/battery_monitoring__type_support.cpp.o[0m
[35m[1mScanning dependencies of target ros_battery_monitoring__rosidl_typesupport_introspection_c[0m
[ 45%] [32mBuilding C object CMakeFiles/ros_battery_monitoring__rosidl_typesupport_introspection_c.dir/rosidl_typesupport_introspection_c/ros_battery_monitoring/srv/detail/battery_monitoring__type_support.c.o[0m
[ 48%] [32m[1mLinking CXX shared library libros_battery_monitoring__rosidl_typesupport_c.so[0m
[ 48%] Built target ros_battery_monitoring__rosidl_typesupport_c
[ 51%] [32m[1mLinking C shared library libros_battery_monitoring__rosidl_typesupport_introspection_c.so[0m
[ 51%] Built target ros_battery_monitoring__rosidl_typesupport_introspection_c
[ 54%] [32m[1mLinking CXX shared library libros_battery_monitoring__rosidl_typesupport_cpp.so[0m
[ 58%] [32m[1mLinking CXX shared library libros_battery_monitoring__rosidl_typesupport_introspection_cpp.so[0m
[ 58%] Built target ros_battery_monitoring__rosidl_typesupport_cpp
[ 58%] Built target ros_battery_monitoring__rosidl_typesupport_introspection_cpp
[ 61%] [32m[1mLinking CXX shared library libros_battery_monitoring__rosidl_typesupport_fastrtps_cpp.so[0m
[ 61%] Built target ros_battery_monitoring__rosidl_typesupport_fastrtps_cpp
[ 64%] [34m[1mGenerating C type support for eProsima Fast-RTPS[0m
[35m[1mScanning dependencies of target ros_battery_monitoring__rosidl_typesupport_fastrtps_c[0m
[ 67%] [32mBuilding CXX object CMakeFiles/ros_battery_monitoring__rosidl_typesupport_fastrtps_c.dir/rosidl_typesupport_fastrtps_c/ros_battery_monitoring/srv/detail/battery_monitoring__type_support_c.cpp.o[0m
[ 70%] [32m[1mLinking CXX shared library libros_battery_monitoring__rosidl_typesupport_fastrtps_c.so[0m
[ 70%] Built target ros_battery_monitoring__rosidl_typesupport_fastrtps_c
[35m[1mScanning dependencies of target ros_battery_monitoring[0m
[ 70%] Built target ros_battery_monitoring
[35m[1mScanning dependencies of target ros_battery_monitoring__py[0m
[ 74%] [34m[1mGenerating Python code for ROS interfaces[0m
[ 74%] Built target ros_battery_monitoring__py
[35m[1mScanning dependencies of target ros_battery_monitoring__python[0m
[ 77%] [32mBuilding C object CMakeFiles/ros_battery_monitoring__python.dir/rosidl_generator_py/ros_battery_monitoring/srv/_battery_monitoring_s.c.o[0m
[ 80%] [32m[1mLinking C shared library rosidl_generator_py/ros_battery_monitoring/libros_battery_monitoring__python.so[0m
[ 80%] Built target ros_battery_monitoring__python
[35m[1mScanning dependencies of target ros_battery_monitoring__rosidl_typesupport_introspection_c__pyext[0m
[35m[1mScanning dependencies of target ros_battery_monitoring__rosidl_typesupport_c__pyext[0m
[35m[1mScanning dependencies of target ros_battery_monitoring__rosidl_typesupport_fastrtps_c__pyext[0m
[ 83%] [32mBuilding C object CMakeFiles/ros_battery_monitoring__rosidl_typesupport_introspection_c__pyext.dir/rosidl_generator_py/ros_battery_monitoring/_ros_battery_monitoring_s.ep.rosidl_typesupport_introspection_c.c.o[0m
[ 90%] [32mBuilding C object CMakeFiles/ros_battery_monitoring__rosidl_typesupport_fastrtps_c__pyext.dir/rosidl_generator_py/ros_battery_monitoring/_ros_battery_monitoring_s.ep.rosidl_typesupport_fastrtps_c.c.o[0m
[ 90%] [32mBuilding C object CMakeFiles/ros_battery_monitoring__rosidl_typesupport_c__pyext.dir/rosidl_generator_py/ros_battery_monitoring/_ros_battery_monitoring_s.ep.rosidl_typesupport_c.c.o[0m
[ 93%] [32m[1mLinking C shared library rosidl_generator_py/ros_battery_monitoring/ros_battery_monitoring_s__rosidl_typesupport_c.cpython-38-x86_64-linux-gnu.so[0m
[ 96%] [32m[1mLinking C shared library rosidl_generator_py/ros_battery_monitoring/ros_battery_monitoring_s__rosidl_typesupport_introspection_c.cpython-38-x86_64-linux-gnu.so[0m
[100%] [32m[1mLinking CXX shared library rosidl_generator_py/ros_battery_monitoring/ros_battery_monitoring_s__rosidl_typesupport_fastrtps_c.cpython-38-x86_64-linux-gnu.so[0m
[100%] Built target ros_battery_monitoring__rosidl_typesupport_introspection_c__pyext
[100%] Built target ros_battery_monitoring__rosidl_typesupport_c__pyext
[100%] Built target ros_battery_monitoring__rosidl_typesupport_fastrtps_c__pyext
-- Install configuration: ""
-- Installing: /home/user/ros2_ws/install/ros_battery_monitoring/share/ament_index/resource_index/rosidl_interfaces/ros_battery_monitoring
-- Installing: /home/user/ros2_ws/install/ros_battery_monitoring/include/ros_battery_monitoring
-- Installing: /home/user/ros2_ws/install/ros_battery_monitoring/include/ros_battery_monitoring/srv
-- Installing: /home/user/ros2_ws/install/ros_battery_monitoring/include/ros_battery_monitoring/srv/detail
-- Installing: /home/user/ros2_ws/install/ros_battery_monitoring/include/ros_battery_monitoring/srv/detail/battery_monitoring__struct.h
-- Installing: /home/user/ros2_ws/install/ros_battery_monitoring/include/ros_battery_monitoring/srv/detail/battery_monitoring__type_support.h
-- Installing: /home/user/ros2_ws/install/ros_battery_monitoring/include/ros_battery_monitoring/srv/detail/battery_monitoring__functions.c
-- Installing: /home/user/ros2_ws/install/ros_battery_monitoring/include/ros_battery_monitoring/srv/detail/battery_monitoring__functions.h
-- Installing: /home/user/ros2_ws/install/ros_battery_monitoring/include/ros_battery_monitoring/srv/battery_monitoring.h
-- Installing: /home/user/ros2_ws/install/ros_battery_monitoring/include/ros_battery_monitoring/msg
-- Installing: /home/user/ros2_ws/install/ros_battery_monitoring/include/ros_battery_monitoring/msg/rosidl_generator_c__visibility_control.h
-- Installing: /home/user/ros2_ws/install/ros_battery_monitoring/share/ros_battery_monitoring/environment/library_path.sh
-- Installing: /home/user/ros2_ws/install/ros_battery_monitoring/share/ros_battery_monitoring/environment/library_path.dsv
-- Installing: /home/user/ros2_ws/install/ros_battery_monitoring/lib/libros_battery_monitoring__rosidl_generator_c.so
-- Set runtime path of "/home/user/ros2_ws/install/ros_battery_monitoring/lib/libros_battery_monitoring__rosidl_generator_c.so" to ""
-- Up-to-date: /home/user/ros2_ws/install/ros_battery_monitoring/include/ros_battery_monitoring
-- Up-to-date: /home/user/ros2_ws/install/ros_battery_monitoring/include/ros_battery_monitoring/srv
-- Up-to-date: /home/user/ros2_ws/install/ros_battery_monitoring/include/ros_battery_monitoring/srv/detail
-- Installing: /home/user/ros2_ws/install/ros_battery_monitoring/include/ros_battery_monitoring/srv/detail/battery_monitoring__rosidl_typesupport_fastrtps_c.h
-- Up-to-date: /home/user/ros2_ws/install/ros_battery_monitoring/include/ros_battery_monitoring/msg
-- Installing: /home/user/ros2_ws/install/ros_battery_monitoring/include/ros_battery_monitoring/msg/rosidl_typesupport_fastrtps_c__visibility_control.h
-- Installing: /home/user/ros2_ws/install/ros_battery_monitoring/lib/libros_battery_monitoring__rosidl_typesupport_fastrtps_c.so
-- Set runtime path of "/home/user/ros2_ws/install/ros_battery_monitoring/lib/libros_battery_monitoring__rosidl_typesupport_fastrtps_c.so" to ""
-- Up-to-date: /home/user/ros2_ws/install/ros_battery_monitoring/include/ros_battery_monitoring
-- Up-to-date: /home/user/ros2_ws/install/ros_battery_monitoring/include/ros_battery_monitoring/srv
-- Up-to-date: /home/user/ros2_ws/install/ros_battery_monitoring/include/ros_battery_monitoring/srv/detail
-- Installing: /home/user/ros2_ws/install/ros_battery_monitoring/include/ros_battery_monitoring/srv/detail/battery_monitoring__rosidl_typesupport_fastrtps_cpp.hpp
-- Installing: /home/user/ros2_ws/install/ros_battery_monitoring/include/ros_battery_monitoring/srv/detail/dds_fastrtps
-- Up-to-date: /home/user/ros2_ws/install/ros_battery_monitoring/include/ros_battery_monitoring/msg
-- Installing: /home/user/ros2_ws/install/ros_battery_monitoring/include/ros_battery_monitoring/msg/rosidl_typesupport_fastrtps_cpp__visibility_control.h
-- Installing: /home/user/ros2_ws/install/ros_battery_monitoring/lib/libros_battery_monitoring__rosidl_typesupport_fastrtps_cpp.so
-- Set runtime path of "/home/user/ros2_ws/install/ros_battery_monitoring/lib/libros_battery_monitoring__rosidl_typesupport_fastrtps_cpp.so" to ""
-- Up-to-date: /home/user/ros2_ws/install/ros_battery_monitoring/include/ros_battery_monitoring
-- Up-to-date: /home/user/ros2_ws/install/ros_battery_monitoring/include/ros_battery_monitoring/srv
-- Up-to-date: /home/user/ros2_ws/install/ros_battery_monitoring/include/ros_battery_monitoring/srv/detail
-- Installing: /home/user/ros2_ws/install/ros_battery_monitoring/include/ros_battery_monitoring/srv/detail/battery_monitoring__type_support.c
-- Installing: /home/user/ros2_ws/install/ros_battery_monitoring/include/ros_battery_monitoring/srv/detail/battery_monitoring__rosidl_typesupport_introspection_c.h
-- Up-to-date: /home/user/ros2_ws/install/ros_battery_monitoring/include/ros_battery_monitoring/msg
-- Installing: /home/user/ros2_ws/install/ros_battery_monitoring/include/ros_battery_monitoring/msg/rosidl_typesupport_introspection_c__visibility_control.h
-- Installing: /home/user/ros2_ws/install/ros_battery_monitoring/lib/libros_battery_monitoring__rosidl_typesupport_introspection_c.so
-- Set runtime path of "/home/user/ros2_ws/install/ros_battery_monitoring/lib/libros_battery_monitoring__rosidl_typesupport_introspection_c.so" to ""
-- Installing: /home/user/ros2_ws/install/ros_battery_monitoring/lib/libros_battery_monitoring__rosidl_typesupport_c.so
-- Set runtime path of "/home/user/ros2_ws/install/ros_battery_monitoring/lib/libros_battery_monitoring__rosidl_typesupport_c.so" to ""
-- Up-to-date: /home/user/ros2_ws/install/ros_battery_monitoring/include/ros_battery_monitoring
-- Up-to-date: /home/user/ros2_ws/install/ros_battery_monitoring/include/ros_battery_monitoring/srv
-- Up-to-date: /home/user/ros2_ws/install/ros_battery_monitoring/include/ros_battery_monitoring/srv/detail
-- Installing: /home/user/ros2_ws/install/ros_battery_monitoring/include/ros_battery_monitoring/srv/detail/battery_monitoring__struct.hpp
-- Installing: /home/user/ros2_ws/install/ros_battery_monitoring/include/ros_battery_monitoring/srv/detail/battery_monitoring__traits.hpp
-- Installing: /home/user/ros2_ws/install/ros_battery_monitoring/include/ros_battery_monitoring/srv/detail/battery_monitoring__builder.hpp
-- Installing: /home/user/ros2_ws/install/ros_battery_monitoring/include/ros_battery_monitoring/srv/battery_monitoring.hpp
-- Up-to-date: /home/user/ros2_ws/install/ros_battery_monitoring/include/ros_battery_monitoring
-- Up-to-date: /home/user/ros2_ws/install/ros_battery_monitoring/include/ros_battery_monitoring/srv
-- Up-to-date: /home/user/ros2_ws/install/ros_battery_monitoring/include/ros_battery_monitoring/srv/detail
-- Installing: /home/user/ros2_ws/install/ros_battery_monitoring/include/ros_battery_monitoring/srv/detail/battery_monitoring__type_support.cpp
-- Installing: /home/user/ros2_ws/install/ros_battery_monitoring/include/ros_battery_monitoring/srv/detail/battery_monitoring__rosidl_typesupport_introspection_cpp.hpp
-- Installing: /home/user/ros2_ws/install/ros_battery_monitoring/lib/libros_battery_monitoring__rosidl_typesupport_introspection_cpp.so
-- Set runtime path of "/home/user/ros2_ws/install/ros_battery_monitoring/lib/libros_battery_monitoring__rosidl_typesupport_introspection_cpp.so" to ""
-- Installing: /home/user/ros2_ws/install/ros_battery_monitoring/lib/libros_battery_monitoring__rosidl_typesupport_cpp.so
-- Set runtime path of "/home/user/ros2_ws/install/ros_battery_monitoring/lib/libros_battery_monitoring__rosidl_typesupport_cpp.so" to ""
-- Installing: /home/user/ros2_ws/install/ros_battery_monitoring/share/ros_battery_monitoring/environment/pythonpath.sh
-- Installing: /home/user/ros2_ws/install/ros_battery_monitoring/share/ros_battery_monitoring/environment/pythonpath.dsv
-- Installing: /home/user/ros2_ws/install/ros_battery_monitoring/lib/python3.8/site-packages/ros_battery_monitoring/__init__.py
Compiling '/home/user/ros2_ws/install/ros_battery_monitoring/lib/python3.8/site-packages/ros_battery_monitoring/__init__.py'...
-- Installing: /home/user/ros2_ws/install/ros_battery_monitoring/lib/python3.8/site-packages/ros_battery_monitoring/srv
-- Installing: /home/user/ros2_ws/install/ros_battery_monitoring/lib/python3.8/site-packages/ros_battery_monitoring/srv/_battery_monitoring_s.c
-- Installing: /home/user/ros2_ws/install/ros_battery_monitoring/lib/python3.8/site-packages/ros_battery_monitoring/srv/_battery_monitoring.py
-- Installing: /home/user/ros2_ws/install/ros_battery_monitoring/lib/python3.8/site-packages/ros_battery_monitoring/srv/__init__.py
-- Installing: /home/user/ros2_ws/install/ros_battery_monitoring/lib/python3.8/site-packages/ros_battery_monitoring/ros_battery_monitoring_s__rosidl_typesupport_fastrtps_c.cpython-38-x86_64-linux-gnu.so
-- Set runtime path of "/home/user/ros2_ws/install/ros_battery_monitoring/lib/python3.8/site-packages/ros_battery_monitoring/ros_battery_monitoring_s__rosidl_typesupport_fastrtps_c.cpython-38-x86_64-linux-gnu.so" to ""
-- Installing: /home/user/ros2_ws/install/ros_battery_monitoring/lib/python3.8/site-packages/ros_battery_monitoring/ros_battery_monitoring_s__rosidl_typesupport_introspection_c.cpython-38-x86_64-linux-gnu.so
-- Set runtime path of "/home/user/ros2_ws/install/ros_battery_monitoring/lib/python3.8/site-packages/ros_battery_monitoring/ros_battery_monitoring_s__rosidl_typesupport_introspection_c.cpython-38-x86_64-linux-gnu.so" to ""
-- Installing: /home/user/ros2_ws/install/ros_battery_monitoring/lib/python3.8/site-packages/ros_battery_monitoring/ros_battery_monitoring_s__rosidl_typesupport_c.cpython-38-x86_64-linux-gnu.so
-- Set runtime path of "/home/user/ros2_ws/install/ros_battery_monitoring/lib/python3.8/site-packages/ros_battery_monitoring/ros_battery_monitoring_s__rosidl_typesupport_c.cpython-38-x86_64-linux-gnu.so" to ""
-- Installing: /home/user/ros2_ws/install/ros_battery_monitoring/lib/libros_battery_monitoring__python.so
-- Set runtime path of "/home/user/ros2_ws/install/ros_battery_monitoring/lib/libros_battery_monitoring__python.so" to ""
-- Installing: /home/user/ros2_ws/install/ros_battery_monitoring/share/ros_battery_monitoring/srv/BatteryMonitoring.idl
-- Installing: /home/user/ros2_ws/install/ros_battery_monitoring/share/ros_battery_monitoring/srv/BatteryMonitoring.srv
-- Installing: /home/user/ros2_ws/install/ros_battery_monitoring/share/ros_battery_monitoring/srv/BatteryMonitoring_Request.msg
-- Installing: /home/user/ros2_ws/install/ros_battery_monitoring/share/ros_battery_monitoring/srv/BatteryMonitoring_Response.msg
-- Installing: /home/user/ros2_ws/install/ros_battery_monitoring/share/ament_index/resource_index/package_run_dependencies/ros_battery_monitoring
-- Installing: /home/user/ros2_ws/install/ros_battery_monitoring/share/ament_index/resource_index/parent_prefix_path/ros_battery_monitoring
-- Installing: /home/user/ros2_ws/install/ros_battery_monitoring/share/ros_battery_monitoring/environment/ament_prefix_path.sh
-- Installing: /home/user/ros2_ws/install/ros_battery_monitoring/share/ros_battery_monitoring/environment/ament_prefix_path.dsv
-- Installing: /home/user/ros2_ws/install/ros_battery_monitoring/share/ros_battery_monitoring/environment/path.sh
-- Installing: /home/user/ros2_ws/install/ros_battery_monitoring/share/ros_battery_monitoring/environment/path.dsv
-- Installing: /home/user/ros2_ws/install/ros_battery_monitoring/share/ros_battery_monitoring/local_setup.bash
-- Installing: /home/user/ros2_ws/install/ros_battery_monitoring/share/ros_battery_monitoring/local_setup.sh
-- Installing: /home/user/ros2_ws/install/ros_battery_monitoring/share/ros_battery_monitoring/local_setup.zsh
-- Installing: /home/user/ros2_ws/install/ros_battery_monitoring/share/ros_battery_monitoring/local_setup.dsv
-- Installing: /home/user/ros2_ws/install/ros_battery_monitoring/share/ros_battery_monitoring/package.dsv
-- Installing: /home/user/ros2_ws/install/ros_battery_monitoring/share/ament_index/resource_index/packages/ros_battery_monitoring
-- Installing: /home/user/ros2_ws/install/ros_battery_monitoring/share/ros_battery_monitoring/cmake/ros_battery_monitoring__rosidl_generator_cExport.cmake
-- Installing: /home/user/ros2_ws/install/ros_battery_monitoring/share/ros_battery_monitoring/cmake/ros_battery_monitoring__rosidl_generator_cExport-noconfig.cmake
-- Installing: /home/user/ros2_ws/install/ros_battery_monitoring/share/ros_battery_monitoring/cmake/ros_battery_monitoring__rosidl_typesupport_introspection_cExport.cmake
-- Installing: /home/user/ros2_ws/install/ros_battery_monitoring/share/ros_battery_monitoring/cmake/ros_battery_monitoring__rosidl_typesupport_introspection_cExport-noconfig.cmake
-- Installing: /home/user/ros2_ws/install/ros_battery_monitoring/share/ros_battery_monitoring/cmake/ros_battery_monitoring__rosidl_typesupport_cExport.cmake
-- Installing: /home/user/ros2_ws/install/ros_battery_monitoring/share/ros_battery_monitoring/cmake/ros_battery_monitoring__rosidl_typesupport_cExport-noconfig.cmake
-- Installing: /home/user/ros2_ws/install/ros_battery_monitoring/share/ros_battery_monitoring/cmake/ros_battery_monitoring__rosidl_generator_cppExport.cmake
-- Installing: /home/user/ros2_ws/install/ros_battery_monitoring/share/ros_battery_monitoring/cmake/ros_battery_monitoring__rosidl_typesupport_introspection_cppExport.cmake
-- Installing: /home/user/ros2_ws/install/ros_battery_monitoring/share/ros_battery_monitoring/cmake/ros_battery_monitoring__rosidl_typesupport_introspection_cppExport-noconfig.cmake
-- Installing: /home/user/ros2_ws/install/ros_battery_monitoring/share/ros_battery_monitoring/cmake/ros_battery_monitoring__rosidl_typesupport_cppExport.cmake
-- Installing: /home/user/ros2_ws/install/ros_battery_monitoring/share/ros_battery_monitoring/cmake/ros_battery_monitoring__rosidl_typesupport_cppExport-noconfig.cmake
-- Installing: /home/user/ros2_ws/install/ros_battery_monitoring/share/ros_battery_monitoring/cmake/rosidl_cmake-extras.cmake
-- Installing: /home/user/ros2_ws/install/ros_battery_monitoring/share/ros_battery_monitoring/cmake/ament_cmake_export_dependencies-extras.cmake
-- Installing: /home/user/ros2_ws/install/ros_battery_monitoring/share/ros_battery_monitoring/cmake/ament_cmake_export_libraries-extras.cmake
-- Installing: /home/user/ros2_ws/install/ros_battery_monitoring/share/ros_battery_monitoring/cmake/ament_cmake_export_targets-extras.cmake
-- Installing: /home/user/ros2_ws/install/ros_battery_monitoring/share/ros_battery_monitoring/cmake/ament_cmake_export_include_directories-extras.cmake
-- Installing: /home/user/ros2_ws/install/ros_battery_monitoring/share/ros_battery_monitoring/cmake/rosidl_cmake_export_typesupport_libraries-extras.cmake
-- Installing: /home/user/ros2_ws/install/ros_battery_monitoring/share/ros_battery_monitoring/cmake/rosidl_cmake_export_typesupport_targets-extras.cmake
-- Installing: /home/user/ros2_ws/install/ros_battery_monitoring/share/ros_battery_monitoring/cmake/ros_battery_monitoringConfig.cmake
-- Installing: /home/user/ros2_ws/install/ros_battery_monitoring/share/ros_battery_monitoring/cmake/ros_battery_monitoringConfig-version.cmake
-- Installing: /home/user/ros2_ws/install/ros_battery_monitoring/share/ros_battery_monitoring/package.xml
