[0.025s] Invoking command in '/home/user/ros2_ws/build/ros_battery_monitoring': CMAKE_PREFIX_PATH=${CMAKE_PREFIX_PATH}:/opt/ros/foxy _=/usr/bin/env /usr/bin/cmake /home/user/ros2_ws/src/ros_battery_monitoring -DCMAKE_INSTALL_PREFIX=/home/user/ros2_ws/install/ros_battery_monitoring
[0.330s] -- The C compiler identification is GNU 9.3.0
[0.593s] -- The CXX compiler identification is GNU 9.3.0
[0.601s] -- Check for working C compiler: /usr/bin/cc
[0.708s] -- Check for working C compiler: /usr/bin/cc -- works
[0.711s] -- Detecting C compiler ABI info
[0.812s] -- Detecting C compiler ABI info - done
[0.830s] -- Detecting C compile features
[0.831s] -- Detecting C compile features - done
[0.835s] -- Check for working CXX compiler: /usr/bin/c++
[0.948s] -- Check for working CXX compiler: /usr/bin/c++ -- works
[0.949s] -- Detecting CXX compiler ABI info
[1.069s] -- Detecting CXX compiler ABI info - done
[1.090s] -- Detecting CXX compile features
[1.090s] -- Detecting CXX compile features - done
[1.099s] -- Found ament_cmake: 0.9.9 (/opt/ros/foxy/share/ament_cmake/cmake)
[1.147s] -- Found PythonInterp: /usr/bin/python3 (found suitable version "3.8.10", minimum required is "3") 
[1.147s] -- Using PYTHON_EXECUTABLE: /usr/bin/python3
[1.582s] -- Found rosidl_default_generators: 1.0.1 (/opt/ros/foxy/share/rosidl_default_generators/cmake)
[1.593s] -- Using all available rosidl_typesupport_c: rosidl_typesupport_fastrtps_c;rosidl_typesupport_introspection_c
[1.612s] -- Found rosidl_adapter: 1.2.1 (/opt/ros/foxy/share/rosidl_adapter/cmake)
[1.829s] -- Found OpenSSL: /usr/lib/x86_64-linux-gnu/libcrypto.so (found version "1.1.1f")  
[1.897s] -- Found FastRTPS: /opt/ros/foxy/include  
[2.083s] -- Using all available rosidl_typesupport_cpp: rosidl_typesupport_fastrtps_cpp;rosidl_typesupport_introspection_cpp
[2.176s] -- Found PythonInterp: /usr/bin/python3 (found version "3.8.10") 
[2.359s] -- Found ament_cmake_ros: 0.9.2 (/opt/ros/foxy/share/ament_cmake_ros/cmake)
[2.607s] -- Using all available rosidl_typesupport_c: rosidl_typesupport_fastrtps_c;rosidl_typesupport_introspection_c
[2.622s] -- Using all available rosidl_typesupport_cpp: rosidl_typesupport_fastrtps_cpp;rosidl_typesupport_introspection_cpp
[2.657s] -- Found PythonInterp: /usr/bin/python3 (found suitable version "3.8.10", minimum required is "3.5") 
[2.664s] -- Found python_cmake_module: 0.8.1 (/opt/ros/foxy/share/python_cmake_module/cmake)
[2.707s] -- Found PythonLibs: /usr/lib/x86_64-linux-gnu/libpython3.8.so (found suitable version "3.8.10", minimum required is "3.5") 
[2.708s] -- Using PYTHON_EXECUTABLE: /usr/bin/python3
[2.708s] -- Using PYTHON_INCLUDE_DIRS: /usr/include/python3.8
[2.708s] -- Using PYTHON_LIBRARIES: /usr/lib/x86_64-linux-gnu/libpython3.8.so
[2.740s] -- Found PythonExtra: .so  
[2.814s] -- Found ament_lint_auto: 0.9.6 (/opt/ros/foxy/share/ament_lint_auto/cmake)
[2.916s] -- Added test 'copyright' to check source files copyright and LICENSE
[2.921s] -- Added test 'lint_cmake' to check CMake code style
[2.924s] -- Added test 'xmllint' to check XML markup files
[2.934s] -- Configuring done
[3.007s] -- Generating done
[3.014s] -- Build files have been written to: /home/user/ros2_ws/build/ros_battery_monitoring
[3.025s] Invoked command in '/home/user/ros2_ws/build/ros_battery_monitoring' returned '0': CMAKE_PREFIX_PATH=${CMAKE_PREFIX_PATH}:/opt/ros/foxy _=/usr/bin/env /usr/bin/cmake /home/user/ros2_ws/src/ros_battery_monitoring -DCMAKE_INSTALL_PREFIX=/home/user/ros2_ws/install/ros_battery_monitoring
[3.031s] Invoking command in '/home/user/ros2_ws/build/ros_battery_monitoring': CMAKE_PREFIX_PATH=${CMAKE_PREFIX_PATH}:/opt/ros/foxy _=/usr/bin/env /usr/bin/cmake --build /home/user/ros2_ws/build/ros_battery_monitoring -- -j8 -l8
[3.091s] [  3%] [34m[1mGenerating C code for ROS interfaces[0m
[3.091s] [35m[1mScanning dependencies of target ros_battery_monitoring__cpp[0m
[3.109s] [  6%] [34m[1mGenerating C++ code for ROS interfaces[0m
[3.505s] [35m[1mScanning dependencies of target ros_battery_monitoring__rosidl_generator_c[0m
[3.540s] [  9%] [32mBuilding C object CMakeFiles/ros_battery_monitoring__rosidl_generator_c.dir/rosidl_generator_c/ros_battery_monitoring/srv/detail/battery_monitoring__functions.c.o[0m
[3.540s] [  9%] Built target ros_battery_monitoring__cpp
[3.566s] [ 12%] [34m[1mGenerating C++ type support for eProsima Fast-RTPS[0m
[3.570s] [ 16%] [34m[1mGenerating C++ type support dispatch for ROS interfaces[0m
[3.571s] [ 19%] [34m[1mGenerating C++ introspection for ROS interfaces[0m
[3.743s] [ 22%] [32m[1mLinking C shared library libros_battery_monitoring__rosidl_generator_c.so[0m
[3.860s] [ 22%] Built target ros_battery_monitoring__rosidl_generator_c
[3.926s] [ 25%] [34m[1mGenerating C type support dispatch for ROS interfaces[0m
[4.024s] [ 29%] [34m[1mGenerating C introspection for ROS interfaces[0m
[4.424s] [35m[1mScanning dependencies of target ros_battery_monitoring__rosidl_typesupport_introspection_cpp[0m
[4.429s] [35m[1mScanning dependencies of target ros_battery_monitoring__rosidl_typesupport_cpp[0m
[4.465s] [ 32%] [32mBuilding CXX object CMakeFiles/ros_battery_monitoring__rosidl_typesupport_introspection_cpp.dir/rosidl_typesupport_introspection_cpp/ros_battery_monitoring/srv/detail/battery_monitoring__type_support.cpp.o[0m
[4.524s] [ 35%] [32mBuilding CXX object CMakeFiles/ros_battery_monitoring__rosidl_typesupport_cpp.dir/rosidl_typesupport_cpp/ros_battery_monitoring/srv/battery_monitoring__type_support.cpp.o[0m
[4.529s] [35m[1mScanning dependencies of target ros_battery_monitoring__rosidl_typesupport_fastrtps_cpp[0m
[4.651s] [ 38%] [32mBuilding CXX object CMakeFiles/ros_battery_monitoring__rosidl_typesupport_fastrtps_cpp.dir/rosidl_typesupport_fastrtps_cpp/ros_battery_monitoring/srv/detail/dds_fastrtps/battery_monitoring__type_support.cpp.o[0m
[4.755s] [35m[1mScanning dependencies of target ros_battery_monitoring__rosidl_typesupport_c[0m
[4.840s] [ 41%] [32mBuilding CXX object CMakeFiles/ros_battery_monitoring__rosidl_typesupport_c.dir/rosidl_typesupport_c/ros_battery_monitoring/srv/battery_monitoring__type_support.cpp.o[0m
[4.936s] [35m[1mScanning dependencies of target ros_battery_monitoring__rosidl_typesupport_introspection_c[0m
[4.972s] [ 45%] [32mBuilding C object CMakeFiles/ros_battery_monitoring__rosidl_typesupport_introspection_c.dir/rosidl_typesupport_introspection_c/ros_battery_monitoring/srv/detail/battery_monitoring__type_support.c.o[0m
[5.028s] [ 48%] [32m[1mLinking CXX shared library libros_battery_monitoring__rosidl_typesupport_c.so[0m
[5.232s] [ 48%] Built target ros_battery_monitoring__rosidl_typesupport_c
[5.244s] [ 51%] [32m[1mLinking C shared library libros_battery_monitoring__rosidl_typesupport_introspection_c.so[0m
[5.364s] [ 51%] Built target ros_battery_monitoring__rosidl_typesupport_introspection_c
[5.569s] [ 54%] [32m[1mLinking CXX shared library libros_battery_monitoring__rosidl_typesupport_cpp.so[0m
[5.645s] [ 58%] [32m[1mLinking CXX shared library libros_battery_monitoring__rosidl_typesupport_introspection_cpp.so[0m
[5.706s] [ 58%] Built target ros_battery_monitoring__rosidl_typesupport_cpp
[5.731s] [ 58%] Built target ros_battery_monitoring__rosidl_typesupport_introspection_cpp
[5.936s] [ 61%] [32m[1mLinking CXX shared library libros_battery_monitoring__rosidl_typesupport_fastrtps_cpp.so[0m
[6.072s] [ 61%] Built target ros_battery_monitoring__rosidl_typesupport_fastrtps_cpp
[6.090s] [ 64%] [34m[1mGenerating C type support for eProsima Fast-RTPS[0m
[6.474s] [35m[1mScanning dependencies of target ros_battery_monitoring__rosidl_typesupport_fastrtps_c[0m
[6.505s] [ 67%] [32mBuilding CXX object CMakeFiles/ros_battery_monitoring__rosidl_typesupport_fastrtps_c.dir/rosidl_typesupport_fastrtps_c/ros_battery_monitoring/srv/detail/battery_monitoring__type_support_c.cpp.o[0m
[7.065s] [ 70%] [32m[1mLinking CXX shared library libros_battery_monitoring__rosidl_typesupport_fastrtps_c.so[0m
[7.175s] [ 70%] Built target ros_battery_monitoring__rosidl_typesupport_fastrtps_c
[7.190s] [35m[1mScanning dependencies of target ros_battery_monitoring[0m
[7.205s] [ 70%] Built target ros_battery_monitoring
[7.220s] [35m[1mScanning dependencies of target ros_battery_monitoring__py[0m
[7.236s] [ 74%] [34m[1mGenerating Python code for ROS interfaces[0m
[8.131s] [ 74%] Built target ros_battery_monitoring__py
[8.145s] [35m[1mScanning dependencies of target ros_battery_monitoring__python[0m
[8.231s] [ 77%] [32mBuilding C object CMakeFiles/ros_battery_monitoring__python.dir/rosidl_generator_py/ros_battery_monitoring/srv/_battery_monitoring_s.c.o[0m
[8.395s] [ 80%] [32m[1mLinking C shared library rosidl_generator_py/ros_battery_monitoring/libros_battery_monitoring__python.so[0m
[8.448s] [ 80%] Built target ros_battery_monitoring__python
[8.468s] [35m[1mScanning dependencies of target ros_battery_monitoring__rosidl_typesupport_introspection_c__pyext[0m
[8.468s] [35m[1mScanning dependencies of target ros_battery_monitoring__rosidl_typesupport_c__pyext[0m
[8.472s] [35m[1mScanning dependencies of target ros_battery_monitoring__rosidl_typesupport_fastrtps_c__pyext[0m
[8.503s] [ 83%] [32mBuilding C object CMakeFiles/ros_battery_monitoring__rosidl_typesupport_introspection_c__pyext.dir/rosidl_generator_py/ros_battery_monitoring/_ros_battery_monitoring_s.ep.rosidl_typesupport_introspection_c.c.o[0m
[8.529s] [ 90%] [32mBuilding C object CMakeFiles/ros_battery_monitoring__rosidl_typesupport_fastrtps_c__pyext.dir/rosidl_generator_py/ros_battery_monitoring/_ros_battery_monitoring_s.ep.rosidl_typesupport_fastrtps_c.c.o[0m
[8.529s] [ 90%] [32mBuilding C object CMakeFiles/ros_battery_monitoring__rosidl_typesupport_c__pyext.dir/rosidl_generator_py/ros_battery_monitoring/_ros_battery_monitoring_s.ep.rosidl_typesupport_c.c.o[0m
[8.744s] [ 93%] [32m[1mLinking C shared library rosidl_generator_py/ros_battery_monitoring/ros_battery_monitoring_s__rosidl_typesupport_c.cpython-38-x86_64-linux-gnu.so[0m
[8.745s] [ 96%] [32m[1mLinking C shared library rosidl_generator_py/ros_battery_monitoring/ros_battery_monitoring_s__rosidl_typesupport_introspection_c.cpython-38-x86_64-linux-gnu.so[0m
[8.761s] [100%] [32m[1mLinking CXX shared library rosidl_generator_py/ros_battery_monitoring/ros_battery_monitoring_s__rosidl_typesupport_fastrtps_c.cpython-38-x86_64-linux-gnu.so[0m
[8.825s] [100%] Built target ros_battery_monitoring__rosidl_typesupport_introspection_c__pyext
[8.825s] [100%] Built target ros_battery_monitoring__rosidl_typesupport_c__pyext
[8.878s] [100%] Built target ros_battery_monitoring__rosidl_typesupport_fastrtps_c__pyext
[8.898s] Invoked command in '/home/user/ros2_ws/build/ros_battery_monitoring' returned '0': CMAKE_PREFIX_PATH=${CMAKE_PREFIX_PATH}:/opt/ros/foxy _=/usr/bin/env /usr/bin/cmake --build /home/user/ros2_ws/build/ros_battery_monitoring -- -j8 -l8
[9.042s] Invoking command in '/home/user/ros2_ws/build/ros_battery_monitoring': CMAKE_PREFIX_PATH=${CMAKE_PREFIX_PATH}:/opt/ros/foxy _=/usr/bin/env /usr/bin/cmake --install /home/user/ros2_ws/build/ros_battery_monitoring
[9.056s] -- Install configuration: ""
[9.056s] -- Installing: /home/user/ros2_ws/install/ros_battery_monitoring/share/ament_index/resource_index/rosidl_interfaces/ros_battery_monitoring
[9.057s] -- Installing: /home/user/ros2_ws/install/ros_battery_monitoring/include/ros_battery_monitoring
[9.057s] -- Installing: /home/user/ros2_ws/install/ros_battery_monitoring/include/ros_battery_monitoring/srv
[9.058s] -- Installing: /home/user/ros2_ws/install/ros_battery_monitoring/include/ros_battery_monitoring/srv/detail
[9.058s] -- Installing: /home/user/ros2_ws/install/ros_battery_monitoring/include/ros_battery_monitoring/srv/detail/battery_monitoring__struct.h
[9.058s] -- Installing: /home/user/ros2_ws/install/ros_battery_monitoring/include/ros_battery_monitoring/srv/detail/battery_monitoring__type_support.h
[9.058s] -- Installing: /home/user/ros2_ws/install/ros_battery_monitoring/include/ros_battery_monitoring/srv/detail/battery_monitoring__functions.c
[9.059s] -- Installing: /home/user/ros2_ws/install/ros_battery_monitoring/include/ros_battery_monitoring/srv/detail/battery_monitoring__functions.h
[9.059s] -- Installing: /home/user/ros2_ws/install/ros_battery_monitoring/include/ros_battery_monitoring/srv/battery_monitoring.h
[9.059s] -- Installing: /home/user/ros2_ws/install/ros_battery_monitoring/include/ros_battery_monitoring/msg
[9.060s] -- Installing: /home/user/ros2_ws/install/ros_battery_monitoring/include/ros_battery_monitoring/msg/rosidl_generator_c__visibility_control.h
[9.060s] -- Installing: /home/user/ros2_ws/install/ros_battery_monitoring/share/ros_battery_monitoring/environment/library_path.sh
[9.061s] -- Installing: /home/user/ros2_ws/install/ros_battery_monitoring/share/ros_battery_monitoring/environment/library_path.dsv
[9.061s] -- Installing: /home/user/ros2_ws/install/ros_battery_monitoring/lib/libros_battery_monitoring__rosidl_generator_c.so
[9.062s] -- Set runtime path of "/home/user/ros2_ws/install/ros_battery_monitoring/lib/libros_battery_monitoring__rosidl_generator_c.so" to ""
[9.062s] -- Up-to-date: /home/user/ros2_ws/install/ros_battery_monitoring/include/ros_battery_monitoring
[9.062s] -- Up-to-date: /home/user/ros2_ws/install/ros_battery_monitoring/include/ros_battery_monitoring/srv
[9.063s] -- Up-to-date: /home/user/ros2_ws/install/ros_battery_monitoring/include/ros_battery_monitoring/srv/detail
[9.063s] -- Installing: /home/user/ros2_ws/install/ros_battery_monitoring/include/ros_battery_monitoring/srv/detail/battery_monitoring__rosidl_typesupport_fastrtps_c.h
[9.063s] -- Up-to-date: /home/user/ros2_ws/install/ros_battery_monitoring/include/ros_battery_monitoring/msg
[9.063s] -- Installing: /home/user/ros2_ws/install/ros_battery_monitoring/include/ros_battery_monitoring/msg/rosidl_typesupport_fastrtps_c__visibility_control.h
[9.064s] -- Installing: /home/user/ros2_ws/install/ros_battery_monitoring/lib/libros_battery_monitoring__rosidl_typesupport_fastrtps_c.so
[9.064s] -- Set runtime path of "/home/user/ros2_ws/install/ros_battery_monitoring/lib/libros_battery_monitoring__rosidl_typesupport_fastrtps_c.so" to ""
[9.064s] -- Up-to-date: /home/user/ros2_ws/install/ros_battery_monitoring/include/ros_battery_monitoring
[9.065s] -- Up-to-date: /home/user/ros2_ws/install/ros_battery_monitoring/include/ros_battery_monitoring/srv
[9.065s] -- Up-to-date: /home/user/ros2_ws/install/ros_battery_monitoring/include/ros_battery_monitoring/srv/detail
[9.065s] -- Installing: /home/user/ros2_ws/install/ros_battery_monitoring/include/ros_battery_monitoring/srv/detail/battery_monitoring__rosidl_typesupport_fastrtps_cpp.hpp
[9.065s] -- Installing: /home/user/ros2_ws/install/ros_battery_monitoring/include/ros_battery_monitoring/srv/detail/dds_fastrtps
[9.066s] -- Up-to-date: /home/user/ros2_ws/install/ros_battery_monitoring/include/ros_battery_monitoring/msg
[9.066s] -- Installing: /home/user/ros2_ws/install/ros_battery_monitoring/include/ros_battery_monitoring/msg/rosidl_typesupport_fastrtps_cpp__visibility_control.h
[9.067s] -- Installing: /home/user/ros2_ws/install/ros_battery_monitoring/lib/libros_battery_monitoring__rosidl_typesupport_fastrtps_cpp.so
[9.067s] -- Set runtime path of "/home/user/ros2_ws/install/ros_battery_monitoring/lib/libros_battery_monitoring__rosidl_typesupport_fastrtps_cpp.so" to ""
[9.067s] -- Up-to-date: /home/user/ros2_ws/install/ros_battery_monitoring/include/ros_battery_monitoring
[9.068s] -- Up-to-date: /home/user/ros2_ws/install/ros_battery_monitoring/include/ros_battery_monitoring/srv
[9.068s] -- Up-to-date: /home/user/ros2_ws/install/ros_battery_monitoring/include/ros_battery_monitoring/srv/detail
[9.068s] -- Installing: /home/user/ros2_ws/install/ros_battery_monitoring/include/ros_battery_monitoring/srv/detail/battery_monitoring__type_support.c
[9.068s] -- Installing: /home/user/ros2_ws/install/ros_battery_monitoring/include/ros_battery_monitoring/srv/detail/battery_monitoring__rosidl_typesupport_introspection_c.h
[9.069s] -- Up-to-date: /home/user/ros2_ws/install/ros_battery_monitoring/include/ros_battery_monitoring/msg
[9.069s] -- Installing: /home/user/ros2_ws/install/ros_battery_monitoring/include/ros_battery_monitoring/msg/rosidl_typesupport_introspection_c__visibility_control.h
[9.069s] -- Installing: /home/user/ros2_ws/install/ros_battery_monitoring/lib/libros_battery_monitoring__rosidl_typesupport_introspection_c.so
[9.070s] -- Set runtime path of "/home/user/ros2_ws/install/ros_battery_monitoring/lib/libros_battery_monitoring__rosidl_typesupport_introspection_c.so" to ""
[9.070s] -- Installing: /home/user/ros2_ws/install/ros_battery_monitoring/lib/libros_battery_monitoring__rosidl_typesupport_c.so
[9.070s] -- Set runtime path of "/home/user/ros2_ws/install/ros_battery_monitoring/lib/libros_battery_monitoring__rosidl_typesupport_c.so" to ""
[9.071s] -- Up-to-date: /home/user/ros2_ws/install/ros_battery_monitoring/include/ros_battery_monitoring
[9.071s] -- Up-to-date: /home/user/ros2_ws/install/ros_battery_monitoring/include/ros_battery_monitoring/srv
[9.071s] -- Up-to-date: /home/user/ros2_ws/install/ros_battery_monitoring/include/ros_battery_monitoring/srv/detail
[9.072s] -- Installing: /home/user/ros2_ws/install/ros_battery_monitoring/include/ros_battery_monitoring/srv/detail/battery_monitoring__struct.hpp
[9.072s] -- Installing: /home/user/ros2_ws/install/ros_battery_monitoring/include/ros_battery_monitoring/srv/detail/battery_monitoring__traits.hpp
[9.072s] -- Installing: /home/user/ros2_ws/install/ros_battery_monitoring/include/ros_battery_monitoring/srv/detail/battery_monitoring__builder.hpp
[9.073s] -- Installing: /home/user/ros2_ws/install/ros_battery_monitoring/include/ros_battery_monitoring/srv/battery_monitoring.hpp
[9.073s] -- Up-to-date: /home/user/ros2_ws/install/ros_battery_monitoring/include/ros_battery_monitoring
[9.073s] -- Up-to-date: /home/user/ros2_ws/install/ros_battery_monitoring/include/ros_battery_monitoring/srv
[9.073s] -- Up-to-date: /home/user/ros2_ws/install/ros_battery_monitoring/include/ros_battery_monitoring/srv/detail
[9.074s] -- Installing: /home/user/ros2_ws/install/ros_battery_monitoring/include/ros_battery_monitoring/srv/detail/battery_monitoring__type_support.cpp
[9.074s] -- Installing: /home/user/ros2_ws/install/ros_battery_monitoring/include/ros_battery_monitoring/srv/detail/battery_monitoring__rosidl_typesupport_introspection_cpp.hpp
[9.074s] -- Installing: /home/user/ros2_ws/install/ros_battery_monitoring/lib/libros_battery_monitoring__rosidl_typesupport_introspection_cpp.so
[9.074s] -- Set runtime path of "/home/user/ros2_ws/install/ros_battery_monitoring/lib/libros_battery_monitoring__rosidl_typesupport_introspection_cpp.so" to ""
[9.074s] -- Installing: /home/user/ros2_ws/install/ros_battery_monitoring/lib/libros_battery_monitoring__rosidl_typesupport_cpp.so
[9.075s] -- Set runtime path of "/home/user/ros2_ws/install/ros_battery_monitoring/lib/libros_battery_monitoring__rosidl_typesupport_cpp.so" to ""
[9.075s] -- Installing: /home/user/ros2_ws/install/ros_battery_monitoring/share/ros_battery_monitoring/environment/pythonpath.sh
[9.075s] -- Installing: /home/user/ros2_ws/install/ros_battery_monitoring/share/ros_battery_monitoring/environment/pythonpath.dsv
[9.075s] -- Installing: /home/user/ros2_ws/install/ros_battery_monitoring/lib/python3.8/site-packages/ros_battery_monitoring/__init__.py
[9.128s] Compiling '/home/user/ros2_ws/install/ros_battery_monitoring/lib/python3.8/site-packages/ros_battery_monitoring/__init__.py'...
[9.136s] -- Installing: /home/user/ros2_ws/install/ros_battery_monitoring/lib/python3.8/site-packages/ros_battery_monitoring/srv
[9.136s] -- Installing: /home/user/ros2_ws/install/ros_battery_monitoring/lib/python3.8/site-packages/ros_battery_monitoring/srv/_battery_monitoring_s.c
[9.136s] -- Installing: /home/user/ros2_ws/install/ros_battery_monitoring/lib/python3.8/site-packages/ros_battery_monitoring/srv/_battery_monitoring.py
[9.137s] -- Installing: /home/user/ros2_ws/install/ros_battery_monitoring/lib/python3.8/site-packages/ros_battery_monitoring/srv/__init__.py
[9.137s] -- Installing: /home/user/ros2_ws/install/ros_battery_monitoring/lib/python3.8/site-packages/ros_battery_monitoring/ros_battery_monitoring_s__rosidl_typesupport_fastrtps_c.cpython-38-x86_64-linux-gnu.so
[9.137s] -- Set runtime path of "/home/user/ros2_ws/install/ros_battery_monitoring/lib/python3.8/site-packages/ros_battery_monitoring/ros_battery_monitoring_s__rosidl_typesupport_fastrtps_c.cpython-38-x86_64-linux-gnu.so" to ""
[9.138s] -- Installing: /home/user/ros2_ws/install/ros_battery_monitoring/lib/python3.8/site-packages/ros_battery_monitoring/ros_battery_monitoring_s__rosidl_typesupport_introspection_c.cpython-38-x86_64-linux-gnu.so
[9.138s] -- Set runtime path of "/home/user/ros2_ws/install/ros_battery_monitoring/lib/python3.8/site-packages/ros_battery_monitoring/ros_battery_monitoring_s__rosidl_typesupport_introspection_c.cpython-38-x86_64-linux-gnu.so" to ""
[9.139s] -- Installing: /home/user/ros2_ws/install/ros_battery_monitoring/lib/python3.8/site-packages/ros_battery_monitoring/ros_battery_monitoring_s__rosidl_typesupport_c.cpython-38-x86_64-linux-gnu.so
[9.139s] -- Set runtime path of "/home/user/ros2_ws/install/ros_battery_monitoring/lib/python3.8/site-packages/ros_battery_monitoring/ros_battery_monitoring_s__rosidl_typesupport_c.cpython-38-x86_64-linux-gnu.so" to ""
[9.139s] -- Installing: /home/user/ros2_ws/install/ros_battery_monitoring/lib/libros_battery_monitoring__python.so
[9.139s] -- Set runtime path of "/home/user/ros2_ws/install/ros_battery_monitoring/lib/libros_battery_monitoring__python.so" to ""
[9.140s] -- Installing: /home/user/ros2_ws/install/ros_battery_monitoring/share/ros_battery_monitoring/srv/BatteryMonitoring.idl
[9.140s] -- Installing: /home/user/ros2_ws/install/ros_battery_monitoring/share/ros_battery_monitoring/srv/BatteryMonitoring.srv
[9.140s] -- Installing: /home/user/ros2_ws/install/ros_battery_monitoring/share/ros_battery_monitoring/srv/BatteryMonitoring_Request.msg
[9.141s] -- Installing: /home/user/ros2_ws/install/ros_battery_monitoring/share/ros_battery_monitoring/srv/BatteryMonitoring_Response.msg
[9.141s] -- Installing: /home/user/ros2_ws/install/ros_battery_monitoring/share/ament_index/resource_index/package_run_dependencies/ros_battery_monitoring
[9.141s] -- Installing: /home/user/ros2_ws/install/ros_battery_monitoring/share/ament_index/resource_index/parent_prefix_path/ros_battery_monitoring
[9.142s] -- Installing: /home/user/ros2_ws/install/ros_battery_monitoring/share/ros_battery_monitoring/environment/ament_prefix_path.sh
[9.142s] -- Installing: /home/user/ros2_ws/install/ros_battery_monitoring/share/ros_battery_monitoring/environment/ament_prefix_path.dsv
[9.142s] -- Installing: /home/user/ros2_ws/install/ros_battery_monitoring/share/ros_battery_monitoring/environment/path.sh
[9.142s] -- Installing: /home/user/ros2_ws/install/ros_battery_monitoring/share/ros_battery_monitoring/environment/path.dsv
[9.142s] -- Installing: /home/user/ros2_ws/install/ros_battery_monitoring/share/ros_battery_monitoring/local_setup.bash
[9.143s] -- Installing: /home/user/ros2_ws/install/ros_battery_monitoring/share/ros_battery_monitoring/local_setup.sh
[9.143s] -- Installing: /home/user/ros2_ws/install/ros_battery_monitoring/share/ros_battery_monitoring/local_setup.zsh
[9.143s] -- Installing: /home/user/ros2_ws/install/ros_battery_monitoring/share/ros_battery_monitoring/local_setup.dsv
[9.143s] -- Installing: /home/user/ros2_ws/install/ros_battery_monitoring/share/ros_battery_monitoring/package.dsv
[9.144s] -- Installing: /home/user/ros2_ws/install/ros_battery_monitoring/share/ament_index/resource_index/packages/ros_battery_monitoring
[9.144s] -- Installing: /home/user/ros2_ws/install/ros_battery_monitoring/share/ros_battery_monitoring/cmake/ros_battery_monitoring__rosidl_generator_cExport.cmake
[9.144s] -- Installing: /home/user/ros2_ws/install/ros_battery_monitoring/share/ros_battery_monitoring/cmake/ros_battery_monitoring__rosidl_generator_cExport-noconfig.cmake
[9.144s] -- Installing: /home/user/ros2_ws/install/ros_battery_monitoring/share/ros_battery_monitoring/cmake/ros_battery_monitoring__rosidl_typesupport_introspection_cExport.cmake
[9.144s] -- Installing: /home/user/ros2_ws/install/ros_battery_monitoring/share/ros_battery_monitoring/cmake/ros_battery_monitoring__rosidl_typesupport_introspection_cExport-noconfig.cmake
[9.144s] -- Installing: /home/user/ros2_ws/install/ros_battery_monitoring/share/ros_battery_monitoring/cmake/ros_battery_monitoring__rosidl_typesupport_cExport.cmake
[9.145s] -- Installing: /home/user/ros2_ws/install/ros_battery_monitoring/share/ros_battery_monitoring/cmake/ros_battery_monitoring__rosidl_typesupport_cExport-noconfig.cmake
[9.145s] -- Installing: /home/user/ros2_ws/install/ros_battery_monitoring/share/ros_battery_monitoring/cmake/ros_battery_monitoring__rosidl_generator_cppExport.cmake
[9.145s] -- Installing: /home/user/ros2_ws/install/ros_battery_monitoring/share/ros_battery_monitoring/cmake/ros_battery_monitoring__rosidl_typesupport_introspection_cppExport.cmake
[9.146s] -- Installing: /home/user/ros2_ws/install/ros_battery_monitoring/share/ros_battery_monitoring/cmake/ros_battery_monitoring__rosidl_typesupport_introspection_cppExport-noconfig.cmake
[9.146s] -- Installing: /home/user/ros2_ws/install/ros_battery_monitoring/share/ros_battery_monitoring/cmake/ros_battery_monitoring__rosidl_typesupport_cppExport.cmake
[9.146s] -- Installing: /home/user/ros2_ws/install/ros_battery_monitoring/share/ros_battery_monitoring/cmake/ros_battery_monitoring__rosidl_typesupport_cppExport-noconfig.cmake
[9.146s] -- Installing: /home/user/ros2_ws/install/ros_battery_monitoring/share/ros_battery_monitoring/cmake/rosidl_cmake-extras.cmake
[9.146s] -- Installing: /home/user/ros2_ws/install/ros_battery_monitoring/share/ros_battery_monitoring/cmake/ament_cmake_export_dependencies-extras.cmake
[9.147s] -- Installing: /home/user/ros2_ws/install/ros_battery_monitoring/share/ros_battery_monitoring/cmake/ament_cmake_export_libraries-extras.cmake
[9.147s] -- Installing: /home/user/ros2_ws/install/ros_battery_monitoring/share/ros_battery_monitoring/cmake/ament_cmake_export_targets-extras.cmake
[9.147s] -- Installing: /home/user/ros2_ws/install/ros_battery_monitoring/share/ros_battery_monitoring/cmake/ament_cmake_export_include_directories-extras.cmake
[9.148s] -- Installing: /home/user/ros2_ws/install/ros_battery_monitoring/share/ros_battery_monitoring/cmake/rosidl_cmake_export_typesupport_libraries-extras.cmake
[9.148s] -- Installing: /home/user/ros2_ws/install/ros_battery_monitoring/share/ros_battery_monitoring/cmake/rosidl_cmake_export_typesupport_targets-extras.cmake
[9.148s] -- Installing: /home/user/ros2_ws/install/ros_battery_monitoring/share/ros_battery_monitoring/cmake/ros_battery_monitoringConfig.cmake
[9.148s] -- Installing: /home/user/ros2_ws/install/ros_battery_monitoring/share/ros_battery_monitoring/cmake/ros_battery_monitoringConfig-version.cmake
[9.149s] -- Installing: /home/user/ros2_ws/install/ros_battery_monitoring/share/ros_battery_monitoring/package.xml
[9.153s] Invoked command in '/home/user/ros2_ws/build/ros_battery_monitoring' returned '0': CMAKE_PREFIX_PATH=${CMAKE_PREFIX_PATH}:/opt/ros/foxy _=/usr/bin/env /usr/bin/cmake --install /home/user/ros2_ws/build/ros_battery_monitoring
