[0.020s] Invoking command in '/home/user/ros2_ws/build/ros_battery_monitoring': CMAKE_PREFIX_PATH=${CMAKE_PREFIX_PATH}:/opt/ros/foxy _=/usr/bin/env /usr/bin/cmake --build /home/user/ros2_ws/build/ros_battery_monitoring -- -j8 -l8
[0.054s] -- Found ament_cmake: 0.9.9 (/opt/ros/foxy/share/ament_cmake/cmake)
[0.083s] -- Found PythonInterp: /usr/bin/python3 (found suitable version "3.8.10", minimum required is "3") 
[0.084s] -- Using PYTHON_EXECUTABLE: /usr/bin/python3
[0.396s] -- Found rosidl_default_generators: 1.0.1 (/opt/ros/foxy/share/rosidl_default_generators/cmake)
[0.399s] -- Using all available rosidl_typesupport_c: rosidl_typesupport_fastrtps_c;rosidl_typesupport_introspection_c
[0.403s] -- Found rosidl_adapter: 1.2.1 (/opt/ros/foxy/share/rosidl_adapter/cmake)
[0.650s] -- Using all available rosidl_typesupport_cpp: rosidl_typesupport_fastrtps_cpp;rosidl_typesupport_introspection_cpp
[0.708s] -- Found PythonInterp: /usr/bin/python3 (found version "3.8.10") 
[0.858s] -- Found ament_cmake_ros: 0.9.2 (/opt/ros/foxy/share/ament_cmake_ros/cmake)
[1.037s] -- Using all available rosidl_typesupport_c: rosidl_typesupport_fastrtps_c;rosidl_typesupport_introspection_c
[1.047s] -- Using all available rosidl_typesupport_cpp: rosidl_typesupport_fastrtps_cpp;rosidl_typesupport_introspection_cpp
[1.079s] -- Found PythonInterp: /usr/bin/python3 (found suitable version "3.8.10", minimum required is "3.5") 
[1.079s] -- Found python_cmake_module: 0.8.1 (/opt/ros/foxy/share/python_cmake_module/cmake)
[1.110s] -- Using PYTHON_EXECUTABLE: /usr/bin/python3
[1.110s] -- Using PYTHON_INCLUDE_DIRS: /usr/include/python3.8
[1.110s] -- Using PYTHON_LIBRARIES: /usr/lib/x86_64-linux-gnu/libpython3.8.so
[1.128s] CMake Error at /opt/ros/foxy/share/ament_cmake_target_dependencies/cmake/ament_target_dependencies.cmake:77 (message):
[1.129s]   ament_target_dependencies() the passed package name
[1.129s]   'ros_battery_monitoring' was not found before
[1.129s] Call Stack (most recent call first):
[1.129s]   CMakeLists.txt:33 (ament_target_dependencies)
[1.129s] 
[1.129s] 
[1.131s] -- Configuring incomplete, errors occurred!
[1.131s] See also "/home/user/ros2_ws/build/ros_battery_monitoring/CMakeFiles/CMakeOutput.log".
[1.138s] make: *** [Makefile:748: cmake_check_build_system] Error 1
[1.140s] Invoked command in '/home/user/ros2_ws/build/ros_battery_monitoring' returned '2': CMAKE_PREFIX_PATH=${CMAKE_PREFIX_PATH}:/opt/ros/foxy _=/usr/bin/env /usr/bin/cmake --build /home/user/ros2_ws/build/ros_battery_monitoring -- -j8 -l8
