[0.026s] Invoking command in '/home/user/ros2_ws/build/battery_monitoring': CMAKE_PREFIX_PATH=${CMAKE_PREFIX_PATH}:/opt/ros/foxy _=/usr/bin/env /usr/bin/cmake --build /home/user/ros2_ws/build/battery_monitoring -- -j8 -l8
[0.086s] [35m[1mScanning dependencies of target server[0m
[0.114s] [  2%] Built target battery_monitoring__cpp
[0.115s] [ 11%] Built target battery_monitoring__rosidl_generator_c
[0.199s] [ 14%] [32mBuilding CXX object CMakeFiles/server.dir/src/server.cpp.o[0m
[0.217s] [ 22%] Built target battery_monitoring__rosidl_typesupport_c
[0.224s] [ 28%] Built target client
[0.228s] [ 37%] Built target battery_monitoring__rosidl_typesupport_cpp
[0.233s] [ 45%] Built target battery_monitoring__rosidl_typesupport_introspection_cpp
[0.239s] [ 57%] Built target battery_monitoring__rosidl_typesupport_introspection_c
[0.239s] [ 62%] Built target battery_monitoring__rosidl_typesupport_fastrtps_cpp
[0.335s] [ 71%] Built target battery_monitoring__rosidl_typesupport_fastrtps_c
[0.362s] [ 71%] Built target battery_monitoring
[0.401s] [ 74%] Built target battery_monitoring__py
[0.535s] [ 80%] Built target battery_monitoring__python
[0.616s] [ 85%] Built target battery_monitoring__rosidl_typesupport_c__pyext
[0.625s] [ 91%] Built target battery_monitoring__rosidl_typesupport_introspection_c__pyext
[0.637s] [ 97%] Built target battery_monitoring__rosidl_typesupport_fastrtps_c__pyext
[2.164s] In file included from [01m[K/opt/ros/foxy/include/rclcpp/context.hpp:19[m[K,
[2.164s]                  from [01m[K/opt/ros/foxy/include/rclcpp/contexts/default_context.hpp:18[m[K,
[2.164s]                  from [01m[K/opt/ros/foxy/include/rclcpp/executor.hpp:32[m[K,
[2.164s]                  from [01m[K/opt/ros/foxy/include/rclcpp/executors/multi_threaded_executor.hpp:26[m[K,
[2.165s]                  from [01m[K/opt/ros/foxy/include/rclcpp/executors.hpp:21[m[K,
[2.165s]                  from [01m[K/opt/ros/foxy/include/rclcpp/rclcpp.hpp:146[m[K,
[2.165s]                  from [01m[K/home/user/ros2_ws/src/battery_monitoring/src/server.cpp:2[m[K:
[2.165s] /usr/include/c++/9/functional: In instantiation of '[01m[Kstruct std::_Bind_check_arity<void (*)(std::shared_ptr<battery_monitoring::srv::RobotBatteryStatus_Request_<std::allocator<void> > >, std::shared_ptr<battery_monitoring::srv::RobotBatteryStatus_Response_<std::allocator<void> > >), const std::_Placeholder<1>&, const std::_Placeholder<2>&, const std::_Placeholder<3>&>[m[K':
[2.165s] [01m[K/usr/include/c++/9/functional:787:12:[m[K   required from '[01m[Kstruct std::_Bind_helper<false, void (&)(std::shared_ptr<battery_monitoring::srv::RobotBatteryStatus_Request_<std::allocator<void> > >, std::shared_ptr<battery_monitoring::srv::RobotBatteryStatus_Response_<std::allocator<void> > >), const std::_Placeholder<1>&, const std::_Placeholder<2>&, const std::_Placeholder<3>&>[m[K'
[2.165s] [01m[K/usr/include/c++/9/functional:808:5:[m[K   required by substitution of '[01m[Ktemplate<class _Func, class ... _BoundArgs> typename std::_Bind_helper<std::__is_socketlike<_Func>::value, _Func, _BoundArgs ...>::type std::bind(_Func&&, _BoundArgs&& ...) [with _Func = void (&)(std::shared_ptr<battery_monitoring::srv::RobotBatteryStatus_Request_<std::allocator<void> > >, std::shared_ptr<battery_monitoring::srv::RobotBatteryStatus_Response_<std::allocator<void> > >); _BoundArgs = {const std::_Placeholder<1>&, const std::_Placeholder<2>&, const std::_Placeholder<3>&}][m[K'
[2.166s] [01m[K/home/user/ros2_ws/src/battery_monitoring/src/server.cpp:38:45:[m[K   required from here
[2.166s] [01m[K/usr/include/c++/9/functional:758:43:[m[K [01;31m[Kerror: [m[Kstatic assertion failed: Wrong number of arguments for function
[2.166s]   758 |       static_assert([01;31m[Ksizeof...(_BoundArgs) == sizeof...(_Args)[m[K,
[2.166s]       |                     [01;31m[K~~~~~~~~~~~~~~~~~~~~~~^~~~~~~~~~~~~~~~~~~[m[K
[2.176s] [01m[K/home/user/ros2_ws/src/battery_monitoring/src/server.cpp:[m[K In function '[01m[Kint main(int, char**)[m[K':
[2.176s] [01m[K/home/user/ros2_ws/src/battery_monitoring/src/server.cpp:37:23:[m[K [01;31m[Kerror: [m[Kconversion from '[01m[Kstd::_Bind_helper<false, void (&)(std::shared_ptr<battery_monitoring::srv::RobotBatteryStatus_Request_<std::allocator<void> > >, std::shared_ptr<battery_monitoring::srv::RobotBatteryStatus_Response_<std::allocator<void> > >), const std::_Placeholder<1>&, const std::_Placeholder<2>&, const std::_Placeholder<3>&>::type[m[K' {aka '[01m[Kstd::_Bind<void (*(std::_Placeholder<1>, std::_Placeholder<2>, std::_Placeholder<3>))(std::shared_ptr<battery_monitoring::srv::RobotBatteryStatus_Request_<std::allocator<void> > >, std::shared_ptr<battery_monitoring::srv::RobotBatteryStatus_Response_<std::allocator<void> > >)>[m[K'} to non-scalar type '[01m[Kstd::function<void(std::shared_ptr<rmw_request_id_t>, std::shared_ptr<battery_monitoring::srv::RobotBatteryStatus_Request_<std::allocator<void> > >, std::shared_ptr<battery_monitoring::srv::RobotBatteryStatus_Response_<std::allocator<void> > >)>[m[K' requested
[2.177s]    37 |       fcn2 = [01;31m[Kstd::bind(add, std::placeholders::_1, std::placeholders::_2,[m[K
[2.177s]       |              [01;31m[K~~~~~~~~~^~~~~~~~~~~~~~~~~~~~~~~~~~~~~~~~~~~~~~~~~~~~~~~~~~~[m[K
[2.177s]    38 | [01;31m[K                       std::placeholders::_3)[m[K;
[2.177s]       |                        [01;31m[K~~~~~~~~~~~~~~~~~~~~~~[m[K
[2.790s] make[2]: *** [CMakeFiles/server.dir/build.make:63: CMakeFiles/server.dir/src/server.cpp.o] Error 1
[2.790s] make[1]: *** [CMakeFiles/Makefile2:152: CMakeFiles/server.dir/all] Error 2
[2.791s] make: *** [Makefile:141: all] Error 2
[2.796s] Invoked command in '/home/user/ros2_ws/build/battery_monitoring' returned '2': CMAKE_PREFIX_PATH=${CMAKE_PREFIX_PATH}:/opt/ros/foxy _=/usr/bin/env /usr/bin/cmake --build /home/user/ros2_ws/build/battery_monitoring -- -j8 -l8
