[0.017s] Invoking command in '/home/user/ros2_ws/build/Battery_monitoring': CMAKE_PREFIX_PATH=${CMAKE_PREFIX_PATH}:/opt/ros/foxy _=/usr/bin/env /usr/bin/cmake /home/user/ros2_ws/src/Battery_monitoring -DCMAKE_INSTALL_PREFIX=/home/user/ros2_ws/install/Battery_monitoring
[0.077s] -- The C compiler identification is GNU 9.3.0
[0.132s] -- The CXX compiler identification is GNU 9.3.0
[0.138s] -- Check for working C compiler: /usr/bin/cc
[0.213s] -- Check for working C compiler: /usr/bin/cc -- works
[0.213s] -- Detecting C compiler ABI info
[0.290s] -- Detecting C compiler ABI info - done
[0.303s] -- Detecting C compile features
[0.303s] -- Detecting C compile features - done
[0.306s] -- Check for working CXX compiler: /usr/bin/c++
[0.393s] -- Check for working CXX compiler: /usr/bin/c++ -- works
[0.394s] -- Detecting CXX compiler ABI info
[0.482s] -- Detecting CXX compiler ABI info - done
[0.494s] -- Detecting CXX compile features
[0.495s] -- Detecting CXX compile features - done
[0.500s] -- Found ament_cmake: 0.9.9 (/opt/ros/foxy/share/ament_cmake/cmake)
[0.536s] -- Found PythonInterp: /usr/bin/python3 (found suitable version "3.8.10", minimum required is "3") 
[0.536s] -- Using PYTHON_EXECUTABLE: /usr/bin/python3
[0.863s] -- Found rosidl_default_generators: 1.0.1 (/opt/ros/foxy/share/rosidl_default_generators/cmake)
[0.870s] -- Using all available rosidl_typesupport_c: rosidl_typesupport_fastrtps_c;rosidl_typesupport_introspection_c
[0.885s] -- Found rosidl_adapter: 1.2.1 (/opt/ros/foxy/share/rosidl_adapter/cmake)
[1.046s] -- Found OpenSSL: /usr/lib/x86_64-linux-gnu/libcrypto.so (found version "1.1.1f")  
[1.095s] -- Found FastRTPS: /opt/ros/foxy/include  
[1.233s] -- Using all available rosidl_typesupport_cpp: rosidl_typesupport_fastrtps_cpp;rosidl_typesupport_introspection_cpp
[1.300s] -- Found PythonInterp: /usr/bin/python3 (found version "3.8.10") 
[1.464s] CMake Error at /opt/ros/foxy/share/rosidl_adapter/cmake/rosidl_adapt_interfaces.cmake:60 (message):
[1.464s]   execute_process(/usr/bin/python3 -m rosidl_adapter --package-name
[1.464s]   Battery_monitoring --arguments-file
[1.464s]   /home/user/ros2_ws/build/Battery_monitoring/rosidl_adapter__arguments__Battery_monitoring.json
[1.464s]   --output-dir
[1.464s]   /home/user/ros2_ws/build/Battery_monitoring/rosidl_adapter/Battery_monitoring
[1.465s]   --output-file
[1.465s]   /home/user/ros2_ws/build/Battery_monitoring/rosidl_adapter/Battery_monitoring.idls)
[1.465s]   returned error code 1:
[1.465s] 
[1.465s]   Error processing 'int64 Battery_num' of
[1.465s]   'Battery_monitoring/BatteryMonitorService_Request': ''Battery_num' is an
[1.465s]   invalid field name.  It should have the pattern
[1.465s]   '^(?!.*__)(?!.*_$)[a-z][a-z0-9_]*$''
[1.466s] 
[1.466s]   Traceback (most recent call last):
[1.466s] 
[1.466s]     File "/usr/lib/python3.8/runpy.py", line 194, in _run_module_as_main
[1.466s]       return _run_code(code, main_globals, None,
[1.466s]     File "/usr/lib/python3.8/runpy.py", line 87, in _run_code
[1.466s]       exec(code, run_globals)
[1.466s]     File "/opt/ros/foxy/lib/python3.8/site-packages/rosidl_adapter/__main__.py", line 19, in <module>
[1.467s]       sys.exit(main())
[1.467s]     File "/opt/ros/foxy/lib/python3.8/site-packages/rosidl_adapter/main.py", line 53, in main
[1.467s]       abs_idl_file = convert_to_idl(
[1.467s]     File "/opt/ros/foxy/lib/python3.8/site-packages/rosidl_adapter/__init__.py", line 24, in convert_to_idl
[1.467s]       return convert_srv_to_idl(
[1.467s]     File "/opt/ros/foxy/lib/python3.8/site-packages/rosidl_adapter/srv/__init__.py", line 28, in convert_srv_to_idl
[1.467s]       srv = parse_service_string(package_name, input_file.stem, content)
[1.467s]     File "/opt/ros/foxy/lib/python3.8/site-packages/rosidl_adapter/parser.py", line 852, in parse_service_string
[1.468s]       request_message = parse_message_string(
[1.468s]     File "/opt/ros/foxy/lib/python3.8/site-packages/rosidl_adapter/parser.py", line 515, in parse_message_string
[1.468s]       fields.append(Field(
[1.468s]     File "/opt/ros/foxy/lib/python3.8/site-packages/rosidl_adapter/parser.py", line 353, in __init__
[1.468s]       raise NameError(
[1.468s] 
[1.468s]   NameError: 'Battery_num' is an invalid field name.  It should have the
[1.468s]   pattern '^(?!.*__)(?!.*_$)[a-z][a-z0-9_]*$'
[1.468s] 
[1.469s] Call Stack (most recent call first):
[1.469s]   /opt/ros/foxy/share/rosidl_cmake/cmake/rosidl_generate_interfaces.cmake:130 (rosidl_adapt_interfaces)
[1.469s]   CMakeLists.txt:25 (rosidl_generate_interfaces)
[1.469s] 
[1.469s] 
[1.469s] -- Configuring incomplete, errors occurred!
[1.469s] See also "/home/user/ros2_ws/build/Battery_monitoring/CMakeFiles/CMakeOutput.log".
[1.474s] Invoked command in '/home/user/ros2_ws/build/Battery_monitoring' returned '1': CMAKE_PREFIX_PATH=${CMAKE_PREFIX_PATH}:/opt/ros/foxy _=/usr/bin/env /usr/bin/cmake /home/user/ros2_ws/src/Battery_monitoring -DCMAKE_INSTALL_PREFIX=/home/user/ros2_ws/install/Battery_monitoring
