[0.019s] Invoking command in '/home/user/ros2_ws/build/battery_monitoring': CMAKE_PREFIX_PATH=${CMAKE_PREFIX_PATH}:/opt/ros/foxy _=/usr/bin/env /usr/bin/cmake --build /home/user/ros2_ws/build/battery_monitoring -- -j8 -l8
[0.086s] [  2%] Built target battery_monitoring__cpp
[0.118s] [ 11%] Built target battery_monitoring__rosidl_generator_c
[0.119s] [ 17%] Built target server
[0.126s] [ 22%] Built target client
[0.140s] [ 31%] Built target battery_monitoring__rosidl_typesupport_introspection_cpp
[0.142s] [ 40%] Built target battery_monitoring__rosidl_typesupport_cpp
[0.149s] [ 48%] Built target battery_monitoring__rosidl_typesupport_c
[0.149s] [ 57%] Built target battery_monitoring__rosidl_typesupport_introspection_c
[0.151s] [ 65%] Built target battery_monitoring__rosidl_typesupport_fastrtps_cpp
[0.225s] [ 74%] Built target battery_monitoring__rosidl_typesupport_fastrtps_c
[0.250s] [ 74%] Built target battery_monitoring
[0.274s] [ 77%] Built target battery_monitoring__py
[0.308s] [ 82%] Built target battery_monitoring__python
[0.344s] [ 88%] Built target battery_monitoring__rosidl_typesupport_fastrtps_c__pyext
[0.349s] [100%] Built target battery_monitoring__rosidl_typesupport_introspection_c__pyext
[0.349s] [100%] Built target battery_monitoring__rosidl_typesupport_c__pyext
[0.361s] Invoked command in '/home/user/ros2_ws/build/battery_monitoring' returned '0': CMAKE_PREFIX_PATH=${CMAKE_PREFIX_PATH}:/opt/ros/foxy _=/usr/bin/env /usr/bin/cmake --build /home/user/ros2_ws/build/battery_monitoring -- -j8 -l8
[0.481s] Invoking command in '/home/user/ros2_ws/build/battery_monitoring': CMAKE_PREFIX_PATH=${CMAKE_PREFIX_PATH}:/opt/ros/foxy _=/usr/bin/env /usr/bin/cmake --install /home/user/ros2_ws/build/battery_monitoring
[0.491s] -- Install configuration: ""
[0.491s] -- Up-to-date: /home/user/ros2_ws/install/battery_monitoring/share/ament_index/resource_index/rosidl_interfaces/battery_monitoring
[0.492s] -- Up-to-date: /home/user/ros2_ws/install/battery_monitoring/include/battery_monitoring
[0.492s] -- Up-to-date: /home/user/ros2_ws/install/battery_monitoring/include/battery_monitoring/srv
[0.492s] -- Up-to-date: /home/user/ros2_ws/install/battery_monitoring/include/battery_monitoring/srv/detail
[0.493s] -- Up-to-date: /home/user/ros2_ws/install/battery_monitoring/include/battery_monitoring/srv/detail/robot_battery_status__type_support.h
[0.493s] -- Up-to-date: /home/user/ros2_ws/install/battery_monitoring/include/battery_monitoring/srv/detail/robot_battery_status__functions.h
[0.493s] -- Up-to-date: /home/user/ros2_ws/install/battery_monitoring/include/battery_monitoring/srv/detail/robot_battery_status__functions.c
[0.494s] -- Up-to-date: /home/user/ros2_ws/install/battery_monitoring/include/battery_monitoring/srv/detail/robot_battery_status__struct.h
[0.494s] -- Up-to-date: /home/user/ros2_ws/install/battery_monitoring/include/battery_monitoring/srv/robot_battery_status.h
[0.494s] -- Up-to-date: /home/user/ros2_ws/install/battery_monitoring/include/battery_monitoring/msg
[0.495s] -- Up-to-date: /home/user/ros2_ws/install/battery_monitoring/include/battery_monitoring/msg/rosidl_generator_c__visibility_control.h
[0.495s] -- Up-to-date: /home/user/ros2_ws/install/battery_monitoring/share/battery_monitoring/environment/library_path.sh
[0.495s] -- Up-to-date: /home/user/ros2_ws/install/battery_monitoring/share/battery_monitoring/environment/library_path.dsv
[0.496s] -- Up-to-date: /home/user/ros2_ws/install/battery_monitoring/lib/libbattery_monitoring__rosidl_generator_c.so
[0.496s] -- Up-to-date: /home/user/ros2_ws/install/battery_monitoring/include/battery_monitoring
[0.496s] -- Up-to-date: /home/user/ros2_ws/install/battery_monitoring/include/battery_monitoring/srv
[0.497s] -- Up-to-date: /home/user/ros2_ws/install/battery_monitoring/include/battery_monitoring/srv/detail
[0.497s] -- Up-to-date: /home/user/ros2_ws/install/battery_monitoring/include/battery_monitoring/srv/detail/robot_battery_status__rosidl_typesupport_fastrtps_c.h
[0.497s] -- Up-to-date: /home/user/ros2_ws/install/battery_monitoring/include/battery_monitoring/msg
[0.498s] -- Up-to-date: /home/user/ros2_ws/install/battery_monitoring/include/battery_monitoring/msg/rosidl_typesupport_fastrtps_c__visibility_control.h
[0.498s] -- Up-to-date: /home/user/ros2_ws/install/battery_monitoring/lib/libbattery_monitoring__rosidl_typesupport_fastrtps_c.so
[0.498s] -- Up-to-date: /home/user/ros2_ws/install/battery_monitoring/include/battery_monitoring
[0.498s] -- Up-to-date: /home/user/ros2_ws/install/battery_monitoring/include/battery_monitoring/srv
[0.499s] -- Up-to-date: /home/user/ros2_ws/install/battery_monitoring/include/battery_monitoring/srv/detail
[0.499s] -- Up-to-date: /home/user/ros2_ws/install/battery_monitoring/include/battery_monitoring/srv/detail/robot_battery_status__rosidl_typesupport_fastrtps_cpp.hpp
[0.499s] -- Up-to-date: /home/user/ros2_ws/install/battery_monitoring/include/battery_monitoring/srv/detail/dds_fastrtps
[0.500s] -- Up-to-date: /home/user/ros2_ws/install/battery_monitoring/include/battery_monitoring/msg
[0.500s] -- Up-to-date: /home/user/ros2_ws/install/battery_monitoring/include/battery_monitoring/msg/rosidl_typesupport_fastrtps_cpp__visibility_control.h
[0.500s] -- Up-to-date: /home/user/ros2_ws/install/battery_monitoring/lib/libbattery_monitoring__rosidl_typesupport_fastrtps_cpp.so
[0.500s] -- Up-to-date: /home/user/ros2_ws/install/battery_monitoring/include/battery_monitoring
[0.501s] -- Up-to-date: /home/user/ros2_ws/install/battery_monitoring/include/battery_monitoring/srv
[0.501s] -- Up-to-date: /home/user/ros2_ws/install/battery_monitoring/include/battery_monitoring/srv/detail
[0.501s] -- Up-to-date: /home/user/ros2_ws/install/battery_monitoring/include/battery_monitoring/srv/detail/robot_battery_status__type_support.c
[0.501s] -- Up-to-date: /home/user/ros2_ws/install/battery_monitoring/include/battery_monitoring/srv/detail/robot_battery_status__rosidl_typesupport_introspection_c.h
[0.502s] -- Up-to-date: /home/user/ros2_ws/install/battery_monitoring/include/battery_monitoring/msg
[0.502s] -- Up-to-date: /home/user/ros2_ws/install/battery_monitoring/include/battery_monitoring/msg/rosidl_typesupport_introspection_c__visibility_control.h
[0.502s] -- Up-to-date: /home/user/ros2_ws/install/battery_monitoring/lib/libbattery_monitoring__rosidl_typesupport_introspection_c.so
[0.502s] -- Up-to-date: /home/user/ros2_ws/install/battery_monitoring/lib/libbattery_monitoring__rosidl_typesupport_c.so
[0.503s] -- Up-to-date: /home/user/ros2_ws/install/battery_monitoring/include/battery_monitoring
[0.503s] -- Up-to-date: /home/user/ros2_ws/install/battery_monitoring/include/battery_monitoring/srv
[0.503s] -- Up-to-date: /home/user/ros2_ws/install/battery_monitoring/include/battery_monitoring/srv/detail
[0.503s] -- Up-to-date: /home/user/ros2_ws/install/battery_monitoring/include/battery_monitoring/srv/detail/robot_battery_status__builder.hpp
[0.504s] -- Up-to-date: /home/user/ros2_ws/install/battery_monitoring/include/battery_monitoring/srv/detail/robot_battery_status__traits.hpp
[0.504s] -- Up-to-date: /home/user/ros2_ws/install/battery_monitoring/include/battery_monitoring/srv/detail/robot_battery_status__struct.hpp
[0.504s] -- Up-to-date: /home/user/ros2_ws/install/battery_monitoring/include/battery_monitoring/srv/robot_battery_status.hpp
[0.504s] -- Up-to-date: /home/user/ros2_ws/install/battery_monitoring/include/battery_monitoring
[0.505s] -- Up-to-date: /home/user/ros2_ws/install/battery_monitoring/include/battery_monitoring/srv
[0.505s] -- Up-to-date: /home/user/ros2_ws/install/battery_monitoring/include/battery_monitoring/srv/detail
[0.505s] -- Up-to-date: /home/user/ros2_ws/install/battery_monitoring/include/battery_monitoring/srv/detail/robot_battery_status__rosidl_typesupport_introspection_cpp.hpp
[0.505s] -- Up-to-date: /home/user/ros2_ws/install/battery_monitoring/include/battery_monitoring/srv/detail/robot_battery_status__type_support.cpp
[0.506s] -- Up-to-date: /home/user/ros2_ws/install/battery_monitoring/lib/libbattery_monitoring__rosidl_typesupport_introspection_cpp.so
[0.506s] -- Up-to-date: /home/user/ros2_ws/install/battery_monitoring/lib/libbattery_monitoring__rosidl_typesupport_cpp.so
[0.506s] -- Up-to-date: /home/user/ros2_ws/install/battery_monitoring/share/battery_monitoring/environment/pythonpath.sh
[0.506s] -- Up-to-date: /home/user/ros2_ws/install/battery_monitoring/share/battery_monitoring/environment/pythonpath.dsv
[0.507s] -- Up-to-date: /home/user/ros2_ws/install/battery_monitoring/lib/python3.8/site-packages/battery_monitoring/__init__.py
[0.538s] -- Up-to-date: /home/user/ros2_ws/install/battery_monitoring/lib/python3.8/site-packages/battery_monitoring/srv
[0.539s] -- Up-to-date: /home/user/ros2_ws/install/battery_monitoring/lib/python3.8/site-packages/battery_monitoring/srv/_robot_battery_status.py
[0.539s] -- Up-to-date: /home/user/ros2_ws/install/battery_monitoring/lib/python3.8/site-packages/battery_monitoring/srv/__init__.py
[0.539s] -- Up-to-date: /home/user/ros2_ws/install/battery_monitoring/lib/python3.8/site-packages/battery_monitoring/srv/_robot_battery_status_s.c
[0.539s] -- Up-to-date: /home/user/ros2_ws/install/battery_monitoring/lib/python3.8/site-packages/battery_monitoring/battery_monitoring_s__rosidl_typesupport_fastrtps_c.cpython-38-x86_64-linux-gnu.so
[0.540s] -- Up-to-date: /home/user/ros2_ws/install/battery_monitoring/lib/python3.8/site-packages/battery_monitoring/battery_monitoring_s__rosidl_typesupport_introspection_c.cpython-38-x86_64-linux-gnu.so
[0.541s] -- Up-to-date: /home/user/ros2_ws/install/battery_monitoring/lib/python3.8/site-packages/battery_monitoring/battery_monitoring_s__rosidl_typesupport_c.cpython-38-x86_64-linux-gnu.so
[0.541s] -- Up-to-date: /home/user/ros2_ws/install/battery_monitoring/lib/libbattery_monitoring__python.so
[0.542s] -- Up-to-date: /home/user/ros2_ws/install/battery_monitoring/share/battery_monitoring/srv/RobotBatteryStatus.idl
[0.542s] -- Up-to-date: /home/user/ros2_ws/install/battery_monitoring/share/battery_monitoring/srv/RobotBatteryStatus.srv
[0.542s] -- Up-to-date: /home/user/ros2_ws/install/battery_monitoring/share/battery_monitoring/srv/RobotBatteryStatus_Request.msg
[0.542s] -- Up-to-date: /home/user/ros2_ws/install/battery_monitoring/share/battery_monitoring/srv/RobotBatteryStatus_Response.msg
[0.542s] -- Up-to-date: /home/user/ros2_ws/install/battery_monitoring/lib/battery_monitoring/server
[0.543s] -- Up-to-date: /home/user/ros2_ws/install/battery_monitoring/lib/battery_monitoring/client
[0.543s] -- Up-to-date: /home/user/ros2_ws/install/battery_monitoring/share/ament_index/resource_index/package_run_dependencies/battery_monitoring
[0.543s] -- Up-to-date: /home/user/ros2_ws/install/battery_monitoring/share/ament_index/resource_index/parent_prefix_path/battery_monitoring
[0.543s] -- Up-to-date: /home/user/ros2_ws/install/battery_monitoring/share/battery_monitoring/environment/ament_prefix_path.sh
[0.544s] -- Up-to-date: /home/user/ros2_ws/install/battery_monitoring/share/battery_monitoring/environment/ament_prefix_path.dsv
[0.544s] -- Up-to-date: /home/user/ros2_ws/install/battery_monitoring/share/battery_monitoring/environment/path.sh
[0.544s] -- Up-to-date: /home/user/ros2_ws/install/battery_monitoring/share/battery_monitoring/environment/path.dsv
[0.544s] -- Up-to-date: /home/user/ros2_ws/install/battery_monitoring/share/battery_monitoring/local_setup.bash
[0.544s] -- Up-to-date: /home/user/ros2_ws/install/battery_monitoring/share/battery_monitoring/local_setup.sh
[0.544s] -- Up-to-date: /home/user/ros2_ws/install/battery_monitoring/share/battery_monitoring/local_setup.zsh
[0.545s] -- Up-to-date: /home/user/ros2_ws/install/battery_monitoring/share/battery_monitoring/local_setup.dsv
[0.545s] -- Installing: /home/user/ros2_ws/install/battery_monitoring/share/battery_monitoring/package.dsv
[0.545s] -- Up-to-date: /home/user/ros2_ws/install/battery_monitoring/share/ament_index/resource_index/packages/battery_monitoring
[0.545s] -- Up-to-date: /home/user/ros2_ws/install/battery_monitoring/share/battery_monitoring/cmake/battery_monitoring__rosidl_generator_cExport.cmake
[0.545s] -- Up-to-date: /home/user/ros2_ws/install/battery_monitoring/share/battery_monitoring/cmake/battery_monitoring__rosidl_generator_cExport-noconfig.cmake
[0.545s] -- Up-to-date: /home/user/ros2_ws/install/battery_monitoring/share/battery_monitoring/cmake/battery_monitoring__rosidl_typesupport_introspection_cExport.cmake
[0.545s] -- Up-to-date: /home/user/ros2_ws/install/battery_monitoring/share/battery_monitoring/cmake/battery_monitoring__rosidl_typesupport_introspection_cExport-noconfig.cmake
[0.546s] -- Up-to-date: /home/user/ros2_ws/install/battery_monitoring/share/battery_monitoring/cmake/battery_monitoring__rosidl_typesupport_cExport.cmake
[0.546s] -- Up-to-date: /home/user/ros2_ws/install/battery_monitoring/share/battery_monitoring/cmake/battery_monitoring__rosidl_typesupport_cExport-noconfig.cmake
[0.546s] -- Up-to-date: /home/user/ros2_ws/install/battery_monitoring/share/battery_monitoring/cmake/battery_monitoring__rosidl_generator_cppExport.cmake
[0.546s] -- Up-to-date: /home/user/ros2_ws/install/battery_monitoring/share/battery_monitoring/cmake/battery_monitoring__rosidl_typesupport_introspection_cppExport.cmake
[0.546s] -- Up-to-date: /home/user/ros2_ws/install/battery_monitoring/share/battery_monitoring/cmake/battery_monitoring__rosidl_typesupport_introspection_cppExport-noconfig.cmake
[0.546s] -- Up-to-date: /home/user/ros2_ws/install/battery_monitoring/share/battery_monitoring/cmake/battery_monitoring__rosidl_typesupport_cppExport.cmake
[0.547s] -- Up-to-date: /home/user/ros2_ws/install/battery_monitoring/share/battery_monitoring/cmake/battery_monitoring__rosidl_typesupport_cppExport-noconfig.cmake
[0.547s] -- Up-to-date: /home/user/ros2_ws/install/battery_monitoring/share/battery_monitoring/cmake/rosidl_cmake-extras.cmake
[0.547s] -- Up-to-date: /home/user/ros2_ws/install/battery_monitoring/share/battery_monitoring/cmake/ament_cmake_export_dependencies-extras.cmake
[0.547s] -- Up-to-date: /home/user/ros2_ws/install/battery_monitoring/share/battery_monitoring/cmake/ament_cmake_export_libraries-extras.cmake
[0.547s] -- Up-to-date: /home/user/ros2_ws/install/battery_monitoring/share/battery_monitoring/cmake/ament_cmake_export_targets-extras.cmake
[0.547s] -- Up-to-date: /home/user/ros2_ws/install/battery_monitoring/share/battery_monitoring/cmake/ament_cmake_export_include_directories-extras.cmake
[0.548s] -- Up-to-date: /home/user/ros2_ws/install/battery_monitoring/share/battery_monitoring/cmake/rosidl_cmake_export_typesupport_libraries-extras.cmake
[0.548s] -- Up-to-date: /home/user/ros2_ws/install/battery_monitoring/share/battery_monitoring/cmake/rosidl_cmake_export_typesupport_targets-extras.cmake
[0.548s] -- Up-to-date: /home/user/ros2_ws/install/battery_monitoring/share/battery_monitoring/cmake/battery_monitoringConfig.cmake
[0.548s] -- Up-to-date: /home/user/ros2_ws/install/battery_monitoring/share/battery_monitoring/cmake/battery_monitoringConfig-version.cmake
[0.548s] -- Up-to-date: /home/user/ros2_ws/install/battery_monitoring/share/battery_monitoring/package.xml
[0.551s] Invoked command in '/home/user/ros2_ws/build/battery_monitoring' returned '0': CMAKE_PREFIX_PATH=${CMAKE_PREFIX_PATH}:/opt/ros/foxy _=/usr/bin/env /usr/bin/cmake --install /home/user/ros2_ws/build/battery_monitoring
