[0.471s] DEBUG:colcon:Command line arguments: ['/usr/bin/colcon', 'build', '--packages-select', 'ros_battery_monitoring']
[0.471s] DEBUG:colcon:Parsed command line arguments: Namespace(ament_cmake_args=None, base_paths=['.'], build_base='build', catkin_cmake_args=None, catkin_skip_building_tests=False, cmake_args=None, cmake_clean_cache=False, cmake_clean_first=False, cmake_force_configure=False, cmake_target=None, cmake_target_skip_unavailable=False, continue_on_error=False, event_handlers=None, executor='parallel', ignore_user_meta=False, install_base='install', log_base=None, log_level=None, main=<bound method BuildVerb.main of <colcon_core.verb.build.BuildVerb object at 0x7f94f62c4910>>, merge_install=False, metas=['./colcon.meta'], packages_above=None, packages_above_and_dependencies=None, packages_above_depth=None, packages_end=None, packages_ignore=None, packages_ignore_regex=None, packages_select=['ros_battery_monitoring'], packages_select_build_failed=False, packages_select_by_dep=None, packages_select_regex=None, packages_select_test_failures=False, packages_skip=None, packages_skip_build_finished=False, packages_skip_by_dep=None, packages_skip_regex=None, packages_skip_test_passed=False, packages_skip_up_to=None, packages_start=None, packages_up_to=None, packages_up_to_regex=None, parallel_workers=8, paths=None, symlink_install=False, test_result_base=None, verb_extension=<colcon_core.verb.build.BuildVerb object at 0x7f94f62c4910>, verb_name='build', verb_parser=<colcon_defaults.argument_parser.defaults.DefaultArgumentsDecorator object at 0x7f94f62c4e80>)
[0.479s] Level 1:colcon.colcon_core.package_discovery:discover_packages(colcon_meta) check parameters
[0.479s] Level 1:colcon.colcon_core.package_discovery:discover_packages(recursive) check parameters
[0.479s] Level 1:colcon.colcon_core.package_discovery:discover_packages(ignore) check parameters
[0.479s] Level 1:colcon.colcon_core.package_discovery:discover_packages(path) check parameters
[0.479s] Level 1:colcon.colcon_core.package_discovery:discover_packages(colcon_meta) discover
[0.479s] Level 1:colcon.colcon_core.package_discovery:discover_packages(recursive) discover
[0.479s] INFO:colcon.colcon_core.package_discovery:Crawling recursively for packages in '/home/user/ros2_ws'
[0.479s] Level 1:colcon.colcon_core.package_identification:_identify(.) by extensions ['ignore', 'ignore_ament_install']
[0.480s] Level 1:colcon.colcon_core.package_identification:_identify(.) by extension 'ignore'
[0.480s] Level 1:colcon.colcon_core.package_identification:_identify(.) by extension 'ignore_ament_install'
[0.480s] Level 1:colcon.colcon_core.package_identification:_identify(.) by extensions ['colcon_pkg']
[0.480s] Level 1:colcon.colcon_core.package_identification:_identify(.) by extension 'colcon_pkg'
[0.480s] Level 1:colcon.colcon_core.package_identification:_identify(.) by extensions ['colcon_meta']
[0.480s] Level 1:colcon.colcon_core.package_identification:_identify(.) by extension 'colcon_meta'
[0.480s] Level 1:colcon.colcon_core.package_identification:_identify(.) by extensions ['ros']
[0.480s] Level 1:colcon.colcon_core.package_identification:_identify(.) by extension 'ros'
[0.497s] Level 1:colcon.colcon_core.package_identification:_identify(.) by extensions ['cmake', 'python']
[0.497s] Level 1:colcon.colcon_core.package_identification:_identify(.) by extension 'cmake'
[0.497s] Level 1:colcon.colcon_core.package_identification:_identify(.) by extension 'python'
[0.497s] Level 1:colcon.colcon_core.package_identification:_identify(.) by extensions ['python_setup_py']
[0.497s] Level 1:colcon.colcon_core.package_identification:_identify(.) by extension 'python_setup_py'
[0.497s] Level 1:colcon.colcon_core.package_identification:_identify(build) by extensions ['ignore', 'ignore_ament_install']
[0.497s] Level 1:colcon.colcon_core.package_identification:_identify(build) by extension 'ignore'
[0.497s] Level 1:colcon.colcon_core.package_identification:_identify(build) ignored
[0.498s] Level 1:colcon.colcon_core.package_identification:_identify(install) by extensions ['ignore', 'ignore_ament_install']
[0.498s] Level 1:colcon.colcon_core.package_identification:_identify(install) by extension 'ignore'
[0.498s] Level 1:colcon.colcon_core.package_identification:_identify(install) ignored
[0.498s] Level 1:colcon.colcon_core.package_identification:_identify(log) by extensions ['ignore', 'ignore_ament_install']
[0.498s] Level 1:colcon.colcon_core.package_identification:_identify(log) by extension 'ignore'
[0.498s] Level 1:colcon.colcon_core.package_identification:_identify(log) ignored
[0.498s] Level 1:colcon.colcon_core.package_identification:_identify(src) by extensions ['ignore', 'ignore_ament_install']
[0.499s] Level 1:colcon.colcon_core.package_identification:_identify(src) by extension 'ignore'
[0.499s] Level 1:colcon.colcon_core.package_identification:_identify(src) by extension 'ignore_ament_install'
[0.499s] Level 1:colcon.colcon_core.package_identification:_identify(src) by extensions ['colcon_pkg']
[0.499s] Level 1:colcon.colcon_core.package_identification:_identify(src) by extension 'colcon_pkg'
[0.499s] Level 1:colcon.colcon_core.package_identification:_identify(src) by extensions ['colcon_meta']
[0.499s] Level 1:colcon.colcon_core.package_identification:_identify(src) by extension 'colcon_meta'
[0.499s] Level 1:colcon.colcon_core.package_identification:_identify(src) by extensions ['ros']
[0.499s] Level 1:colcon.colcon_core.package_identification:_identify(src) by extension 'ros'
[0.499s] Level 1:colcon.colcon_core.package_identification:_identify(src) by extensions ['cmake', 'python']
[0.499s] Level 1:colcon.colcon_core.package_identification:_identify(src) by extension 'cmake'
[0.499s] Level 1:colcon.colcon_core.package_identification:_identify(src) by extension 'python'
[0.500s] Level 1:colcon.colcon_core.package_identification:_identify(src) by extensions ['python_setup_py']
[0.500s] Level 1:colcon.colcon_core.package_identification:_identify(src) by extension 'python_setup_py'
[0.500s] Level 1:colcon.colcon_core.package_identification:_identify(src/ros_battery_monitoring) by extensions ['ignore', 'ignore_ament_install']
[0.500s] Level 1:colcon.colcon_core.package_identification:_identify(src/ros_battery_monitoring) by extension 'ignore'
[0.500s] Level 1:colcon.colcon_core.package_identification:_identify(src/ros_battery_monitoring) by extension 'ignore_ament_install'
[0.500s] Level 1:colcon.colcon_core.package_identification:_identify(src/ros_battery_monitoring) by extensions ['colcon_pkg']
[0.500s] Level 1:colcon.colcon_core.package_identification:_identify(src/ros_battery_monitoring) by extension 'colcon_pkg'
[0.500s] Level 1:colcon.colcon_core.package_identification:_identify(src/ros_battery_monitoring) by extensions ['colcon_meta']
[0.500s] Level 1:colcon.colcon_core.package_identification:_identify(src/ros_battery_monitoring) by extension 'colcon_meta'
[0.500s] Level 1:colcon.colcon_core.package_identification:_identify(src/ros_battery_monitoring) by extensions ['ros']
[0.501s] Level 1:colcon.colcon_core.package_identification:_identify(src/ros_battery_monitoring) by extension 'ros'
[0.503s] DEBUG:colcon.colcon_core.package_identification:Package 'src/ros_battery_monitoring' with type 'ros.ament_cmake' and name 'ros_battery_monitoring'
[0.504s] Level 1:colcon.colcon_core.package_discovery:discover_packages(recursive) using defaults
[0.504s] Level 1:colcon.colcon_core.package_discovery:discover_packages(ignore) discover
[0.504s] Level 1:colcon.colcon_core.package_discovery:discover_packages(ignore) using defaults
[0.504s] Level 1:colcon.colcon_core.package_discovery:discover_packages(path) discover
[0.504s] Level 1:colcon.colcon_core.package_discovery:discover_packages(path) using defaults
[0.535s] Level 5:colcon.colcon_core.verb:set package 'ros_battery_monitoring' build argument 'cmake_args' from command line to 'None'
[0.535s] Level 5:colcon.colcon_core.verb:set package 'ros_battery_monitoring' build argument 'cmake_target' from command line to 'None'
[0.535s] Level 5:colcon.colcon_core.verb:set package 'ros_battery_monitoring' build argument 'cmake_target_skip_unavailable' from command line to 'False'
[0.535s] Level 5:colcon.colcon_core.verb:set package 'ros_battery_monitoring' build argument 'cmake_clean_cache' from command line to 'False'
[0.535s] Level 5:colcon.colcon_core.verb:set package 'ros_battery_monitoring' build argument 'cmake_clean_first' from command line to 'False'
[0.536s] Level 5:colcon.colcon_core.verb:set package 'ros_battery_monitoring' build argument 'cmake_force_configure' from command line to 'False'
[0.536s] Level 5:colcon.colcon_core.verb:set package 'ros_battery_monitoring' build argument 'ament_cmake_args' from command line to 'None'
[0.536s] Level 5:colcon.colcon_core.verb:set package 'ros_battery_monitoring' build argument 'catkin_cmake_args' from command line to 'None'
[0.536s] Level 5:colcon.colcon_core.verb:set package 'ros_battery_monitoring' build argument 'catkin_skip_building_tests' from command line to 'False'
[0.536s] DEBUG:colcon.colcon_core.verb:Building package 'ros_battery_monitoring' with the following arguments: {'ament_cmake_args': None, 'build_base': '/home/user/ros2_ws/build/ros_battery_monitoring', 'catkin_cmake_args': None, 'catkin_skip_building_tests': False, 'cmake_args': None, 'cmake_clean_cache': False, 'cmake_clean_first': False, 'cmake_force_configure': False, 'cmake_target': None, 'cmake_target_skip_unavailable': False, 'install_base': '/home/user/ros2_ws/install/ros_battery_monitoring', 'merge_install': False, 'path': '/home/user/ros2_ws/src/ros_battery_monitoring', 'symlink_install': False, 'test_result_base': None}
[0.536s] INFO:colcon.colcon_core.executor:Executing jobs using 'parallel' executor
[0.539s] DEBUG:colcon.colcon_parallel_executor.executor.parallel:run_until_complete
[0.539s] INFO:colcon.colcon_ros.task.ament_cmake.build:Building ROS package in '/home/user/ros2_ws/src/ros_battery_monitoring' with build type 'ament_cmake'
[0.540s] INFO:colcon.colcon_cmake.task.cmake.build:Building CMake package in '/home/user/ros2_ws/src/ros_battery_monitoring'
[0.545s] INFO:colcon.colcon_core.plugin_system:Skipping extension 'colcon_core.shell.bat': Not used on non-Windows systems
[0.545s] INFO:colcon.colcon_core.shell:Skip shell extension 'powershell' for command environment: Not usable outside of PowerShell
[0.545s] DEBUG:colcon.colcon_core.shell:Skip shell extension 'dsv' for command environment
[0.549s] DEBUG:colcon.colcon_core.shell:Ignoring prefix path '/opt/ros/foxy'
[0.562s] DEBUG:colcon.colcon_core.event_handler.log_command:Invoking command in '/home/user/ros2_ws/build/ros_battery_monitoring': CMAKE_PREFIX_PATH=${CMAKE_PREFIX_PATH}:/opt/ros/foxy _=/usr/bin/env /usr/bin/cmake --build /home/user/ros2_ws/build/ros_battery_monitoring -- -j8 -l8
[1.695s] DEBUG:colcon.colcon_core.event_handler.log_command:Invoked command in '/home/user/ros2_ws/build/ros_battery_monitoring' returned '2': CMAKE_PREFIX_PATH=${CMAKE_PREFIX_PATH}:/opt/ros/foxy _=/usr/bin/env /usr/bin/cmake --build /home/user/ros2_ws/build/ros_battery_monitoring -- -j8 -l8
[1.795s] Level 1:colcon.colcon_core.environment:create_environment_scripts_only(ros_battery_monitoring)
[1.799s] Level 1:colcon.colcon_core.environment:checking '/home/user/ros2_ws/install/ros_battery_monitoring' for CMake module files
[1.800s] Level 1:colcon.colcon_core.environment:checking '/home/user/ros2_ws/install/ros_battery_monitoring' for CMake config files
[1.801s] Level 1:colcon.colcon_core.shell:create_environment_hook('ros_battery_monitoring', 'cmake_prefix_path')
[1.803s] INFO:colcon.colcon_core.shell:Creating environment hook '/home/user/ros2_ws/install/ros_battery_monitoring/share/ros_battery_monitoring/hook/cmake_prefix_path.ps1'
[1.804s] INFO:colcon.colcon_core.shell:Creating environment descriptor '/home/user/ros2_ws/install/ros_battery_monitoring/share/ros_battery_monitoring/hook/cmake_prefix_path.dsv'
[1.804s] INFO:colcon.colcon_core.shell:Creating environment hook '/home/user/ros2_ws/install/ros_battery_monitoring/share/ros_battery_monitoring/hook/cmake_prefix_path.sh'
[1.805s] Level 1:colcon.colcon_core.environment:checking '/home/user/ros2_ws/install/ros_battery_monitoring/lib'
[1.806s] Level 1:colcon.colcon_core.shell:create_environment_hook('ros_battery_monitoring', 'ld_library_path_lib')
[1.806s] INFO:colcon.colcon_core.shell:Creating environment hook '/home/user/ros2_ws/install/ros_battery_monitoring/share/ros_battery_monitoring/hook/ld_library_path_lib.ps1'
[1.807s] INFO:colcon.colcon_core.shell:Creating environment descriptor '/home/user/ros2_ws/install/ros_battery_monitoring/share/ros_battery_monitoring/hook/ld_library_path_lib.dsv'
[1.807s] INFO:colcon.colcon_core.shell:Creating environment hook '/home/user/ros2_ws/install/ros_battery_monitoring/share/ros_battery_monitoring/hook/ld_library_path_lib.sh'
[1.808s] Level 1:colcon.colcon_core.environment:checking '/home/user/ros2_ws/install/ros_battery_monitoring/bin'
[1.808s] Level 1:colcon.colcon_core.environment:checking '/home/user/ros2_ws/install/ros_battery_monitoring/lib/pkgconfig/ros_battery_monitoring.pc'
[1.808s] Level 1:colcon.colcon_core.environment:checking '/home/user/ros2_ws/install/ros_battery_monitoring/lib/python3.8/site-packages'
[1.808s] Level 1:colcon.colcon_core.shell:create_environment_hook('ros_battery_monitoring', 'pythonpath')
[1.809s] INFO:colcon.colcon_core.shell:Creating environment hook '/home/user/ros2_ws/install/ros_battery_monitoring/share/ros_battery_monitoring/hook/pythonpath.ps1'
[1.809s] INFO:colcon.colcon_core.shell:Creating environment descriptor '/home/user/ros2_ws/install/ros_battery_monitoring/share/ros_battery_monitoring/hook/pythonpath.dsv'
[1.810s] INFO:colcon.colcon_core.shell:Creating environment hook '/home/user/ros2_ws/install/ros_battery_monitoring/share/ros_battery_monitoring/hook/pythonpath.sh'
[1.811s] INFO:colcon.colcon_core.shell:Creating package script '/home/user/ros2_ws/install/ros_battery_monitoring/share/ros_battery_monitoring/package.ps1'
[1.812s] INFO:colcon.colcon_core.shell:Creating package descriptor '/home/user/ros2_ws/install/ros_battery_monitoring/share/ros_battery_monitoring/package.dsv'
[1.813s] INFO:colcon.colcon_core.shell:Creating package script '/home/user/ros2_ws/install/ros_battery_monitoring/share/ros_battery_monitoring/package.sh'
[1.814s] INFO:colcon.colcon_core.shell:Creating package script '/home/user/ros2_ws/install/ros_battery_monitoring/share/ros_battery_monitoring/package.bash'
[1.815s] INFO:colcon.colcon_core.shell:Creating package script '/home/user/ros2_ws/install/ros_battery_monitoring/share/ros_battery_monitoring/package.zsh'
[1.816s] Level 1:colcon.colcon_core.environment:create_file_with_runtime_dependencies(/home/user/ros2_ws/install/ros_battery_monitoring/share/colcon-core/packages/ros_battery_monitoring)
[1.827s] DEBUG:colcon.colcon_parallel_executor.executor.parallel:closing loop
[1.827s] DEBUG:colcon.colcon_parallel_executor.executor.parallel:loop closed
[1.827s] DEBUG:colcon.colcon_parallel_executor.executor.parallel:run_until_complete finished with '2'
[1.827s] DEBUG:colcon.colcon_core.event_reactor:joining thread
[1.835s] INFO:colcon.colcon_core.plugin_system:Skipping extension 'colcon_notification.desktop_notification.notify_send': Could not find 'notify-send'
[1.835s] INFO:colcon.colcon_core.plugin_system:Skipping extension 'colcon_notification.desktop_notification.terminal_notifier': Not used on non-Darwin systems
[1.835s] INFO:colcon.colcon_core.plugin_system:Skipping extension 'colcon_notification.desktop_notification.win32': Not used on non-Windows systems
[1.835s] INFO:colcon.colcon_notification.desktop_notification:Sending desktop notification using 'notify2'
[1.846s] DEBUG:colcon.colcon_notification.desktop_notification.notify2:Failed to initialize notify2: org.freedesktop.DBus.Error.ServiceUnknown: The name org.freedesktop.Notifications was not provided by any .service files
[1.846s] DEBUG:colcon.colcon_core.event_reactor:joined thread
[1.848s] INFO:colcon.colcon_core.shell:Creating prefix script '/home/user/ros2_ws/install/local_setup.ps1'
[1.849s] INFO:colcon.colcon_core.shell:Creating prefix util module '/home/user/ros2_ws/install/_local_setup_util_ps1.py'
[1.850s] INFO:colcon.colcon_core.shell:Creating prefix chain script '/home/user/ros2_ws/install/setup.ps1'
[1.853s] INFO:colcon.colcon_core.shell:Creating prefix script '/home/user/ros2_ws/install/local_setup.sh'
[1.854s] INFO:colcon.colcon_core.shell:Creating prefix util module '/home/user/ros2_ws/install/_local_setup_util_sh.py'
[1.855s] INFO:colcon.colcon_core.shell:Creating prefix chain script '/home/user/ros2_ws/install/setup.sh'
[1.857s] INFO:colcon.colcon_core.shell:Creating prefix script '/home/user/ros2_ws/install/local_setup.bash'
[1.858s] INFO:colcon.colcon_core.shell:Creating prefix chain script '/home/user/ros2_ws/install/setup.bash'
[1.861s] INFO:colcon.colcon_core.shell:Creating prefix script '/home/user/ros2_ws/install/local_setup.zsh'
[1.862s] INFO:colcon.colcon_core.shell:Creating prefix chain script '/home/user/ros2_ws/install/setup.zsh'
