[0.556s] DEBUG:colcon:Command line arguments: ['/usr/bin/colcon', 'build']
[0.556s] DEBUG:colcon:Parsed command line arguments: Namespace(ament_cmake_args=None, base_paths=['.'], build_base='build', catkin_cmake_args=None, catkin_skip_building_tests=False, cmake_args=None, cmake_clean_cache=False, cmake_clean_first=False, cmake_force_configure=False, cmake_target=None, cmake_target_skip_unavailable=False, continue_on_error=False, event_handlers=None, executor='parallel', ignore_user_meta=False, install_base='install', log_base=None, log_level=None, main=<bound method BuildVerb.main of <colcon_core.verb.build.BuildVerb object at 0x7f8a858d1130>>, merge_install=False, metas=['./colcon.meta'], packages_above=None, packages_above_and_dependencies=None, packages_above_depth=None, packages_end=None, packages_ignore=None, packages_ignore_regex=None, packages_select=None, packages_select_build_failed=False, packages_select_by_dep=None, packages_select_regex=None, packages_select_test_failures=False, packages_skip=None, packages_skip_build_finished=False, packages_skip_by_dep=None, packages_skip_regex=None, packages_skip_test_passed=False, packages_skip_up_to=None, packages_start=None, packages_up_to=None, packages_up_to_regex=None, parallel_workers=8, paths=None, symlink_install=False, test_result_base=None, verb_extension=<colcon_core.verb.build.BuildVerb object at 0x7f8a858d1130>, verb_name='build', verb_parser=<colcon_defaults.argument_parser.defaults.DefaultArgumentsDecorator object at 0x7f8a858d1670>)
[0.565s] Level 1:colcon.colcon_core.package_discovery:discover_packages(colcon_meta) check parameters
[0.565s] Level 1:colcon.colcon_core.package_discovery:discover_packages(recursive) check parameters
[0.565s] Level 1:colcon.colcon_core.package_discovery:discover_packages(ignore) check parameters
[0.565s] Level 1:colcon.colcon_core.package_discovery:discover_packages(path) check parameters
[0.565s] Level 1:colcon.colcon_core.package_discovery:discover_packages(colcon_meta) discover
[0.565s] Level 1:colcon.colcon_core.package_discovery:discover_packages(recursive) discover
[0.565s] INFO:colcon.colcon_core.package_discovery:Crawling recursively for packages in '/home/user/ros2_ws'
[0.566s] Level 1:colcon.colcon_core.package_identification:_identify(.) by extensions ['ignore', 'ignore_ament_install']
[0.566s] Level 1:colcon.colcon_core.package_identification:_identify(.) by extension 'ignore'
[0.566s] Level 1:colcon.colcon_core.package_identification:_identify(.) by extension 'ignore_ament_install'
[0.566s] Level 1:colcon.colcon_core.package_identification:_identify(.) by extensions ['colcon_pkg']
[0.566s] Level 1:colcon.colcon_core.package_identification:_identify(.) by extension 'colcon_pkg'
[0.566s] Level 1:colcon.colcon_core.package_identification:_identify(.) by extensions ['colcon_meta']
[0.566s] Level 1:colcon.colcon_core.package_identification:_identify(.) by extension 'colcon_meta'
[0.566s] Level 1:colcon.colcon_core.package_identification:_identify(.) by extensions ['ros']
[0.566s] Level 1:colcon.colcon_core.package_identification:_identify(.) by extension 'ros'
[0.583s] Level 1:colcon.colcon_core.package_identification:_identify(.) by extensions ['cmake', 'python']
[0.583s] Level 1:colcon.colcon_core.package_identification:_identify(.) by extension 'cmake'
[0.583s] Level 1:colcon.colcon_core.package_identification:_identify(.) by extension 'python'
[0.583s] Level 1:colcon.colcon_core.package_identification:_identify(.) by extensions ['python_setup_py']
[0.584s] Level 1:colcon.colcon_core.package_identification:_identify(.) by extension 'python_setup_py'
[0.584s] Level 1:colcon.colcon_core.package_identification:_identify(build) by extensions ['ignore', 'ignore_ament_install']
[0.584s] Level 1:colcon.colcon_core.package_identification:_identify(build) by extension 'ignore'
[0.584s] Level 1:colcon.colcon_core.package_identification:_identify(build) ignored
[0.584s] Level 1:colcon.colcon_core.package_identification:_identify(install) by extensions ['ignore', 'ignore_ament_install']
[0.584s] Level 1:colcon.colcon_core.package_identification:_identify(install) by extension 'ignore'
[0.585s] Level 1:colcon.colcon_core.package_identification:_identify(install) ignored
[0.585s] Level 1:colcon.colcon_core.package_identification:_identify(log) by extensions ['ignore', 'ignore_ament_install']
[0.585s] Level 1:colcon.colcon_core.package_identification:_identify(log) by extension 'ignore'
[0.585s] Level 1:colcon.colcon_core.package_identification:_identify(log) ignored
[0.585s] Level 1:colcon.colcon_core.package_identification:_identify(src) by extensions ['ignore', 'ignore_ament_install']
[0.585s] Level 1:colcon.colcon_core.package_identification:_identify(src) by extension 'ignore'
[0.585s] Level 1:colcon.colcon_core.package_identification:_identify(src) by extension 'ignore_ament_install'
[0.585s] Level 1:colcon.colcon_core.package_identification:_identify(src) by extensions ['colcon_pkg']
[0.586s] Level 1:colcon.colcon_core.package_identification:_identify(src) by extension 'colcon_pkg'
[0.586s] Level 1:colcon.colcon_core.package_identification:_identify(src) by extensions ['colcon_meta']
[0.586s] Level 1:colcon.colcon_core.package_identification:_identify(src) by extension 'colcon_meta'
[0.586s] Level 1:colcon.colcon_core.package_identification:_identify(src) by extensions ['ros']
[0.586s] Level 1:colcon.colcon_core.package_identification:_identify(src) by extension 'ros'
[0.586s] Level 1:colcon.colcon_core.package_identification:_identify(src) by extensions ['cmake', 'python']
[0.586s] Level 1:colcon.colcon_core.package_identification:_identify(src) by extension 'cmake'
[0.586s] Level 1:colcon.colcon_core.package_identification:_identify(src) by extension 'python'
[0.586s] Level 1:colcon.colcon_core.package_identification:_identify(src) by extensions ['python_setup_py']
[0.586s] Level 1:colcon.colcon_core.package_identification:_identify(src) by extension 'python_setup_py'
[0.587s] Level 1:colcon.colcon_core.package_identification:_identify(src/ros_battery_monitoring) by extensions ['ignore', 'ignore_ament_install']
[0.587s] Level 1:colcon.colcon_core.package_identification:_identify(src/ros_battery_monitoring) by extension 'ignore'
[0.587s] Level 1:colcon.colcon_core.package_identification:_identify(src/ros_battery_monitoring) by extension 'ignore_ament_install'
[0.587s] Level 1:colcon.colcon_core.package_identification:_identify(src/ros_battery_monitoring) by extensions ['colcon_pkg']
[0.587s] Level 1:colcon.colcon_core.package_identification:_identify(src/ros_battery_monitoring) by extension 'colcon_pkg'
[0.587s] Level 1:colcon.colcon_core.package_identification:_identify(src/ros_battery_monitoring) by extensions ['colcon_meta']
[0.587s] Level 1:colcon.colcon_core.package_identification:_identify(src/ros_battery_monitoring) by extension 'colcon_meta'
[0.587s] Level 1:colcon.colcon_core.package_identification:_identify(src/ros_battery_monitoring) by extensions ['ros']
[0.587s] Level 1:colcon.colcon_core.package_identification:_identify(src/ros_battery_monitoring) by extension 'ros'
[0.591s] DEBUG:colcon.colcon_core.package_identification:Package 'src/ros_battery_monitoring' with type 'ros.ament_cmake' and name 'ros_battery_monitoring'
[0.591s] Level 1:colcon.colcon_core.package_discovery:discover_packages(recursive) using defaults
[0.591s] Level 1:colcon.colcon_core.package_discovery:discover_packages(ignore) discover
[0.591s] Level 1:colcon.colcon_core.package_discovery:discover_packages(ignore) using defaults
[0.591s] Level 1:colcon.colcon_core.package_discovery:discover_packages(path) discover
[0.591s] Level 1:colcon.colcon_core.package_discovery:discover_packages(path) using defaults
[0.625s] Level 5:colcon.colcon_core.verb:set package 'ros_battery_monitoring' build argument 'cmake_args' from command line to 'None'
[0.625s] Level 5:colcon.colcon_core.verb:set package 'ros_battery_monitoring' build argument 'cmake_target' from command line to 'None'
[0.625s] Level 5:colcon.colcon_core.verb:set package 'ros_battery_monitoring' build argument 'cmake_target_skip_unavailable' from command line to 'False'
[0.625s] Level 5:colcon.colcon_core.verb:set package 'ros_battery_monitoring' build argument 'cmake_clean_cache' from command line to 'False'
[0.625s] Level 5:colcon.colcon_core.verb:set package 'ros_battery_monitoring' build argument 'cmake_clean_first' from command line to 'False'
[0.625s] Level 5:colcon.colcon_core.verb:set package 'ros_battery_monitoring' build argument 'cmake_force_configure' from command line to 'False'
[0.626s] Level 5:colcon.colcon_core.verb:set package 'ros_battery_monitoring' build argument 'ament_cmake_args' from command line to 'None'
[0.626s] Level 5:colcon.colcon_core.verb:set package 'ros_battery_monitoring' build argument 'catkin_cmake_args' from command line to 'None'
[0.626s] Level 5:colcon.colcon_core.verb:set package 'ros_battery_monitoring' build argument 'catkin_skip_building_tests' from command line to 'False'
[0.626s] DEBUG:colcon.colcon_core.verb:Building package 'ros_battery_monitoring' with the following arguments: {'ament_cmake_args': None, 'build_base': '/home/user/ros2_ws/build/ros_battery_monitoring', 'catkin_cmake_args': None, 'catkin_skip_building_tests': False, 'cmake_args': None, 'cmake_clean_cache': False, 'cmake_clean_first': False, 'cmake_force_configure': False, 'cmake_target': None, 'cmake_target_skip_unavailable': False, 'install_base': '/home/user/ros2_ws/install/ros_battery_monitoring', 'merge_install': False, 'path': '/home/user/ros2_ws/src/ros_battery_monitoring', 'symlink_install': False, 'test_result_base': None}
[0.626s] INFO:colcon.colcon_core.executor:Executing jobs using 'parallel' executor
[0.630s] DEBUG:colcon.colcon_parallel_executor.executor.parallel:run_until_complete
[0.630s] INFO:colcon.colcon_ros.task.ament_cmake.build:Building ROS package in '/home/user/ros2_ws/src/ros_battery_monitoring' with build type 'ament_cmake'
[0.630s] INFO:colcon.colcon_cmake.task.cmake.build:Building CMake package in '/home/user/ros2_ws/src/ros_battery_monitoring'
[0.636s] INFO:colcon.colcon_core.plugin_system:Skipping extension 'colcon_core.shell.bat': Not used on non-Windows systems
[0.636s] INFO:colcon.colcon_core.shell:Skip shell extension 'powershell' for command environment: Not usable outside of PowerShell
[0.636s] DEBUG:colcon.colcon_core.shell:Skip shell extension 'dsv' for command environment
[0.640s] WARNING:colcon.colcon_ros.prefix_path.ament:The path '/home/user/ros2_ws/install/my_service_server' in the environment variable AMENT_PREFIX_PATH doesn't exist
[0.640s] WARNING:colcon.colcon_ros.prefix_path.catkin:The path '/home/user/ros2_ws/install/my_service_server' in the environment variable CMAKE_PREFIX_PATH doesn't exist
[0.641s] DEBUG:colcon.colcon_core.shell:Ignoring prefix path '/opt/ros/foxy'
[0.656s] DEBUG:colcon.colcon_core.event_handler.log_command:Invoking command in '/home/user/ros2_ws/build/ros_battery_monitoring': CMAKE_PREFIX_PATH=${CMAKE_PREFIX_PATH}:/opt/ros/foxy _=/usr/bin/env /usr/bin/cmake /home/user/ros2_ws/src/ros_battery_monitoring -DCMAKE_INSTALL_PREFIX=/home/user/ros2_ws/install/ros_battery_monitoring
[3.657s] DEBUG:colcon.colcon_core.event_handler.log_command:Invoked command in '/home/user/ros2_ws/build/ros_battery_monitoring' returned '0': CMAKE_PREFIX_PATH=${CMAKE_PREFIX_PATH}:/opt/ros/foxy _=/usr/bin/env /usr/bin/cmake /home/user/ros2_ws/src/ros_battery_monitoring -DCMAKE_INSTALL_PREFIX=/home/user/ros2_ws/install/ros_battery_monitoring
[3.662s] DEBUG:colcon.colcon_core.event_handler.log_command:Invoking command in '/home/user/ros2_ws/build/ros_battery_monitoring': CMAKE_PREFIX_PATH=${CMAKE_PREFIX_PATH}:/opt/ros/foxy _=/usr/bin/env /usr/bin/cmake --build /home/user/ros2_ws/build/ros_battery_monitoring -- -j8 -l8
[9.530s] DEBUG:colcon.colcon_core.event_handler.log_command:Invoked command in '/home/user/ros2_ws/build/ros_battery_monitoring' returned '0': CMAKE_PREFIX_PATH=${CMAKE_PREFIX_PATH}:/opt/ros/foxy _=/usr/bin/env /usr/bin/cmake --build /home/user/ros2_ws/build/ros_battery_monitoring -- -j8 -l8
[9.674s] DEBUG:colcon.colcon_core.event_handler.log_command:Invoking command in '/home/user/ros2_ws/build/ros_battery_monitoring': CMAKE_PREFIX_PATH=${CMAKE_PREFIX_PATH}:/opt/ros/foxy _=/usr/bin/env /usr/bin/cmake --install /home/user/ros2_ws/build/ros_battery_monitoring
[9.783s] Level 1:colcon.colcon_core.environment:create_environment_scripts_only(ros_battery_monitoring)
[9.785s] DEBUG:colcon.colcon_core.event_handler.log_command:Invoked command in '/home/user/ros2_ws/build/ros_battery_monitoring' returned '0': CMAKE_PREFIX_PATH=${CMAKE_PREFIX_PATH}:/opt/ros/foxy _=/usr/bin/env /usr/bin/cmake --install /home/user/ros2_ws/build/ros_battery_monitoring
[9.790s] Level 1:colcon.colcon_core.environment:checking '/home/user/ros2_ws/install/ros_battery_monitoring' for CMake module files
[9.791s] Level 1:colcon.colcon_core.environment:checking '/home/user/ros2_ws/install/ros_battery_monitoring' for CMake config files
[9.791s] Level 1:colcon.colcon_core.shell:create_environment_hook('ros_battery_monitoring', 'cmake_prefix_path')
[9.792s] INFO:colcon.colcon_core.shell:Creating environment hook '/home/user/ros2_ws/install/ros_battery_monitoring/share/ros_battery_monitoring/hook/cmake_prefix_path.ps1'
[9.795s] INFO:colcon.colcon_core.shell:Creating environment descriptor '/home/user/ros2_ws/install/ros_battery_monitoring/share/ros_battery_monitoring/hook/cmake_prefix_path.dsv'
[9.795s] INFO:colcon.colcon_core.shell:Creating environment hook '/home/user/ros2_ws/install/ros_battery_monitoring/share/ros_battery_monitoring/hook/cmake_prefix_path.sh'
[9.797s] Level 1:colcon.colcon_core.environment:checking '/home/user/ros2_ws/install/ros_battery_monitoring/lib'
[9.797s] Level 1:colcon.colcon_core.shell:create_environment_hook('ros_battery_monitoring', 'ld_library_path_lib')
[9.798s] INFO:colcon.colcon_core.shell:Creating environment hook '/home/user/ros2_ws/install/ros_battery_monitoring/share/ros_battery_monitoring/hook/ld_library_path_lib.ps1'
[9.798s] INFO:colcon.colcon_core.shell:Creating environment descriptor '/home/user/ros2_ws/install/ros_battery_monitoring/share/ros_battery_monitoring/hook/ld_library_path_lib.dsv'
[9.799s] INFO:colcon.colcon_core.shell:Creating environment hook '/home/user/ros2_ws/install/ros_battery_monitoring/share/ros_battery_monitoring/hook/ld_library_path_lib.sh'
[9.799s] Level 1:colcon.colcon_core.environment:checking '/home/user/ros2_ws/install/ros_battery_monitoring/bin'
[9.799s] Level 1:colcon.colcon_core.environment:checking '/home/user/ros2_ws/install/ros_battery_monitoring/lib/pkgconfig/ros_battery_monitoring.pc'
[9.800s] Level 1:colcon.colcon_core.environment:checking '/home/user/ros2_ws/install/ros_battery_monitoring/lib/python3.8/site-packages'
[9.800s] Level 1:colcon.colcon_core.shell:create_environment_hook('ros_battery_monitoring', 'pythonpath')
[9.800s] INFO:colcon.colcon_core.shell:Creating environment hook '/home/user/ros2_ws/install/ros_battery_monitoring/share/ros_battery_monitoring/hook/pythonpath.ps1'
[9.801s] INFO:colcon.colcon_core.shell:Creating environment descriptor '/home/user/ros2_ws/install/ros_battery_monitoring/share/ros_battery_monitoring/hook/pythonpath.dsv'
[9.801s] INFO:colcon.colcon_core.shell:Creating environment hook '/home/user/ros2_ws/install/ros_battery_monitoring/share/ros_battery_monitoring/hook/pythonpath.sh'
[9.803s] INFO:colcon.colcon_core.shell:Creating package script '/home/user/ros2_ws/install/ros_battery_monitoring/share/ros_battery_monitoring/package.ps1'
[9.804s] INFO:colcon.colcon_core.shell:Creating package descriptor '/home/user/ros2_ws/install/ros_battery_monitoring/share/ros_battery_monitoring/package.dsv'
[9.805s] INFO:colcon.colcon_core.shell:Creating package script '/home/user/ros2_ws/install/ros_battery_monitoring/share/ros_battery_monitoring/package.sh'
[9.807s] INFO:colcon.colcon_core.shell:Creating package script '/home/user/ros2_ws/install/ros_battery_monitoring/share/ros_battery_monitoring/package.bash'
[9.808s] INFO:colcon.colcon_core.shell:Creating package script '/home/user/ros2_ws/install/ros_battery_monitoring/share/ros_battery_monitoring/package.zsh'
[9.809s] Level 1:colcon.colcon_core.environment:create_file_with_runtime_dependencies(/home/user/ros2_ws/install/ros_battery_monitoring/share/colcon-core/packages/ros_battery_monitoring)
[9.944s] Level 1:colcon.colcon_core.environment:create_environment_scripts_only(ros_battery_monitoring)
[9.946s] Level 1:colcon.colcon_core.environment:checking '/home/user/ros2_ws/install/ros_battery_monitoring' for CMake module files
[9.947s] Level 1:colcon.colcon_core.environment:checking '/home/user/ros2_ws/install/ros_battery_monitoring' for CMake config files
[9.948s] Level 1:colcon.colcon_core.shell:create_environment_hook('ros_battery_monitoring', 'cmake_prefix_path')
[9.949s] INFO:colcon.colcon_core.shell:Creating environment hook '/home/user/ros2_ws/install/ros_battery_monitoring/share/ros_battery_monitoring/hook/cmake_prefix_path.ps1'
[9.950s] INFO:colcon.colcon_core.shell:Creating environment descriptor '/home/user/ros2_ws/install/ros_battery_monitoring/share/ros_battery_monitoring/hook/cmake_prefix_path.dsv'
[9.950s] INFO:colcon.colcon_core.shell:Creating environment hook '/home/user/ros2_ws/install/ros_battery_monitoring/share/ros_battery_monitoring/hook/cmake_prefix_path.sh'
[9.951s] Level 1:colcon.colcon_core.environment:checking '/home/user/ros2_ws/install/ros_battery_monitoring/lib'
[9.951s] Level 1:colcon.colcon_core.shell:create_environment_hook('ros_battery_monitoring', 'ld_library_path_lib')
[9.952s] INFO:colcon.colcon_core.shell:Creating environment hook '/home/user/ros2_ws/install/ros_battery_monitoring/share/ros_battery_monitoring/hook/ld_library_path_lib.ps1'
[9.952s] INFO:colcon.colcon_core.shell:Creating environment descriptor '/home/user/ros2_ws/install/ros_battery_monitoring/share/ros_battery_monitoring/hook/ld_library_path_lib.dsv'
[9.953s] INFO:colcon.colcon_core.shell:Creating environment hook '/home/user/ros2_ws/install/ros_battery_monitoring/share/ros_battery_monitoring/hook/ld_library_path_lib.sh'
[9.954s] Level 1:colcon.colcon_core.environment:checking '/home/user/ros2_ws/install/ros_battery_monitoring/bin'
[9.954s] Level 1:colcon.colcon_core.environment:checking '/home/user/ros2_ws/install/ros_battery_monitoring/lib/pkgconfig/ros_battery_monitoring.pc'
[9.954s] Level 1:colcon.colcon_core.environment:checking '/home/user/ros2_ws/install/ros_battery_monitoring/lib/python3.8/site-packages'
[9.954s] Level 1:colcon.colcon_core.shell:create_environment_hook('ros_battery_monitoring', 'pythonpath')
[9.955s] INFO:colcon.colcon_core.shell:Creating environment hook '/home/user/ros2_ws/install/ros_battery_monitoring/share/ros_battery_monitoring/hook/pythonpath.ps1'
[9.955s] INFO:colcon.colcon_core.shell:Creating environment descriptor '/home/user/ros2_ws/install/ros_battery_monitoring/share/ros_battery_monitoring/hook/pythonpath.dsv'
[9.956s] INFO:colcon.colcon_core.shell:Creating environment hook '/home/user/ros2_ws/install/ros_battery_monitoring/share/ros_battery_monitoring/hook/pythonpath.sh'
[9.957s] INFO:colcon.colcon_core.shell:Creating package script '/home/user/ros2_ws/install/ros_battery_monitoring/share/ros_battery_monitoring/package.ps1'
[9.958s] INFO:colcon.colcon_core.shell:Creating package descriptor '/home/user/ros2_ws/install/ros_battery_monitoring/share/ros_battery_monitoring/package.dsv'
[9.959s] INFO:colcon.colcon_core.shell:Creating package script '/home/user/ros2_ws/install/ros_battery_monitoring/share/ros_battery_monitoring/package.sh'
[9.960s] INFO:colcon.colcon_core.shell:Creating package script '/home/user/ros2_ws/install/ros_battery_monitoring/share/ros_battery_monitoring/package.bash'
[9.961s] INFO:colcon.colcon_core.shell:Creating package script '/home/user/ros2_ws/install/ros_battery_monitoring/share/ros_battery_monitoring/package.zsh'
[9.961s] Level 1:colcon.colcon_core.environment:create_file_with_runtime_dependencies(/home/user/ros2_ws/install/ros_battery_monitoring/share/colcon-core/packages/ros_battery_monitoring)
[9.962s] DEBUG:colcon.colcon_parallel_executor.executor.parallel:closing loop
[9.962s] DEBUG:colcon.colcon_parallel_executor.executor.parallel:loop closed
[9.963s] DEBUG:colcon.colcon_parallel_executor.executor.parallel:run_until_complete finished with '0'
[9.963s] DEBUG:colcon.colcon_core.event_reactor:joining thread
[9.971s] INFO:colcon.colcon_core.plugin_system:Skipping extension 'colcon_notification.desktop_notification.notify_send': Could not find 'notify-send'
[9.972s] INFO:colcon.colcon_core.plugin_system:Skipping extension 'colcon_notification.desktop_notification.terminal_notifier': Not used on non-Darwin systems
[9.972s] INFO:colcon.colcon_core.plugin_system:Skipping extension 'colcon_notification.desktop_notification.win32': Not used on non-Windows systems
[9.972s] INFO:colcon.colcon_notification.desktop_notification:Sending desktop notification using 'notify2'
[9.978s] DEBUG:colcon.colcon_notification.desktop_notification.notify2:Failed to initialize notify2: org.freedesktop.DBus.Error.ServiceUnknown: The name org.freedesktop.Notifications was not provided by any .service files
[9.978s] DEBUG:colcon.colcon_core.event_reactor:joined thread
[9.980s] INFO:colcon.colcon_core.shell:Creating prefix script '/home/user/ros2_ws/install/local_setup.ps1'
[9.982s] INFO:colcon.colcon_core.shell:Creating prefix util module '/home/user/ros2_ws/install/_local_setup_util_ps1.py'
[9.984s] INFO:colcon.colcon_core.shell:Creating prefix chain script '/home/user/ros2_ws/install/setup.ps1'
[9.988s] INFO:colcon.colcon_core.shell:Creating prefix script '/home/user/ros2_ws/install/local_setup.sh'
[9.989s] INFO:colcon.colcon_core.shell:Creating prefix util module '/home/user/ros2_ws/install/_local_setup_util_sh.py'
[9.989s] INFO:colcon.colcon_core.shell:Creating prefix chain script '/home/user/ros2_ws/install/setup.sh'
[9.993s] INFO:colcon.colcon_core.shell:Creating prefix script '/home/user/ros2_ws/install/local_setup.bash'
[9.994s] INFO:colcon.colcon_core.shell:Creating prefix chain script '/home/user/ros2_ws/install/setup.bash'
[9.997s] INFO:colcon.colcon_core.shell:Creating prefix script '/home/user/ros2_ws/install/local_setup.zsh'
[9.997s] INFO:colcon.colcon_core.shell:Creating prefix chain script '/home/user/ros2_ws/install/setup.zsh'
