[  9%] Built target tutorial_interfaces__rosidl_generator_c
[ 12%] Built target tutorial_interfaces__cpp
[ 22%] Built target tutorial_interfaces__rosidl_typesupport_c
[ 32%] Built target tutorial_interfaces__rosidl_typesupport_introspection_c
[ 41%] Built target tutorial_interfaces__rosidl_typesupport_cpp
[ 51%] Built target tutorial_interfaces__rosidl_typesupport_introspection_cpp
[ 61%] Built target tutorial_interfaces__rosidl_typesupport_fastrtps_cpp
[ 70%] Built target tutorial_interfaces__rosidl_typesupport_fastrtps_c
[ 70%] Built target tutorial_interfaces
[ 74%] Built target tutorial_interfaces__py
[ 80%] Built target tutorial_interfaces__python
[ 87%] Built target tutorial_interfaces__rosidl_typesupport_c__pyext
[ 93%] Built target tutorial_interfaces__rosidl_typesupport_introspection_c__pyext
[100%] Built target tutorial_interfaces__rosidl_typesupport_fastrtps_c__pyext
-- Install configuration: ""
-- Up-to-date: /home/user/ros2_ws/install/tutorial_interfaces/share/ament_index/resource_index/rosidl_interfaces/tutorial_interfaces
-- Up-to-date: /home/user/ros2_ws/install/tutorial_interfaces/include/tutorial_interfaces
-- Up-to-date: /home/user/ros2_ws/install/tutorial_interfaces/include/tutorial_interfaces/srv
-- Up-to-date: /home/user/ros2_ws/install/tutorial_interfaces/include/tutorial_interfaces/srv/detail
-- Up-to-date: /home/user/ros2_ws/install/tutorial_interfaces/include/tutorial_interfaces/srv/detail/add_three_inits__struct.h
-- Up-to-date: /home/user/ros2_ws/install/tutorial_interfaces/include/tutorial_interfaces/srv/detail/add_three_inits__type_support.h
-- Up-to-date: /home/user/ros2_ws/install/tutorial_interfaces/include/tutorial_interfaces/srv/detail/add_three_inits__functions.h
-- Up-to-date: /home/user/ros2_ws/install/tutorial_interfaces/include/tutorial_interfaces/srv/detail/add_three_inits__functions.c
-- Up-to-date: /home/user/ros2_ws/install/tutorial_interfaces/include/tutorial_interfaces/srv/add_three_inits.h
-- Up-to-date: /home/user/ros2_ws/install/tutorial_interfaces/include/tutorial_interfaces/msg
-- Up-to-date: /home/user/ros2_ws/install/tutorial_interfaces/include/tutorial_interfaces/msg/rosidl_generator_c__visibility_control.h
-- Up-to-date: /home/user/ros2_ws/install/tutorial_interfaces/share/tutorial_interfaces/environment/library_path.sh
-- Up-to-date: /home/user/ros2_ws/install/tutorial_interfaces/share/tutorial_interfaces/environment/library_path.dsv
-- Up-to-date: /home/user/ros2_ws/install/tutorial_interfaces/lib/libtutorial_interfaces__rosidl_generator_c.so
-- Up-to-date: /home/user/ros2_ws/install/tutorial_interfaces/include/tutorial_interfaces
-- Up-to-date: /home/user/ros2_ws/install/tutorial_interfaces/include/tutorial_interfaces/srv
-- Up-to-date: /home/user/ros2_ws/install/tutorial_interfaces/include/tutorial_interfaces/srv/detail
-- Up-to-date: /home/user/ros2_ws/install/tutorial_interfaces/include/tutorial_interfaces/srv/detail/add_three_inits__rosidl_typesupport_fastrtps_c.h
-- Up-to-date: /home/user/ros2_ws/install/tutorial_interfaces/include/tutorial_interfaces/msg
-- Up-to-date: /home/user/ros2_ws/install/tutorial_interfaces/include/tutorial_interfaces/msg/rosidl_typesupport_fastrtps_c__visibility_control.h
-- Up-to-date: /home/user/ros2_ws/install/tutorial_interfaces/lib/libtutorial_interfaces__rosidl_typesupport_fastrtps_c.so
-- Up-to-date: /home/user/ros2_ws/install/tutorial_interfaces/include/tutorial_interfaces
-- Up-to-date: /home/user/ros2_ws/install/tutorial_interfaces/include/tutorial_interfaces/srv
-- Up-to-date: /home/user/ros2_ws/install/tutorial_interfaces/include/tutorial_interfaces/srv/detail
-- Up-to-date: /home/user/ros2_ws/install/tutorial_interfaces/include/tutorial_interfaces/srv/detail/dds_fastrtps
-- Up-to-date: /home/user/ros2_ws/install/tutorial_interfaces/include/tutorial_interfaces/srv/detail/add_three_inits__rosidl_typesupport_fastrtps_cpp.hpp
-- Up-to-date: /home/user/ros2_ws/install/tutorial_interfaces/include/tutorial_interfaces/msg
-- Up-to-date: /home/user/ros2_ws/install/tutorial_interfaces/include/tutorial_interfaces/msg/rosidl_typesupport_fastrtps_cpp__visibility_control.h
-- Up-to-date: /home/user/ros2_ws/install/tutorial_interfaces/lib/libtutorial_interfaces__rosidl_typesupport_fastrtps_cpp.so
-- Up-to-date: /home/user/ros2_ws/install/tutorial_interfaces/include/tutorial_interfaces
-- Up-to-date: /home/user/ros2_ws/install/tutorial_interfaces/include/tutorial_interfaces/srv
-- Up-to-date: /home/user/ros2_ws/install/tutorial_interfaces/include/tutorial_interfaces/srv/detail
-- Up-to-date: /home/user/ros2_ws/install/tutorial_interfaces/include/tutorial_interfaces/srv/detail/add_three_inits__type_support.c
-- Up-to-date: /home/user/ros2_ws/install/tutorial_interfaces/include/tutorial_interfaces/srv/detail/add_three_inits__rosidl_typesupport_introspection_c.h
-- Up-to-date: /home/user/ros2_ws/install/tutorial_interfaces/include/tutorial_interfaces/msg
-- Up-to-date: /home/user/ros2_ws/install/tutorial_interfaces/include/tutorial_interfaces/msg/rosidl_typesupport_introspection_c__visibility_control.h
-- Up-to-date: /home/user/ros2_ws/install/tutorial_interfaces/lib/libtutorial_interfaces__rosidl_typesupport_introspection_c.so
-- Up-to-date: /home/user/ros2_ws/install/tutorial_interfaces/lib/libtutorial_interfaces__rosidl_typesupport_c.so
-- Up-to-date: /home/user/ros2_ws/install/tutorial_interfaces/include/tutorial_interfaces
-- Up-to-date: /home/user/ros2_ws/install/tutorial_interfaces/include/tutorial_interfaces/srv
-- Up-to-date: /home/user/ros2_ws/install/tutorial_interfaces/include/tutorial_interfaces/srv/detail
-- Up-to-date: /home/user/ros2_ws/install/tutorial_interfaces/include/tutorial_interfaces/srv/detail/add_three_inits__builder.hpp
-- Up-to-date: /home/user/ros2_ws/install/tutorial_interfaces/include/tutorial_interfaces/srv/detail/add_three_inits__traits.hpp
-- Up-to-date: /home/user/ros2_ws/install/tutorial_interfaces/include/tutorial_interfaces/srv/detail/add_three_inits__struct.hpp
-- Up-to-date: /home/user/ros2_ws/install/tutorial_interfaces/include/tutorial_interfaces/srv/add_three_inits.hpp
-- Up-to-date: /home/user/ros2_ws/install/tutorial_interfaces/include/tutorial_interfaces
-- Up-to-date: /home/user/ros2_ws/install/tutorial_interfaces/include/tutorial_interfaces/srv
-- Up-to-date: /home/user/ros2_ws/install/tutorial_interfaces/include/tutorial_interfaces/srv/detail
-- Up-to-date: /home/user/ros2_ws/install/tutorial_interfaces/include/tutorial_interfaces/srv/detail/add_three_inits__type_support.cpp
-- Up-to-date: /home/user/ros2_ws/install/tutorial_interfaces/include/tutorial_interfaces/srv/detail/add_three_inits__rosidl_typesupport_introspection_cpp.hpp
-- Up-to-date: /home/user/ros2_ws/install/tutorial_interfaces/lib/libtutorial_interfaces__rosidl_typesupport_introspection_cpp.so
-- Up-to-date: /home/user/ros2_ws/install/tutorial_interfaces/lib/libtutorial_interfaces__rosidl_typesupport_cpp.so
-- Up-to-date: /home/user/ros2_ws/install/tutorial_interfaces/share/tutorial_interfaces/environment/pythonpath.sh
-- Up-to-date: /home/user/ros2_ws/install/tutorial_interfaces/share/tutorial_interfaces/environment/pythonpath.dsv
-- Up-to-date: /home/user/ros2_ws/install/tutorial_interfaces/lib/python3.8/site-packages/tutorial_interfaces/__init__.py
-- Up-to-date: /home/user/ros2_ws/install/tutorial_interfaces/lib/python3.8/site-packages/tutorial_interfaces/srv
-- Up-to-date: /home/user/ros2_ws/install/tutorial_interfaces/lib/python3.8/site-packages/tutorial_interfaces/srv/_add_three_inits_s.c
-- Up-to-date: /home/user/ros2_ws/install/tutorial_interfaces/lib/python3.8/site-packages/tutorial_interfaces/srv/__init__.py
-- Up-to-date: /home/user/ros2_ws/install/tutorial_interfaces/lib/python3.8/site-packages/tutorial_interfaces/srv/_add_three_inits.py
-- Up-to-date: /home/user/ros2_ws/install/tutorial_interfaces/lib/python3.8/site-packages/tutorial_interfaces/tutorial_interfaces_s__rosidl_typesupport_fastrtps_c.cpython-38-x86_64-linux-gnu.so
-- Up-to-date: /home/user/ros2_ws/install/tutorial_interfaces/lib/python3.8/site-packages/tutorial_interfaces/tutorial_interfaces_s__rosidl_typesupport_introspection_c.cpython-38-x86_64-linux-gnu.so
-- Up-to-date: /home/user/ros2_ws/install/tutorial_interfaces/lib/python3.8/site-packages/tutorial_interfaces/tutorial_interfaces_s__rosidl_typesupport_c.cpython-38-x86_64-linux-gnu.so
-- Up-to-date: /home/user/ros2_ws/install/tutorial_interfaces/lib/libtutorial_interfaces__python.so
-- Up-to-date: /home/user/ros2_ws/install/tutorial_interfaces/share/tutorial_interfaces/srv/AddThreeInits.idl
-- Up-to-date: /home/user/ros2_ws/install/tutorial_interfaces/share/tutorial_interfaces/srv/AddThreeInits.srv
-- Up-to-date: /home/user/ros2_ws/install/tutorial_interfaces/share/tutorial_interfaces/srv/AddThreeInits_Request.msg
-- Up-to-date: /home/user/ros2_ws/install/tutorial_interfaces/share/tutorial_interfaces/srv/AddThreeInits_Response.msg
-- Up-to-date: /home/user/ros2_ws/install/tutorial_interfaces/share/ament_index/resource_index/package_run_dependencies/tutorial_interfaces
-- Up-to-date: /home/user/ros2_ws/install/tutorial_interfaces/share/ament_index/resource_index/parent_prefix_path/tutorial_interfaces
-- Up-to-date: /home/user/ros2_ws/install/tutorial_interfaces/share/tutorial_interfaces/environment/ament_prefix_path.sh
-- Up-to-date: /home/user/ros2_ws/install/tutorial_interfaces/share/tutorial_interfaces/environment/ament_prefix_path.dsv
-- Up-to-date: /home/user/ros2_ws/install/tutorial_interfaces/share/tutorial_interfaces/environment/path.sh
-- Up-to-date: /home/user/ros2_ws/install/tutorial_interfaces/share/tutorial_interfaces/environment/path.dsv
-- Up-to-date: /home/user/ros2_ws/install/tutorial_interfaces/share/tutorial_interfaces/local_setup.bash
-- Up-to-date: /home/user/ros2_ws/install/tutorial_interfaces/share/tutorial_interfaces/local_setup.sh
-- Up-to-date: /home/user/ros2_ws/install/tutorial_interfaces/share/tutorial_interfaces/local_setup.zsh
-- Up-to-date: /home/user/ros2_ws/install/tutorial_interfaces/share/tutorial_interfaces/local_setup.dsv
-- Installing: /home/user/ros2_ws/install/tutorial_interfaces/share/tutorial_interfaces/package.dsv
-- Up-to-date: /home/user/ros2_ws/install/tutorial_interfaces/share/ament_index/resource_index/packages/tutorial_interfaces
-- Up-to-date: /home/user/ros2_ws/install/tutorial_interfaces/share/tutorial_interfaces/cmake/tutorial_interfaces__rosidl_generator_cExport.cmake
-- Up-to-date: /home/user/ros2_ws/install/tutorial_interfaces/share/tutorial_interfaces/cmake/tutorial_interfaces__rosidl_generator_cExport-noconfig.cmake
-- Up-to-date: /home/user/ros2_ws/install/tutorial_interfaces/share/tutorial_interfaces/cmake/tutorial_interfaces__rosidl_typesupport_introspection_cExport.cmake
-- Up-to-date: /home/user/ros2_ws/install/tutorial_interfaces/share/tutorial_interfaces/cmake/tutorial_interfaces__rosidl_typesupport_introspection_cExport-noconfig.cmake
-- Up-to-date: /home/user/ros2_ws/install/tutorial_interfaces/share/tutorial_interfaces/cmake/tutorial_interfaces__rosidl_typesupport_cExport.cmake
-- Up-to-date: /home/user/ros2_ws/install/tutorial_interfaces/share/tutorial_interfaces/cmake/tutorial_interfaces__rosidl_typesupport_cExport-noconfig.cmake
-- Up-to-date: /home/user/ros2_ws/install/tutorial_interfaces/share/tutorial_interfaces/cmake/tutorial_interfaces__rosidl_generator_cppExport.cmake
-- Up-to-date: /home/user/ros2_ws/install/tutorial_interfaces/share/tutorial_interfaces/cmake/tutorial_interfaces__rosidl_typesupport_introspection_cppExport.cmake
-- Up-to-date: /home/user/ros2_ws/install/tutorial_interfaces/share/tutorial_interfaces/cmake/tutorial_interfaces__rosidl_typesupport_introspection_cppExport-noconfig.cmake
-- Up-to-date: /home/user/ros2_ws/install/tutorial_interfaces/share/tutorial_interfaces/cmake/tutorial_interfaces__rosidl_typesupport_cppExport.cmake
-- Up-to-date: /home/user/ros2_ws/install/tutorial_interfaces/share/tutorial_interfaces/cmake/tutorial_interfaces__rosidl_typesupport_cppExport-noconfig.cmake
-- Up-to-date: /home/user/ros2_ws/install/tutorial_interfaces/share/tutorial_interfaces/cmake/rosidl_cmake-extras.cmake
-- Up-to-date: /home/user/ros2_ws/install/tutorial_interfaces/share/tutorial_interfaces/cmake/ament_cmake_export_dependencies-extras.cmake
-- Up-to-date: /home/user/ros2_ws/install/tutorial_interfaces/share/tutorial_interfaces/cmake/ament_cmake_export_libraries-extras.cmake
-- Up-to-date: /home/user/ros2_ws/install/tutorial_interfaces/share/tutorial_interfaces/cmake/ament_cmake_export_targets-extras.cmake
-- Up-to-date: /home/user/ros2_ws/install/tutorial_interfaces/share/tutorial_interfaces/cmake/ament_cmake_export_include_directories-extras.cmake
-- Up-to-date: /home/user/ros2_ws/install/tutorial_interfaces/share/tutorial_interfaces/cmake/rosidl_cmake_export_typesupport_libraries-extras.cmake
-- Up-to-date: /home/user/ros2_ws/install/tutorial_interfaces/share/tutorial_interfaces/cmake/rosidl_cmake_export_typesupport_targets-extras.cmake
-- Up-to-date: /home/user/ros2_ws/install/tutorial_interfaces/share/tutorial_interfaces/cmake/tutorial_interfacesConfig.cmake
-- Up-to-date: /home/user/ros2_ws/install/tutorial_interfaces/share/tutorial_interfaces/cmake/tutorial_interfacesConfig-version.cmake
-- Up-to-date: /home/user/ros2_ws/install/tutorial_interfaces/share/tutorial_interfaces/package.xml
