[0.033s] Invoking command in '/home/user/ros2_ws/build/tutorial_interfaces': CMAKE_PREFIX_PATH=${CMAKE_PREFIX_PATH}:/opt/ros/foxy _=/usr/bin/env /usr/bin/cmake --build /home/user/ros2_ws/build/tutorial_interfaces -- -j8 -l8
[0.181s] [  9%] Built target tutorial_interfaces__rosidl_generator_c
[0.244s] [ 12%] Built target tutorial_interfaces__cpp
[0.347s] [ 22%] Built target tutorial_interfaces__rosidl_typesupport_c
[0.358s] [ 32%] Built target tutorial_interfaces__rosidl_typesupport_introspection_c
[0.455s] [ 41%] Built target tutorial_interfaces__rosidl_typesupport_cpp
[0.456s] [ 51%] Built target tutorial_interfaces__rosidl_typesupport_introspection_cpp
[0.463s] [ 61%] Built target tutorial_interfaces__rosidl_typesupport_fastrtps_cpp
[0.639s] [ 70%] Built target tutorial_interfaces__rosidl_typesupport_fastrtps_c
[0.672s] [ 70%] Built target tutorial_interfaces
[0.750s] [ 74%] Built target tutorial_interfaces__py
[0.803s] [ 80%] Built target tutorial_interfaces__python
[0.944s] [ 87%] Built target tutorial_interfaces__rosidl_typesupport_c__pyext
[0.975s] [ 93%] Built target tutorial_interfaces__rosidl_typesupport_introspection_c__pyext
[1.036s] [100%] Built target tutorial_interfaces__rosidl_typesupport_fastrtps_c__pyext
[1.052s] Invoked command in '/home/user/ros2_ws/build/tutorial_interfaces' returned '0': CMAKE_PREFIX_PATH=${CMAKE_PREFIX_PATH}:/opt/ros/foxy _=/usr/bin/env /usr/bin/cmake --build /home/user/ros2_ws/build/tutorial_interfaces -- -j8 -l8
[1.190s] Invoking command in '/home/user/ros2_ws/build/tutorial_interfaces': CMAKE_PREFIX_PATH=${CMAKE_PREFIX_PATH}:/opt/ros/foxy _=/usr/bin/env /usr/bin/cmake --install /home/user/ros2_ws/build/tutorial_interfaces
[1.206s] -- Install configuration: ""
[1.207s] -- Up-to-date: /home/user/ros2_ws/install/tutorial_interfaces/share/ament_index/resource_index/rosidl_interfaces/tutorial_interfaces
[1.207s] -- Up-to-date: /home/user/ros2_ws/install/tutorial_interfaces/include/tutorial_interfaces
[1.207s] -- Up-to-date: /home/user/ros2_ws/install/tutorial_interfaces/include/tutorial_interfaces/srv
[1.207s] -- Up-to-date: /home/user/ros2_ws/install/tutorial_interfaces/include/tutorial_interfaces/srv/detail
[1.207s] -- Up-to-date: /home/user/ros2_ws/install/tutorial_interfaces/include/tutorial_interfaces/srv/detail/add_three_inits__struct.h
[1.207s] -- Up-to-date: /home/user/ros2_ws/install/tutorial_interfaces/include/tutorial_interfaces/srv/detail/add_three_inits__type_support.h
[1.208s] -- Up-to-date: /home/user/ros2_ws/install/tutorial_interfaces/include/tutorial_interfaces/srv/detail/add_three_inits__functions.h
[1.208s] -- Up-to-date: /home/user/ros2_ws/install/tutorial_interfaces/include/tutorial_interfaces/srv/detail/add_three_inits__functions.c
[1.208s] -- Up-to-date: /home/user/ros2_ws/install/tutorial_interfaces/include/tutorial_interfaces/srv/add_three_inits.h
[1.208s] -- Up-to-date: /home/user/ros2_ws/install/tutorial_interfaces/include/tutorial_interfaces/msg
[1.209s] -- Up-to-date: /home/user/ros2_ws/install/tutorial_interfaces/include/tutorial_interfaces/msg/rosidl_generator_c__visibility_control.h
[1.209s] -- Up-to-date: /home/user/ros2_ws/install/tutorial_interfaces/share/tutorial_interfaces/environment/library_path.sh
[1.209s] -- Up-to-date: /home/user/ros2_ws/install/tutorial_interfaces/share/tutorial_interfaces/environment/library_path.dsv
[1.209s] -- Up-to-date: /home/user/ros2_ws/install/tutorial_interfaces/lib/libtutorial_interfaces__rosidl_generator_c.so
[1.210s] -- Up-to-date: /home/user/ros2_ws/install/tutorial_interfaces/include/tutorial_interfaces
[1.210s] -- Up-to-date: /home/user/ros2_ws/install/tutorial_interfaces/include/tutorial_interfaces/srv
[1.210s] -- Up-to-date: /home/user/ros2_ws/install/tutorial_interfaces/include/tutorial_interfaces/srv/detail
[1.210s] -- Up-to-date: /home/user/ros2_ws/install/tutorial_interfaces/include/tutorial_interfaces/srv/detail/add_three_inits__rosidl_typesupport_fastrtps_c.h
[1.210s] -- Up-to-date: /home/user/ros2_ws/install/tutorial_interfaces/include/tutorial_interfaces/msg
[1.211s] -- Up-to-date: /home/user/ros2_ws/install/tutorial_interfaces/include/tutorial_interfaces/msg/rosidl_typesupport_fastrtps_c__visibility_control.h
[1.211s] -- Up-to-date: /home/user/ros2_ws/install/tutorial_interfaces/lib/libtutorial_interfaces__rosidl_typesupport_fastrtps_c.so
[1.211s] -- Up-to-date: /home/user/ros2_ws/install/tutorial_interfaces/include/tutorial_interfaces
[1.211s] -- Up-to-date: /home/user/ros2_ws/install/tutorial_interfaces/include/tutorial_interfaces/srv
[1.211s] -- Up-to-date: /home/user/ros2_ws/install/tutorial_interfaces/include/tutorial_interfaces/srv/detail
[1.212s] -- Up-to-date: /home/user/ros2_ws/install/tutorial_interfaces/include/tutorial_interfaces/srv/detail/dds_fastrtps
[1.212s] -- Up-to-date: /home/user/ros2_ws/install/tutorial_interfaces/include/tutorial_interfaces/srv/detail/add_three_inits__rosidl_typesupport_fastrtps_cpp.hpp
[1.212s] -- Up-to-date: /home/user/ros2_ws/install/tutorial_interfaces/include/tutorial_interfaces/msg
[1.212s] -- Up-to-date: /home/user/ros2_ws/install/tutorial_interfaces/include/tutorial_interfaces/msg/rosidl_typesupport_fastrtps_cpp__visibility_control.h
[1.212s] -- Up-to-date: /home/user/ros2_ws/install/tutorial_interfaces/lib/libtutorial_interfaces__rosidl_typesupport_fastrtps_cpp.so
[1.213s] -- Up-to-date: /home/user/ros2_ws/install/tutorial_interfaces/include/tutorial_interfaces
[1.213s] -- Up-to-date: /home/user/ros2_ws/install/tutorial_interfaces/include/tutorial_interfaces/srv
[1.213s] -- Up-to-date: /home/user/ros2_ws/install/tutorial_interfaces/include/tutorial_interfaces/srv/detail
[1.213s] -- Up-to-date: /home/user/ros2_ws/install/tutorial_interfaces/include/tutorial_interfaces/srv/detail/add_three_inits__type_support.c
[1.214s] -- Up-to-date: /home/user/ros2_ws/install/tutorial_interfaces/include/tutorial_interfaces/srv/detail/add_three_inits__rosidl_typesupport_introspection_c.h
[1.214s] -- Up-to-date: /home/user/ros2_ws/install/tutorial_interfaces/include/tutorial_interfaces/msg
[1.214s] -- Up-to-date: /home/user/ros2_ws/install/tutorial_interfaces/include/tutorial_interfaces/msg/rosidl_typesupport_introspection_c__visibility_control.h
[1.214s] -- Up-to-date: /home/user/ros2_ws/install/tutorial_interfaces/lib/libtutorial_interfaces__rosidl_typesupport_introspection_c.so
[1.215s] -- Up-to-date: /home/user/ros2_ws/install/tutorial_interfaces/lib/libtutorial_interfaces__rosidl_typesupport_c.so
[1.215s] -- Up-to-date: /home/user/ros2_ws/install/tutorial_interfaces/include/tutorial_interfaces
[1.215s] -- Up-to-date: /home/user/ros2_ws/install/tutorial_interfaces/include/tutorial_interfaces/srv
[1.215s] -- Up-to-date: /home/user/ros2_ws/install/tutorial_interfaces/include/tutorial_interfaces/srv/detail
[1.215s] -- Up-to-date: /home/user/ros2_ws/install/tutorial_interfaces/include/tutorial_interfaces/srv/detail/add_three_inits__builder.hpp
[1.216s] -- Up-to-date: /home/user/ros2_ws/install/tutorial_interfaces/include/tutorial_interfaces/srv/detail/add_three_inits__traits.hpp
[1.216s] -- Up-to-date: /home/user/ros2_ws/install/tutorial_interfaces/include/tutorial_interfaces/srv/detail/add_three_inits__struct.hpp
[1.216s] -- Up-to-date: /home/user/ros2_ws/install/tutorial_interfaces/include/tutorial_interfaces/srv/add_three_inits.hpp
[1.216s] -- Up-to-date: /home/user/ros2_ws/install/tutorial_interfaces/include/tutorial_interfaces
[1.216s] -- Up-to-date: /home/user/ros2_ws/install/tutorial_interfaces/include/tutorial_interfaces/srv
[1.216s] -- Up-to-date: /home/user/ros2_ws/install/tutorial_interfaces/include/tutorial_interfaces/srv/detail
[1.217s] -- Up-to-date: /home/user/ros2_ws/install/tutorial_interfaces/include/tutorial_interfaces/srv/detail/add_three_inits__type_support.cpp
[1.217s] -- Up-to-date: /home/user/ros2_ws/install/tutorial_interfaces/include/tutorial_interfaces/srv/detail/add_three_inits__rosidl_typesupport_introspection_cpp.hpp
[1.217s] -- Up-to-date: /home/user/ros2_ws/install/tutorial_interfaces/lib/libtutorial_interfaces__rosidl_typesupport_introspection_cpp.so
[1.217s] -- Up-to-date: /home/user/ros2_ws/install/tutorial_interfaces/lib/libtutorial_interfaces__rosidl_typesupport_cpp.so
[1.217s] -- Up-to-date: /home/user/ros2_ws/install/tutorial_interfaces/share/tutorial_interfaces/environment/pythonpath.sh
[1.217s] -- Up-to-date: /home/user/ros2_ws/install/tutorial_interfaces/share/tutorial_interfaces/environment/pythonpath.dsv
[1.218s] -- Up-to-date: /home/user/ros2_ws/install/tutorial_interfaces/lib/python3.8/site-packages/tutorial_interfaces/__init__.py
[1.272s] -- Up-to-date: /home/user/ros2_ws/install/tutorial_interfaces/lib/python3.8/site-packages/tutorial_interfaces/srv
[1.272s] -- Up-to-date: /home/user/ros2_ws/install/tutorial_interfaces/lib/python3.8/site-packages/tutorial_interfaces/srv/_add_three_inits_s.c
[1.272s] -- Up-to-date: /home/user/ros2_ws/install/tutorial_interfaces/lib/python3.8/site-packages/tutorial_interfaces/srv/__init__.py
[1.272s] -- Up-to-date: /home/user/ros2_ws/install/tutorial_interfaces/lib/python3.8/site-packages/tutorial_interfaces/srv/_add_three_inits.py
[1.273s] -- Up-to-date: /home/user/ros2_ws/install/tutorial_interfaces/lib/python3.8/site-packages/tutorial_interfaces/tutorial_interfaces_s__rosidl_typesupport_fastrtps_c.cpython-38-x86_64-linux-gnu.so
[1.273s] -- Up-to-date: /home/user/ros2_ws/install/tutorial_interfaces/lib/python3.8/site-packages/tutorial_interfaces/tutorial_interfaces_s__rosidl_typesupport_introspection_c.cpython-38-x86_64-linux-gnu.so
[1.274s] -- Up-to-date: /home/user/ros2_ws/install/tutorial_interfaces/lib/python3.8/site-packages/tutorial_interfaces/tutorial_interfaces_s__rosidl_typesupport_c.cpython-38-x86_64-linux-gnu.so
[1.275s] -- Up-to-date: /home/user/ros2_ws/install/tutorial_interfaces/lib/libtutorial_interfaces__python.so
[1.275s] -- Up-to-date: /home/user/ros2_ws/install/tutorial_interfaces/share/tutorial_interfaces/srv/AddThreeInits.idl
[1.276s] -- Up-to-date: /home/user/ros2_ws/install/tutorial_interfaces/share/tutorial_interfaces/srv/AddThreeInits.srv
[1.276s] -- Up-to-date: /home/user/ros2_ws/install/tutorial_interfaces/share/tutorial_interfaces/srv/AddThreeInits_Request.msg
[1.276s] -- Up-to-date: /home/user/ros2_ws/install/tutorial_interfaces/share/tutorial_interfaces/srv/AddThreeInits_Response.msg
[1.276s] -- Up-to-date: /home/user/ros2_ws/install/tutorial_interfaces/share/ament_index/resource_index/package_run_dependencies/tutorial_interfaces
[1.277s] -- Up-to-date: /home/user/ros2_ws/install/tutorial_interfaces/share/ament_index/resource_index/parent_prefix_path/tutorial_interfaces
[1.277s] -- Up-to-date: /home/user/ros2_ws/install/tutorial_interfaces/share/tutorial_interfaces/environment/ament_prefix_path.sh
[1.277s] -- Up-to-date: /home/user/ros2_ws/install/tutorial_interfaces/share/tutorial_interfaces/environment/ament_prefix_path.dsv
[1.277s] -- Up-to-date: /home/user/ros2_ws/install/tutorial_interfaces/share/tutorial_interfaces/environment/path.sh
[1.278s] -- Up-to-date: /home/user/ros2_ws/install/tutorial_interfaces/share/tutorial_interfaces/environment/path.dsv
[1.278s] -- Up-to-date: /home/user/ros2_ws/install/tutorial_interfaces/share/tutorial_interfaces/local_setup.bash
[1.278s] -- Up-to-date: /home/user/ros2_ws/install/tutorial_interfaces/share/tutorial_interfaces/local_setup.sh
[1.279s] -- Up-to-date: /home/user/ros2_ws/install/tutorial_interfaces/share/tutorial_interfaces/local_setup.zsh
[1.279s] -- Up-to-date: /home/user/ros2_ws/install/tutorial_interfaces/share/tutorial_interfaces/local_setup.dsv
[1.279s] -- Installing: /home/user/ros2_ws/install/tutorial_interfaces/share/tutorial_interfaces/package.dsv
[1.279s] -- Up-to-date: /home/user/ros2_ws/install/tutorial_interfaces/share/ament_index/resource_index/packages/tutorial_interfaces
[1.280s] -- Up-to-date: /home/user/ros2_ws/install/tutorial_interfaces/share/tutorial_interfaces/cmake/tutorial_interfaces__rosidl_generator_cExport.cmake
[1.280s] -- Up-to-date: /home/user/ros2_ws/install/tutorial_interfaces/share/tutorial_interfaces/cmake/tutorial_interfaces__rosidl_generator_cExport-noconfig.cmake
[1.280s] -- Up-to-date: /home/user/ros2_ws/install/tutorial_interfaces/share/tutorial_interfaces/cmake/tutorial_interfaces__rosidl_typesupport_introspection_cExport.cmake
[1.281s] -- Up-to-date: /home/user/ros2_ws/install/tutorial_interfaces/share/tutorial_interfaces/cmake/tutorial_interfaces__rosidl_typesupport_introspection_cExport-noconfig.cmake
[1.281s] -- Up-to-date: /home/user/ros2_ws/install/tutorial_interfaces/share/tutorial_interfaces/cmake/tutorial_interfaces__rosidl_typesupport_cExport.cmake
[1.281s] -- Up-to-date: /home/user/ros2_ws/install/tutorial_interfaces/share/tutorial_interfaces/cmake/tutorial_interfaces__rosidl_typesupport_cExport-noconfig.cmake
[1.281s] -- Up-to-date: /home/user/ros2_ws/install/tutorial_interfaces/share/tutorial_interfaces/cmake/tutorial_interfaces__rosidl_generator_cppExport.cmake
[1.281s] -- Up-to-date: /home/user/ros2_ws/install/tutorial_interfaces/share/tutorial_interfaces/cmake/tutorial_interfaces__rosidl_typesupport_introspection_cppExport.cmake
[1.282s] -- Up-to-date: /home/user/ros2_ws/install/tutorial_interfaces/share/tutorial_interfaces/cmake/tutorial_interfaces__rosidl_typesupport_introspection_cppExport-noconfig.cmake
[1.282s] -- Up-to-date: /home/user/ros2_ws/install/tutorial_interfaces/share/tutorial_interfaces/cmake/tutorial_interfaces__rosidl_typesupport_cppExport.cmake
[1.282s] -- Up-to-date: /home/user/ros2_ws/install/tutorial_interfaces/share/tutorial_interfaces/cmake/tutorial_interfaces__rosidl_typesupport_cppExport-noconfig.cmake
[1.282s] -- Up-to-date: /home/user/ros2_ws/install/tutorial_interfaces/share/tutorial_interfaces/cmake/rosidl_cmake-extras.cmake
[1.282s] -- Up-to-date: /home/user/ros2_ws/install/tutorial_interfaces/share/tutorial_interfaces/cmake/ament_cmake_export_dependencies-extras.cmake
[1.283s] -- Up-to-date: /home/user/ros2_ws/install/tutorial_interfaces/share/tutorial_interfaces/cmake/ament_cmake_export_libraries-extras.cmake
[1.286s] -- Up-to-date: /home/user/ros2_ws/install/tutorial_interfaces/share/tutorial_interfaces/cmake/ament_cmake_export_targets-extras.cmake
[1.286s] -- Up-to-date: /home/user/ros2_ws/install/tutorial_interfaces/share/tutorial_interfaces/cmake/ament_cmake_export_include_directories-extras.cmake
[1.287s] -- Up-to-date: /home/user/ros2_ws/install/tutorial_interfaces/share/tutorial_interfaces/cmake/rosidl_cmake_export_typesupport_libraries-extras.cmake
[1.287s] -- Up-to-date: /home/user/ros2_ws/install/tutorial_interfaces/share/tutorial_interfaces/cmake/rosidl_cmake_export_typesupport_targets-extras.cmake
[1.291s] -- Up-to-date: /home/user/ros2_ws/install/tutorial_interfaces/share/tutorial_interfaces/cmake/tutorial_interfacesConfig.cmake
[1.291s] -- Up-to-date: /home/user/ros2_ws/install/tutorial_interfaces/share/tutorial_interfaces/cmake/tutorial_interfacesConfig-version.cmake
[1.292s] -- Up-to-date: /home/user/ros2_ws/install/tutorial_interfaces/share/tutorial_interfaces/package.xml
[1.292s] Invoked command in '/home/user/ros2_ws/build/tutorial_interfaces' returned '0': CMAKE_PREFIX_PATH=${CMAKE_PREFIX_PATH}:/opt/ros/foxy _=/usr/bin/env /usr/bin/cmake --install /home/user/ros2_ws/build/tutorial_interfaces
