[0.017s] Invoking command in '/home/user/ros2_ws/build/battery__monitoring': CMAKE_PREFIX_PATH=${CMAKE_PREFIX_PATH}:/opt/ros/foxy _=/usr/bin/env /usr/bin/cmake /home/user/ros2_ws/src/battery__monitoring -DCMAKE_INSTALL_PREFIX=/home/user/ros2_ws/install/battery__monitoring
[0.075s] -- The C compiler identification is GNU 9.3.0
[0.132s] -- The CXX compiler identification is GNU 9.3.0
[0.137s] -- Check for working C compiler: /usr/bin/cc
[0.212s] -- Check for working C compiler: /usr/bin/cc -- works
[0.213s] -- Detecting C compiler ABI info
[0.288s] -- Detecting C compiler ABI info - done
[0.301s] -- Detecting C compile features
[0.301s] -- Detecting C compile features - done
[0.304s] -- Check for working CXX compiler: /usr/bin/c++
[0.391s] -- Check for working CXX compiler: /usr/bin/c++ -- works
[0.392s] -- Detecting CXX compiler ABI info
[0.484s] -- Detecting CXX compiler ABI info - done
[0.498s] -- Detecting CXX compile features
[0.498s] -- Detecting CXX compile features - done
[0.503s] -- Found ament_cmake: 0.9.9 (/opt/ros/foxy/share/ament_cmake/cmake)
[0.539s] -- Found PythonInterp: /usr/bin/python3 (found suitable version "3.8.10", minimum required is "3") 
[0.540s] -- Using PYTHON_EXECUTABLE: /usr/bin/python3
[0.868s] -- Found rosidl_default_generators: 1.0.1 (/opt/ros/foxy/share/rosidl_default_generators/cmake)
[0.875s] -- Using all available rosidl_typesupport_c: rosidl_typesupport_fastrtps_c;rosidl_typesupport_introspection_c
[0.890s] -- Found rosidl_adapter: 1.2.1 (/opt/ros/foxy/share/rosidl_adapter/cmake)
[1.049s] -- Found OpenSSL: /usr/lib/x86_64-linux-gnu/libcrypto.so (found version "1.1.1f")  
[1.098s] -- Found FastRTPS: /opt/ros/foxy/include  
[1.233s] -- Using all available rosidl_typesupport_cpp: rosidl_typesupport_fastrtps_cpp;rosidl_typesupport_introspection_cpp
[1.298s] -- Found PythonInterp: /usr/bin/python3 (found version "3.8.10") 
[1.467s] CMake Error at /opt/ros/foxy/share/rosidl_adapter/cmake/rosidl_adapt_interfaces.cmake:60 (message):
[1.467s]   execute_process(/usr/bin/python3 -m rosidl_adapter --package-name
[1.467s]   battery__monitoring --arguments-file
[1.467s]   /home/user/ros2_ws/build/battery__monitoring/rosidl_adapter__arguments__battery__monitoring.json
[1.468s]   --output-dir
[1.468s]   /home/user/ros2_ws/build/battery__monitoring/rosidl_adapter/battery__monitoring
[1.468s]   --output-file
[1.468s]   /home/user/ros2_ws/build/battery__monitoring/rosidl_adapter/battery__monitoring.idls)
[1.468s]   returned error code 1:
[1.468s] 
[1.469s]   Traceback (most recent call last):
[1.469s] 
[1.469s]     File "/usr/lib/python3.8/runpy.py", line 194, in _run_module_as_main
[1.469s]       return _run_code(code, main_globals, None,
[1.469s]     File "/usr/lib/python3.8/runpy.py", line 87, in _run_code
[1.469s]       exec(code, run_globals)
[1.470s]     File "/opt/ros/foxy/lib/python3.8/site-packages/rosidl_adapter/__main__.py", line 19, in <module>
[1.470s]       sys.exit(main())
[1.470s]     File "/opt/ros/foxy/lib/python3.8/site-packages/rosidl_adapter/main.py", line 53, in main
[1.470s]       abs_idl_file = convert_to_idl(
[1.470s]     File "/opt/ros/foxy/lib/python3.8/site-packages/rosidl_adapter/__init__.py", line 24, in convert_to_idl
[1.470s]       return convert_srv_to_idl(
[1.471s]     File "/opt/ros/foxy/lib/python3.8/site-packages/rosidl_adapter/srv/__init__.py", line 28, in convert_srv_to_idl
[1.471s]       srv = parse_service_string(package_name, input_file.stem, content)
[1.471s]     File "/opt/ros/foxy/lib/python3.8/site-packages/rosidl_adapter/parser.py", line 852, in parse_service_string
[1.471s]       request_message = parse_message_string(
[1.471s]     File "/opt/ros/foxy/lib/python3.8/site-packages/rosidl_adapter/parser.py", line 540, in parse_message_string
[1.472s]       msg = MessageSpecification(pkg_name, msg_name, fields, constants)
[1.472s]     File "/opt/ros/foxy/lib/python3.8/site-packages/rosidl_adapter/parser.py", line 387, in __init__
[1.472s]       self.base_type = BaseType(
[1.472s]     File "/opt/ros/foxy/lib/python3.8/site-packages/rosidl_adapter/parser.py", line 200, in __init__
[1.472s]       raise InvalidResourceName(
[1.472s] 
[1.473s]   rosidl_adapter.parser.InvalidResourceName: 'battery__monitoring' is an
[1.473s]   invalid package name.  It should have the pattern
[1.473s]   '^(?!.*__)(?!.*_$)[a-z][a-z0-9_]*$'
[1.473s] 
[1.473s] Call Stack (most recent call first):
[1.473s]   /opt/ros/foxy/share/rosidl_cmake/cmake/rosidl_generate_interfaces.cmake:130 (rosidl_adapt_interfaces)
[1.474s]   CMakeLists.txt:25 (rosidl_generate_interfaces)
[1.474s] 
[1.474s] 
[1.474s] -- Configuring incomplete, errors occurred!
[1.474s] See also "/home/user/ros2_ws/build/battery__monitoring/CMakeFiles/CMakeOutput.log".
[1.477s] Invoked command in '/home/user/ros2_ws/build/battery__monitoring' returned '1': CMAKE_PREFIX_PATH=${CMAKE_PREFIX_PATH}:/opt/ros/foxy _=/usr/bin/env /usr/bin/cmake /home/user/ros2_ws/src/battery__monitoring -DCMAKE_INSTALL_PREFIX=/home/user/ros2_ws/install/battery__monitoring
