[0.019s] Invoking command in '/home/user/ros2_ws/build/battery_monitoring': CMAKE_PREFIX_PATH=${CMAKE_PREFIX_PATH}:/opt/ros/foxy _=/usr/bin/env /usr/bin/cmake --build /home/user/ros2_ws/build/battery_monitoring -- -j8 -l8
[0.070s] [35m[1mScanning dependencies of target client[0m
[0.072s] [35m[1mScanning dependencies of target server[0m
[0.082s] [  2%] Built target battery_monitoring__cpp
[0.134s] [ 11%] Built target battery_monitoring__rosidl_generator_c
[0.234s] [ 28%] Built target battery_monitoring__rosidl_typesupport_cpp
[0.235s] [ 28%] Built target battery_monitoring__rosidl_typesupport_introspection_cpp
[0.235s] [ 31%] [32mBuilding CXX object CMakeFiles/server.dir/src/server.cpp.o[0m
[0.236s] [ 34%] [32mBuilding CXX object CMakeFiles/client.dir/src/client.cpp.o[0m
[0.238s] [ 42%] Built target battery_monitoring__rosidl_typesupport_fastrtps_cpp
[0.248s] [ 51%] Built target battery_monitoring__rosidl_typesupport_introspection_c
[0.249s] [ 60%] Built target battery_monitoring__rosidl_typesupport_c
[0.282s] [ 68%] Built target battery_monitoring__rosidl_typesupport_fastrtps_c
[0.352s] [ 68%] Built target battery_monitoring
[0.380s] [ 71%] Built target battery_monitoring__py
[0.457s] [ 77%] Built target battery_monitoring__python
[0.561s] [ 94%] Built target battery_monitoring__rosidl_typesupport_introspection_c__pyext
[0.561s] [ 94%] Built target battery_monitoring__rosidl_typesupport_fastrtps_c__pyext
[0.561s] [ 94%] Built target battery_monitoring__rosidl_typesupport_c__pyext
[1.861s] [01m[K/home/user/ros2_ws/src/battery_monitoring/src/client.cpp:[m[K In function '[01m[Kint main(int, char**)[m[K':
[1.861s] [01m[K/home/user/ros2_ws/src/battery_monitoring/src/client.cpp:18:10:[m[K [01;31m[Kerror: [m[K'[01m[Kros[m[K' has not been declared
[1.861s]    18 |   while ([01;31m[Kros[m[K::ok()) {
[1.861s]       |          [01;31m[K^~~[m[K
[2.458s] make[2]: *** [CMakeFiles/client.dir/build.make:63: CMakeFiles/client.dir/src/client.cpp.o] Error 1
[2.458s] make[1]: *** [CMakeFiles/Makefile2:125: CMakeFiles/client.dir/all] Error 2
[2.458s] make[1]: *** Waiting for unfinished jobs....
[2.695s] [ 97%] [32m[1mLinking CXX executable server[0m
[2.826s] [ 97%] Built target server
[2.826s] make: *** [Makefile:141: all] Error 2
[2.828s] Invoked command in '/home/user/ros2_ws/build/battery_monitoring' returned '2': CMAKE_PREFIX_PATH=${CMAKE_PREFIX_PATH}:/opt/ros/foxy _=/usr/bin/env /usr/bin/cmake --build /home/user/ros2_ws/build/battery_monitoring -- -j8 -l8
