[0.022s] Invoking command in '/home/user/ros2_ws/build/battery_monitoring': CMAKE_PREFIX_PATH=${CMAKE_PREFIX_PATH}:/opt/ros/foxy _=/usr/bin/env /usr/bin/cmake --build /home/user/ros2_ws/build/battery_monitoring -- -j8 -l8
[0.119s] [  5%] Built target client
[0.147s] [ 14%] Built target battery_monitoring__rosidl_generator_c
[0.188s] [ 17%] Built target battery_monitoring__cpp
[0.216s] [ 25%] Built target battery_monitoring__rosidl_typesupport_c
[0.242s] [ 34%] Built target battery_monitoring__rosidl_typesupport_introspection_cpp
[0.292s] [ 42%] Built target battery_monitoring__rosidl_typesupport_fastrtps_cpp
[0.320s] [ 51%] Built target battery_monitoring__rosidl_typesupport_cpp
[0.355s] [ 60%] Built target battery_monitoring__rosidl_typesupport_fastrtps_c
[0.396s] [ 68%] Built target battery_monitoring__rosidl_typesupport_introspection_c
[0.412s] [35m[1mScanning dependencies of target server[0m
[0.476s] [ 71%] [32mBuilding CXX object CMakeFiles/server.dir/src/server.cpp.o[0m
[3.395s] [ 74%] [32m[1mLinking CXX executable server[0m
[3.554s] [ 74%] Built target server
[3.591s] [ 74%] Built target battery_monitoring
[3.616s] [ 77%] Built target battery_monitoring__py
[3.655s] [ 82%] Built target battery_monitoring__python
[3.705s] [ 88%] Built target battery_monitoring__rosidl_typesupport_c__pyext
[3.740s] [ 94%] Built target battery_monitoring__rosidl_typesupport_fastrtps_c__pyext
[3.787s] [100%] Built target battery_monitoring__rosidl_typesupport_introspection_c__pyext
[3.805s] Invoked command in '/home/user/ros2_ws/build/battery_monitoring' returned '0': CMAKE_PREFIX_PATH=${CMAKE_PREFIX_PATH}:/opt/ros/foxy _=/usr/bin/env /usr/bin/cmake --build /home/user/ros2_ws/build/battery_monitoring -- -j8 -l8
[3.970s] Invoking command in '/home/user/ros2_ws/build/battery_monitoring': CMAKE_PREFIX_PATH=${CMAKE_PREFIX_PATH}:/opt/ros/foxy _=/usr/bin/env /usr/bin/cmake --install /home/user/ros2_ws/build/battery_monitoring
[3.985s] -- Install configuration: ""
[3.986s] -- Up-to-date: /home/user/ros2_ws/install/battery_monitoring/share/ament_index/resource_index/rosidl_interfaces/battery_monitoring
[3.987s] -- Up-to-date: /home/user/ros2_ws/install/battery_monitoring/include/battery_monitoring
[3.987s] -- Up-to-date: /home/user/ros2_ws/install/battery_monitoring/include/battery_monitoring/srv
[3.987s] -- Up-to-date: /home/user/ros2_ws/install/battery_monitoring/include/battery_monitoring/srv/detail
[3.988s] -- Up-to-date: /home/user/ros2_ws/install/battery_monitoring/include/battery_monitoring/srv/detail/robot_battery_status__type_support.h
[3.989s] -- Up-to-date: /home/user/ros2_ws/install/battery_monitoring/include/battery_monitoring/srv/detail/robot_battery_status__functions.h
[3.989s] -- Up-to-date: /home/user/ros2_ws/install/battery_monitoring/include/battery_monitoring/srv/detail/robot_battery_status__functions.c
[3.989s] -- Up-to-date: /home/user/ros2_ws/install/battery_monitoring/include/battery_monitoring/srv/detail/robot_battery_status__struct.h
[3.989s] -- Up-to-date: /home/user/ros2_ws/install/battery_monitoring/include/battery_monitoring/srv/robot_battery_status.h
[3.990s] -- Up-to-date: /home/user/ros2_ws/install/battery_monitoring/include/battery_monitoring/msg
[3.990s] -- Up-to-date: /home/user/ros2_ws/install/battery_monitoring/include/battery_monitoring/msg/rosidl_generator_c__visibility_control.h
[3.990s] -- Up-to-date: /home/user/ros2_ws/install/battery_monitoring/share/battery_monitoring/environment/library_path.sh
[3.990s] -- Up-to-date: /home/user/ros2_ws/install/battery_monitoring/share/battery_monitoring/environment/library_path.dsv
[3.991s] -- Up-to-date: /home/user/ros2_ws/install/battery_monitoring/lib/libbattery_monitoring__rosidl_generator_c.so
[3.991s] -- Up-to-date: /home/user/ros2_ws/install/battery_monitoring/include/battery_monitoring
[3.991s] -- Up-to-date: /home/user/ros2_ws/install/battery_monitoring/include/battery_monitoring/srv
[3.992s] -- Up-to-date: /home/user/ros2_ws/install/battery_monitoring/include/battery_monitoring/srv/detail
[3.992s] -- Up-to-date: /home/user/ros2_ws/install/battery_monitoring/include/battery_monitoring/srv/detail/robot_battery_status__rosidl_typesupport_fastrtps_c.h
[3.992s] -- Up-to-date: /home/user/ros2_ws/install/battery_monitoring/include/battery_monitoring/msg
[3.993s] -- Up-to-date: /home/user/ros2_ws/install/battery_monitoring/include/battery_monitoring/msg/rosidl_typesupport_fastrtps_c__visibility_control.h
[3.993s] -- Up-to-date: /home/user/ros2_ws/install/battery_monitoring/lib/libbattery_monitoring__rosidl_typesupport_fastrtps_c.so
[3.993s] -- Up-to-date: /home/user/ros2_ws/install/battery_monitoring/include/battery_monitoring
[3.994s] -- Up-to-date: /home/user/ros2_ws/install/battery_monitoring/include/battery_monitoring/srv
[3.994s] -- Up-to-date: /home/user/ros2_ws/install/battery_monitoring/include/battery_monitoring/srv/detail
[3.994s] -- Up-to-date: /home/user/ros2_ws/install/battery_monitoring/include/battery_monitoring/srv/detail/robot_battery_status__rosidl_typesupport_fastrtps_cpp.hpp
[3.994s] -- Up-to-date: /home/user/ros2_ws/install/battery_monitoring/include/battery_monitoring/srv/detail/dds_fastrtps
[3.995s] -- Up-to-date: /home/user/ros2_ws/install/battery_monitoring/include/battery_monitoring/msg
[3.995s] -- Up-to-date: /home/user/ros2_ws/install/battery_monitoring/include/battery_monitoring/msg/rosidl_typesupport_fastrtps_cpp__visibility_control.h
[3.995s] -- Up-to-date: /home/user/ros2_ws/install/battery_monitoring/lib/libbattery_monitoring__rosidl_typesupport_fastrtps_cpp.so
[3.995s] -- Up-to-date: /home/user/ros2_ws/install/battery_monitoring/include/battery_monitoring
[3.995s] -- Up-to-date: /home/user/ros2_ws/install/battery_monitoring/include/battery_monitoring/srv
[3.996s] -- Up-to-date: /home/user/ros2_ws/install/battery_monitoring/include/battery_monitoring/srv/detail
[3.996s] -- Up-to-date: /home/user/ros2_ws/install/battery_monitoring/include/battery_monitoring/srv/detail/robot_battery_status__type_support.c
[3.996s] -- Up-to-date: /home/user/ros2_ws/install/battery_monitoring/include/battery_monitoring/srv/detail/robot_battery_status__rosidl_typesupport_introspection_c.h
[3.997s] -- Up-to-date: /home/user/ros2_ws/install/battery_monitoring/include/battery_monitoring/msg
[3.997s] -- Up-to-date: /home/user/ros2_ws/install/battery_monitoring/include/battery_monitoring/msg/rosidl_typesupport_introspection_c__visibility_control.h
[3.997s] -- Up-to-date: /home/user/ros2_ws/install/battery_monitoring/lib/libbattery_monitoring__rosidl_typesupport_introspection_c.so
[3.997s] -- Up-to-date: /home/user/ros2_ws/install/battery_monitoring/lib/libbattery_monitoring__rosidl_typesupport_c.so
[3.998s] -- Up-to-date: /home/user/ros2_ws/install/battery_monitoring/include/battery_monitoring
[3.998s] -- Up-to-date: /home/user/ros2_ws/install/battery_monitoring/include/battery_monitoring/srv
[3.998s] -- Up-to-date: /home/user/ros2_ws/install/battery_monitoring/include/battery_monitoring/srv/detail
[3.998s] -- Up-to-date: /home/user/ros2_ws/install/battery_monitoring/include/battery_monitoring/srv/detail/robot_battery_status__builder.hpp
[3.998s] -- Up-to-date: /home/user/ros2_ws/install/battery_monitoring/include/battery_monitoring/srv/detail/robot_battery_status__traits.hpp
[3.999s] -- Up-to-date: /home/user/ros2_ws/install/battery_monitoring/include/battery_monitoring/srv/detail/robot_battery_status__struct.hpp
[3.999s] -- Up-to-date: /home/user/ros2_ws/install/battery_monitoring/include/battery_monitoring/srv/robot_battery_status.hpp
[3.999s] -- Up-to-date: /home/user/ros2_ws/install/battery_monitoring/include/battery_monitoring
[3.999s] -- Up-to-date: /home/user/ros2_ws/install/battery_monitoring/include/battery_monitoring/srv
[4.000s] -- Up-to-date: /home/user/ros2_ws/install/battery_monitoring/include/battery_monitoring/srv/detail
[4.000s] -- Up-to-date: /home/user/ros2_ws/install/battery_monitoring/include/battery_monitoring/srv/detail/robot_battery_status__rosidl_typesupport_introspection_cpp.hpp
[4.000s] -- Up-to-date: /home/user/ros2_ws/install/battery_monitoring/include/battery_monitoring/srv/detail/robot_battery_status__type_support.cpp
[4.001s] -- Up-to-date: /home/user/ros2_ws/install/battery_monitoring/lib/libbattery_monitoring__rosidl_typesupport_introspection_cpp.so
[4.001s] -- Up-to-date: /home/user/ros2_ws/install/battery_monitoring/lib/libbattery_monitoring__rosidl_typesupport_cpp.so
[4.001s] -- Up-to-date: /home/user/ros2_ws/install/battery_monitoring/share/battery_monitoring/environment/pythonpath.sh
[4.001s] -- Up-to-date: /home/user/ros2_ws/install/battery_monitoring/share/battery_monitoring/environment/pythonpath.dsv
[4.002s] -- Up-to-date: /home/user/ros2_ws/install/battery_monitoring/lib/python3.8/site-packages/battery_monitoring/__init__.py
[4.039s] -- Up-to-date: /home/user/ros2_ws/install/battery_monitoring/lib/python3.8/site-packages/battery_monitoring/srv
[4.040s] -- Up-to-date: /home/user/ros2_ws/install/battery_monitoring/lib/python3.8/site-packages/battery_monitoring/srv/_robot_battery_status.py
[4.040s] -- Up-to-date: /home/user/ros2_ws/install/battery_monitoring/lib/python3.8/site-packages/battery_monitoring/srv/__init__.py
[4.040s] -- Up-to-date: /home/user/ros2_ws/install/battery_monitoring/lib/python3.8/site-packages/battery_monitoring/srv/_robot_battery_status_s.c
[4.040s] -- Up-to-date: /home/user/ros2_ws/install/battery_monitoring/lib/python3.8/site-packages/battery_monitoring/battery_monitoring_s__rosidl_typesupport_fastrtps_c.cpython-38-x86_64-linux-gnu.so
[4.041s] -- Up-to-date: /home/user/ros2_ws/install/battery_monitoring/lib/python3.8/site-packages/battery_monitoring/battery_monitoring_s__rosidl_typesupport_introspection_c.cpython-38-x86_64-linux-gnu.so
[4.042s] -- Up-to-date: /home/user/ros2_ws/install/battery_monitoring/lib/python3.8/site-packages/battery_monitoring/battery_monitoring_s__rosidl_typesupport_c.cpython-38-x86_64-linux-gnu.so
[4.042s] -- Up-to-date: /home/user/ros2_ws/install/battery_monitoring/lib/libbattery_monitoring__python.so
[4.043s] -- Up-to-date: /home/user/ros2_ws/install/battery_monitoring/share/battery_monitoring/srv/RobotBatteryStatus.idl
[4.043s] -- Up-to-date: /home/user/ros2_ws/install/battery_monitoring/share/battery_monitoring/srv/RobotBatteryStatus.srv
[4.043s] -- Up-to-date: /home/user/ros2_ws/install/battery_monitoring/share/battery_monitoring/srv/RobotBatteryStatus_Request.msg
[4.043s] -- Up-to-date: /home/user/ros2_ws/install/battery_monitoring/share/battery_monitoring/srv/RobotBatteryStatus_Response.msg
[4.043s] -- Installing: /home/user/ros2_ws/install/battery_monitoring/lib/battery_monitoring/server
[4.045s] -- Set runtime path of "/home/user/ros2_ws/install/battery_monitoring/lib/battery_monitoring/server" to ""
[4.045s] -- Up-to-date: /home/user/ros2_ws/install/battery_monitoring/lib/battery_monitoring/client
[4.045s] -- Up-to-date: /home/user/ros2_ws/install/battery_monitoring/share/ament_index/resource_index/package_run_dependencies/battery_monitoring
[4.045s] -- Up-to-date: /home/user/ros2_ws/install/battery_monitoring/share/ament_index/resource_index/parent_prefix_path/battery_monitoring
[4.046s] -- Up-to-date: /home/user/ros2_ws/install/battery_monitoring/share/battery_monitoring/environment/ament_prefix_path.sh
[4.046s] -- Up-to-date: /home/user/ros2_ws/install/battery_monitoring/share/battery_monitoring/environment/ament_prefix_path.dsv
[4.046s] -- Up-to-date: /home/user/ros2_ws/install/battery_monitoring/share/battery_monitoring/environment/path.sh
[4.047s] -- Up-to-date: /home/user/ros2_ws/install/battery_monitoring/share/battery_monitoring/environment/path.dsv
[4.047s] -- Up-to-date: /home/user/ros2_ws/install/battery_monitoring/share/battery_monitoring/local_setup.bash
[4.047s] -- Up-to-date: /home/user/ros2_ws/install/battery_monitoring/share/battery_monitoring/local_setup.sh
[4.047s] -- Up-to-date: /home/user/ros2_ws/install/battery_monitoring/share/battery_monitoring/local_setup.zsh
[4.048s] -- Up-to-date: /home/user/ros2_ws/install/battery_monitoring/share/battery_monitoring/local_setup.dsv
[4.048s] -- Installing: /home/user/ros2_ws/install/battery_monitoring/share/battery_monitoring/package.dsv
[4.048s] -- Up-to-date: /home/user/ros2_ws/install/battery_monitoring/share/ament_index/resource_index/packages/battery_monitoring
[4.049s] -- Up-to-date: /home/user/ros2_ws/install/battery_monitoring/share/battery_monitoring/cmake/battery_monitoring__rosidl_generator_cExport.cmake
[4.049s] -- Up-to-date: /home/user/ros2_ws/install/battery_monitoring/share/battery_monitoring/cmake/battery_monitoring__rosidl_generator_cExport-noconfig.cmake
[4.049s] -- Up-to-date: /home/user/ros2_ws/install/battery_monitoring/share/battery_monitoring/cmake/battery_monitoring__rosidl_typesupport_introspection_cExport.cmake
[4.050s] -- Up-to-date: /home/user/ros2_ws/install/battery_monitoring/share/battery_monitoring/cmake/battery_monitoring__rosidl_typesupport_introspection_cExport-noconfig.cmake
[4.050s] -- Up-to-date: /home/user/ros2_ws/install/battery_monitoring/share/battery_monitoring/cmake/battery_monitoring__rosidl_typesupport_cExport.cmake
[4.050s] -- Up-to-date: /home/user/ros2_ws/install/battery_monitoring/share/battery_monitoring/cmake/battery_monitoring__rosidl_typesupport_cExport-noconfig.cmake
[4.050s] -- Up-to-date: /home/user/ros2_ws/install/battery_monitoring/share/battery_monitoring/cmake/battery_monitoring__rosidl_generator_cppExport.cmake
[4.051s] -- Up-to-date: /home/user/ros2_ws/install/battery_monitoring/share/battery_monitoring/cmake/battery_monitoring__rosidl_typesupport_introspection_cppExport.cmake
[4.051s] -- Up-to-date: /home/user/ros2_ws/install/battery_monitoring/share/battery_monitoring/cmake/battery_monitoring__rosidl_typesupport_introspection_cppExport-noconfig.cmake
[4.051s] -- Up-to-date: /home/user/ros2_ws/install/battery_monitoring/share/battery_monitoring/cmake/battery_monitoring__rosidl_typesupport_cppExport.cmake
[4.051s] -- Up-to-date: /home/user/ros2_ws/install/battery_monitoring/share/battery_monitoring/cmake/battery_monitoring__rosidl_typesupport_cppExport-noconfig.cmake
[4.052s] -- Up-to-date: /home/user/ros2_ws/install/battery_monitoring/share/battery_monitoring/cmake/rosidl_cmake-extras.cmake
[4.052s] -- Up-to-date: /home/user/ros2_ws/install/battery_monitoring/share/battery_monitoring/cmake/ament_cmake_export_dependencies-extras.cmake
[4.052s] -- Up-to-date: /home/user/ros2_ws/install/battery_monitoring/share/battery_monitoring/cmake/ament_cmake_export_libraries-extras.cmake
[4.055s] -- Up-to-date: /home/user/ros2_ws/install/battery_monitoring/share/battery_monitoring/cmake/ament_cmake_export_targets-extras.cmake
[4.056s] -- Up-to-date: /home/user/ros2_ws/install/battery_monitoring/share/battery_monitoring/cmake/ament_cmake_export_include_directories-extras.cmake
[4.056s] -- Up-to-date: /home/user/ros2_ws/install/battery_monitoring/share/battery_monitoring/cmake/rosidl_cmake_export_typesupport_libraries-extras.cmake
[4.056s] -- Up-to-date: /home/user/ros2_ws/install/battery_monitoring/share/battery_monitoring/cmake/rosidl_cmake_export_typesupport_targets-extras.cmake
[4.056s] -- Up-to-date: /home/user/ros2_ws/install/battery_monitoring/share/battery_monitoring/cmake/battery_monitoringConfig.cmake
[4.073s] -- Up-to-date: /home/user/ros2_ws/install/battery_monitoring/share/battery_monitoring/cmake/battery_monitoringConfig-version.cmake
[4.079s] -- Up-to-date: /home/user/ros2_ws/install/battery_monitoring/share/battery_monitoring/package.xml
[4.079s] Invoked command in '/home/user/ros2_ws/build/battery_monitoring' returned '0': CMAKE_PREFIX_PATH=${CMAKE_PREFIX_PATH}:/opt/ros/foxy _=/usr/bin/env /usr/bin/cmake --install /home/user/ros2_ws/build/battery_monitoring
