[0.019s] Invoking command in '/home/user/ros2_ws/build/battery_monitoring': CMAKE_PREFIX_PATH=${CMAKE_PREFIX_PATH}:/opt/ros/foxy _=/usr/bin/env /usr/bin/cmake --build /home/user/ros2_ws/build/battery_monitoring -- -j8 -l8
[0.070s] [35m[1mScanning dependencies of target client[0m
[0.083s] [  2%] Built target battery_monitoring__cpp
[0.088s] [ 11%] Built target battery_monitoring__rosidl_generator_c
[0.139s] [ 17%] Built target server
[0.153s] [ 25%] Built target battery_monitoring__rosidl_typesupport_introspection_cpp
[0.156s] [ 34%] Built target battery_monitoring__rosidl_typesupport_introspection_c
[0.158s] [ 42%] Built target battery_monitoring__rosidl_typesupport_cpp
[0.166s] [ 51%] Built target battery_monitoring__rosidl_typesupport_fastrtps_cpp
[0.233s] [ 60%] Built target battery_monitoring__rosidl_typesupport_c
[0.233s] [ 62%] [32mBuilding CXX object CMakeFiles/client.dir/src/client.cpp.o[0m
[0.266s] [ 71%] Built target battery_monitoring__rosidl_typesupport_fastrtps_c
[0.292s] [ 71%] Built target battery_monitoring
[0.318s] [ 74%] Built target battery_monitoring__py
[0.365s] [ 80%] Built target battery_monitoring__python
[0.434s] [ 85%] Built target battery_monitoring__rosidl_typesupport_introspection_c__pyext
[0.438s] [ 94%] Built target battery_monitoring__rosidl_typesupport_c__pyext
[0.438s] [ 97%] Built target battery_monitoring__rosidl_typesupport_fastrtps_c__pyext
[2.832s] [100%] [32m[1mLinking CXX executable client[0m
[2.976s] [100%] Built target client
[2.990s] Invoked command in '/home/user/ros2_ws/build/battery_monitoring' returned '0': CMAKE_PREFIX_PATH=${CMAKE_PREFIX_PATH}:/opt/ros/foxy _=/usr/bin/env /usr/bin/cmake --build /home/user/ros2_ws/build/battery_monitoring -- -j8 -l8
[3.109s] Invoking command in '/home/user/ros2_ws/build/battery_monitoring': CMAKE_PREFIX_PATH=${CMAKE_PREFIX_PATH}:/opt/ros/foxy _=/usr/bin/env /usr/bin/cmake --install /home/user/ros2_ws/build/battery_monitoring
[3.120s] -- Install configuration: ""
[3.120s] -- Up-to-date: /home/user/ros2_ws/install/battery_monitoring/share/ament_index/resource_index/rosidl_interfaces/battery_monitoring
[3.120s] -- Up-to-date: /home/user/ros2_ws/install/battery_monitoring/include/battery_monitoring
[3.120s] -- Up-to-date: /home/user/ros2_ws/install/battery_monitoring/include/battery_monitoring/srv
[3.121s] -- Up-to-date: /home/user/ros2_ws/install/battery_monitoring/include/battery_monitoring/srv/detail
[3.121s] -- Up-to-date: /home/user/ros2_ws/install/battery_monitoring/include/battery_monitoring/srv/detail/robot_battery_status__type_support.h
[3.121s] -- Up-to-date: /home/user/ros2_ws/install/battery_monitoring/include/battery_monitoring/srv/detail/robot_battery_status__functions.h
[3.121s] -- Up-to-date: /home/user/ros2_ws/install/battery_monitoring/include/battery_monitoring/srv/detail/robot_battery_status__functions.c
[3.121s] -- Up-to-date: /home/user/ros2_ws/install/battery_monitoring/include/battery_monitoring/srv/detail/robot_battery_status__struct.h
[3.122s] -- Up-to-date: /home/user/ros2_ws/install/battery_monitoring/include/battery_monitoring/srv/robot_battery_status.h
[3.122s] -- Up-to-date: /home/user/ros2_ws/install/battery_monitoring/include/battery_monitoring/msg
[3.122s] -- Up-to-date: /home/user/ros2_ws/install/battery_monitoring/include/battery_monitoring/msg/rosidl_generator_c__visibility_control.h
[3.122s] -- Up-to-date: /home/user/ros2_ws/install/battery_monitoring/share/battery_monitoring/environment/library_path.sh
[3.122s] -- Installing: /home/user/ros2_ws/install/battery_monitoring/share/battery_monitoring/environment/library_path.dsv
[3.123s] -- Up-to-date: /home/user/ros2_ws/install/battery_monitoring/lib/libbattery_monitoring__rosidl_generator_c.so
[3.123s] -- Up-to-date: /home/user/ros2_ws/install/battery_monitoring/include/battery_monitoring
[3.123s] -- Up-to-date: /home/user/ros2_ws/install/battery_monitoring/include/battery_monitoring/srv
[3.123s] -- Up-to-date: /home/user/ros2_ws/install/battery_monitoring/include/battery_monitoring/srv/detail
[3.124s] -- Up-to-date: /home/user/ros2_ws/install/battery_monitoring/include/battery_monitoring/srv/detail/robot_battery_status__rosidl_typesupport_fastrtps_c.h
[3.124s] -- Up-to-date: /home/user/ros2_ws/install/battery_monitoring/include/battery_monitoring/msg
[3.124s] -- Up-to-date: /home/user/ros2_ws/install/battery_monitoring/include/battery_monitoring/msg/rosidl_typesupport_fastrtps_c__visibility_control.h
[3.124s] -- Up-to-date: /home/user/ros2_ws/install/battery_monitoring/lib/libbattery_monitoring__rosidl_typesupport_fastrtps_c.so
[3.124s] -- Up-to-date: /home/user/ros2_ws/install/battery_monitoring/include/battery_monitoring
[3.125s] -- Up-to-date: /home/user/ros2_ws/install/battery_monitoring/include/battery_monitoring/srv
[3.125s] -- Up-to-date: /home/user/ros2_ws/install/battery_monitoring/include/battery_monitoring/srv/detail
[3.125s] -- Up-to-date: /home/user/ros2_ws/install/battery_monitoring/include/battery_monitoring/srv/detail/robot_battery_status__rosidl_typesupport_fastrtps_cpp.hpp
[3.125s] -- Up-to-date: /home/user/ros2_ws/install/battery_monitoring/include/battery_monitoring/srv/detail/dds_fastrtps
[3.125s] -- Up-to-date: /home/user/ros2_ws/install/battery_monitoring/include/battery_monitoring/msg
[3.126s] -- Up-to-date: /home/user/ros2_ws/install/battery_monitoring/include/battery_monitoring/msg/rosidl_typesupport_fastrtps_cpp__visibility_control.h
[3.126s] -- Up-to-date: /home/user/ros2_ws/install/battery_monitoring/lib/libbattery_monitoring__rosidl_typesupport_fastrtps_cpp.so
[3.126s] -- Up-to-date: /home/user/ros2_ws/install/battery_monitoring/include/battery_monitoring
[3.126s] -- Up-to-date: /home/user/ros2_ws/install/battery_monitoring/include/battery_monitoring/srv
[3.126s] -- Up-to-date: /home/user/ros2_ws/install/battery_monitoring/include/battery_monitoring/srv/detail
[3.127s] -- Up-to-date: /home/user/ros2_ws/install/battery_monitoring/include/battery_monitoring/srv/detail/robot_battery_status__type_support.c
[3.127s] -- Up-to-date: /home/user/ros2_ws/install/battery_monitoring/include/battery_monitoring/srv/detail/robot_battery_status__rosidl_typesupport_introspection_c.h
[3.127s] -- Up-to-date: /home/user/ros2_ws/install/battery_monitoring/include/battery_monitoring/msg
[3.127s] -- Up-to-date: /home/user/ros2_ws/install/battery_monitoring/include/battery_monitoring/msg/rosidl_typesupport_introspection_c__visibility_control.h
[3.127s] -- Up-to-date: /home/user/ros2_ws/install/battery_monitoring/lib/libbattery_monitoring__rosidl_typesupport_introspection_c.so
[3.128s] -- Up-to-date: /home/user/ros2_ws/install/battery_monitoring/lib/libbattery_monitoring__rosidl_typesupport_c.so
[3.128s] -- Up-to-date: /home/user/ros2_ws/install/battery_monitoring/include/battery_monitoring
[3.128s] -- Up-to-date: /home/user/ros2_ws/install/battery_monitoring/include/battery_monitoring/srv
[3.128s] -- Up-to-date: /home/user/ros2_ws/install/battery_monitoring/include/battery_monitoring/srv/detail
[3.128s] -- Up-to-date: /home/user/ros2_ws/install/battery_monitoring/include/battery_monitoring/srv/detail/robot_battery_status__builder.hpp
[3.128s] -- Up-to-date: /home/user/ros2_ws/install/battery_monitoring/include/battery_monitoring/srv/detail/robot_battery_status__traits.hpp
[3.129s] -- Up-to-date: /home/user/ros2_ws/install/battery_monitoring/include/battery_monitoring/srv/detail/robot_battery_status__struct.hpp
[3.129s] -- Up-to-date: /home/user/ros2_ws/install/battery_monitoring/include/battery_monitoring/srv/robot_battery_status.hpp
[3.129s] -- Up-to-date: /home/user/ros2_ws/install/battery_monitoring/include/battery_monitoring
[3.129s] -- Up-to-date: /home/user/ros2_ws/install/battery_monitoring/include/battery_monitoring/srv
[3.129s] -- Up-to-date: /home/user/ros2_ws/install/battery_monitoring/include/battery_monitoring/srv/detail
[3.129s] -- Up-to-date: /home/user/ros2_ws/install/battery_monitoring/include/battery_monitoring/srv/detail/robot_battery_status__rosidl_typesupport_introspection_cpp.hpp
[3.129s] -- Up-to-date: /home/user/ros2_ws/install/battery_monitoring/include/battery_monitoring/srv/detail/robot_battery_status__type_support.cpp
[3.129s] -- Up-to-date: /home/user/ros2_ws/install/battery_monitoring/lib/libbattery_monitoring__rosidl_typesupport_introspection_cpp.so
[3.130s] -- Up-to-date: /home/user/ros2_ws/install/battery_monitoring/lib/libbattery_monitoring__rosidl_typesupport_cpp.so
[3.130s] -- Up-to-date: /home/user/ros2_ws/install/battery_monitoring/share/battery_monitoring/environment/pythonpath.sh
[3.130s] -- Installing: /home/user/ros2_ws/install/battery_monitoring/share/battery_monitoring/environment/pythonpath.dsv
[3.130s] -- Installing: /home/user/ros2_ws/install/battery_monitoring/lib/python3.8/site-packages/battery_monitoring/__init__.py
[3.164s] Compiling '/home/user/ros2_ws/install/battery_monitoring/lib/python3.8/site-packages/battery_monitoring/__init__.py'...
[3.168s] -- Up-to-date: /home/user/ros2_ws/install/battery_monitoring/lib/python3.8/site-packages/battery_monitoring/srv
[3.168s] -- Up-to-date: /home/user/ros2_ws/install/battery_monitoring/lib/python3.8/site-packages/battery_monitoring/srv/_robot_battery_status.py
[3.168s] -- Up-to-date: /home/user/ros2_ws/install/battery_monitoring/lib/python3.8/site-packages/battery_monitoring/srv/__init__.py
[3.168s] -- Up-to-date: /home/user/ros2_ws/install/battery_monitoring/lib/python3.8/site-packages/battery_monitoring/srv/_robot_battery_status_s.c
[3.168s] -- Up-to-date: /home/user/ros2_ws/install/battery_monitoring/lib/python3.8/site-packages/battery_monitoring/battery_monitoring_s__rosidl_typesupport_fastrtps_c.cpython-38-x86_64-linux-gnu.so
[3.169s] -- Up-to-date: /home/user/ros2_ws/install/battery_monitoring/lib/python3.8/site-packages/battery_monitoring/battery_monitoring_s__rosidl_typesupport_introspection_c.cpython-38-x86_64-linux-gnu.so
[3.170s] -- Up-to-date: /home/user/ros2_ws/install/battery_monitoring/lib/python3.8/site-packages/battery_monitoring/battery_monitoring_s__rosidl_typesupport_c.cpython-38-x86_64-linux-gnu.so
[3.170s] -- Up-to-date: /home/user/ros2_ws/install/battery_monitoring/lib/libbattery_monitoring__python.so
[3.171s] -- Up-to-date: /home/user/ros2_ws/install/battery_monitoring/share/battery_monitoring/srv/RobotBatteryStatus.idl
[3.171s] -- Installing: /home/user/ros2_ws/install/battery_monitoring/share/battery_monitoring/srv/RobotBatteryStatus.srv
[3.171s] -- Up-to-date: /home/user/ros2_ws/install/battery_monitoring/share/battery_monitoring/srv/RobotBatteryStatus_Request.msg
[3.171s] -- Up-to-date: /home/user/ros2_ws/install/battery_monitoring/share/battery_monitoring/srv/RobotBatteryStatus_Response.msg
[3.171s] -- Installing: /home/user/ros2_ws/install/battery_monitoring/lib/battery_monitoring/server
[3.172s] -- Set runtime path of "/home/user/ros2_ws/install/battery_monitoring/lib/battery_monitoring/server" to ""
[3.172s] -- Installing: /home/user/ros2_ws/install/battery_monitoring/lib/battery_monitoring/client
[3.174s] -- Set runtime path of "/home/user/ros2_ws/install/battery_monitoring/lib/battery_monitoring/client" to ""
[3.174s] -- Up-to-date: /home/user/ros2_ws/install/battery_monitoring/share/ament_index/resource_index/package_run_dependencies/battery_monitoring
[3.174s] -- Installing: /home/user/ros2_ws/install/battery_monitoring/share/ament_index/resource_index/parent_prefix_path/battery_monitoring
[3.174s] -- Up-to-date: /home/user/ros2_ws/install/battery_monitoring/share/battery_monitoring/environment/ament_prefix_path.sh
[3.175s] -- Installing: /home/user/ros2_ws/install/battery_monitoring/share/battery_monitoring/environment/ament_prefix_path.dsv
[3.175s] -- Up-to-date: /home/user/ros2_ws/install/battery_monitoring/share/battery_monitoring/environment/path.sh
[3.175s] -- Installing: /home/user/ros2_ws/install/battery_monitoring/share/battery_monitoring/environment/path.dsv
[3.175s] -- Up-to-date: /home/user/ros2_ws/install/battery_monitoring/share/battery_monitoring/local_setup.bash
[3.175s] -- Up-to-date: /home/user/ros2_ws/install/battery_monitoring/share/battery_monitoring/local_setup.sh
[3.176s] -- Up-to-date: /home/user/ros2_ws/install/battery_monitoring/share/battery_monitoring/local_setup.zsh
[3.176s] -- Installing: /home/user/ros2_ws/install/battery_monitoring/share/battery_monitoring/local_setup.dsv
[3.176s] -- Installing: /home/user/ros2_ws/install/battery_monitoring/share/battery_monitoring/package.dsv
[3.176s] -- Up-to-date: /home/user/ros2_ws/install/battery_monitoring/share/ament_index/resource_index/packages/battery_monitoring
[3.176s] -- Up-to-date: /home/user/ros2_ws/install/battery_monitoring/share/battery_monitoring/cmake/battery_monitoring__rosidl_generator_cExport.cmake
[3.176s] -- Installing: /home/user/ros2_ws/install/battery_monitoring/share/battery_monitoring/cmake/battery_monitoring__rosidl_generator_cExport-noconfig.cmake
[3.177s] -- Up-to-date: /home/user/ros2_ws/install/battery_monitoring/share/battery_monitoring/cmake/battery_monitoring__rosidl_typesupport_introspection_cExport.cmake
[3.177s] -- Installing: /home/user/ros2_ws/install/battery_monitoring/share/battery_monitoring/cmake/battery_monitoring__rosidl_typesupport_introspection_cExport-noconfig.cmake
[3.177s] -- Up-to-date: /home/user/ros2_ws/install/battery_monitoring/share/battery_monitoring/cmake/battery_monitoring__rosidl_typesupport_cExport.cmake
[3.177s] -- Installing: /home/user/ros2_ws/install/battery_monitoring/share/battery_monitoring/cmake/battery_monitoring__rosidl_typesupport_cExport-noconfig.cmake
[3.178s] -- Up-to-date: /home/user/ros2_ws/install/battery_monitoring/share/battery_monitoring/cmake/battery_monitoring__rosidl_generator_cppExport.cmake
[3.178s] -- Up-to-date: /home/user/ros2_ws/install/battery_monitoring/share/battery_monitoring/cmake/battery_monitoring__rosidl_typesupport_introspection_cppExport.cmake
[3.178s] -- Installing: /home/user/ros2_ws/install/battery_monitoring/share/battery_monitoring/cmake/battery_monitoring__rosidl_typesupport_introspection_cppExport-noconfig.cmake
[3.178s] -- Up-to-date: /home/user/ros2_ws/install/battery_monitoring/share/battery_monitoring/cmake/battery_monitoring__rosidl_typesupport_cppExport.cmake
[3.178s] -- Installing: /home/user/ros2_ws/install/battery_monitoring/share/battery_monitoring/cmake/battery_monitoring__rosidl_typesupport_cppExport-noconfig.cmake
[3.179s] -- Up-to-date: /home/user/ros2_ws/install/battery_monitoring/share/battery_monitoring/cmake/rosidl_cmake-extras.cmake
[3.179s] -- Up-to-date: /home/user/ros2_ws/install/battery_monitoring/share/battery_monitoring/cmake/ament_cmake_export_dependencies-extras.cmake
[3.179s] -- Up-to-date: /home/user/ros2_ws/install/battery_monitoring/share/battery_monitoring/cmake/ament_cmake_export_libraries-extras.cmake
[3.179s] -- Up-to-date: /home/user/ros2_ws/install/battery_monitoring/share/battery_monitoring/cmake/ament_cmake_export_targets-extras.cmake
[3.180s] -- Up-to-date: /home/user/ros2_ws/install/battery_monitoring/share/battery_monitoring/cmake/ament_cmake_export_include_directories-extras.cmake
[3.180s] -- Up-to-date: /home/user/ros2_ws/install/battery_monitoring/share/battery_monitoring/cmake/rosidl_cmake_export_typesupport_libraries-extras.cmake
[3.180s] -- Up-to-date: /home/user/ros2_ws/install/battery_monitoring/share/battery_monitoring/cmake/rosidl_cmake_export_typesupport_targets-extras.cmake
[3.180s] -- Up-to-date: /home/user/ros2_ws/install/battery_monitoring/share/battery_monitoring/cmake/battery_monitoringConfig.cmake
[3.180s] -- Up-to-date: /home/user/ros2_ws/install/battery_monitoring/share/battery_monitoring/cmake/battery_monitoringConfig-version.cmake
[3.180s] -- Installing: /home/user/ros2_ws/install/battery_monitoring/share/battery_monitoring/package.xml
[3.183s] Invoked command in '/home/user/ros2_ws/build/battery_monitoring' returned '0': CMAKE_PREFIX_PATH=${CMAKE_PREFIX_PATH}:/opt/ros/foxy _=/usr/bin/env /usr/bin/cmake --install /home/user/ros2_ws/build/battery_monitoring
