[35m[1mScanning dependencies of target server[0m
[  2%] Built target battery_monitoring__cpp
[ 11%] Built target battery_monitoring__rosidl_generator_c
[ 17%] Built target client
[ 25%] Built target battery_monitoring__rosidl_typesupport_introspection_cpp
[ 34%] Built target battery_monitoring__rosidl_typesupport_introspection_c
[ 37%] [32mBuilding CXX object CMakeFiles/server.dir/src/server.cpp.o[0m
[ 45%] Built target battery_monitoring__rosidl_typesupport_fastrtps_cpp
[ 54%] Built target battery_monitoring__rosidl_typesupport_cpp
[ 62%] Built target battery_monitoring__rosidl_typesupport_c
[ 71%] Built target battery_monitoring__rosidl_typesupport_fastrtps_c
[ 71%] Built target battery_monitoring
[ 74%] Built target battery_monitoring__py
[ 80%] Built target battery_monitoring__python
[ 85%] Built target battery_monitoring__rosidl_typesupport_c__pyext
[ 97%] Built target battery_monitoring__rosidl_typesupport_introspection_c__pyext
[ 97%] Built target battery_monitoring__rosidl_typesupport_fastrtps_c__pyext
[01m[K/home/user/ros2_ws/src/battery_monitoring/src/server.cpp:[m[K In function '[01m[Kint main(int, char**)[m[K':
[01m[K/home/user/ros2_ws/src/battery_monitoring/src/server.cpp:29:65:[m[K [01;31m[Kerror: [m[Kcannot convert '[01m[Kconst std::_Placeholder<1>[m[K' to '[01m[Kint*[m[K'
   29 |           "add_three_ints", boost::bind(&add([01;31m[Kstd::placeholders::_1[m[K)); // CHANGE
      |                                              [01;31m[K~~~~~~~~~~~~~~~~~~~^~[m[K
      |                                                                 [01;31m[K|[m[K
      |                                                                 [01;31m[Kconst std::_Placeholder<1>[m[K
[01m[K/home/user/ros2_ws/src/battery_monitoring/src/server.cpp:6:10:[m[K [01;36m[Knote: [m[K  initializing argument 1 of '[01m[Kvoid add(int*, std::shared_ptr<battery_monitoring::srv::RobotBatteryStatus_Request_<std::allocator<void> > >, std::shared_ptr<battery_monitoring::srv::RobotBatteryStatus_Response_<std::allocator<void> > >)[m[K'
    6 |     [01;36m[Kint *num[m[K,
      |     [01;36m[K~~~~~^~~[m[K
make[2]: *** [CMakeFiles/server.dir/build.make:63: CMakeFiles/server.dir/src/server.cpp.o] Error 1
make[1]: *** [CMakeFiles/Makefile2:152: CMakeFiles/server.dir/all] Error 2
make: *** [Makefile:141: all] Error 2
