[0.020s] Invoking command in '/home/user/ros2_ws/build/battery_monitoring': CMAKE_PREFIX_PATH=${CMAKE_PREFIX_PATH}:/opt/ros/foxy _=/usr/bin/env /usr/bin/cmake --build /home/user/ros2_ws/build/battery_monitoring -- -j8 -l8
[0.083s] [35m[1mScanning dependencies of target server[0m
[0.101s] [  2%] Built target battery_monitoring__cpp
[0.103s] [ 11%] Built target battery_monitoring__rosidl_generator_c
[0.182s] [ 17%] Built target client
[0.199s] [ 25%] Built target battery_monitoring__rosidl_typesupport_introspection_cpp
[0.199s] [ 34%] Built target battery_monitoring__rosidl_typesupport_introspection_c
[0.200s] [ 37%] [32mBuilding CXX object CMakeFiles/server.dir/src/server.cpp.o[0m
[0.201s] [ 45%] Built target battery_monitoring__rosidl_typesupport_fastrtps_cpp
[0.272s] [ 54%] Built target battery_monitoring__rosidl_typesupport_cpp
[0.284s] [ 62%] Built target battery_monitoring__rosidl_typesupport_c
[0.302s] [ 71%] Built target battery_monitoring__rosidl_typesupport_fastrtps_c
[0.339s] [ 71%] Built target battery_monitoring
[0.388s] [ 74%] Built target battery_monitoring__py
[0.431s] [ 80%] Built target battery_monitoring__python
[0.494s] [ 85%] Built target battery_monitoring__rosidl_typesupport_c__pyext
[0.496s] [ 97%] Built target battery_monitoring__rosidl_typesupport_introspection_c__pyext
[0.496s] [ 97%] Built target battery_monitoring__rosidl_typesupport_fastrtps_c__pyext
[1.956s] [01m[K/home/user/ros2_ws/src/battery_monitoring/src/server.cpp:[m[K In function '[01m[Kint main(int, char**)[m[K':
[1.956s] [01m[K/home/user/ros2_ws/src/battery_monitoring/src/server.cpp:29:65:[m[K [01;31m[Kerror: [m[Kcannot convert '[01m[Kconst std::_Placeholder<1>[m[K' to '[01m[Kint*[m[K'
[1.956s]    29 |           "add_three_ints", boost::bind(&add([01;31m[Kstd::placeholders::_1[m[K)); // CHANGE
[1.956s]       |                                              [01;31m[K~~~~~~~~~~~~~~~~~~~^~[m[K
[1.956s]       |                                                                 [01;31m[K|[m[K
[1.957s]       |                                                                 [01;31m[Kconst std::_Placeholder<1>[m[K
[1.957s] [01m[K/home/user/ros2_ws/src/battery_monitoring/src/server.cpp:6:10:[m[K [01;36m[Knote: [m[K  initializing argument 1 of '[01m[Kvoid add(int*, std::shared_ptr<battery_monitoring::srv::RobotBatteryStatus_Request_<std::allocator<void> > >, std::shared_ptr<battery_monitoring::srv::RobotBatteryStatus_Response_<std::allocator<void> > >)[m[K'
[1.957s]     6 |     [01;36m[Kint *num[m[K,
[1.957s]       |     [01;36m[K~~~~~^~~[m[K
[2.407s] make[2]: *** [CMakeFiles/server.dir/build.make:63: CMakeFiles/server.dir/src/server.cpp.o] Error 1
[2.407s] make[1]: *** [CMakeFiles/Makefile2:152: CMakeFiles/server.dir/all] Error 2
[2.407s] make: *** [Makefile:141: all] Error 2
[2.409s] Invoked command in '/home/user/ros2_ws/build/battery_monitoring' returned '2': CMAKE_PREFIX_PATH=${CMAKE_PREFIX_PATH}:/opt/ros/foxy _=/usr/bin/env /usr/bin/cmake --build /home/user/ros2_ws/build/battery_monitoring -- -j8 -l8
