[35m[1mScanning dependencies of target client[0m
[  2%] Built target battery_monitoring__cpp
[ 11%] Built target battery_monitoring__rosidl_generator_c
[ 17%] Built target server
[ 25%] Built target battery_monitoring__rosidl_typesupport_c
[ 42%] Built target battery_monitoring__rosidl_typesupport_cpp
[ 42%] Built target battery_monitoring__rosidl_typesupport_introspection_c
[ 51%] Built target battery_monitoring__rosidl_typesupport_introspection_cpp
[ 54%] [32mBuilding CXX object CMakeFiles/client.dir/src/client.cpp.o[0m
[ 62%] Built target battery_monitoring__rosidl_typesupport_fastrtps_cpp
[ 71%] Built target battery_monitoring__rosidl_typesupport_fastrtps_c
[ 71%] Built target battery_monitoring
[ 74%] Built target battery_monitoring__py
[ 80%] Built target battery_monitoring__python
[ 85%] Built target battery_monitoring__rosidl_typesupport_introspection_c__pyext
[ 91%] Built target battery_monitoring__rosidl_typesupport_c__pyext
[ 97%] Built target battery_monitoring__rosidl_typesupport_fastrtps_c__pyext
[100%] [32m[1mLinking CXX executable client[0m
[100%] Built target client
-- Install configuration: ""
-- Up-to-date: /home/user/ros2_ws/install/battery_monitoring/share/ament_index/resource_index/rosidl_interfaces/battery_monitoring
-- Up-to-date: /home/user/ros2_ws/install/battery_monitoring/include/battery_monitoring
-- Up-to-date: /home/user/ros2_ws/install/battery_monitoring/include/battery_monitoring/srv
-- Up-to-date: /home/user/ros2_ws/install/battery_monitoring/include/battery_monitoring/srv/detail
-- Up-to-date: /home/user/ros2_ws/install/battery_monitoring/include/battery_monitoring/srv/detail/robot_battery_status__type_support.h
-- Up-to-date: /home/user/ros2_ws/install/battery_monitoring/include/battery_monitoring/srv/detail/robot_battery_status__functions.h
-- Up-to-date: /home/user/ros2_ws/install/battery_monitoring/include/battery_monitoring/srv/detail/robot_battery_status__functions.c
-- Up-to-date: /home/user/ros2_ws/install/battery_monitoring/include/battery_monitoring/srv/detail/robot_battery_status__struct.h
-- Up-to-date: /home/user/ros2_ws/install/battery_monitoring/include/battery_monitoring/srv/robot_battery_status.h
-- Up-to-date: /home/user/ros2_ws/install/battery_monitoring/include/battery_monitoring/msg
-- Up-to-date: /home/user/ros2_ws/install/battery_monitoring/include/battery_monitoring/msg/rosidl_generator_c__visibility_control.h
-- Up-to-date: /home/user/ros2_ws/install/battery_monitoring/share/battery_monitoring/environment/library_path.sh
-- Up-to-date: /home/user/ros2_ws/install/battery_monitoring/share/battery_monitoring/environment/library_path.dsv
-- Up-to-date: /home/user/ros2_ws/install/battery_monitoring/lib/libbattery_monitoring__rosidl_generator_c.so
-- Up-to-date: /home/user/ros2_ws/install/battery_monitoring/include/battery_monitoring
-- Up-to-date: /home/user/ros2_ws/install/battery_monitoring/include/battery_monitoring/srv
-- Up-to-date: /home/user/ros2_ws/install/battery_monitoring/include/battery_monitoring/srv/detail
-- Up-to-date: /home/user/ros2_ws/install/battery_monitoring/include/battery_monitoring/srv/detail/robot_battery_status__rosidl_typesupport_fastrtps_c.h
-- Up-to-date: /home/user/ros2_ws/install/battery_monitoring/include/battery_monitoring/msg
-- Up-to-date: /home/user/ros2_ws/install/battery_monitoring/include/battery_monitoring/msg/rosidl_typesupport_fastrtps_c__visibility_control.h
-- Up-to-date: /home/user/ros2_ws/install/battery_monitoring/lib/libbattery_monitoring__rosidl_typesupport_fastrtps_c.so
-- Up-to-date: /home/user/ros2_ws/install/battery_monitoring/include/battery_monitoring
-- Up-to-date: /home/user/ros2_ws/install/battery_monitoring/include/battery_monitoring/srv
-- Up-to-date: /home/user/ros2_ws/install/battery_monitoring/include/battery_monitoring/srv/detail
-- Up-to-date: /home/user/ros2_ws/install/battery_monitoring/include/battery_monitoring/srv/detail/robot_battery_status__rosidl_typesupport_fastrtps_cpp.hpp
-- Up-to-date: /home/user/ros2_ws/install/battery_monitoring/include/battery_monitoring/srv/detail/dds_fastrtps
-- Up-to-date: /home/user/ros2_ws/install/battery_monitoring/include/battery_monitoring/msg
-- Up-to-date: /home/user/ros2_ws/install/battery_monitoring/include/battery_monitoring/msg/rosidl_typesupport_fastrtps_cpp__visibility_control.h
-- Up-to-date: /home/user/ros2_ws/install/battery_monitoring/lib/libbattery_monitoring__rosidl_typesupport_fastrtps_cpp.so
-- Up-to-date: /home/user/ros2_ws/install/battery_monitoring/include/battery_monitoring
-- Up-to-date: /home/user/ros2_ws/install/battery_monitoring/include/battery_monitoring/srv
-- Up-to-date: /home/user/ros2_ws/install/battery_monitoring/include/battery_monitoring/srv/detail
-- Up-to-date: /home/user/ros2_ws/install/battery_monitoring/include/battery_monitoring/srv/detail/robot_battery_status__type_support.c
-- Up-to-date: /home/user/ros2_ws/install/battery_monitoring/include/battery_monitoring/srv/detail/robot_battery_status__rosidl_typesupport_introspection_c.h
-- Up-to-date: /home/user/ros2_ws/install/battery_monitoring/include/battery_monitoring/msg
-- Up-to-date: /home/user/ros2_ws/install/battery_monitoring/include/battery_monitoring/msg/rosidl_typesupport_introspection_c__visibility_control.h
-- Up-to-date: /home/user/ros2_ws/install/battery_monitoring/lib/libbattery_monitoring__rosidl_typesupport_introspection_c.so
-- Up-to-date: /home/user/ros2_ws/install/battery_monitoring/lib/libbattery_monitoring__rosidl_typesupport_c.so
-- Up-to-date: /home/user/ros2_ws/install/battery_monitoring/include/battery_monitoring
-- Up-to-date: /home/user/ros2_ws/install/battery_monitoring/include/battery_monitoring/srv
-- Up-to-date: /home/user/ros2_ws/install/battery_monitoring/include/battery_monitoring/srv/detail
-- Up-to-date: /home/user/ros2_ws/install/battery_monitoring/include/battery_monitoring/srv/detail/robot_battery_status__builder.hpp
-- Up-to-date: /home/user/ros2_ws/install/battery_monitoring/include/battery_monitoring/srv/detail/robot_battery_status__traits.hpp
-- Up-to-date: /home/user/ros2_ws/install/battery_monitoring/include/battery_monitoring/srv/detail/robot_battery_status__struct.hpp
-- Up-to-date: /home/user/ros2_ws/install/battery_monitoring/include/battery_monitoring/srv/robot_battery_status.hpp
-- Up-to-date: /home/user/ros2_ws/install/battery_monitoring/include/battery_monitoring
-- Up-to-date: /home/user/ros2_ws/install/battery_monitoring/include/battery_monitoring/srv
-- Up-to-date: /home/user/ros2_ws/install/battery_monitoring/include/battery_monitoring/srv/detail
-- Up-to-date: /home/user/ros2_ws/install/battery_monitoring/include/battery_monitoring/srv/detail/robot_battery_status__rosidl_typesupport_introspection_cpp.hpp
-- Up-to-date: /home/user/ros2_ws/install/battery_monitoring/include/battery_monitoring/srv/detail/robot_battery_status__type_support.cpp
-- Up-to-date: /home/user/ros2_ws/install/battery_monitoring/lib/libbattery_monitoring__rosidl_typesupport_introspection_cpp.so
-- Up-to-date: /home/user/ros2_ws/install/battery_monitoring/lib/libbattery_monitoring__rosidl_typesupport_cpp.so
-- Up-to-date: /home/user/ros2_ws/install/battery_monitoring/share/battery_monitoring/environment/pythonpath.sh
-- Up-to-date: /home/user/ros2_ws/install/battery_monitoring/share/battery_monitoring/environment/pythonpath.dsv
-- Up-to-date: /home/user/ros2_ws/install/battery_monitoring/lib/python3.8/site-packages/battery_monitoring/__init__.py
-- Up-to-date: /home/user/ros2_ws/install/battery_monitoring/lib/python3.8/site-packages/battery_monitoring/srv
-- Up-to-date: /home/user/ros2_ws/install/battery_monitoring/lib/python3.8/site-packages/battery_monitoring/srv/_robot_battery_status.py
-- Up-to-date: /home/user/ros2_ws/install/battery_monitoring/lib/python3.8/site-packages/battery_monitoring/srv/__init__.py
-- Up-to-date: /home/user/ros2_ws/install/battery_monitoring/lib/python3.8/site-packages/battery_monitoring/srv/_robot_battery_status_s.c
-- Up-to-date: /home/user/ros2_ws/install/battery_monitoring/lib/python3.8/site-packages/battery_monitoring/battery_monitoring_s__rosidl_typesupport_fastrtps_c.cpython-38-x86_64-linux-gnu.so
-- Up-to-date: /home/user/ros2_ws/install/battery_monitoring/lib/python3.8/site-packages/battery_monitoring/battery_monitoring_s__rosidl_typesupport_introspection_c.cpython-38-x86_64-linux-gnu.so
-- Up-to-date: /home/user/ros2_ws/install/battery_monitoring/lib/python3.8/site-packages/battery_monitoring/battery_monitoring_s__rosidl_typesupport_c.cpython-38-x86_64-linux-gnu.so
-- Up-to-date: /home/user/ros2_ws/install/battery_monitoring/lib/libbattery_monitoring__python.so
-- Up-to-date: /home/user/ros2_ws/install/battery_monitoring/share/battery_monitoring/srv/RobotBatteryStatus.idl
-- Up-to-date: /home/user/ros2_ws/install/battery_monitoring/share/battery_monitoring/srv/RobotBatteryStatus.srv
-- Up-to-date: /home/user/ros2_ws/install/battery_monitoring/share/battery_monitoring/srv/RobotBatteryStatus_Request.msg
-- Up-to-date: /home/user/ros2_ws/install/battery_monitoring/share/battery_monitoring/srv/RobotBatteryStatus_Response.msg
-- Up-to-date: /home/user/ros2_ws/install/battery_monitoring/lib/battery_monitoring/server
-- Installing: /home/user/ros2_ws/install/battery_monitoring/lib/battery_monitoring/client
-- Set runtime path of "/home/user/ros2_ws/install/battery_monitoring/lib/battery_monitoring/client" to ""
-- Up-to-date: /home/user/ros2_ws/install/battery_monitoring/share/ament_index/resource_index/package_run_dependencies/battery_monitoring
-- Up-to-date: /home/user/ros2_ws/install/battery_monitoring/share/ament_index/resource_index/parent_prefix_path/battery_monitoring
-- Up-to-date: /home/user/ros2_ws/install/battery_monitoring/share/battery_monitoring/environment/ament_prefix_path.sh
-- Up-to-date: /home/user/ros2_ws/install/battery_monitoring/share/battery_monitoring/environment/ament_prefix_path.dsv
-- Up-to-date: /home/user/ros2_ws/install/battery_monitoring/share/battery_monitoring/environment/path.sh
-- Up-to-date: /home/user/ros2_ws/install/battery_monitoring/share/battery_monitoring/environment/path.dsv
-- Up-to-date: /home/user/ros2_ws/install/battery_monitoring/share/battery_monitoring/local_setup.bash
-- Up-to-date: /home/user/ros2_ws/install/battery_monitoring/share/battery_monitoring/local_setup.sh
-- Up-to-date: /home/user/ros2_ws/install/battery_monitoring/share/battery_monitoring/local_setup.zsh
-- Up-to-date: /home/user/ros2_ws/install/battery_monitoring/share/battery_monitoring/local_setup.dsv
-- Installing: /home/user/ros2_ws/install/battery_monitoring/share/battery_monitoring/package.dsv
-- Up-to-date: /home/user/ros2_ws/install/battery_monitoring/share/ament_index/resource_index/packages/battery_monitoring
-- Up-to-date: /home/user/ros2_ws/install/battery_monitoring/share/battery_monitoring/cmake/battery_monitoring__rosidl_generator_cExport.cmake
-- Up-to-date: /home/user/ros2_ws/install/battery_monitoring/share/battery_monitoring/cmake/battery_monitoring__rosidl_generator_cExport-noconfig.cmake
-- Up-to-date: /home/user/ros2_ws/install/battery_monitoring/share/battery_monitoring/cmake/battery_monitoring__rosidl_typesupport_introspection_cExport.cmake
-- Up-to-date: /home/user/ros2_ws/install/battery_monitoring/share/battery_monitoring/cmake/battery_monitoring__rosidl_typesupport_introspection_cExport-noconfig.cmake
-- Up-to-date: /home/user/ros2_ws/install/battery_monitoring/share/battery_monitoring/cmake/battery_monitoring__rosidl_typesupport_cExport.cmake
-- Up-to-date: /home/user/ros2_ws/install/battery_monitoring/share/battery_monitoring/cmake/battery_monitoring__rosidl_typesupport_cExport-noconfig.cmake
-- Up-to-date: /home/user/ros2_ws/install/battery_monitoring/share/battery_monitoring/cmake/battery_monitoring__rosidl_generator_cppExport.cmake
-- Up-to-date: /home/user/ros2_ws/install/battery_monitoring/share/battery_monitoring/cmake/battery_monitoring__rosidl_typesupport_introspection_cppExport.cmake
-- Up-to-date: /home/user/ros2_ws/install/battery_monitoring/share/battery_monitoring/cmake/battery_monitoring__rosidl_typesupport_introspection_cppExport-noconfig.cmake
-- Up-to-date: /home/user/ros2_ws/install/battery_monitoring/share/battery_monitoring/cmake/battery_monitoring__rosidl_typesupport_cppExport.cmake
-- Up-to-date: /home/user/ros2_ws/install/battery_monitoring/share/battery_monitoring/cmake/battery_monitoring__rosidl_typesupport_cppExport-noconfig.cmake
-- Up-to-date: /home/user/ros2_ws/install/battery_monitoring/share/battery_monitoring/cmake/rosidl_cmake-extras.cmake
-- Up-to-date: /home/user/ros2_ws/install/battery_monitoring/share/battery_monitoring/cmake/ament_cmake_export_dependencies-extras.cmake
-- Up-to-date: /home/user/ros2_ws/install/battery_monitoring/share/battery_monitoring/cmake/ament_cmake_export_libraries-extras.cmake
-- Up-to-date: /home/user/ros2_ws/install/battery_monitoring/share/battery_monitoring/cmake/ament_cmake_export_targets-extras.cmake
-- Up-to-date: /home/user/ros2_ws/install/battery_monitoring/share/battery_monitoring/cmake/ament_cmake_export_include_directories-extras.cmake
-- Up-to-date: /home/user/ros2_ws/install/battery_monitoring/share/battery_monitoring/cmake/rosidl_cmake_export_typesupport_libraries-extras.cmake
-- Up-to-date: /home/user/ros2_ws/install/battery_monitoring/share/battery_monitoring/cmake/rosidl_cmake_export_typesupport_targets-extras.cmake
-- Up-to-date: /home/user/ros2_ws/install/battery_monitoring/share/battery_monitoring/cmake/battery_monitoringConfig.cmake
-- Up-to-date: /home/user/ros2_ws/install/battery_monitoring/share/battery_monitoring/cmake/battery_monitoringConfig-version.cmake
-- Up-to-date: /home/user/ros2_ws/install/battery_monitoring/share/battery_monitoring/package.xml
