[0.727s] DEBUG:colcon:Command line arguments: ['/usr/bin/colcon', 'build']
[0.727s] DEBUG:colcon:Parsed command line arguments: Namespace(ament_cmake_args=None, base_paths=['.'], build_base='build', catkin_cmake_args=None, catkin_skip_building_tests=False, cmake_args=None, cmake_clean_cache=False, cmake_clean_first=False, cmake_force_configure=False, cmake_target=None, cmake_target_skip_unavailable=False, continue_on_error=False, event_handlers=None, executor='parallel', ignore_user_meta=False, install_base='install', log_base=None, log_level=None, main=<bound method BuildVerb.main of <colcon_core.verb.build.BuildVerb object at 0x7f17d0b5da00>>, merge_install=False, metas=['./colcon.meta'], packages_above=None, packages_above_and_dependencies=None, packages_above_depth=None, packages_end=None, packages_ignore=None, packages_ignore_regex=None, packages_select=None, packages_select_build_failed=False, packages_select_by_dep=None, packages_select_regex=None, packages_select_test_failures=False, packages_skip=None, packages_skip_build_finished=False, packages_skip_by_dep=None, packages_skip_regex=None, packages_skip_test_passed=False, packages_skip_up_to=None, packages_start=None, packages_up_to=None, packages_up_to_regex=None, parallel_workers=8, paths=None, symlink_install=False, test_result_base=None, verb_extension=<colcon_core.verb.build.BuildVerb object at 0x7f17d0b5da00>, verb_name='build', verb_parser=<colcon_defaults.argument_parser.defaults.DefaultArgumentsDecorator object at 0x7f17d0b5df70>)
[0.738s] Level 1:colcon.colcon_core.package_discovery:discover_packages(colcon_meta) check parameters
[0.738s] Level 1:colcon.colcon_core.package_discovery:discover_packages(recursive) check parameters
[0.738s] Level 1:colcon.colcon_core.package_discovery:discover_packages(ignore) check parameters
[0.738s] Level 1:colcon.colcon_core.package_discovery:discover_packages(path) check parameters
[0.738s] Level 1:colcon.colcon_core.package_discovery:discover_packages(colcon_meta) discover
[0.739s] Level 1:colcon.colcon_core.package_discovery:discover_packages(recursive) discover
[0.739s] INFO:colcon.colcon_core.package_discovery:Crawling recursively for packages in '/home/user/ros2_ws'
[0.739s] Level 1:colcon.colcon_core.package_identification:_identify(.) by extensions ['ignore', 'ignore_ament_install']
[0.739s] Level 1:colcon.colcon_core.package_identification:_identify(.) by extension 'ignore'
[0.739s] Level 1:colcon.colcon_core.package_identification:_identify(.) by extension 'ignore_ament_install'
[0.739s] Level 1:colcon.colcon_core.package_identification:_identify(.) by extensions ['colcon_pkg']
[0.740s] Level 1:colcon.colcon_core.package_identification:_identify(.) by extension 'colcon_pkg'
[0.740s] Level 1:colcon.colcon_core.package_identification:_identify(.) by extensions ['colcon_meta']
[0.740s] Level 1:colcon.colcon_core.package_identification:_identify(.) by extension 'colcon_meta'
[0.740s] Level 1:colcon.colcon_core.package_identification:_identify(.) by extensions ['ros']
[0.740s] Level 1:colcon.colcon_core.package_identification:_identify(.) by extension 'ros'
[0.762s] Level 1:colcon.colcon_core.package_identification:_identify(.) by extensions ['cmake', 'python']
[0.762s] Level 1:colcon.colcon_core.package_identification:_identify(.) by extension 'cmake'
[0.762s] Level 1:colcon.colcon_core.package_identification:_identify(.) by extension 'python'
[0.763s] Level 1:colcon.colcon_core.package_identification:_identify(.) by extensions ['python_setup_py']
[0.763s] Level 1:colcon.colcon_core.package_identification:_identify(.) by extension 'python_setup_py'
[0.763s] Level 1:colcon.colcon_core.package_identification:_identify(build) by extensions ['ignore', 'ignore_ament_install']
[0.763s] Level 1:colcon.colcon_core.package_identification:_identify(build) by extension 'ignore'
[0.763s] Level 1:colcon.colcon_core.package_identification:_identify(build) ignored
[0.763s] Level 1:colcon.colcon_core.package_identification:_identify(install) by extensions ['ignore', 'ignore_ament_install']
[0.764s] Level 1:colcon.colcon_core.package_identification:_identify(install) by extension 'ignore'
[0.764s] Level 1:colcon.colcon_core.package_identification:_identify(install) ignored
[0.764s] Level 1:colcon.colcon_core.package_identification:_identify(log) by extensions ['ignore', 'ignore_ament_install']
[0.764s] Level 1:colcon.colcon_core.package_identification:_identify(log) by extension 'ignore'
[0.764s] Level 1:colcon.colcon_core.package_identification:_identify(log) ignored
[0.765s] Level 1:colcon.colcon_core.package_identification:_identify(src) by extensions ['ignore', 'ignore_ament_install']
[0.765s] Level 1:colcon.colcon_core.package_identification:_identify(src) by extension 'ignore'
[0.765s] Level 1:colcon.colcon_core.package_identification:_identify(src) by extension 'ignore_ament_install'
[0.765s] Level 1:colcon.colcon_core.package_identification:_identify(src) by extensions ['colcon_pkg']
[0.765s] Level 1:colcon.colcon_core.package_identification:_identify(src) by extension 'colcon_pkg'
[0.765s] Level 1:colcon.colcon_core.package_identification:_identify(src) by extensions ['colcon_meta']
[0.765s] Level 1:colcon.colcon_core.package_identification:_identify(src) by extension 'colcon_meta'
[0.765s] Level 1:colcon.colcon_core.package_identification:_identify(src) by extensions ['ros']
[0.765s] Level 1:colcon.colcon_core.package_identification:_identify(src) by extension 'ros'
[0.765s] Level 1:colcon.colcon_core.package_identification:_identify(src) by extensions ['cmake', 'python']
[0.766s] Level 1:colcon.colcon_core.package_identification:_identify(src) by extension 'cmake'
[0.766s] Level 1:colcon.colcon_core.package_identification:_identify(src) by extension 'python'
[0.766s] Level 1:colcon.colcon_core.package_identification:_identify(src) by extensions ['python_setup_py']
[0.766s] Level 1:colcon.colcon_core.package_identification:_identify(src) by extension 'python_setup_py'
[0.766s] Level 1:colcon.colcon_core.package_identification:_identify(src/battery_monitoring) by extensions ['ignore', 'ignore_ament_install']
[0.766s] Level 1:colcon.colcon_core.package_identification:_identify(src/battery_monitoring) by extension 'ignore'
[0.766s] Level 1:colcon.colcon_core.package_identification:_identify(src/battery_monitoring) by extension 'ignore_ament_install'
[0.766s] Level 1:colcon.colcon_core.package_identification:_identify(src/battery_monitoring) by extensions ['colcon_pkg']
[0.766s] Level 1:colcon.colcon_core.package_identification:_identify(src/battery_monitoring) by extension 'colcon_pkg'
[0.767s] Level 1:colcon.colcon_core.package_identification:_identify(src/battery_monitoring) by extensions ['colcon_meta']
[0.767s] Level 1:colcon.colcon_core.package_identification:_identify(src/battery_monitoring) by extension 'colcon_meta'
[0.767s] Level 1:colcon.colcon_core.package_identification:_identify(src/battery_monitoring) by extensions ['ros']
[0.767s] Level 1:colcon.colcon_core.package_identification:_identify(src/battery_monitoring) by extension 'ros'
[0.771s] DEBUG:colcon.colcon_core.package_identification:Package 'src/battery_monitoring' with type 'ros.ament_cmake' and name 'battery_monitoring'
[0.771s] Level 1:colcon.colcon_core.package_discovery:discover_packages(recursive) using defaults
[0.771s] Level 1:colcon.colcon_core.package_discovery:discover_packages(ignore) discover
[0.771s] Level 1:colcon.colcon_core.package_discovery:discover_packages(ignore) using defaults
[0.771s] Level 1:colcon.colcon_core.package_discovery:discover_packages(path) discover
[0.771s] Level 1:colcon.colcon_core.package_discovery:discover_packages(path) using defaults
[0.824s] Level 5:colcon.colcon_core.verb:set package 'battery_monitoring' build argument 'cmake_args' from command line to 'None'
[0.825s] Level 5:colcon.colcon_core.verb:set package 'battery_monitoring' build argument 'cmake_target' from command line to 'None'
[0.825s] Level 5:colcon.colcon_core.verb:set package 'battery_monitoring' build argument 'cmake_target_skip_unavailable' from command line to 'False'
[0.825s] Level 5:colcon.colcon_core.verb:set package 'battery_monitoring' build argument 'cmake_clean_cache' from command line to 'False'
[0.825s] Level 5:colcon.colcon_core.verb:set package 'battery_monitoring' build argument 'cmake_clean_first' from command line to 'False'
[0.825s] Level 5:colcon.colcon_core.verb:set package 'battery_monitoring' build argument 'cmake_force_configure' from command line to 'False'
[0.825s] Level 5:colcon.colcon_core.verb:set package 'battery_monitoring' build argument 'ament_cmake_args' from command line to 'None'
[0.825s] Level 5:colcon.colcon_core.verb:set package 'battery_monitoring' build argument 'catkin_cmake_args' from command line to 'None'
[0.825s] Level 5:colcon.colcon_core.verb:set package 'battery_monitoring' build argument 'catkin_skip_building_tests' from command line to 'False'
[0.825s] DEBUG:colcon.colcon_core.verb:Building package 'battery_monitoring' with the following arguments: {'ament_cmake_args': None, 'build_base': '/home/user/ros2_ws/build/battery_monitoring', 'catkin_cmake_args': None, 'catkin_skip_building_tests': False, 'cmake_args': None, 'cmake_clean_cache': False, 'cmake_clean_first': False, 'cmake_force_configure': False, 'cmake_target': None, 'cmake_target_skip_unavailable': False, 'install_base': '/home/user/ros2_ws/install/battery_monitoring', 'merge_install': False, 'path': '/home/user/ros2_ws/src/battery_monitoring', 'symlink_install': False, 'test_result_base': None}
[0.826s] INFO:colcon.colcon_core.executor:Executing jobs using 'parallel' executor
[0.832s] DEBUG:colcon.colcon_parallel_executor.executor.parallel:run_until_complete
[0.832s] INFO:colcon.colcon_ros.task.ament_cmake.build:Building ROS package in '/home/user/ros2_ws/src/battery_monitoring' with build type 'ament_cmake'
[0.832s] INFO:colcon.colcon_cmake.task.cmake.build:Building CMake package in '/home/user/ros2_ws/src/battery_monitoring'
[0.840s] INFO:colcon.colcon_core.plugin_system:Skipping extension 'colcon_core.shell.bat': Not used on non-Windows systems
[0.841s] INFO:colcon.colcon_core.shell:Skip shell extension 'powershell' for command environment: Not usable outside of PowerShell
[0.841s] DEBUG:colcon.colcon_core.shell:Skip shell extension 'dsv' for command environment
[0.849s] DEBUG:colcon.colcon_core.shell:Ignoring prefix path '/opt/ros/foxy'
[0.880s] DEBUG:colcon.colcon_core.event_handler.log_command:Invoking command in '/home/user/ros2_ws/build/battery_monitoring': CMAKE_PREFIX_PATH=${CMAKE_PREFIX_PATH}:/opt/ros/foxy _=/usr/bin/env /usr/bin/cmake --build /home/user/ros2_ws/build/battery_monitoring -- -j8 -l8
[2.144s] DEBUG:colcon.colcon_core.event_handler.log_command:Invoked command in '/home/user/ros2_ws/build/battery_monitoring' returned '0': CMAKE_PREFIX_PATH=${CMAKE_PREFIX_PATH}:/opt/ros/foxy _=/usr/bin/env /usr/bin/cmake --build /home/user/ros2_ws/build/battery_monitoring -- -j8 -l8
[2.414s] DEBUG:colcon.colcon_core.event_handler.log_command:Invoking command in '/home/user/ros2_ws/build/battery_monitoring': CMAKE_PREFIX_PATH=${CMAKE_PREFIX_PATH}:/opt/ros/foxy _=/usr/bin/env /usr/bin/cmake --install /home/user/ros2_ws/build/battery_monitoring
[2.596s] Level 1:colcon.colcon_core.environment:create_environment_scripts_only(battery_monitoring)
[2.604s] Level 1:colcon.colcon_core.environment:checking '/home/user/ros2_ws/install/battery_monitoring' for CMake module files
[2.606s] Level 1:colcon.colcon_core.environment:checking '/home/user/ros2_ws/install/battery_monitoring' for CMake config files
[2.608s] Level 1:colcon.colcon_core.shell:create_environment_hook('battery_monitoring', 'cmake_prefix_path')
[2.611s] INFO:colcon.colcon_core.shell:Creating environment hook '/home/user/ros2_ws/install/battery_monitoring/share/battery_monitoring/hook/cmake_prefix_path.ps1'
[2.614s] DEBUG:colcon.colcon_core.event_handler.log_command:Invoked command in '/home/user/ros2_ws/build/battery_monitoring' returned '0': CMAKE_PREFIX_PATH=${CMAKE_PREFIX_PATH}:/opt/ros/foxy _=/usr/bin/env /usr/bin/cmake --install /home/user/ros2_ws/build/battery_monitoring
[2.614s] INFO:colcon.colcon_core.shell:Creating environment descriptor '/home/user/ros2_ws/install/battery_monitoring/share/battery_monitoring/hook/cmake_prefix_path.dsv'
[2.615s] INFO:colcon.colcon_core.shell:Creating environment hook '/home/user/ros2_ws/install/battery_monitoring/share/battery_monitoring/hook/cmake_prefix_path.sh'
[2.617s] Level 1:colcon.colcon_core.environment:checking '/home/user/ros2_ws/install/battery_monitoring/lib'
[2.617s] Level 1:colcon.colcon_core.shell:create_environment_hook('battery_monitoring', 'ld_library_path_lib')
[2.619s] INFO:colcon.colcon_core.shell:Creating environment hook '/home/user/ros2_ws/install/battery_monitoring/share/battery_monitoring/hook/ld_library_path_lib.ps1'
[2.620s] INFO:colcon.colcon_core.shell:Creating environment descriptor '/home/user/ros2_ws/install/battery_monitoring/share/battery_monitoring/hook/ld_library_path_lib.dsv'
[2.621s] INFO:colcon.colcon_core.shell:Creating environment hook '/home/user/ros2_ws/install/battery_monitoring/share/battery_monitoring/hook/ld_library_path_lib.sh'
[2.622s] Level 1:colcon.colcon_core.environment:checking '/home/user/ros2_ws/install/battery_monitoring/bin'
[2.622s] Level 1:colcon.colcon_core.environment:checking '/home/user/ros2_ws/install/battery_monitoring/lib/pkgconfig/battery_monitoring.pc'
[2.622s] Level 1:colcon.colcon_core.environment:checking '/home/user/ros2_ws/install/battery_monitoring/lib/python3.8/site-packages'
[2.623s] Level 1:colcon.colcon_core.shell:create_environment_hook('battery_monitoring', 'pythonpath')
[2.624s] INFO:colcon.colcon_core.shell:Creating environment hook '/home/user/ros2_ws/install/battery_monitoring/share/battery_monitoring/hook/pythonpath.ps1'
[2.625s] INFO:colcon.colcon_core.shell:Creating environment descriptor '/home/user/ros2_ws/install/battery_monitoring/share/battery_monitoring/hook/pythonpath.dsv'
[2.625s] INFO:colcon.colcon_core.shell:Creating environment hook '/home/user/ros2_ws/install/battery_monitoring/share/battery_monitoring/hook/pythonpath.sh'
[2.627s] INFO:colcon.colcon_core.shell:Creating package script '/home/user/ros2_ws/install/battery_monitoring/share/battery_monitoring/package.ps1'
[2.629s] INFO:colcon.colcon_core.shell:Creating package descriptor '/home/user/ros2_ws/install/battery_monitoring/share/battery_monitoring/package.dsv'
[2.630s] INFO:colcon.colcon_core.shell:Creating package script '/home/user/ros2_ws/install/battery_monitoring/share/battery_monitoring/package.sh'
[2.632s] INFO:colcon.colcon_core.shell:Creating package script '/home/user/ros2_ws/install/battery_monitoring/share/battery_monitoring/package.bash'
[2.633s] INFO:colcon.colcon_core.shell:Creating package script '/home/user/ros2_ws/install/battery_monitoring/share/battery_monitoring/package.zsh'
[2.635s] Level 1:colcon.colcon_core.environment:create_file_with_runtime_dependencies(/home/user/ros2_ws/install/battery_monitoring/share/colcon-core/packages/battery_monitoring)
[2.953s] Level 1:colcon.colcon_core.environment:create_environment_scripts_only(battery_monitoring)
[2.955s] Level 1:colcon.colcon_core.environment:checking '/home/user/ros2_ws/install/battery_monitoring' for CMake module files
[2.957s] Level 1:colcon.colcon_core.environment:checking '/home/user/ros2_ws/install/battery_monitoring' for CMake config files
[2.958s] Level 1:colcon.colcon_core.shell:create_environment_hook('battery_monitoring', 'cmake_prefix_path')
[2.959s] INFO:colcon.colcon_core.shell:Creating environment hook '/home/user/ros2_ws/install/battery_monitoring/share/battery_monitoring/hook/cmake_prefix_path.ps1'
[2.961s] INFO:colcon.colcon_core.shell:Creating environment descriptor '/home/user/ros2_ws/install/battery_monitoring/share/battery_monitoring/hook/cmake_prefix_path.dsv'
[2.962s] INFO:colcon.colcon_core.shell:Creating environment hook '/home/user/ros2_ws/install/battery_monitoring/share/battery_monitoring/hook/cmake_prefix_path.sh'
[2.963s] Level 1:colcon.colcon_core.environment:checking '/home/user/ros2_ws/install/battery_monitoring/lib'
[2.964s] Level 1:colcon.colcon_core.shell:create_environment_hook('battery_monitoring', 'ld_library_path_lib')
[2.966s] INFO:colcon.colcon_core.shell:Creating environment hook '/home/user/ros2_ws/install/battery_monitoring/share/battery_monitoring/hook/ld_library_path_lib.ps1'
[2.967s] INFO:colcon.colcon_core.shell:Creating environment descriptor '/home/user/ros2_ws/install/battery_monitoring/share/battery_monitoring/hook/ld_library_path_lib.dsv'
[2.968s] INFO:colcon.colcon_core.shell:Creating environment hook '/home/user/ros2_ws/install/battery_monitoring/share/battery_monitoring/hook/ld_library_path_lib.sh'
[2.969s] Level 1:colcon.colcon_core.environment:checking '/home/user/ros2_ws/install/battery_monitoring/bin'
[2.969s] Level 1:colcon.colcon_core.environment:checking '/home/user/ros2_ws/install/battery_monitoring/lib/pkgconfig/battery_monitoring.pc'
[2.969s] Level 1:colcon.colcon_core.environment:checking '/home/user/ros2_ws/install/battery_monitoring/lib/python3.8/site-packages'
[2.970s] Level 1:colcon.colcon_core.shell:create_environment_hook('battery_monitoring', 'pythonpath')
[2.971s] INFO:colcon.colcon_core.shell:Creating environment hook '/home/user/ros2_ws/install/battery_monitoring/share/battery_monitoring/hook/pythonpath.ps1'
[2.972s] INFO:colcon.colcon_core.shell:Creating environment descriptor '/home/user/ros2_ws/install/battery_monitoring/share/battery_monitoring/hook/pythonpath.dsv'
[2.973s] INFO:colcon.colcon_core.shell:Creating environment hook '/home/user/ros2_ws/install/battery_monitoring/share/battery_monitoring/hook/pythonpath.sh'
[2.975s] INFO:colcon.colcon_core.shell:Creating package script '/home/user/ros2_ws/install/battery_monitoring/share/battery_monitoring/package.ps1'
[2.976s] INFO:colcon.colcon_core.shell:Creating package descriptor '/home/user/ros2_ws/install/battery_monitoring/share/battery_monitoring/package.dsv'
[2.977s] INFO:colcon.colcon_core.shell:Creating package script '/home/user/ros2_ws/install/battery_monitoring/share/battery_monitoring/package.sh'
[2.978s] INFO:colcon.colcon_core.shell:Creating package script '/home/user/ros2_ws/install/battery_monitoring/share/battery_monitoring/package.bash'
[2.979s] INFO:colcon.colcon_core.shell:Creating package script '/home/user/ros2_ws/install/battery_monitoring/share/battery_monitoring/package.zsh'
[2.980s] Level 1:colcon.colcon_core.environment:create_file_with_runtime_dependencies(/home/user/ros2_ws/install/battery_monitoring/share/colcon-core/packages/battery_monitoring)
[2.982s] DEBUG:colcon.colcon_parallel_executor.executor.parallel:closing loop
[2.982s] DEBUG:colcon.colcon_parallel_executor.executor.parallel:loop closed
[2.982s] DEBUG:colcon.colcon_parallel_executor.executor.parallel:run_until_complete finished with '0'
[2.983s] DEBUG:colcon.colcon_core.event_reactor:joining thread
[2.994s] INFO:colcon.colcon_core.plugin_system:Skipping extension 'colcon_notification.desktop_notification.notify_send': Could not find 'notify-send'
[2.995s] INFO:colcon.colcon_core.plugin_system:Skipping extension 'colcon_notification.desktop_notification.terminal_notifier': Not used on non-Darwin systems
[2.995s] INFO:colcon.colcon_core.plugin_system:Skipping extension 'colcon_notification.desktop_notification.win32': Not used on non-Windows systems
[2.995s] INFO:colcon.colcon_notification.desktop_notification:Sending desktop notification using 'notify2'
[3.004s] DEBUG:colcon.colcon_notification.desktop_notification.notify2:Failed to initialize notify2: org.freedesktop.DBus.Error.ServiceUnknown: The name org.freedesktop.Notifications was not provided by any .service files
[3.005s] DEBUG:colcon.colcon_core.event_reactor:joined thread
[3.007s] INFO:colcon.colcon_core.shell:Creating prefix script '/home/user/ros2_ws/install/local_setup.ps1'
[3.011s] INFO:colcon.colcon_core.shell:Creating prefix util module '/home/user/ros2_ws/install/_local_setup_util_ps1.py'
[3.014s] INFO:colcon.colcon_core.shell:Creating prefix chain script '/home/user/ros2_ws/install/setup.ps1'
[3.020s] INFO:colcon.colcon_core.shell:Creating prefix script '/home/user/ros2_ws/install/local_setup.sh'
[3.021s] INFO:colcon.colcon_core.shell:Creating prefix util module '/home/user/ros2_ws/install/_local_setup_util_sh.py'
[3.022s] INFO:colcon.colcon_core.shell:Creating prefix chain script '/home/user/ros2_ws/install/setup.sh'
[3.028s] INFO:colcon.colcon_core.shell:Creating prefix script '/home/user/ros2_ws/install/local_setup.bash'
[3.029s] INFO:colcon.colcon_core.shell:Creating prefix chain script '/home/user/ros2_ws/install/setup.bash'
[3.035s] INFO:colcon.colcon_core.shell:Creating prefix script '/home/user/ros2_ws/install/local_setup.zsh'
[3.038s] INFO:colcon.colcon_core.shell:Creating prefix chain script '/home/user/ros2_ws/install/setup.zsh'
