[0.019s] Invoking command in '/home/user/ros2_ws/build/battery_monitoring': CMAKE_PREFIX_PATH=${CMAKE_PREFIX_PATH}:/opt/ros/foxy _=/usr/bin/env /usr/bin/cmake --build /home/user/ros2_ws/build/battery_monitoring -- -j8 -l8
[0.052s] -- Found ament_cmake: 0.9.9 (/opt/ros/foxy/share/ament_cmake/cmake)
[0.081s] -- Found PythonInterp: /usr/bin/python3 (found suitable version "3.8.10", minimum required is "3") 
[0.081s] -- Using PYTHON_EXECUTABLE: /usr/bin/python3
[0.358s] -- Found rosidl_default_generators: 1.0.1 (/opt/ros/foxy/share/rosidl_default_generators/cmake)
[0.361s] -- Using all available rosidl_typesupport_c: rosidl_typesupport_fastrtps_c;rosidl_typesupport_introspection_c
[0.365s] -- Found rosidl_adapter: 1.2.1 (/opt/ros/foxy/share/rosidl_adapter/cmake)
[0.591s] -- Using all available rosidl_typesupport_cpp: rosidl_typesupport_fastrtps_cpp;rosidl_typesupport_introspection_cpp
[0.645s] -- Found PythonInterp: /usr/bin/python3 (found version "3.8.10") 
[0.789s] -- Found ament_cmake_ros: 0.9.2 (/opt/ros/foxy/share/ament_cmake_ros/cmake)
[0.956s] -- Using all available rosidl_typesupport_c: rosidl_typesupport_fastrtps_c;rosidl_typesupport_introspection_c
[0.965s] -- Using all available rosidl_typesupport_cpp: rosidl_typesupport_fastrtps_cpp;rosidl_typesupport_introspection_cpp
[0.999s] -- Found PythonInterp: /usr/bin/python3 (found suitable version "3.8.10", minimum required is "3.5") 
[1.000s] -- Found python_cmake_module: 0.8.1 (/opt/ros/foxy/share/python_cmake_module/cmake)
[1.028s] -- Using PYTHON_EXECUTABLE: /usr/bin/python3
[1.028s] -- Using PYTHON_INCLUDE_DIRS: /usr/include/python3.8
[1.028s] -- Using PYTHON_LIBRARIES: /usr/lib/x86_64-linux-gnu/libpython3.8.so
[1.044s] -- Found ament_lint_auto: 0.9.6 (/opt/ros/foxy/share/ament_lint_auto/cmake)
[1.052s] -- Found rclcpp: 2.4.0 (/opt/ros/foxy/share/rclcpp/cmake)
[1.111s] -- Found rmw_implementation_cmake: 1.0.3 (/opt/ros/foxy/share/rmw_implementation_cmake/cmake)
[1.113s] -- Using RMW implementation 'rmw_fastrtps_cpp' as default
[1.274s] -- Found battery_monitoring: 0.0.0 (/home/user/ros2_ws/install/battery_monitoring/share/battery_monitoring/cmake)
[1.290s] -- Added test 'copyright' to check source files copyright and LICENSE
[1.291s] -- Added test 'cppcheck' to perform static code analysis on C / C++ code
[1.292s] -- Configured cppcheck include dirs: 
[1.293s] -- Configured cppcheck exclude dirs and/or files: 
[1.293s] -- Added test 'cpplint' to check C / C++ code against the Google style
[1.293s] -- Configured cpplint exclude dirs and/or files: 
[1.294s] -- Added test 'lint_cmake' to check CMake code style
[1.295s] -- Added test 'uncrustify' to check C / C++ code style
[1.295s] -- Configured uncrustify additional arguments: 
[1.295s] -- Added test 'xmllint' to check XML markup files
[1.301s] -- Configuring done
[1.348s] -- Generating done
[1.353s] -- Build files have been written to: /home/user/ros2_ws/build/battery_monitoring
[1.389s] [35m[1mScanning dependencies of target server[0m
[1.403s] [  2%] Built target battery_monitoring__cpp
[1.405s] [ 11%] Built target battery_monitoring__rosidl_generator_c
[1.411s] [ 14%] [32mBuilding CXX object CMakeFiles/client.dir/src/client.cpp.o[0m
[1.469s] [01m[K/home/user/ros2_ws/src/battery_monitoring/src/client.cpp:1:10:[m[K [01;31m[Kfatal error: [m[Kbattery_monitoring/srv/RobotBatteryStatus.hpp: No such file or directory
[1.470s]     1 | #include [01;31m[K"battery_monitoring/srv/RobotBatteryStatus.hpp"[m[K // CHANGE
[1.470s]       |          [01;31m[K^~~~~~~~~~~~~~~~~~~~~~~~~~~~~~~~~~~~~~~~~~~~~~~[m[K
[1.470s] compilation terminated.
[1.471s] make[2]: *** [CMakeFiles/client.dir/build.make:63: CMakeFiles/client.dir/src/client.cpp.o] Error 1
[1.471s] make[1]: *** [CMakeFiles/Makefile2:125: CMakeFiles/client.dir/all] Error 2
[1.471s] make[1]: *** Waiting for unfinished jobs....
[1.483s] [ 22%] Built target battery_monitoring__rosidl_typesupport_c
[1.553s] [ 40%] Built target battery_monitoring__rosidl_typesupport_cpp
[1.554s] [ 40%] Built target battery_monitoring__rosidl_typesupport_introspection_cpp
[1.554s] [ 48%] Built target battery_monitoring__rosidl_typesupport_introspection_c
[1.556s] [ 51%] [32mBuilding CXX object CMakeFiles/server.dir/src/server.cpp.o[0m
[1.561s] [ 60%] Built target battery_monitoring__rosidl_typesupport_fastrtps_cpp
[3.812s] [ 62%] [32m[1mLinking CXX executable server[0m
[4.013s] [ 62%] Built target server
[4.014s] make: *** [Makefile:141: all] Error 2
[4.016s] Invoked command in '/home/user/ros2_ws/build/battery_monitoring' returned '2': CMAKE_PREFIX_PATH=${CMAKE_PREFIX_PATH}:/opt/ros/foxy _=/usr/bin/env /usr/bin/cmake --build /home/user/ros2_ws/build/battery_monitoring -- -j8 -l8
