[0.018s] Invoking command in '/home/user/ros2_ws/build/battery_monitoring': CMAKE_PREFIX_PATH=${CMAKE_PREFIX_PATH}:/opt/ros/foxy _=/usr/bin/env /usr/bin/cmake --build /home/user/ros2_ws/build/battery_monitoring -- -j8 -l8
[0.075s] [35m[1mScanning dependencies of target server[0m
[0.087s] [  8%] Built target battery_monitoring__rosidl_generator_c
[0.091s] [ 11%] Built target battery_monitoring__cpp
[0.165s] [ 17%] Built target client
[0.179s] [ 25%] Built target battery_monitoring__rosidl_typesupport_c
[0.182s] [ 34%] Built target battery_monitoring__rosidl_typesupport_introspection_c
[0.182s] [ 42%] Built target battery_monitoring__rosidl_typesupport_introspection_cpp
[0.183s] [ 51%] Built target battery_monitoring__rosidl_typesupport_cpp
[0.190s] [ 54%] [32mBuilding CXX object CMakeFiles/server.dir/src/server.cpp.o[0m
[0.198s] [ 62%] Built target battery_monitoring__rosidl_typesupport_fastrtps_cpp
[0.300s] [ 71%] Built target battery_monitoring__rosidl_typesupport_fastrtps_c
[0.324s] [ 71%] Built target battery_monitoring
[0.350s] [ 74%] Built target battery_monitoring__py
[0.389s] [ 80%] Built target battery_monitoring__python
[0.426s] [ 91%] Built target battery_monitoring__rosidl_typesupport_introspection_c__pyext
[0.426s] [ 91%] Built target battery_monitoring__rosidl_typesupport_c__pyext
[0.461s] [ 97%] Built target battery_monitoring__rosidl_typesupport_fastrtps_c__pyext
[1.765s] [01m[K/home/user/ros2_ws/src/battery_monitoring/src/server.cpp:[m[K In function '[01m[Kint main(int, char**)[m[K':
[1.766s] [01m[K/home/user/ros2_ws/src/battery_monitoring/src/server.cpp:28:23:[m[K [01;31m[Kerror: [m[Kexpected primary-expression before '[01m[K<[m[K' token
[1.766s]    28 |                       [01;31m[K<[m[Kbattery_monitoring::RobotBatteryStatus::Request> _1,
[1.766s]       |                       [01;31m[K^[m[K
[1.766s] [01m[K/home/user/ros2_ws/src/battery_monitoring/src/server.cpp:28:44:[m[K [01;31m[Kerror: [m[K'[01m[Kbattery_monitoring::RobotBatteryStatus[m[K' has not been declared
[1.766s]    28 |                       <battery_monitoring::[01;31m[KRobotBatteryStatus[m[K::Request> _1,
[1.767s]       |                                            [01;31m[K^~~~~~~~~~~~~~~~~~[m[K
[2.179s] make[2]: *** [CMakeFiles/server.dir/build.make:63: CMakeFiles/server.dir/src/server.cpp.o] Error 1
[2.179s] make[1]: *** [CMakeFiles/Makefile2:152: CMakeFiles/server.dir/all] Error 2
[2.179s] make: *** [Makefile:141: all] Error 2
[2.181s] Invoked command in '/home/user/ros2_ws/build/battery_monitoring' returned '2': CMAKE_PREFIX_PATH=${CMAKE_PREFIX_PATH}:/opt/ros/foxy _=/usr/bin/env /usr/bin/cmake --build /home/user/ros2_ws/build/battery_monitoring -- -j8 -l8
