[0.021s] Invoking command in '/home/user/ros2_ws/build/ros_battery_monitoring': CMAKE_PREFIX_PATH=${CMAKE_PREFIX_PATH}:/opt/ros/foxy _=/usr/bin/env /usr/bin/cmake --build /home/user/ros2_ws/build/ros_battery_monitoring -- -j8 -l8
[0.053s] -- Found ament_cmake: 0.9.9 (/opt/ros/foxy/share/ament_cmake/cmake)
[0.084s] -- Found PythonInterp: /usr/bin/python3 (found suitable version "3.8.10", minimum required is "3") 
[0.084s] -- Using PYTHON_EXECUTABLE: /usr/bin/python3
[0.397s] -- Found rclcpp: 2.4.0 (/opt/ros/foxy/share/rclcpp/cmake)
[0.445s] -- Using all available rosidl_typesupport_c: rosidl_typesupport_fastrtps_c;rosidl_typesupport_introspection_c
[0.450s] -- Found rosidl_adapter: 1.2.1 (/opt/ros/foxy/share/rosidl_adapter/cmake)
[0.664s] -- Using all available rosidl_typesupport_cpp: rosidl_typesupport_fastrtps_cpp;rosidl_typesupport_introspection_cpp
[0.728s] -- Found rmw_implementation_cmake: 1.0.3 (/opt/ros/foxy/share/rmw_implementation_cmake/cmake)
[0.730s] -- Using RMW implementation 'rmw_fastrtps_cpp' as default
[0.908s] -- Found ros_battery_monitoring: 0.0.0 (/home/user/ros2_ws/install/ros_battery_monitoring/share/ros_battery_monitoring/cmake)
[0.916s] -- Found rosidl_default_generators: 1.0.1 (/opt/ros/foxy/share/rosidl_default_generators/cmake)
[0.958s] -- Found PythonInterp: /usr/bin/python3 (found version "3.8.10") 
[1.111s] -- Found ament_cmake_ros: 0.9.2 (/opt/ros/foxy/share/ament_cmake_ros/cmake)
[1.293s] -- Using all available rosidl_typesupport_c: rosidl_typesupport_fastrtps_c;rosidl_typesupport_introspection_c
[1.303s] -- Using all available rosidl_typesupport_cpp: rosidl_typesupport_fastrtps_cpp;rosidl_typesupport_introspection_cpp
[1.335s] -- Found PythonInterp: /usr/bin/python3 (found suitable version "3.8.10", minimum required is "3.5") 
[1.335s] -- Found python_cmake_module: 0.8.1 (/opt/ros/foxy/share/python_cmake_module/cmake)
[1.365s] -- Using PYTHON_EXECUTABLE: /usr/bin/python3
[1.366s] -- Using PYTHON_INCLUDE_DIRS: /usr/include/python3.8
[1.366s] -- Using PYTHON_LIBRARIES: /usr/lib/x86_64-linux-gnu/libpython3.8.so
[1.386s] CMake Error at /opt/ros/foxy/share/ament_cmake_target_dependencies/cmake/ament_target_dependencies.cmake:77 (message):
[1.386s]   ament_target_dependencies() the passed package name
[1.386s]   '/opt/ros/foxy/lib/librclcpp.so' was not found before
[1.386s] Call Stack (most recent call first):
[1.387s]   CMakeLists.txt:31 (ament_target_dependencies)
[1.387s] 
[1.387s] 
[1.390s] -- Configuring incomplete, errors occurred!
[1.390s] See also "/home/user/ros2_ws/build/ros_battery_monitoring/CMakeFiles/CMakeOutput.log".
[1.390s] See also "/home/user/ros2_ws/build/ros_battery_monitoring/CMakeFiles/CMakeError.log".
[1.398s] make: *** [Makefile:836: cmake_check_build_system] Error 1
[1.400s] Invoked command in '/home/user/ros2_ws/build/ros_battery_monitoring' returned '2': CMAKE_PREFIX_PATH=${CMAKE_PREFIX_PATH}:/opt/ros/foxy _=/usr/bin/env /usr/bin/cmake --build /home/user/ros2_ws/build/ros_battery_monitoring -- -j8 -l8
