[01m[K/home/user/ros2_ws/src/battery_monitoring/src/server.cpp:[m[K In function '[01m[Kint main(int, char**)[m[K':
[01m[K/home/user/ros2_ws/src/battery_monitoring/src/server.cpp:27:101:[m[K [01;31m[Kerror: [m[Kno matching function for call to '[01m[Kbattery_monitoring::srv::RobotBatteryStatus_Request_<std::allocator<void> >::RobotBatteryStatus_Request_(const boost::arg<1>&)[m[K'
   27 |           "add_three_ints", boost::bind(&add((battery_monitoring::srv::RobotBatteryStatus::Request) [01;31m[K_1[m[K,(battery_monitoring::srv::RobotBatteryStatus::Response)_2)); // CHANGE
      |                                                                                                     [01;31m[K^~[m[K
In file included from [01m[K/home/user/ros2_ws/install/battery_monitoring/include/battery_monitoring/srv/robot_battery_status.hpp:7[m[K,
                 from [01m[K/home/user/ros2_ws/src/battery_monitoring/src/server.cpp:1[m[K:
[01m[K/home/user/ros2_ws/install/battery_monitoring/include/battery_monitoring/srv/detail/robot_battery_status__struct.hpp:44:12:[m[K [01;36m[Knote: [m[Kcandidate: '[01m[Kbattery_monitoring::srv::RobotBatteryStatus_Request_<ContainerAllocator>::RobotBatteryStatus_Request_(const ContainerAllocator&, rosidl_runtime_cpp::MessageInitialization) [with ContainerAllocator = std::allocator<void>][m[K'
   44 |   explicit [01;36m[KRobotBatteryStatus_Request_[m[K(const ContainerAllocator & _alloc, rosidl_runtime_cpp::MessageInitialization _init = rosidl_runtime_cpp::MessageInitialization::ALL)
      |            [01;36m[K^~~~~~~~~~~~~~~~~~~~~~~~~~~[m[K
[01m[K/home/user/ros2_ws/install/battery_monitoring/include/battery_monitoring/srv/detail/robot_battery_status__struct.hpp:44:67:[m[K [01;36m[Knote: [m[K  no known conversion for argument 1 from '[01m[Kconst boost::arg<1>[m[K' to '[01m[Kconst std::allocator<void>&[m[K'
   44 |   explicit RobotBatteryStatus_Request_([01;36m[Kconst ContainerAllocator & _alloc[m[K, rosidl_runtime_cpp::MessageInitialization _init = rosidl_runtime_cpp::MessageInitialization::ALL)
      |                                        [01;36m[K~~~~~~~~~~~~~~~~~~~~~~~~~~~^~~~~~[m[K
In file included from [01m[K/home/user/ros2_ws/install/battery_monitoring/include/battery_monitoring/srv/robot_battery_status.hpp:7[m[K,
                 from [01m[K/home/user/ros2_ws/src/battery_monitoring/src/server.cpp:1[m[K:
[01m[K/home/user/ros2_ws/install/battery_monitoring/include/battery_monitoring/srv/detail/robot_battery_status__struct.hpp:35:12:[m[K [01;36m[Knote: [m[Kcandidate: '[01m[Kbattery_monitoring::srv::RobotBatteryStatus_Request_<ContainerAllocator>::RobotBatteryStatus_Request_(rosidl_runtime_cpp::MessageInitialization) [with ContainerAllocator = std::allocator<void>][m[K'
   35 |   explicit [01;36m[KRobotBatteryStatus_Request_[m[K(rosidl_runtime_cpp::MessageInitialization _init = rosidl_runtime_cpp::MessageInitialization::ALL)
      |            [01;36m[K^~~~~~~~~~~~~~~~~~~~~~~~~~~[m[K
[01m[K/home/user/ros2_ws/install/battery_monitoring/include/battery_monitoring/srv/detail/robot_battery_status__struct.hpp:35:82:[m[K [01;36m[Knote: [m[K  no known conversion for argument 1 from '[01m[Kconst boost::arg<1>[m[K' to '[01m[Krosidl_runtime_cpp::MessageInitialization[m[K'
   35 |   explicit RobotBatteryStatus_Request_([01;36m[Krosidl_runtime_cpp::MessageInitialization _init = rosidl_runtime_cpp::MessageInitialization::ALL[m[K)
      |                                        [01;36m[K~~~~~~~~~~~~~~~~~~~~~~~~~~~~~~~~~~~~~~~~~~^~~~~~~~~~~~~~~~~~~~~~~~~~~~~~~~~~~~~~~~~~~~~~~~~~~~~~[m[K
[01m[K/home/user/ros2_ws/install/battery_monitoring/include/battery_monitoring/srv/detail/robot_battery_status__struct.hpp:31:8:[m[K [01;36m[Knote: [m[Kcandidate: '[01m[Kconstexpr battery_monitoring::srv::RobotBatteryStatus_Request_<std::allocator<void> >::RobotBatteryStatus_Request_(const battery_monitoring::srv::RobotBatteryStatus_Request_<std::allocator<void> >&)[m[K'
   31 | struct [01;36m[KRobotBatteryStatus_Request_[m[K
      |        [01;36m[K^~~~~~~~~~~~~~~~~~~~~~~~~~~[m[K
[01m[K/home/user/ros2_ws/install/battery_monitoring/include/battery_monitoring/srv/detail/robot_battery_status__struct.hpp:31:8:[m[K [01;36m[Knote: [m[K  no known conversion for argument 1 from '[01m[Kconst boost::arg<1>[m[K' to '[01m[Kconst battery_monitoring::srv::RobotBatteryStatus_Request_<std::allocator<void> >&[m[K'
[01m[K/home/user/ros2_ws/install/battery_monitoring/include/battery_monitoring/srv/detail/robot_battery_status__struct.hpp:31:8:[m[K [01;36m[Knote: [m[Kcandidate: '[01m[Kconstexpr battery_monitoring::srv::RobotBatteryStatus_Request_<std::allocator<void> >::RobotBatteryStatus_Request_(battery_monitoring::srv::RobotBatteryStatus_Request_<std::allocator<void> >&&)[m[K'
[01m[K/home/user/ros2_ws/install/battery_monitoring/include/battery_monitoring/srv/detail/robot_battery_status__struct.hpp:31:8:[m[K [01;36m[Knote: [m[K  no known conversion for argument 1 from '[01m[Kconst boost::arg<1>[m[K' to '[01m[Kbattery_monitoring::srv::RobotBatteryStatus_Request_<std::allocator<void> >&&[m[K'
[01m[K/home/user/ros2_ws/src/battery_monitoring/src/server.cpp:27:159:[m[K [01;31m[Kerror: [m[Kno matching function for call to '[01m[Kbattery_monitoring::srv::RobotBatteryStatus_Response_<std::allocator<void> >::RobotBatteryStatus_Response_(const boost::arg<2>&)[m[K'
   27 |           "add_three_ints", boost::bind(&add((battery_monitoring::srv::RobotBatteryStatus::Request) _1,(battery_monitoring::srv::RobotBatteryStatus::Response)[01;31m[K_2[m[K)); // CHANGE
      |                                                                                                                                                               [01;31m[K^~[m[K
In file included from [01m[K/home/user/ros2_ws/install/battery_monitoring/include/battery_monitoring/srv/robot_battery_status.hpp:7[m[K,
                 from [01m[K/home/user/ros2_ws/src/battery_monitoring/src/server.cpp:1[m[K:
[01m[K/home/user/ros2_ws/install/battery_monitoring/include/battery_monitoring/srv/detail/robot_battery_status__struct.hpp:158:12:[m[K [01;36m[Knote: [m[Kcandidate: '[01m[Kbattery_monitoring::srv::RobotBatteryStatus_Response_<ContainerAllocator>::RobotBatteryStatus_Response_(const ContainerAllocator&, rosidl_runtime_cpp::MessageInitialization) [with ContainerAllocator = std::allocator<void>][m[K'
  158 |   explicit [01;36m[KRobotBatteryStatus_Response_[m[K(const ContainerAllocator & _alloc, rosidl_runtime_cpp::MessageInitialization _init = rosidl_runtime_cpp::MessageInitialization::ALL)
      |            [01;36m[K^~~~~~~~~~~~~~~~~~~~~~~~~~~~[m[K
[01m[K/home/user/ros2_ws/install/battery_monitoring/include/battery_monitoring/srv/detail/robot_battery_status__struct.hpp:158:68:[m[K [01;36m[Knote: [m[K  no known conversion for argument 1 from '[01m[Kconst boost::arg<2>[m[K' to '[01m[Kconst std::allocator<void>&[m[K'
  158 |   explicit RobotBatteryStatus_Response_([01;36m[Kconst ContainerAllocator & _alloc[m[K, rosidl_runtime_cpp::MessageInitialization _init = rosidl_runtime_cpp::MessageInitialization::ALL)
      |                                         [01;36m[K~~~~~~~~~~~~~~~~~~~~~~~~~~~^~~~~~[m[K
[01m[K/home/user/ros2_ws/install/battery_monitoring/include/battery_monitoring/srv/detail/robot_battery_status__struct.hpp:149:12:[m[K [01;36m[Knote: [m[Kcandidate: '[01m[Kbattery_monitoring::srv::RobotBatteryStatus_Response_<ContainerAllocator>::RobotBatteryStatus_Response_(rosidl_runtime_cpp::MessageInitialization) [with ContainerAllocator = std::allocator<void>][m[K'
  149 |   explicit [01;36m[KRobotBatteryStatus_Response_[m[K(rosidl_runtime_cpp::MessageInitialization _init = rosidl_runtime_cpp::MessageInitialization::ALL)
      |            [01;36m[K^~~~~~~~~~~~~~~~~~~~~~~~~~~~[m[K
[01m[K/home/user/ros2_ws/install/battery_monitoring/include/battery_monitoring/srv/detail/robot_battery_status__struct.hpp:149:83:[m[K [01;36m[Knote: [m[K  no known conversion for argument 1 from '[01m[Kconst boost::arg<2>[m[K' to '[01m[Krosidl_runtime_cpp::MessageInitialization[m[K'
  149 |   explicit RobotBatteryStatus_Response_([01;36m[Krosidl_runtime_cpp::MessageInitialization _init = rosidl_runtime_cpp::MessageInitialization::ALL[m[K)
      |                                         [01;36m[K~~~~~~~~~~~~~~~~~~~~~~~~~~~~~~~~~~~~~~~~~~^~~~~~~~~~~~~~~~~~~~~~~~~~~~~~~~~~~~~~~~~~~~~~~~~~~~~~[m[K
[01m[K/home/user/ros2_ws/install/battery_monitoring/include/battery_monitoring/srv/detail/robot_battery_status__struct.hpp:145:8:[m[K [01;36m[Knote: [m[Kcandidate: '[01m[Kconstexpr battery_monitoring::srv::RobotBatteryStatus_Response_<std::allocator<void> >::RobotBatteryStatus_Response_(const battery_monitoring::srv::RobotBatteryStatus_Response_<std::allocator<void> >&)[m[K'
  145 | struct [01;36m[KRobotBatteryStatus_Response_[m[K
      |        [01;36m[K^~~~~~~~~~~~~~~~~~~~~~~~~~~~[m[K
[01m[K/home/user/ros2_ws/install/battery_monitoring/include/battery_monitoring/srv/detail/robot_battery_status__struct.hpp:145:8:[m[K [01;36m[Knote: [m[K  no known conversion for argument 1 from '[01m[Kconst boost::arg<2>[m[K' to '[01m[Kconst battery_monitoring::srv::RobotBatteryStatus_Response_<std::allocator<void> >&[m[K'
[01m[K/home/user/ros2_ws/install/battery_monitoring/include/battery_monitoring/srv/detail/robot_battery_status__struct.hpp:145:8:[m[K [01;36m[Knote: [m[Kcandidate: '[01m[Kconstexpr battery_monitoring::srv::RobotBatteryStatus_Response_<std::allocator<void> >::RobotBatteryStatus_Response_(battery_monitoring::srv::RobotBatteryStatus_Response_<std::allocator<void> >&&)[m[K'
[01m[K/home/user/ros2_ws/install/battery_monitoring/include/battery_monitoring/srv/detail/robot_battery_status__struct.hpp:145:8:[m[K [01;36m[Knote: [m[K  no known conversion for argument 1 from '[01m[Kconst boost::arg<2>[m[K' to '[01m[Kbattery_monitoring::srv::RobotBatteryStatus_Response_<std::allocator<void> >&&[m[K'
make[2]: *** [CMakeFiles/server.dir/build.make:63: CMakeFiles/server.dir/src/server.cpp.o] Error 1
make[1]: *** [CMakeFiles/Makefile2:152: CMakeFiles/server.dir/all] Error 2
make: *** [Makefile:141: all] Error 2
