[0.032s] Invoking command in '/home/user/ros2_ws/build/tutorial_interfaces': CMAKE_PREFIX_PATH=${CMAKE_PREFIX_PATH}:/opt/ros/foxy _=/usr/bin/env /usr/bin/cmake --build /home/user/ros2_ws/build/tutorial_interfaces -- -j8 -l8
[0.204s] [  3%] Built target tutorial_interfaces__cpp
[0.217s] [ 12%] Built target tutorial_interfaces__rosidl_generator_c
[0.406s] [ 22%] Built target tutorial_interfaces__rosidl_typesupport_cpp
[0.478s] [ 32%] Built target tutorial_interfaces__rosidl_typesupport_introspection_cpp
[0.488s] [ 41%] Built target tutorial_interfaces__rosidl_typesupport_fastrtps_cpp
[0.489s] [ 51%] Built target tutorial_interfaces__rosidl_typesupport_c
[0.501s] [ 61%] Built target tutorial_interfaces__rosidl_typesupport_introspection_c
[0.601s] [ 70%] Built target tutorial_interfaces__rosidl_typesupport_fastrtps_c
[0.683s] [ 70%] Built target tutorial_interfaces
[0.722s] [ 74%] Built target tutorial_interfaces__py
[0.820s] [ 80%] Built target tutorial_interfaces__python
[0.983s] [ 87%] Built target tutorial_interfaces__rosidl_typesupport_introspection_c__pyext
[1.002s] [ 96%] Built target tutorial_interfaces__rosidl_typesupport_fastrtps_c__pyext
[1.014s] [100%] Built target tutorial_interfaces__rosidl_typesupport_c__pyext
[1.092s] Invoked command in '/home/user/ros2_ws/build/tutorial_interfaces' returned '0': CMAKE_PREFIX_PATH=${CMAKE_PREFIX_PATH}:/opt/ros/foxy _=/usr/bin/env /usr/bin/cmake --build /home/user/ros2_ws/build/tutorial_interfaces -- -j8 -l8
[1.417s] Invoking command in '/home/user/ros2_ws/build/tutorial_interfaces': CMAKE_PREFIX_PATH=${CMAKE_PREFIX_PATH}:/opt/ros/foxy _=/usr/bin/env /usr/bin/cmake --install /home/user/ros2_ws/build/tutorial_interfaces
[1.433s] -- Install configuration: ""
[1.433s] -- Up-to-date: /home/user/ros2_ws/install/tutorial_interfaces/share/ament_index/resource_index/rosidl_interfaces/tutorial_interfaces
[1.434s] -- Up-to-date: /home/user/ros2_ws/install/tutorial_interfaces/include/tutorial_interfaces
[1.434s] -- Up-to-date: /home/user/ros2_ws/install/tutorial_interfaces/include/tutorial_interfaces/srv
[1.434s] -- Up-to-date: /home/user/ros2_ws/install/tutorial_interfaces/include/tutorial_interfaces/srv/detail
[1.434s] -- Up-to-date: /home/user/ros2_ws/install/tutorial_interfaces/include/tutorial_interfaces/srv/detail/add_three_inits__struct.h
[1.434s] -- Up-to-date: /home/user/ros2_ws/install/tutorial_interfaces/include/tutorial_interfaces/srv/detail/add_three_inits__type_support.h
[1.435s] -- Up-to-date: /home/user/ros2_ws/install/tutorial_interfaces/include/tutorial_interfaces/srv/detail/add_three_inits__functions.h
[1.435s] -- Up-to-date: /home/user/ros2_ws/install/tutorial_interfaces/include/tutorial_interfaces/srv/detail/add_three_inits__functions.c
[1.435s] -- Up-to-date: /home/user/ros2_ws/install/tutorial_interfaces/include/tutorial_interfaces/srv/add_three_inits.h
[1.435s] -- Up-to-date: /home/user/ros2_ws/install/tutorial_interfaces/include/tutorial_interfaces/msg
[1.436s] -- Up-to-date: /home/user/ros2_ws/install/tutorial_interfaces/include/tutorial_interfaces/msg/rosidl_generator_c__visibility_control.h
[1.436s] -- Up-to-date: /home/user/ros2_ws/install/tutorial_interfaces/share/tutorial_interfaces/environment/library_path.sh
[1.437s] -- Up-to-date: /home/user/ros2_ws/install/tutorial_interfaces/share/tutorial_interfaces/environment/library_path.dsv
[1.437s] -- Up-to-date: /home/user/ros2_ws/install/tutorial_interfaces/lib/libtutorial_interfaces__rosidl_generator_c.so
[1.438s] -- Up-to-date: /home/user/ros2_ws/install/tutorial_interfaces/include/tutorial_interfaces
[1.438s] -- Up-to-date: /home/user/ros2_ws/install/tutorial_interfaces/include/tutorial_interfaces/srv
[1.478s] -- Up-to-date: /home/user/ros2_ws/install/tutorial_interfaces/include/tutorial_interfaces/srv/detail
[1.478s] -- Up-to-date: /home/user/ros2_ws/install/tutorial_interfaces/include/tutorial_interfaces/srv/detail/add_three_inits__rosidl_typesupport_fastrtps_c.h
[1.479s] -- Up-to-date: /home/user/ros2_ws/install/tutorial_interfaces/include/tutorial_interfaces/msg
[1.479s] -- Up-to-date: /home/user/ros2_ws/install/tutorial_interfaces/include/tutorial_interfaces/msg/rosidl_typesupport_fastrtps_c__visibility_control.h
[1.479s] -- Up-to-date: /home/user/ros2_ws/install/tutorial_interfaces/lib/libtutorial_interfaces__rosidl_typesupport_fastrtps_c.so
[1.479s] -- Up-to-date: /home/user/ros2_ws/install/tutorial_interfaces/include/tutorial_interfaces
[1.479s] -- Up-to-date: /home/user/ros2_ws/install/tutorial_interfaces/include/tutorial_interfaces/srv
[1.479s] -- Up-to-date: /home/user/ros2_ws/install/tutorial_interfaces/include/tutorial_interfaces/srv/detail
[1.480s] -- Up-to-date: /home/user/ros2_ws/install/tutorial_interfaces/include/tutorial_interfaces/srv/detail/dds_fastrtps
[1.480s] -- Up-to-date: /home/user/ros2_ws/install/tutorial_interfaces/include/tutorial_interfaces/srv/detail/add_three_inits__rosidl_typesupport_fastrtps_cpp.hpp
[1.480s] -- Up-to-date: /home/user/ros2_ws/install/tutorial_interfaces/include/tutorial_interfaces/msg
[1.480s] -- Up-to-date: /home/user/ros2_ws/install/tutorial_interfaces/include/tutorial_interfaces/msg/rosidl_typesupport_fastrtps_cpp__visibility_control.h
[1.480s] -- Up-to-date: /home/user/ros2_ws/install/tutorial_interfaces/lib/libtutorial_interfaces__rosidl_typesupport_fastrtps_cpp.so
[1.481s] -- Up-to-date: /home/user/ros2_ws/install/tutorial_interfaces/include/tutorial_interfaces
[1.481s] -- Up-to-date: /home/user/ros2_ws/install/tutorial_interfaces/include/tutorial_interfaces/srv
[1.481s] -- Up-to-date: /home/user/ros2_ws/install/tutorial_interfaces/include/tutorial_interfaces/srv/detail
[1.481s] -- Up-to-date: /home/user/ros2_ws/install/tutorial_interfaces/include/tutorial_interfaces/srv/detail/add_three_inits__type_support.c
[1.481s] -- Up-to-date: /home/user/ros2_ws/install/tutorial_interfaces/include/tutorial_interfaces/srv/detail/add_three_inits__rosidl_typesupport_introspection_c.h
[1.482s] -- Up-to-date: /home/user/ros2_ws/install/tutorial_interfaces/include/tutorial_interfaces/msg
[1.482s] -- Up-to-date: /home/user/ros2_ws/install/tutorial_interfaces/include/tutorial_interfaces/msg/rosidl_typesupport_introspection_c__visibility_control.h
[1.482s] -- Up-to-date: /home/user/ros2_ws/install/tutorial_interfaces/lib/libtutorial_interfaces__rosidl_typesupport_introspection_c.so
[1.482s] -- Up-to-date: /home/user/ros2_ws/install/tutorial_interfaces/lib/libtutorial_interfaces__rosidl_typesupport_c.so
[1.482s] -- Up-to-date: /home/user/ros2_ws/install/tutorial_interfaces/include/tutorial_interfaces
[1.483s] -- Up-to-date: /home/user/ros2_ws/install/tutorial_interfaces/include/tutorial_interfaces/srv
[1.483s] -- Up-to-date: /home/user/ros2_ws/install/tutorial_interfaces/include/tutorial_interfaces/srv/detail
[1.483s] -- Up-to-date: /home/user/ros2_ws/install/tutorial_interfaces/include/tutorial_interfaces/srv/detail/add_three_inits__builder.hpp
[1.483s] -- Up-to-date: /home/user/ros2_ws/install/tutorial_interfaces/include/tutorial_interfaces/srv/detail/add_three_inits__traits.hpp
[1.483s] -- Up-to-date: /home/user/ros2_ws/install/tutorial_interfaces/include/tutorial_interfaces/srv/detail/add_three_inits__struct.hpp
[1.484s] -- Up-to-date: /home/user/ros2_ws/install/tutorial_interfaces/include/tutorial_interfaces/srv/add_three_inits.hpp
[1.484s] -- Up-to-date: /home/user/ros2_ws/install/tutorial_interfaces/include/tutorial_interfaces
[1.484s] -- Up-to-date: /home/user/ros2_ws/install/tutorial_interfaces/include/tutorial_interfaces/srv
[1.484s] -- Up-to-date: /home/user/ros2_ws/install/tutorial_interfaces/include/tutorial_interfaces/srv/detail
[1.484s] -- Up-to-date: /home/user/ros2_ws/install/tutorial_interfaces/include/tutorial_interfaces/srv/detail/add_three_inits__type_support.cpp
[1.484s] -- Up-to-date: /home/user/ros2_ws/install/tutorial_interfaces/include/tutorial_interfaces/srv/detail/add_three_inits__rosidl_typesupport_introspection_cpp.hpp
[1.485s] -- Up-to-date: /home/user/ros2_ws/install/tutorial_interfaces/lib/libtutorial_interfaces__rosidl_typesupport_introspection_cpp.so
[1.485s] -- Up-to-date: /home/user/ros2_ws/install/tutorial_interfaces/lib/libtutorial_interfaces__rosidl_typesupport_cpp.so
[1.485s] -- Up-to-date: /home/user/ros2_ws/install/tutorial_interfaces/share/tutorial_interfaces/environment/pythonpath.sh
[1.485s] -- Up-to-date: /home/user/ros2_ws/install/tutorial_interfaces/share/tutorial_interfaces/environment/pythonpath.dsv
[1.486s] -- Up-to-date: /home/user/ros2_ws/install/tutorial_interfaces/lib/python3.8/site-packages/tutorial_interfaces/__init__.py
[1.539s] -- Up-to-date: /home/user/ros2_ws/install/tutorial_interfaces/lib/python3.8/site-packages/tutorial_interfaces/srv
[1.539s] -- Up-to-date: /home/user/ros2_ws/install/tutorial_interfaces/lib/python3.8/site-packages/tutorial_interfaces/srv/_add_three_inits_s.c
[1.540s] -- Up-to-date: /home/user/ros2_ws/install/tutorial_interfaces/lib/python3.8/site-packages/tutorial_interfaces/srv/__init__.py
[1.540s] -- Up-to-date: /home/user/ros2_ws/install/tutorial_interfaces/lib/python3.8/site-packages/tutorial_interfaces/srv/_add_three_inits.py
[1.540s] -- Up-to-date: /home/user/ros2_ws/install/tutorial_interfaces/lib/python3.8/site-packages/tutorial_interfaces/tutorial_interfaces_s__rosidl_typesupport_fastrtps_c.cpython-38-x86_64-linux-gnu.so
[1.541s] -- Up-to-date: /home/user/ros2_ws/install/tutorial_interfaces/lib/python3.8/site-packages/tutorial_interfaces/tutorial_interfaces_s__rosidl_typesupport_introspection_c.cpython-38-x86_64-linux-gnu.so
[1.578s] -- Up-to-date: /home/user/ros2_ws/install/tutorial_interfaces/lib/python3.8/site-packages/tutorial_interfaces/tutorial_interfaces_s__rosidl_typesupport_c.cpython-38-x86_64-linux-gnu.so
[1.579s] -- Up-to-date: /home/user/ros2_ws/install/tutorial_interfaces/lib/libtutorial_interfaces__python.so
[1.580s] -- Up-to-date: /home/user/ros2_ws/install/tutorial_interfaces/share/tutorial_interfaces/srv/AddThreeInits.idl
[1.580s] -- Up-to-date: /home/user/ros2_ws/install/tutorial_interfaces/share/tutorial_interfaces/srv/AddThreeInits.srv
[1.581s] -- Up-to-date: /home/user/ros2_ws/install/tutorial_interfaces/share/tutorial_interfaces/srv/AddThreeInits_Request.msg
[1.581s] -- Up-to-date: /home/user/ros2_ws/install/tutorial_interfaces/share/tutorial_interfaces/srv/AddThreeInits_Response.msg
[1.581s] -- Up-to-date: /home/user/ros2_ws/install/tutorial_interfaces/share/ament_index/resource_index/package_run_dependencies/tutorial_interfaces
[1.582s] -- Up-to-date: /home/user/ros2_ws/install/tutorial_interfaces/share/ament_index/resource_index/parent_prefix_path/tutorial_interfaces
[1.582s] -- Up-to-date: /home/user/ros2_ws/install/tutorial_interfaces/share/tutorial_interfaces/environment/ament_prefix_path.sh
[1.582s] -- Up-to-date: /home/user/ros2_ws/install/tutorial_interfaces/share/tutorial_interfaces/environment/ament_prefix_path.dsv
[1.583s] -- Up-to-date: /home/user/ros2_ws/install/tutorial_interfaces/share/tutorial_interfaces/environment/path.sh
[1.583s] -- Up-to-date: /home/user/ros2_ws/install/tutorial_interfaces/share/tutorial_interfaces/environment/path.dsv
[1.583s] -- Up-to-date: /home/user/ros2_ws/install/tutorial_interfaces/share/tutorial_interfaces/local_setup.bash
[1.583s] -- Up-to-date: /home/user/ros2_ws/install/tutorial_interfaces/share/tutorial_interfaces/local_setup.sh
[1.584s] -- Up-to-date: /home/user/ros2_ws/install/tutorial_interfaces/share/tutorial_interfaces/local_setup.zsh
[1.584s] -- Up-to-date: /home/user/ros2_ws/install/tutorial_interfaces/share/tutorial_interfaces/local_setup.dsv
[1.584s] -- Installing: /home/user/ros2_ws/install/tutorial_interfaces/share/tutorial_interfaces/package.dsv
[1.584s] -- Up-to-date: /home/user/ros2_ws/install/tutorial_interfaces/share/ament_index/resource_index/packages/tutorial_interfaces
[1.584s] -- Up-to-date: /home/user/ros2_ws/install/tutorial_interfaces/share/tutorial_interfaces/cmake/tutorial_interfaces__rosidl_generator_cExport.cmake
[1.585s] -- Up-to-date: /home/user/ros2_ws/install/tutorial_interfaces/share/tutorial_interfaces/cmake/tutorial_interfaces__rosidl_generator_cExport-noconfig.cmake
[1.585s] -- Up-to-date: /home/user/ros2_ws/install/tutorial_interfaces/share/tutorial_interfaces/cmake/tutorial_interfaces__rosidl_typesupport_introspection_cExport.cmake
[1.585s] -- Up-to-date: /home/user/ros2_ws/install/tutorial_interfaces/share/tutorial_interfaces/cmake/tutorial_interfaces__rosidl_typesupport_introspection_cExport-noconfig.cmake
[1.585s] -- Up-to-date: /home/user/ros2_ws/install/tutorial_interfaces/share/tutorial_interfaces/cmake/tutorial_interfaces__rosidl_typesupport_cExport.cmake
[1.585s] -- Up-to-date: /home/user/ros2_ws/install/tutorial_interfaces/share/tutorial_interfaces/cmake/tutorial_interfaces__rosidl_typesupport_cExport-noconfig.cmake
[1.586s] -- Up-to-date: /home/user/ros2_ws/install/tutorial_interfaces/share/tutorial_interfaces/cmake/tutorial_interfaces__rosidl_generator_cppExport.cmake
[1.589s] -- Up-to-date: /home/user/ros2_ws/install/tutorial_interfaces/share/tutorial_interfaces/cmake/tutorial_interfaces__rosidl_typesupport_introspection_cppExport.cmake
[1.589s] -- Up-to-date: /home/user/ros2_ws/install/tutorial_interfaces/share/tutorial_interfaces/cmake/tutorial_interfaces__rosidl_typesupport_introspection_cppExport-noconfig.cmake
[1.591s] -- Up-to-date: /home/user/ros2_ws/install/tutorial_interfaces/share/tutorial_interfaces/cmake/tutorial_interfaces__rosidl_typesupport_cppExport.cmake
[1.591s] -- Up-to-date: /home/user/ros2_ws/install/tutorial_interfaces/share/tutorial_interfaces/cmake/tutorial_interfaces__rosidl_typesupport_cppExport-noconfig.cmake
[1.594s] -- Up-to-date: /home/user/ros2_ws/install/tutorial_interfaces/share/tutorial_interfaces/cmake/rosidl_cmake-extras.cmake
[1.595s] -- Up-to-date: /home/user/ros2_ws/install/tutorial_interfaces/share/tutorial_interfaces/cmake/ament_cmake_export_dependencies-extras.cmake
[1.595s] -- Up-to-date: /home/user/ros2_ws/install/tutorial_interfaces/share/tutorial_interfaces/cmake/ament_cmake_export_libraries-extras.cmake
[1.596s] -- Up-to-date: /home/user/ros2_ws/install/tutorial_interfaces/share/tutorial_interfaces/cmake/ament_cmake_export_targets-extras.cmake
[1.598s] -- Up-to-date: /home/user/ros2_ws/install/tutorial_interfaces/share/tutorial_interfaces/cmake/ament_cmake_export_include_directories-extras.cmake
[1.598s] -- Up-to-date: /home/user/ros2_ws/install/tutorial_interfaces/share/tutorial_interfaces/cmake/rosidl_cmake_export_typesupport_libraries-extras.cmake
[1.599s] -- Up-to-date: /home/user/ros2_ws/install/tutorial_interfaces/share/tutorial_interfaces/cmake/rosidl_cmake_export_typesupport_targets-extras.cmake
[1.600s] -- Up-to-date: /home/user/ros2_ws/install/tutorial_interfaces/share/tutorial_interfaces/cmake/tutorial_interfacesConfig.cmake
[1.600s] -- Up-to-date: /home/user/ros2_ws/install/tutorial_interfaces/share/tutorial_interfaces/cmake/tutorial_interfacesConfig-version.cmake
[1.600s] -- Up-to-date: /home/user/ros2_ws/install/tutorial_interfaces/share/tutorial_interfaces/package.xml
[1.601s] Invoked command in '/home/user/ros2_ws/build/tutorial_interfaces' returned '0': CMAKE_PREFIX_PATH=${CMAKE_PREFIX_PATH}:/opt/ros/foxy _=/usr/bin/env /usr/bin/cmake --install /home/user/ros2_ws/build/tutorial_interfaces
