[35m[1mScanning dependencies of target server[0m
[  2%] Built target battery_monitoring__cpp
[ 11%] Built target battery_monitoring__rosidl_generator_c
[ 17%] Built target client
[ 22%] [32mBuilding CXX object CMakeFiles/server.dir/src/server.cpp.o[0m
[ 34%] Built target battery_monitoring__rosidl_typesupport_fastrtps_cpp
[ 40%] Built target battery_monitoring__rosidl_typesupport_introspection_c
[ 45%] Built target battery_monitoring__rosidl_typesupport_cpp
[ 54%] Built target battery_monitoring__rosidl_typesupport_c
[ 62%] Built target battery_monitoring__rosidl_typesupport_introspection_cpp
[ 71%] Built target battery_monitoring__rosidl_typesupport_fastrtps_c
[ 71%] Built target battery_monitoring
[ 74%] Built target battery_monitoring__py
[ 80%] Built target battery_monitoring__python
[ 97%] Built target battery_monitoring__rosidl_typesupport_c__pyext
[ 97%] Built target battery_monitoring__rosidl_typesupport_introspection_c__pyext
[ 97%] Built target battery_monitoring__rosidl_typesupport_fastrtps_c__pyext
[01m[K/home/user/ros2_ws/src/battery_monitoring/src/server.cpp:[m[K In function '[01m[Kint main(int, char**)[m[K':
[01m[K/home/user/ros2_ws/src/battery_monitoring/src/server.cpp:26:46:[m[K [01;31m[Kerror: [m[Kcould not convert '[01m[K(battery_monitoring::srv::RobotBatteryStatus::Request&)(& boost::placeholders::_1)[m[K' from '[01m[Kbattery_monitoring::srv::RobotBatteryStatus::Request[m[K' {aka '[01m[Kbattery_monitoring::srv::RobotBatteryStatus_Request_<std::allocator<void> >[m[K'} to '[01m[Kstd::shared_ptr<battery_monitoring::srv::RobotBatteryStatus_Request_<std::allocator<void> > >[m[K'
   26 |           "add_three_ints", boost::bind(&add([01;31m[K(battery_monitoring::srv::RobotBatteryStatus::Request &) _1[m[K,_2)); // CHANGE
      |                                              [01;31m[K^~~~~~~~~~~~~~~~~~~~~~~~~~~~~~~~~~~~~~~~~~~~~~~~~~~~~~~~~~~[m[K
      |                                              [01;31m[K|[m[K
      |                                              [01;31m[Kbattery_monitoring::srv::RobotBatteryStatus::Request {aka battery_monitoring::srv::RobotBatteryStatus_Request_<std::allocator<void> >}[m[K
make[2]: *** [CMakeFiles/server.dir/build.make:63: CMakeFiles/server.dir/src/server.cpp.o] Error 1
make[1]: *** [CMakeFiles/Makefile2:152: CMakeFiles/server.dir/all] Error 2
make: *** [Makefile:141: all] Error 2
