[0.022s] Invoking command in '/home/user/ros2_ws/build/battery_monitoring': CMAKE_PREFIX_PATH=${CMAKE_PREFIX_PATH}:/opt/ros/foxy _=/usr/bin/env /usr/bin/cmake --build /home/user/ros2_ws/build/battery_monitoring -- -j8 -l8
[0.081s] [35m[1mScanning dependencies of target server[0m
[0.100s] [  2%] Built target battery_monitoring__cpp
[0.104s] [ 11%] Built target battery_monitoring__rosidl_generator_c
[0.124s] [ 17%] Built target client
[0.205s] [ 22%] [32mBuilding CXX object CMakeFiles/server.dir/src/server.cpp.o[0m
[0.205s] [ 34%] Built target battery_monitoring__rosidl_typesupport_fastrtps_cpp
[0.206s] [ 40%] Built target battery_monitoring__rosidl_typesupport_introspection_c
[0.206s] [ 45%] Built target battery_monitoring__rosidl_typesupport_cpp
[0.211s] [ 54%] Built target battery_monitoring__rosidl_typesupport_c
[0.215s] [ 62%] Built target battery_monitoring__rosidl_typesupport_introspection_cpp
[0.291s] [ 71%] Built target battery_monitoring__rosidl_typesupport_fastrtps_c
[0.317s] [ 71%] Built target battery_monitoring
[0.346s] [ 74%] Built target battery_monitoring__py
[0.384s] [ 80%] Built target battery_monitoring__python
[0.433s] [ 97%] Built target battery_monitoring__rosidl_typesupport_c__pyext
[0.433s] [ 97%] Built target battery_monitoring__rosidl_typesupport_introspection_c__pyext
[0.433s] [ 97%] Built target battery_monitoring__rosidl_typesupport_fastrtps_c__pyext
[1.880s] [01m[K/home/user/ros2_ws/src/battery_monitoring/src/server.cpp:[m[K In function '[01m[Kint main(int, char**)[m[K':
[1.881s] [01m[K/home/user/ros2_ws/src/battery_monitoring/src/server.cpp:26:46:[m[K [01;31m[Kerror: [m[Kcould not convert '[01m[K(battery_monitoring::srv::RobotBatteryStatus::Request&)(& boost::placeholders::_1)[m[K' from '[01m[Kbattery_monitoring::srv::RobotBatteryStatus::Request[m[K' {aka '[01m[Kbattery_monitoring::srv::RobotBatteryStatus_Request_<std::allocator<void> >[m[K'} to '[01m[Kstd::shared_ptr<battery_monitoring::srv::RobotBatteryStatus_Request_<std::allocator<void> > >[m[K'
[1.881s]    26 |           "add_three_ints", boost::bind(&add([01;31m[K(battery_monitoring::srv::RobotBatteryStatus::Request &) _1[m[K,_2)); // CHANGE
[1.881s]       |                                              [01;31m[K^~~~~~~~~~~~~~~~~~~~~~~~~~~~~~~~~~~~~~~~~~~~~~~~~~~~~~~~~~~[m[K
[1.881s]       |                                              [01;31m[K|[m[K
[1.881s]       |                                              [01;31m[Kbattery_monitoring::srv::RobotBatteryStatus::Request {aka battery_monitoring::srv::RobotBatteryStatus_Request_<std::allocator<void> >}[m[K
[2.317s] make[2]: *** [CMakeFiles/server.dir/build.make:63: CMakeFiles/server.dir/src/server.cpp.o] Error 1
[2.317s] make[1]: *** [CMakeFiles/Makefile2:152: CMakeFiles/server.dir/all] Error 2
[2.317s] make: *** [Makefile:141: all] Error 2
[2.319s] Invoked command in '/home/user/ros2_ws/build/battery_monitoring' returned '2': CMAKE_PREFIX_PATH=${CMAKE_PREFIX_PATH}:/opt/ros/foxy _=/usr/bin/env /usr/bin/cmake --build /home/user/ros2_ws/build/battery_monitoring -- -j8 -l8
