[0.018s] Invoking command in '/home/user/ros2_ws/build/Battery_monitoring': CMAKE_PREFIX_PATH=${CMAKE_PREFIX_PATH}:/opt/ros/foxy _=/usr/bin/env /usr/bin/cmake /home/user/ros2_ws/src/Battery_monitoring -DCMAKE_INSTALL_PREFIX=/home/user/ros2_ws/install/Battery_monitoring
[0.033s] -- Found ament_cmake: 0.9.9 (/opt/ros/foxy/share/ament_cmake/cmake)
[0.060s] -- Found PythonInterp: /usr/bin/python3 (found suitable version "3.8.10", minimum required is "3") 
[0.060s] -- Using PYTHON_EXECUTABLE: /usr/bin/python3
[0.333s] -- Found rosidl_default_generators: 1.0.1 (/opt/ros/foxy/share/rosidl_default_generators/cmake)
[0.336s] -- Using all available rosidl_typesupport_c: rosidl_typesupport_fastrtps_c;rosidl_typesupport_introspection_c
[0.340s] -- Found rosidl_adapter: 1.2.1 (/opt/ros/foxy/share/rosidl_adapter/cmake)
[0.557s] -- Using all available rosidl_typesupport_cpp: rosidl_typesupport_fastrtps_cpp;rosidl_typesupport_introspection_cpp
[0.610s] -- Found PythonInterp: /usr/bin/python3 (found version "3.8.10") 
[0.775s] CMake Error at /opt/ros/foxy/share/rosidl_adapter/cmake/rosidl_adapt_interfaces.cmake:60 (message):
[0.775s]   execute_process(/usr/bin/python3 -m rosidl_adapter --package-name
[0.776s]   Battery_monitoring --arguments-file
[0.776s]   /home/user/ros2_ws/build/Battery_monitoring/rosidl_adapter__arguments__Battery_monitoring.json
[0.776s]   --output-dir
[0.776s]   /home/user/ros2_ws/build/Battery_monitoring/rosidl_adapter/Battery_monitoring
[0.776s]   --output-file
[0.776s]   /home/user/ros2_ws/build/Battery_monitoring/rosidl_adapter/Battery_monitoring.idls)
[0.777s]   returned error code 1:
[0.777s] 
[0.777s]   Error processing 'int64 BatteryNum' of
[0.777s]   'Battery_monitoring/BatteryMonitorService_Request': ''BatteryNum' is an
[0.777s]   invalid field name.  It should have the pattern
[0.778s]   '^(?!.*__)(?!.*_$)[a-z][a-z0-9_]*$''
[0.778s] 
[0.778s]   Traceback (most recent call last):
[0.778s] 
[0.778s]     File "/usr/lib/python3.8/runpy.py", line 194, in _run_module_as_main
[0.778s]       return _run_code(code, main_globals, None,
[0.779s]     File "/usr/lib/python3.8/runpy.py", line 87, in _run_code
[0.779s]       exec(code, run_globals)
[0.779s]     File "/opt/ros/foxy/lib/python3.8/site-packages/rosidl_adapter/__main__.py", line 19, in <module>
[0.779s]       sys.exit(main())
[0.779s]     File "/opt/ros/foxy/lib/python3.8/site-packages/rosidl_adapter/main.py", line 53, in main
[0.779s]       abs_idl_file = convert_to_idl(
[0.780s]     File "/opt/ros/foxy/lib/python3.8/site-packages/rosidl_adapter/__init__.py", line 24, in convert_to_idl
[0.780s]       return convert_srv_to_idl(
[0.780s]     File "/opt/ros/foxy/lib/python3.8/site-packages/rosidl_adapter/srv/__init__.py", line 28, in convert_srv_to_idl
[0.780s]       srv = parse_service_string(package_name, input_file.stem, content)
[0.780s]     File "/opt/ros/foxy/lib/python3.8/site-packages/rosidl_adapter/parser.py", line 852, in parse_service_string
[0.781s]       request_message = parse_message_string(
[0.781s]     File "/opt/ros/foxy/lib/python3.8/site-packages/rosidl_adapter/parser.py", line 515, in parse_message_string
[0.781s]       fields.append(Field(
[0.781s]     File "/opt/ros/foxy/lib/python3.8/site-packages/rosidl_adapter/parser.py", line 353, in __init__
[0.781s]       raise NameError(
[0.781s] 
[0.782s]   NameError: 'BatteryNum' is an invalid field name.  It should have the
[0.782s]   pattern '^(?!.*__)(?!.*_$)[a-z][a-z0-9_]*$'
[0.782s] 
[0.782s] Call Stack (most recent call first):
[0.782s]   /opt/ros/foxy/share/rosidl_cmake/cmake/rosidl_generate_interfaces.cmake:130 (rosidl_adapt_interfaces)
[0.783s]   CMakeLists.txt:25 (rosidl_generate_interfaces)
[0.784s] 
[0.784s] 
[0.786s] -- Configuring incomplete, errors occurred!
[0.786s] See also "/home/user/ros2_ws/build/Battery_monitoring/CMakeFiles/CMakeOutput.log".
[0.787s] Invoked command in '/home/user/ros2_ws/build/Battery_monitoring' returned '1': CMAKE_PREFIX_PATH=${CMAKE_PREFIX_PATH}:/opt/ros/foxy _=/usr/bin/env /usr/bin/cmake /home/user/ros2_ws/src/Battery_monitoring -DCMAKE_INSTALL_PREFIX=/home/user/ros2_ws/install/Battery_monitoring
