[0.018s] Invoking command in '/home/user/ros2_ws/build/battery_monitoring': CMAKE_PREFIX_PATH=${CMAKE_PREFIX_PATH}:/opt/ros/foxy _=/usr/bin/env /usr/bin/cmake --build /home/user/ros2_ws/build/battery_monitoring -- -j8 -l8
[0.049s] -- Found ament_cmake: 0.9.9 (/opt/ros/foxy/share/ament_cmake/cmake)
[0.076s] -- Found PythonInterp: /usr/bin/python3 (found suitable version "3.8.10", minimum required is "3") 
[0.077s] -- Using PYTHON_EXECUTABLE: /usr/bin/python3
[0.356s] -- Found rosidl_default_generators: 1.0.1 (/opt/ros/foxy/share/rosidl_default_generators/cmake)
[0.359s] -- Using all available rosidl_typesupport_c: rosidl_typesupport_fastrtps_c;rosidl_typesupport_introspection_c
[0.363s] -- Found rosidl_adapter: 1.2.1 (/opt/ros/foxy/share/rosidl_adapter/cmake)
[0.585s] -- Using all available rosidl_typesupport_cpp: rosidl_typesupport_fastrtps_cpp;rosidl_typesupport_introspection_cpp
[0.639s] -- Found PythonInterp: /usr/bin/python3 (found version "3.8.10") 
[0.780s] -- Found ament_cmake_ros: 0.9.2 (/opt/ros/foxy/share/ament_cmake_ros/cmake)
[0.950s] -- Using all available rosidl_typesupport_c: rosidl_typesupport_fastrtps_c;rosidl_typesupport_introspection_c
[0.959s] -- Using all available rosidl_typesupport_cpp: rosidl_typesupport_fastrtps_cpp;rosidl_typesupport_introspection_cpp
[0.989s] -- Found PythonInterp: /usr/bin/python3 (found suitable version "3.8.10", minimum required is "3.5") 
[0.990s] -- Found python_cmake_module: 0.8.1 (/opt/ros/foxy/share/python_cmake_module/cmake)
[1.018s] -- Using PYTHON_EXECUTABLE: /usr/bin/python3
[1.018s] -- Using PYTHON_INCLUDE_DIRS: /usr/include/python3.8
[1.018s] -- Using PYTHON_LIBRARIES: /usr/lib/x86_64-linux-gnu/libpython3.8.so
[1.034s] -- Found ament_lint_auto: 0.9.6 (/opt/ros/foxy/share/ament_lint_auto/cmake)
[1.047s] -- Found rclcpp: 2.4.0 (/opt/ros/foxy/share/rclcpp/cmake)
[1.145s] -- Found rmw_implementation_cmake: 1.0.3 (/opt/ros/foxy/share/rmw_implementation_cmake/cmake)
[1.147s] -- Using RMW implementation 'rmw_fastrtps_cpp' as default
[1.148s] -- Looking for pthread.h
[1.230s] -- Looking for pthread.h - found
[1.230s] -- Performing Test CMAKE_HAVE_LIBC_PTHREAD
[1.314s] -- Performing Test CMAKE_HAVE_LIBC_PTHREAD - Failed
[1.314s] -- Looking for pthread_create in pthreads
[1.381s] -- Looking for pthread_create in pthreads - not found
[1.381s] -- Looking for pthread_create in pthread
[1.458s] -- Looking for pthread_create in pthread - found
[1.460s] -- Found Threads: TRUE  
[1.682s] CMake Error at CMakeLists.txt:43 (find_package):
[1.682s]   By not providing "Findtbattery_monitoring.cmake" in CMAKE_MODULE_PATH this
[1.682s]   project has asked CMake to find a package configuration file provided by
[1.683s]   "tbattery_monitoring", but CMake did not find one.
[1.683s] 
[1.683s]   Could not find a package configuration file provided by
[1.683s]   "tbattery_monitoring" with any of the following names:
[1.683s] 
[1.683s]     tbattery_monitoringConfig.cmake
[1.683s]     tbattery_monitoring-config.cmake
[1.683s] 
[1.683s]   Add the installation prefix of "tbattery_monitoring" to CMAKE_PREFIX_PATH
[1.684s]   or set "tbattery_monitoring_DIR" to a directory containing one of the above
[1.684s]   files.  If "tbattery_monitoring" provides a separate development package or
[1.684s]   SDK, be sure it has been installed.
[1.684s] 
[1.684s] 
[1.685s] -- Configuring incomplete, errors occurred!
[1.685s] See also "/home/user/ros2_ws/build/battery_monitoring/CMakeFiles/CMakeOutput.log".
[1.685s] See also "/home/user/ros2_ws/build/battery_monitoring/CMakeFiles/CMakeError.log".
[1.692s] make: *** [Makefile:748: cmake_check_build_system] Error 1
[1.694s] Invoked command in '/home/user/ros2_ws/build/battery_monitoring' returned '2': CMAKE_PREFIX_PATH=${CMAKE_PREFIX_PATH}:/opt/ros/foxy _=/usr/bin/env /usr/bin/cmake --build /home/user/ros2_ws/build/battery_monitoring -- -j8 -l8
