[0.020s] Invoking command in '/home/user/ros2_ws/build/battery_monitoring': CMAKE_PREFIX_PATH=${CMAKE_PREFIX_PATH}:/opt/ros/foxy _=/usr/bin/env /usr/bin/cmake --build /home/user/ros2_ws/build/battery_monitoring -- -j8 -l8
[0.082s] [35m[1mScanning dependencies of target server[0m
[0.097s] [  2%] Built target battery_monitoring__cpp
[0.103s] [ 11%] Built target battery_monitoring__rosidl_generator_c
[0.157s] [ 17%] Built target client
[0.173s] [ 25%] Built target battery_monitoring__rosidl_typesupport_cpp
[0.249s] [ 31%] [32mBuilding CXX object CMakeFiles/server.dir/src/server.cpp.o[0m
[0.249s] [ 37%] Built target battery_monitoring__rosidl_typesupport_introspection_c
[0.250s] [ 51%] Built target battery_monitoring__rosidl_typesupport_c
[0.250s] [ 54%] Built target battery_monitoring__rosidl_typesupport_introspection_cpp
[0.252s] [ 62%] Built target battery_monitoring__rosidl_typesupport_fastrtps_cpp
[0.291s] [ 71%] Built target battery_monitoring__rosidl_typesupport_fastrtps_c
[0.318s] [ 71%] Built target battery_monitoring
[0.363s] [ 74%] Built target battery_monitoring__py
[0.400s] [ 80%] Built target battery_monitoring__python
[0.457s] [ 85%] Built target battery_monitoring__rosidl_typesupport_introspection_c__pyext
[0.471s] [ 91%] Built target battery_monitoring__rosidl_typesupport_fastrtps_c__pyext
[0.471s] [ 97%] Built target battery_monitoring__rosidl_typesupport_c__pyext
[1.880s] [01m[K/home/user/ros2_ws/src/battery_monitoring/src/server.cpp:[m[K In function '[01m[Kint main(int, char**)[m[K':
[1.881s] [01m[K/home/user/ros2_ws/src/battery_monitoring/src/server.cpp:27:46:[m[K [01;31m[Kerror: [m[Kexpected primary-expression before '[01m[K<[m[K' token
[1.881s]    27 |           "add_three_ints", boost::bind(&add([01;31m[K<[m[Kbattery_monitoring::RobotBatteryStatus::Request>_1,_2)); // CHANGE
[1.881s]       |                                              [01;31m[K^[m[K
[1.881s] [01m[K/home/user/ros2_ws/src/battery_monitoring/src/server.cpp:27:67:[m[K [01;31m[Kerror: [m[K'[01m[Kbattery_monitoring::RobotBatteryStatus[m[K' has not been declared
[1.881s]    27 |           "add_three_ints", boost::bind(&add(<battery_monitoring::[01;31m[KRobotBatteryStatus[m[K::Request>_1,_2)); // CHANGE
[1.881s]       |                                                                   [01;31m[K^~~~~~~~~~~~~~~~~~[m[K
[2.317s] make[2]: *** [CMakeFiles/server.dir/build.make:63: CMakeFiles/server.dir/src/server.cpp.o] Error 1
[2.317s] make[1]: *** [CMakeFiles/Makefile2:152: CMakeFiles/server.dir/all] Error 2
[2.317s] make: *** [Makefile:141: all] Error 2
[2.319s] Invoked command in '/home/user/ros2_ws/build/battery_monitoring' returned '2': CMAKE_PREFIX_PATH=${CMAKE_PREFIX_PATH}:/opt/ros/foxy _=/usr/bin/env /usr/bin/cmake --build /home/user/ros2_ws/build/battery_monitoring -- -j8 -l8
