[35m[1mScanning dependencies of target server[0m
[  2%] Built target battery_monitoring__cpp
[ 11%] Built target battery_monitoring__rosidl_generator_c
[ 17%] Built target client
[ 25%] Built target battery_monitoring__rosidl_typesupport_cpp
[ 34%] Built target battery_monitoring__rosidl_typesupport_introspection_cpp
[ 42%] Built target battery_monitoring__rosidl_typesupport_introspection_c
[ 51%] Built target battery_monitoring__rosidl_typesupport_c
[ 54%] [32mBuilding CXX object CMakeFiles/server.dir/src/server.cpp.o[0m
[ 62%] Built target battery_monitoring__rosidl_typesupport_fastrtps_cpp
[ 71%] Built target battery_monitoring__rosidl_typesupport_fastrtps_c
[ 71%] Built target battery_monitoring
[ 74%] Built target battery_monitoring__py
[ 80%] Built target battery_monitoring__python
[ 85%] Built target battery_monitoring__rosidl_typesupport_fastrtps_c__pyext
[ 91%] Built target battery_monitoring__rosidl_typesupport_introspection_c__pyext
[ 97%] Built target battery_monitoring__rosidl_typesupport_c__pyext
[01m[K/home/user/ros2_ws/src/battery_monitoring/src/server.cpp:[m[K In function '[01m[Kint main(int, char**)[m[K':
[01m[K/home/user/ros2_ws/src/battery_monitoring/src/server.cpp:28:23:[m[K [01;31m[Kerror: [m[Kexpected primary-expression before '[01m[K<[m[K' token
   28 |                       [01;31m[K<[m[Kbattery_monitoring::srv::RobotBatteryStatus::Request> _1,
      |                       [01;31m[K^[m[K
[01m[K/home/user/ros2_ws/src/battery_monitoring/src/server.cpp:28:76:[m[K [01;31m[Kerror: [m[Kexpected primary-expression before '[01m[K>[m[K' token
   28 |                       <battery_monitoring::srv::RobotBatteryStatus::Request[01;31m[K>[m[K _1,
      |                                                                            [01;31m[K^[m[K
make[2]: *** [CMakeFiles/server.dir/build.make:63: CMakeFiles/server.dir/src/server.cpp.o] Error 1
make[1]: *** [CMakeFiles/Makefile2:152: CMakeFiles/server.dir/all] Error 2
make: *** [Makefile:141: all] Error 2
