[0.033s] Invoking command in '/home/user/ros2_ws/build/tutorial_interfaces': CMAKE_PREFIX_PATH=${CMAKE_PREFIX_PATH}:/opt/ros/foxy _=/usr/bin/env /usr/bin/cmake --build /home/user/ros2_ws/build/tutorial_interfaces -- -j8 -l8
[0.195s] [  3%] Built target tutorial_interfaces__cpp
[0.263s] [ 12%] Built target tutorial_interfaces__rosidl_generator_c
[0.459s] [ 22%] Built target tutorial_interfaces__rosidl_typesupport_introspection_cpp
[0.472s] [ 32%] Built target tutorial_interfaces__rosidl_typesupport_c
[0.473s] [ 41%] Built target tutorial_interfaces__rosidl_typesupport_cpp
[0.474s] [ 51%] Built target tutorial_interfaces__rosidl_typesupport_introspection_c
[0.488s] [ 61%] Built target tutorial_interfaces__rosidl_typesupport_fastrtps_cpp
[0.602s] [ 70%] Built target tutorial_interfaces__rosidl_typesupport_fastrtps_c
[0.693s] [ 70%] Built target tutorial_interfaces
[0.763s] [ 74%] Built target tutorial_interfaces__py
[0.855s] [ 80%] Built target tutorial_interfaces__python
[0.897s] [ 87%] Built target tutorial_interfaces__rosidl_typesupport_introspection_c__pyext
[0.899s] [100%] Built target tutorial_interfaces__rosidl_typesupport_fastrtps_c__pyext
[0.899s] [100%] Built target tutorial_interfaces__rosidl_typesupport_c__pyext
[0.969s] Invoked command in '/home/user/ros2_ws/build/tutorial_interfaces' returned '0': CMAKE_PREFIX_PATH=${CMAKE_PREFIX_PATH}:/opt/ros/foxy _=/usr/bin/env /usr/bin/cmake --build /home/user/ros2_ws/build/tutorial_interfaces -- -j8 -l8
[1.090s] Invoking command in '/home/user/ros2_ws/build/tutorial_interfaces': CMAKE_PREFIX_PATH=${CMAKE_PREFIX_PATH}:/opt/ros/foxy _=/usr/bin/env /usr/bin/cmake --install /home/user/ros2_ws/build/tutorial_interfaces
[1.101s] -- Install configuration: ""
[1.102s] -- Up-to-date: /home/user/ros2_ws/install/tutorial_interfaces/share/ament_index/resource_index/rosidl_interfaces/tutorial_interfaces
[1.102s] -- Up-to-date: /home/user/ros2_ws/install/tutorial_interfaces/include/tutorial_interfaces
[1.103s] -- Up-to-date: /home/user/ros2_ws/install/tutorial_interfaces/include/tutorial_interfaces/srv
[1.103s] -- Up-to-date: /home/user/ros2_ws/install/tutorial_interfaces/include/tutorial_interfaces/srv/detail
[1.103s] -- Up-to-date: /home/user/ros2_ws/install/tutorial_interfaces/include/tutorial_interfaces/srv/detail/add_three_inits__struct.h
[1.103s] -- Up-to-date: /home/user/ros2_ws/install/tutorial_interfaces/include/tutorial_interfaces/srv/detail/add_three_inits__type_support.h
[1.103s] -- Up-to-date: /home/user/ros2_ws/install/tutorial_interfaces/include/tutorial_interfaces/srv/detail/add_three_inits__functions.h
[1.104s] -- Up-to-date: /home/user/ros2_ws/install/tutorial_interfaces/include/tutorial_interfaces/srv/detail/add_three_inits__functions.c
[1.104s] -- Up-to-date: /home/user/ros2_ws/install/tutorial_interfaces/include/tutorial_interfaces/srv/add_three_inits.h
[1.104s] -- Up-to-date: /home/user/ros2_ws/install/tutorial_interfaces/include/tutorial_interfaces/msg
[1.104s] -- Up-to-date: /home/user/ros2_ws/install/tutorial_interfaces/include/tutorial_interfaces/msg/rosidl_generator_c__visibility_control.h
[1.105s] -- Up-to-date: /home/user/ros2_ws/install/tutorial_interfaces/share/tutorial_interfaces/environment/library_path.sh
[1.105s] -- Up-to-date: /home/user/ros2_ws/install/tutorial_interfaces/share/tutorial_interfaces/environment/library_path.dsv
[1.105s] -- Up-to-date: /home/user/ros2_ws/install/tutorial_interfaces/lib/libtutorial_interfaces__rosidl_generator_c.so
[1.105s] -- Up-to-date: /home/user/ros2_ws/install/tutorial_interfaces/include/tutorial_interfaces
[1.106s] -- Up-to-date: /home/user/ros2_ws/install/tutorial_interfaces/include/tutorial_interfaces/srv
[1.106s] -- Up-to-date: /home/user/ros2_ws/install/tutorial_interfaces/include/tutorial_interfaces/srv/detail
[1.106s] -- Up-to-date: /home/user/ros2_ws/install/tutorial_interfaces/include/tutorial_interfaces/srv/detail/add_three_inits__rosidl_typesupport_fastrtps_c.h
[1.106s] -- Up-to-date: /home/user/ros2_ws/install/tutorial_interfaces/include/tutorial_interfaces/msg
[1.107s] -- Up-to-date: /home/user/ros2_ws/install/tutorial_interfaces/include/tutorial_interfaces/msg/rosidl_typesupport_fastrtps_c__visibility_control.h
[1.107s] -- Up-to-date: /home/user/ros2_ws/install/tutorial_interfaces/lib/libtutorial_interfaces__rosidl_typesupport_fastrtps_c.so
[1.107s] -- Up-to-date: /home/user/ros2_ws/install/tutorial_interfaces/include/tutorial_interfaces
[1.108s] -- Up-to-date: /home/user/ros2_ws/install/tutorial_interfaces/include/tutorial_interfaces/srv
[1.108s] -- Up-to-date: /home/user/ros2_ws/install/tutorial_interfaces/include/tutorial_interfaces/srv/detail
[1.108s] -- Up-to-date: /home/user/ros2_ws/install/tutorial_interfaces/include/tutorial_interfaces/srv/detail/dds_fastrtps
[1.108s] -- Up-to-date: /home/user/ros2_ws/install/tutorial_interfaces/include/tutorial_interfaces/srv/detail/add_three_inits__rosidl_typesupport_fastrtps_cpp.hpp
[1.109s] -- Up-to-date: /home/user/ros2_ws/install/tutorial_interfaces/include/tutorial_interfaces/msg
[1.109s] -- Up-to-date: /home/user/ros2_ws/install/tutorial_interfaces/include/tutorial_interfaces/msg/rosidl_typesupport_fastrtps_cpp__visibility_control.h
[1.109s] -- Up-to-date: /home/user/ros2_ws/install/tutorial_interfaces/lib/libtutorial_interfaces__rosidl_typesupport_fastrtps_cpp.so
[1.110s] -- Up-to-date: /home/user/ros2_ws/install/tutorial_interfaces/include/tutorial_interfaces
[1.110s] -- Up-to-date: /home/user/ros2_ws/install/tutorial_interfaces/include/tutorial_interfaces/srv
[1.110s] -- Up-to-date: /home/user/ros2_ws/install/tutorial_interfaces/include/tutorial_interfaces/srv/detail
[1.110s] -- Up-to-date: /home/user/ros2_ws/install/tutorial_interfaces/include/tutorial_interfaces/srv/detail/add_three_inits__type_support.c
[1.110s] -- Up-to-date: /home/user/ros2_ws/install/tutorial_interfaces/include/tutorial_interfaces/srv/detail/add_three_inits__rosidl_typesupport_introspection_c.h
[1.110s] -- Up-to-date: /home/user/ros2_ws/install/tutorial_interfaces/include/tutorial_interfaces/msg
[1.110s] -- Up-to-date: /home/user/ros2_ws/install/tutorial_interfaces/include/tutorial_interfaces/msg/rosidl_typesupport_introspection_c__visibility_control.h
[1.111s] -- Up-to-date: /home/user/ros2_ws/install/tutorial_interfaces/lib/libtutorial_interfaces__rosidl_typesupport_introspection_c.so
[1.111s] -- Up-to-date: /home/user/ros2_ws/install/tutorial_interfaces/lib/libtutorial_interfaces__rosidl_typesupport_c.so
[1.111s] -- Up-to-date: /home/user/ros2_ws/install/tutorial_interfaces/include/tutorial_interfaces
[1.111s] -- Up-to-date: /home/user/ros2_ws/install/tutorial_interfaces/include/tutorial_interfaces/srv
[1.111s] -- Up-to-date: /home/user/ros2_ws/install/tutorial_interfaces/include/tutorial_interfaces/srv/detail
[1.111s] -- Up-to-date: /home/user/ros2_ws/install/tutorial_interfaces/include/tutorial_interfaces/srv/detail/add_three_inits__builder.hpp
[1.111s] -- Up-to-date: /home/user/ros2_ws/install/tutorial_interfaces/include/tutorial_interfaces/srv/detail/add_three_inits__traits.hpp
[1.112s] -- Up-to-date: /home/user/ros2_ws/install/tutorial_interfaces/include/tutorial_interfaces/srv/detail/add_three_inits__struct.hpp
[1.112s] -- Up-to-date: /home/user/ros2_ws/install/tutorial_interfaces/include/tutorial_interfaces/srv/add_three_inits.hpp
[1.112s] -- Up-to-date: /home/user/ros2_ws/install/tutorial_interfaces/include/tutorial_interfaces
[1.112s] -- Up-to-date: /home/user/ros2_ws/install/tutorial_interfaces/include/tutorial_interfaces/srv
[1.112s] -- Up-to-date: /home/user/ros2_ws/install/tutorial_interfaces/include/tutorial_interfaces/srv/detail
[1.112s] -- Up-to-date: /home/user/ros2_ws/install/tutorial_interfaces/include/tutorial_interfaces/srv/detail/add_three_inits__type_support.cpp
[1.112s] -- Up-to-date: /home/user/ros2_ws/install/tutorial_interfaces/include/tutorial_interfaces/srv/detail/add_three_inits__rosidl_typesupport_introspection_cpp.hpp
[1.113s] -- Up-to-date: /home/user/ros2_ws/install/tutorial_interfaces/lib/libtutorial_interfaces__rosidl_typesupport_introspection_cpp.so
[1.113s] -- Up-to-date: /home/user/ros2_ws/install/tutorial_interfaces/lib/libtutorial_interfaces__rosidl_typesupport_cpp.so
[1.113s] -- Up-to-date: /home/user/ros2_ws/install/tutorial_interfaces/share/tutorial_interfaces/environment/pythonpath.sh
[1.113s] -- Up-to-date: /home/user/ros2_ws/install/tutorial_interfaces/share/tutorial_interfaces/environment/pythonpath.dsv
[1.113s] -- Up-to-date: /home/user/ros2_ws/install/tutorial_interfaces/lib/python3.8/site-packages/tutorial_interfaces/__init__.py
[1.163s] -- Up-to-date: /home/user/ros2_ws/install/tutorial_interfaces/lib/python3.8/site-packages/tutorial_interfaces/srv
[1.163s] -- Up-to-date: /home/user/ros2_ws/install/tutorial_interfaces/lib/python3.8/site-packages/tutorial_interfaces/srv/_add_three_inits_s.c
[1.163s] -- Up-to-date: /home/user/ros2_ws/install/tutorial_interfaces/lib/python3.8/site-packages/tutorial_interfaces/srv/__init__.py
[1.164s] -- Up-to-date: /home/user/ros2_ws/install/tutorial_interfaces/lib/python3.8/site-packages/tutorial_interfaces/srv/_add_three_inits.py
[1.164s] -- Up-to-date: /home/user/ros2_ws/install/tutorial_interfaces/lib/python3.8/site-packages/tutorial_interfaces/tutorial_interfaces_s__rosidl_typesupport_fastrtps_c.cpython-38-x86_64-linux-gnu.so
[1.164s] -- Up-to-date: /home/user/ros2_ws/install/tutorial_interfaces/lib/python3.8/site-packages/tutorial_interfaces/tutorial_interfaces_s__rosidl_typesupport_introspection_c.cpython-38-x86_64-linux-gnu.so
[1.165s] -- Up-to-date: /home/user/ros2_ws/install/tutorial_interfaces/lib/python3.8/site-packages/tutorial_interfaces/tutorial_interfaces_s__rosidl_typesupport_c.cpython-38-x86_64-linux-gnu.so
[1.166s] -- Up-to-date: /home/user/ros2_ws/install/tutorial_interfaces/lib/libtutorial_interfaces__python.so
[1.166s] -- Up-to-date: /home/user/ros2_ws/install/tutorial_interfaces/share/tutorial_interfaces/srv/AddThreeInits.idl
[1.167s] -- Up-to-date: /home/user/ros2_ws/install/tutorial_interfaces/share/tutorial_interfaces/srv/AddThreeInits.srv
[1.167s] -- Up-to-date: /home/user/ros2_ws/install/tutorial_interfaces/share/tutorial_interfaces/srv/AddThreeInits_Request.msg
[1.167s] -- Up-to-date: /home/user/ros2_ws/install/tutorial_interfaces/share/tutorial_interfaces/srv/AddThreeInits_Response.msg
[1.168s] -- Up-to-date: /home/user/ros2_ws/install/tutorial_interfaces/share/ament_index/resource_index/package_run_dependencies/tutorial_interfaces
[1.168s] -- Up-to-date: /home/user/ros2_ws/install/tutorial_interfaces/share/ament_index/resource_index/parent_prefix_path/tutorial_interfaces
[1.168s] -- Up-to-date: /home/user/ros2_ws/install/tutorial_interfaces/share/tutorial_interfaces/environment/ament_prefix_path.sh
[1.168s] -- Up-to-date: /home/user/ros2_ws/install/tutorial_interfaces/share/tutorial_interfaces/environment/ament_prefix_path.dsv
[1.169s] -- Up-to-date: /home/user/ros2_ws/install/tutorial_interfaces/share/tutorial_interfaces/environment/path.sh
[1.169s] -- Up-to-date: /home/user/ros2_ws/install/tutorial_interfaces/share/tutorial_interfaces/environment/path.dsv
[1.169s] -- Up-to-date: /home/user/ros2_ws/install/tutorial_interfaces/share/tutorial_interfaces/local_setup.bash
[1.169s] -- Up-to-date: /home/user/ros2_ws/install/tutorial_interfaces/share/tutorial_interfaces/local_setup.sh
[1.170s] -- Up-to-date: /home/user/ros2_ws/install/tutorial_interfaces/share/tutorial_interfaces/local_setup.zsh
[1.170s] -- Up-to-date: /home/user/ros2_ws/install/tutorial_interfaces/share/tutorial_interfaces/local_setup.dsv
[1.170s] -- Installing: /home/user/ros2_ws/install/tutorial_interfaces/share/tutorial_interfaces/package.dsv
[1.170s] -- Up-to-date: /home/user/ros2_ws/install/tutorial_interfaces/share/ament_index/resource_index/packages/tutorial_interfaces
[1.171s] -- Up-to-date: /home/user/ros2_ws/install/tutorial_interfaces/share/tutorial_interfaces/cmake/tutorial_interfaces__rosidl_generator_cExport.cmake
[1.171s] -- Up-to-date: /home/user/ros2_ws/install/tutorial_interfaces/share/tutorial_interfaces/cmake/tutorial_interfaces__rosidl_generator_cExport-noconfig.cmake
[1.171s] -- Up-to-date: /home/user/ros2_ws/install/tutorial_interfaces/share/tutorial_interfaces/cmake/tutorial_interfaces__rosidl_typesupport_introspection_cExport.cmake
[1.171s] -- Up-to-date: /home/user/ros2_ws/install/tutorial_interfaces/share/tutorial_interfaces/cmake/tutorial_interfaces__rosidl_typesupport_introspection_cExport-noconfig.cmake
[1.171s] -- Up-to-date: /home/user/ros2_ws/install/tutorial_interfaces/share/tutorial_interfaces/cmake/tutorial_interfaces__rosidl_typesupport_cExport.cmake
[1.172s] -- Up-to-date: /home/user/ros2_ws/install/tutorial_interfaces/share/tutorial_interfaces/cmake/tutorial_interfaces__rosidl_typesupport_cExport-noconfig.cmake
[1.172s] -- Up-to-date: /home/user/ros2_ws/install/tutorial_interfaces/share/tutorial_interfaces/cmake/tutorial_interfaces__rosidl_generator_cppExport.cmake
[1.172s] -- Up-to-date: /home/user/ros2_ws/install/tutorial_interfaces/share/tutorial_interfaces/cmake/tutorial_interfaces__rosidl_typesupport_introspection_cppExport.cmake
[1.172s] -- Up-to-date: /home/user/ros2_ws/install/tutorial_interfaces/share/tutorial_interfaces/cmake/tutorial_interfaces__rosidl_typesupport_introspection_cppExport-noconfig.cmake
[1.172s] -- Up-to-date: /home/user/ros2_ws/install/tutorial_interfaces/share/tutorial_interfaces/cmake/tutorial_interfaces__rosidl_typesupport_cppExport.cmake
[1.172s] -- Up-to-date: /home/user/ros2_ws/install/tutorial_interfaces/share/tutorial_interfaces/cmake/tutorial_interfaces__rosidl_typesupport_cppExport-noconfig.cmake
[1.172s] -- Up-to-date: /home/user/ros2_ws/install/tutorial_interfaces/share/tutorial_interfaces/cmake/rosidl_cmake-extras.cmake
[1.173s] -- Up-to-date: /home/user/ros2_ws/install/tutorial_interfaces/share/tutorial_interfaces/cmake/ament_cmake_export_dependencies-extras.cmake
[1.173s] -- Up-to-date: /home/user/ros2_ws/install/tutorial_interfaces/share/tutorial_interfaces/cmake/ament_cmake_export_libraries-extras.cmake
[1.173s] -- Up-to-date: /home/user/ros2_ws/install/tutorial_interfaces/share/tutorial_interfaces/cmake/ament_cmake_export_targets-extras.cmake
[1.173s] -- Up-to-date: /home/user/ros2_ws/install/tutorial_interfaces/share/tutorial_interfaces/cmake/ament_cmake_export_include_directories-extras.cmake
[1.177s] -- Up-to-date: /home/user/ros2_ws/install/tutorial_interfaces/share/tutorial_interfaces/cmake/rosidl_cmake_export_typesupport_libraries-extras.cmake
[1.177s] -- Up-to-date: /home/user/ros2_ws/install/tutorial_interfaces/share/tutorial_interfaces/cmake/rosidl_cmake_export_typesupport_targets-extras.cmake
[1.178s] -- Up-to-date: /home/user/ros2_ws/install/tutorial_interfaces/share/tutorial_interfaces/cmake/tutorial_interfacesConfig.cmake
[1.179s] -- Up-to-date: /home/user/ros2_ws/install/tutorial_interfaces/share/tutorial_interfaces/cmake/tutorial_interfacesConfig-version.cmake
[1.187s] -- Up-to-date: /home/user/ros2_ws/install/tutorial_interfaces/share/tutorial_interfaces/package.xml
[1.188s] Invoked command in '/home/user/ros2_ws/build/tutorial_interfaces' returned '0': CMAKE_PREFIX_PATH=${CMAKE_PREFIX_PATH}:/opt/ros/foxy _=/usr/bin/env /usr/bin/cmake --install /home/user/ros2_ws/build/tutorial_interfaces
