[0.017s] Invoking command in '/home/user/ros2_ws/build/tutorial_interfaces': CMAKE_PREFIX_PATH=${CMAKE_PREFIX_PATH}:/opt/ros/foxy _=/usr/bin/env /usr/bin/cmake /home/user/ros2_ws/src/tutorial_interfaces -DCMAKE_INSTALL_PREFIX=/home/user/ros2_ws/install/tutorial_interfaces
[0.076s] -- The C compiler identification is GNU 9.3.0
[0.133s] -- The CXX compiler identification is GNU 9.3.0
[0.138s] -- Check for working C compiler: /usr/bin/cc
[0.214s] -- Check for working C compiler: /usr/bin/cc -- works
[0.215s] -- Detecting C compiler ABI info
[0.291s] -- Detecting C compiler ABI info - done
[0.304s] -- Detecting C compile features
[0.304s] -- Detecting C compile features - done
[0.307s] -- Check for working CXX compiler: /usr/bin/c++
[0.395s] -- Check for working CXX compiler: /usr/bin/c++ -- works
[0.396s] -- Detecting CXX compiler ABI info
[0.484s] -- Detecting CXX compiler ABI info - done
[0.497s] -- Detecting CXX compile features
[0.498s] -- Detecting CXX compile features - done
[0.503s] -- Found ament_cmake: 0.9.9 (/opt/ros/foxy/share/ament_cmake/cmake)
[0.540s] -- Found PythonInterp: /usr/bin/python3 (found suitable version "3.8.10", minimum required is "3") 
[0.540s] -- Using PYTHON_EXECUTABLE: /usr/bin/python3
[0.872s] -- Found rosidl_default_generators: 1.0.1 (/opt/ros/foxy/share/rosidl_default_generators/cmake)
[0.878s] -- Using all available rosidl_typesupport_c: rosidl_typesupport_fastrtps_c;rosidl_typesupport_introspection_c
[0.894s] -- Found rosidl_adapter: 1.2.1 (/opt/ros/foxy/share/rosidl_adapter/cmake)
[1.053s] -- Found OpenSSL: /usr/lib/x86_64-linux-gnu/libcrypto.so (found version "1.1.1f")  
[1.102s] -- Found FastRTPS: /opt/ros/foxy/include  
[1.237s] -- Using all available rosidl_typesupport_cpp: rosidl_typesupport_fastrtps_cpp;rosidl_typesupport_introspection_cpp
[1.277s] CMake Error at /opt/ros/foxy/share/rosidl_cmake/cmake/rosidl_generate_interfaces.cmake:93 (message):
[1.277s]   rosidl_generate_interfaces() the passed file 'srv/AddThreeInts.srv' doesn't
[1.277s]   exist relative to the CMAKE_CURRENT_SOURCE_DIR
[1.277s]   '/home/user/ros2_ws/src/tutorial_interfaces'
[1.277s] Call Stack (most recent call first):
[1.277s]   CMakeLists.txt:25 (rosidl_generate_interfaces)
[1.277s] 
[1.278s] 
[1.279s] -- Configuring incomplete, errors occurred!
[1.279s] See also "/home/user/ros2_ws/build/tutorial_interfaces/CMakeFiles/CMakeOutput.log".
[1.287s] Invoked command in '/home/user/ros2_ws/build/tutorial_interfaces' returned '1': CMAKE_PREFIX_PATH=${CMAKE_PREFIX_PATH}:/opt/ros/foxy _=/usr/bin/env /usr/bin/cmake /home/user/ros2_ws/src/tutorial_interfaces -DCMAKE_INSTALL_PREFIX=/home/user/ros2_ws/install/tutorial_interfaces
