[0.019s] Invoking command in '/home/user/ros2_ws/build/battery_monitoring': CMAKE_PREFIX_PATH=${CMAKE_PREFIX_PATH}:/opt/ros/foxy _=/usr/bin/env /usr/bin/cmake --build /home/user/ros2_ws/build/battery_monitoring -- -j8 -l8
[0.072s] [35m[1mScanning dependencies of target client[0m
[0.087s] [  8%] Built target battery_monitoring__rosidl_generator_c
[0.090s] [ 11%] Built target battery_monitoring__cpp
[0.140s] [ 17%] Built target server
[0.146s] [ 25%] Built target battery_monitoring__rosidl_typesupport_introspection_c
[0.149s] [ 34%] Built target battery_monitoring__rosidl_typesupport_c
[0.223s] [ 37%] [32mBuilding CXX object CMakeFiles/client.dir/src/client.cpp.o[0m
[0.225s] [ 45%] Built target battery_monitoring__rosidl_typesupport_introspection_cpp
[0.226s] [ 54%] Built target battery_monitoring__rosidl_typesupport_cpp
[0.233s] [ 62%] Built target battery_monitoring__rosidl_typesupport_fastrtps_cpp
[0.274s] [ 71%] Built target battery_monitoring__rosidl_typesupport_fastrtps_c
[0.298s] [ 71%] Built target battery_monitoring
[0.332s] [ 74%] Built target battery_monitoring__py
[0.367s] [ 80%] Built target battery_monitoring__python
[0.435s] [ 91%] Built target battery_monitoring__rosidl_typesupport_fastrtps_c__pyext
[0.435s] [ 91%] Built target battery_monitoring__rosidl_typesupport_c__pyext
[0.436s] [ 97%] Built target battery_monitoring__rosidl_typesupport_introspection_c__pyext
[1.660s] [01m[K/home/user/ros2_ws/src/battery_monitoring/src/client.cpp:[m[K In function '[01m[Kint main(int, char**)[m[K':
[1.660s] [01m[K/home/user/ros2_ws/src/battery_monitoring/src/client.cpp:28:12:[m[K [01;31m[Kerror: [m[K'[01m[Kusing element_type = struct battery_monitoring::srv::RobotBatteryStatus_Request_<std::allocator<void> >[m[K' {aka '[01m[Kstruct battery_monitoring::srv::RobotBatteryStatus_Request_<std::allocator<void> >[m[K'} has no member named '[01m[Ka[m[K'
[1.660s]    28 |   request->[01;31m[Ka[m[K = atoll(argv[1]);
[1.661s]       |            [01;31m[K^[m[K
[2.238s] make[2]: *** [CMakeFiles/client.dir/build.make:63: CMakeFiles/client.dir/src/client.cpp.o] Error 1
[2.238s] make[1]: *** [CMakeFiles/Makefile2:125: CMakeFiles/client.dir/all] Error 2
[2.238s] make: *** [Makefile:141: all] Error 2
[2.240s] Invoked command in '/home/user/ros2_ws/build/battery_monitoring' returned '2': CMAKE_PREFIX_PATH=${CMAKE_PREFIX_PATH}:/opt/ros/foxy _=/usr/bin/env /usr/bin/cmake --build /home/user/ros2_ws/build/battery_monitoring -- -j8 -l8
