[0.017s] Invoking command in '/home/user/ros2_ws/build/battery_monitoring': CMAKE_PREFIX_PATH=${CMAKE_PREFIX_PATH}:/opt/ros/foxy _=/usr/bin/env /usr/bin/cmake /home/user/ros2_ws/src/battery_monitoring -DCMAKE_INSTALL_PREFIX=/home/user/ros2_ws/install/battery_monitoring
[0.075s] -- The C compiler identification is GNU 9.3.0
[0.132s] -- The CXX compiler identification is GNU 9.3.0
[0.138s] -- Check for working C compiler: /usr/bin/cc
[0.214s] -- Check for working C compiler: /usr/bin/cc -- works
[0.215s] -- Detecting C compiler ABI info
[0.291s] -- Detecting C compiler ABI info - done
[0.303s] -- Detecting C compile features
[0.304s] -- Detecting C compile features - done
[0.307s] -- Check for working CXX compiler: /usr/bin/c++
[0.394s] -- Check for working CXX compiler: /usr/bin/c++ -- works
[0.395s] -- Detecting CXX compiler ABI info
[0.484s] -- Detecting CXX compiler ABI info - done
[0.497s] -- Detecting CXX compile features
[0.497s] -- Detecting CXX compile features - done
[0.503s] -- Found ament_cmake: 0.9.9 (/opt/ros/foxy/share/ament_cmake/cmake)
[0.538s] -- Found PythonInterp: /usr/bin/python3 (found suitable version "3.8.10", minimum required is "3") 
[0.538s] -- Using PYTHON_EXECUTABLE: /usr/bin/python3
[0.867s] -- Found rosidl_default_generators: 1.0.1 (/opt/ros/foxy/share/rosidl_default_generators/cmake)
[0.874s] -- Using all available rosidl_typesupport_c: rosidl_typesupport_fastrtps_c;rosidl_typesupport_introspection_c
[0.889s] -- Found rosidl_adapter: 1.2.1 (/opt/ros/foxy/share/rosidl_adapter/cmake)
[1.048s] -- Found OpenSSL: /usr/lib/x86_64-linux-gnu/libcrypto.so (found version "1.1.1f")  
[1.098s] -- Found FastRTPS: /opt/ros/foxy/include  
[1.236s] -- Using all available rosidl_typesupport_cpp: rosidl_typesupport_fastrtps_cpp;rosidl_typesupport_introspection_cpp
[1.302s] -- Found PythonInterp: /usr/bin/python3 (found version "3.8.10") 
[1.445s] -- Found ament_cmake_ros: 0.9.2 (/opt/ros/foxy/share/ament_cmake_ros/cmake)
[1.623s] -- Using all available rosidl_typesupport_c: rosidl_typesupport_fastrtps_c;rosidl_typesupport_introspection_c
[1.633s] -- Using all available rosidl_typesupport_cpp: rosidl_typesupport_fastrtps_cpp;rosidl_typesupport_introspection_cpp
[1.662s] -- Found PythonInterp: /usr/bin/python3 (found suitable version "3.8.10", minimum required is "3.5") 
[1.666s] -- Found python_cmake_module: 0.8.1 (/opt/ros/foxy/share/python_cmake_module/cmake)
[1.699s] -- Found PythonLibs: /usr/lib/x86_64-linux-gnu/libpython3.8.so (found suitable version "3.8.10", minimum required is "3.5") 
[1.699s] -- Using PYTHON_EXECUTABLE: /usr/bin/python3
[1.699s] -- Using PYTHON_INCLUDE_DIRS: /usr/include/python3.8
[1.699s] -- Using PYTHON_LIBRARIES: /usr/lib/x86_64-linux-gnu/libpython3.8.so
[1.725s] -- Found PythonExtra: .so  
[1.776s] -- Found ament_lint_auto: 0.9.6 (/opt/ros/foxy/share/ament_lint_auto/cmake)
[1.826s] -- Added test 'copyright' to check source files copyright and LICENSE
[1.828s] -- Added test 'lint_cmake' to check CMake code style
[1.830s] -- Added test 'xmllint' to check XML markup files
[1.837s] -- Configuring done
[1.876s] -- Generating done
[1.879s] -- Build files have been written to: /home/user/ros2_ws/build/battery_monitoring
[1.886s] Invoked command in '/home/user/ros2_ws/build/battery_monitoring' returned '0': CMAKE_PREFIX_PATH=${CMAKE_PREFIX_PATH}:/opt/ros/foxy _=/usr/bin/env /usr/bin/cmake /home/user/ros2_ws/src/battery_monitoring -DCMAKE_INSTALL_PREFIX=/home/user/ros2_ws/install/battery_monitoring
[1.890s] Invoking command in '/home/user/ros2_ws/build/battery_monitoring': CMAKE_PREFIX_PATH=${CMAKE_PREFIX_PATH}:/opt/ros/foxy _=/usr/bin/env /usr/bin/cmake --build /home/user/ros2_ws/build/battery_monitoring -- -j8 -l8
[1.937s] [  3%] [34m[1mGenerating C code for ROS interfaces[0m
[1.937s] [35m[1mScanning dependencies of target battery_monitoring__cpp[0m
[1.950s] [  6%] [34m[1mGenerating C++ code for ROS interfaces[0m
[2.213s] [35m[1mScanning dependencies of target battery_monitoring__rosidl_generator_c[0m
[2.220s] [  6%] Built target battery_monitoring__cpp
[2.254s] [  9%] [32mBuilding C object CMakeFiles/battery_monitoring__rosidl_generator_c.dir/rosidl_generator_c/battery_monitoring/srv/detail/robot_battery_status__functions.c.o[0m
[2.265s] [ 16%] [34m[1mGenerating C++ type support for eProsima Fast-RTPS[0m
[2.265s] [ 16%] [34m[1mGenerating C++ type support dispatch for ROS interfaces[0m
[2.267s] [ 19%] [34m[1mGenerating C++ introspection for ROS interfaces[0m
[2.376s] [ 22%] [32m[1mLinking C shared library libbattery_monitoring__rosidl_generator_c.so[0m
[2.480s] [ 22%] Built target battery_monitoring__rosidl_generator_c
[2.494s] [ 25%] [34m[1mGenerating C introspection for ROS interfaces[0m
[2.497s] [ 29%] [34m[1mGenerating C type support dispatch for ROS interfaces[0m
[2.784s] [35m[1mScanning dependencies of target battery_monitoring__rosidl_typesupport_cpp[0m
[2.861s] [ 32%] [32mBuilding CXX object CMakeFiles/battery_monitoring__rosidl_typesupport_cpp.dir/rosidl_typesupport_cpp/battery_monitoring/srv/robot_battery_status__type_support.cpp.o[0m
[2.956s] [35m[1mScanning dependencies of target battery_monitoring__rosidl_typesupport_introspection_cpp[0m
[2.976s] [ 35%] [32mBuilding CXX object CMakeFiles/battery_monitoring__rosidl_typesupport_introspection_cpp.dir/rosidl_typesupport_introspection_cpp/battery_monitoring/srv/detail/robot_battery_status__type_support.cpp.o[0m
[3.161s] [35m[1mScanning dependencies of target battery_monitoring__rosidl_typesupport_c[0m
[3.178s] [35m[1mScanning dependencies of target battery_monitoring__rosidl_typesupport_fastrtps_cpp[0m
[3.180s] [ 38%] [32mBuilding CXX object CMakeFiles/battery_monitoring__rosidl_typesupport_c.dir/rosidl_typesupport_c/battery_monitoring/srv/robot_battery_status__type_support.cpp.o[0m
[3.266s] [ 41%] [32mBuilding CXX object CMakeFiles/battery_monitoring__rosidl_typesupport_fastrtps_cpp.dir/rosidl_typesupport_fastrtps_cpp/battery_monitoring/srv/detail/dds_fastrtps/robot_battery_status__type_support.cpp.o[0m
[3.359s] [ 45%] [32m[1mLinking CXX shared library libbattery_monitoring__rosidl_typesupport_c.so[0m
[3.473s] [ 45%] Built target battery_monitoring__rosidl_typesupport_c
[3.571s] [35m[1mScanning dependencies of target battery_monitoring__rosidl_typesupport_introspection_c[0m
[3.594s] [ 48%] [32mBuilding C object CMakeFiles/battery_monitoring__rosidl_typesupport_introspection_c.dir/rosidl_typesupport_introspection_c/battery_monitoring/srv/detail/robot_battery_status__type_support.c.o[0m
[3.684s] [ 51%] [32m[1mLinking C shared library libbattery_monitoring__rosidl_typesupport_introspection_c.so[0m
[3.774s] [ 51%] Built target battery_monitoring__rosidl_typesupport_introspection_c
[3.911s] [ 54%] [32m[1mLinking CXX shared library libbattery_monitoring__rosidl_typesupport_cpp.so[0m
[3.987s] [ 58%] [32m[1mLinking CXX shared library libbattery_monitoring__rosidl_typesupport_introspection_cpp.so[0m
[4.004s] [ 58%] Built target battery_monitoring__rosidl_typesupport_cpp
[4.063s] [ 58%] Built target battery_monitoring__rosidl_typesupport_introspection_cpp
[4.157s] [ 61%] [32m[1mLinking CXX shared library libbattery_monitoring__rosidl_typesupport_fastrtps_cpp.so[0m
[4.243s] [ 61%] Built target battery_monitoring__rosidl_typesupport_fastrtps_cpp
[4.255s] [ 64%] [34m[1mGenerating C type support for eProsima Fast-RTPS[0m
[4.513s] [35m[1mScanning dependencies of target battery_monitoring__rosidl_typesupport_fastrtps_c[0m
[4.534s] [ 67%] [32mBuilding CXX object CMakeFiles/battery_monitoring__rosidl_typesupport_fastrtps_c.dir/rosidl_typesupport_fastrtps_c/battery_monitoring/srv/detail/robot_battery_status__type_support_c.cpp.o[0m
[4.929s] [ 70%] [32m[1mLinking CXX shared library libbattery_monitoring__rosidl_typesupport_fastrtps_c.so[0m
[5.019s] [ 70%] Built target battery_monitoring__rosidl_typesupport_fastrtps_c
[5.031s] [35m[1mScanning dependencies of target battery_monitoring[0m
[5.043s] [ 70%] Built target battery_monitoring
[5.055s] [35m[1mScanning dependencies of target battery_monitoring__py[0m
[5.069s] [ 74%] [34m[1mGenerating Python code for ROS interfaces[0m
[5.584s] [ 74%] Built target battery_monitoring__py
[5.596s] [35m[1mScanning dependencies of target battery_monitoring__python[0m
[5.620s] [ 77%] [32mBuilding C object CMakeFiles/battery_monitoring__python.dir/rosidl_generator_py/battery_monitoring/srv/_robot_battery_status_s.c.o[0m
[5.721s] [ 80%] [32m[1mLinking C shared library rosidl_generator_py/battery_monitoring/libbattery_monitoring__python.so[0m
[5.764s] [ 80%] Built target battery_monitoring__python
[5.776s] [35m[1mScanning dependencies of target battery_monitoring__rosidl_typesupport_introspection_c__pyext[0m
[5.776s] [35m[1mScanning dependencies of target battery_monitoring__rosidl_typesupport_c__pyext[0m
[5.776s] [35m[1mScanning dependencies of target battery_monitoring__rosidl_typesupport_fastrtps_c__pyext[0m
[5.798s] [ 83%] [32mBuilding C object CMakeFiles/battery_monitoring__rosidl_typesupport_fastrtps_c__pyext.dir/rosidl_generator_py/battery_monitoring/_battery_monitoring_s.ep.rosidl_typesupport_fastrtps_c.c.o[0m
[5.801s] [ 87%] [32mBuilding C object CMakeFiles/battery_monitoring__rosidl_typesupport_introspection_c__pyext.dir/rosidl_generator_py/battery_monitoring/_battery_monitoring_s.ep.rosidl_typesupport_introspection_c.c.o[0m
[5.801s] [ 90%] [32mBuilding C object CMakeFiles/battery_monitoring__rosidl_typesupport_c__pyext.dir/rosidl_generator_py/battery_monitoring/_battery_monitoring_s.ep.rosidl_typesupport_c.c.o[0m
[5.957s] [ 93%] [32m[1mLinking C shared library rosidl_generator_py/battery_monitoring/battery_monitoring_s__rosidl_typesupport_c.cpython-38-x86_64-linux-gnu.so[0m
[5.959s] [ 96%] [32m[1mLinking CXX shared library rosidl_generator_py/battery_monitoring/battery_monitoring_s__rosidl_typesupport_fastrtps_c.cpython-38-x86_64-linux-gnu.so[0m
[5.962s] [100%] [32m[1mLinking C shared library rosidl_generator_py/battery_monitoring/battery_monitoring_s__rosidl_typesupport_introspection_c.cpython-38-x86_64-linux-gnu.so[0m
[6.006s] [100%] Built target battery_monitoring__rosidl_typesupport_c__pyext
[6.006s] [100%] Built target battery_monitoring__rosidl_typesupport_introspection_c__pyext
[6.055s] [100%] Built target battery_monitoring__rosidl_typesupport_fastrtps_c__pyext
[6.068s] Invoked command in '/home/user/ros2_ws/build/battery_monitoring' returned '0': CMAKE_PREFIX_PATH=${CMAKE_PREFIX_PATH}:/opt/ros/foxy _=/usr/bin/env /usr/bin/cmake --build /home/user/ros2_ws/build/battery_monitoring -- -j8 -l8
[6.176s] Invoking command in '/home/user/ros2_ws/build/battery_monitoring': CMAKE_PREFIX_PATH=${CMAKE_PREFIX_PATH}:/opt/ros/foxy _=/usr/bin/env /usr/bin/cmake --install /home/user/ros2_ws/build/battery_monitoring
[6.185s] -- Install configuration: ""
[6.185s] -- Installing: /home/user/ros2_ws/install/battery_monitoring/share/ament_index/resource_index/rosidl_interfaces/battery_monitoring
[6.185s] -- Installing: /home/user/ros2_ws/install/battery_monitoring/include/battery_monitoring
[6.186s] -- Installing: /home/user/ros2_ws/install/battery_monitoring/include/battery_monitoring/srv
[6.186s] -- Installing: /home/user/ros2_ws/install/battery_monitoring/include/battery_monitoring/srv/detail
[6.186s] -- Installing: /home/user/ros2_ws/install/battery_monitoring/include/battery_monitoring/srv/detail/robot_battery_status__type_support.h
[6.186s] -- Installing: /home/user/ros2_ws/install/battery_monitoring/include/battery_monitoring/srv/detail/robot_battery_status__functions.h
[6.187s] -- Installing: /home/user/ros2_ws/install/battery_monitoring/include/battery_monitoring/srv/detail/robot_battery_status__functions.c
[6.187s] -- Installing: /home/user/ros2_ws/install/battery_monitoring/include/battery_monitoring/srv/detail/robot_battery_status__struct.h
[6.187s] -- Installing: /home/user/ros2_ws/install/battery_monitoring/include/battery_monitoring/srv/robot_battery_status.h
[6.187s] -- Installing: /home/user/ros2_ws/install/battery_monitoring/include/battery_monitoring/msg
[6.187s] -- Installing: /home/user/ros2_ws/install/battery_monitoring/include/battery_monitoring/msg/rosidl_generator_c__visibility_control.h
[6.188s] -- Installing: /home/user/ros2_ws/install/battery_monitoring/share/battery_monitoring/environment/library_path.sh
[6.188s] -- Installing: /home/user/ros2_ws/install/battery_monitoring/share/battery_monitoring/environment/library_path.dsv
[6.189s] -- Installing: /home/user/ros2_ws/install/battery_monitoring/lib/libbattery_monitoring__rosidl_generator_c.so
[6.189s] -- Set runtime path of "/home/user/ros2_ws/install/battery_monitoring/lib/libbattery_monitoring__rosidl_generator_c.so" to ""
[6.189s] -- Up-to-date: /home/user/ros2_ws/install/battery_monitoring/include/battery_monitoring
[6.190s] -- Up-to-date: /home/user/ros2_ws/install/battery_monitoring/include/battery_monitoring/srv
[6.190s] -- Up-to-date: /home/user/ros2_ws/install/battery_monitoring/include/battery_monitoring/srv/detail
[6.190s] -- Installing: /home/user/ros2_ws/install/battery_monitoring/include/battery_monitoring/srv/detail/robot_battery_status__rosidl_typesupport_fastrtps_c.h
[6.190s] -- Up-to-date: /home/user/ros2_ws/install/battery_monitoring/include/battery_monitoring/msg
[6.190s] -- Installing: /home/user/ros2_ws/install/battery_monitoring/include/battery_monitoring/msg/rosidl_typesupport_fastrtps_c__visibility_control.h
[6.190s] -- Installing: /home/user/ros2_ws/install/battery_monitoring/lib/libbattery_monitoring__rosidl_typesupport_fastrtps_c.so
[6.191s] -- Set runtime path of "/home/user/ros2_ws/install/battery_monitoring/lib/libbattery_monitoring__rosidl_typesupport_fastrtps_c.so" to ""
[6.191s] -- Up-to-date: /home/user/ros2_ws/install/battery_monitoring/include/battery_monitoring
[6.191s] -- Up-to-date: /home/user/ros2_ws/install/battery_monitoring/include/battery_monitoring/srv
[6.192s] -- Up-to-date: /home/user/ros2_ws/install/battery_monitoring/include/battery_monitoring/srv/detail
[6.192s] -- Installing: /home/user/ros2_ws/install/battery_monitoring/include/battery_monitoring/srv/detail/robot_battery_status__rosidl_typesupport_fastrtps_cpp.hpp
[6.192s] -- Installing: /home/user/ros2_ws/install/battery_monitoring/include/battery_monitoring/srv/detail/dds_fastrtps
[6.192s] -- Up-to-date: /home/user/ros2_ws/install/battery_monitoring/include/battery_monitoring/msg
[6.192s] -- Installing: /home/user/ros2_ws/install/battery_monitoring/include/battery_monitoring/msg/rosidl_typesupport_fastrtps_cpp__visibility_control.h
[6.192s] -- Installing: /home/user/ros2_ws/install/battery_monitoring/lib/libbattery_monitoring__rosidl_typesupport_fastrtps_cpp.so
[6.193s] -- Set runtime path of "/home/user/ros2_ws/install/battery_monitoring/lib/libbattery_monitoring__rosidl_typesupport_fastrtps_cpp.so" to ""
[6.193s] -- Up-to-date: /home/user/ros2_ws/install/battery_monitoring/include/battery_monitoring
[6.193s] -- Up-to-date: /home/user/ros2_ws/install/battery_monitoring/include/battery_monitoring/srv
[6.193s] -- Up-to-date: /home/user/ros2_ws/install/battery_monitoring/include/battery_monitoring/srv/detail
[6.193s] -- Installing: /home/user/ros2_ws/install/battery_monitoring/include/battery_monitoring/srv/detail/robot_battery_status__type_support.c
[6.194s] -- Installing: /home/user/ros2_ws/install/battery_monitoring/include/battery_monitoring/srv/detail/robot_battery_status__rosidl_typesupport_introspection_c.h
[6.194s] -- Up-to-date: /home/user/ros2_ws/install/battery_monitoring/include/battery_monitoring/msg
[6.194s] -- Installing: /home/user/ros2_ws/install/battery_monitoring/include/battery_monitoring/msg/rosidl_typesupport_introspection_c__visibility_control.h
[6.194s] -- Installing: /home/user/ros2_ws/install/battery_monitoring/lib/libbattery_monitoring__rosidl_typesupport_introspection_c.so
[6.195s] -- Set runtime path of "/home/user/ros2_ws/install/battery_monitoring/lib/libbattery_monitoring__rosidl_typesupport_introspection_c.so" to ""
[6.195s] -- Installing: /home/user/ros2_ws/install/battery_monitoring/lib/libbattery_monitoring__rosidl_typesupport_c.so
[6.196s] -- Set runtime path of "/home/user/ros2_ws/install/battery_monitoring/lib/libbattery_monitoring__rosidl_typesupport_c.so" to ""
[6.196s] -- Up-to-date: /home/user/ros2_ws/install/battery_monitoring/include/battery_monitoring
[6.196s] -- Up-to-date: /home/user/ros2_ws/install/battery_monitoring/include/battery_monitoring/srv
[6.196s] -- Up-to-date: /home/user/ros2_ws/install/battery_monitoring/include/battery_monitoring/srv/detail
[6.196s] -- Installing: /home/user/ros2_ws/install/battery_monitoring/include/battery_monitoring/srv/detail/robot_battery_status__builder.hpp
[6.196s] -- Installing: /home/user/ros2_ws/install/battery_monitoring/include/battery_monitoring/srv/detail/robot_battery_status__traits.hpp
[6.197s] -- Installing: /home/user/ros2_ws/install/battery_monitoring/include/battery_monitoring/srv/detail/robot_battery_status__struct.hpp
[6.197s] -- Installing: /home/user/ros2_ws/install/battery_monitoring/include/battery_monitoring/srv/robot_battery_status.hpp
[6.197s] -- Up-to-date: /home/user/ros2_ws/install/battery_monitoring/include/battery_monitoring
[6.197s] -- Up-to-date: /home/user/ros2_ws/install/battery_monitoring/include/battery_monitoring/srv
[6.197s] -- Up-to-date: /home/user/ros2_ws/install/battery_monitoring/include/battery_monitoring/srv/detail
[6.198s] -- Installing: /home/user/ros2_ws/install/battery_monitoring/include/battery_monitoring/srv/detail/robot_battery_status__rosidl_typesupport_introspection_cpp.hpp
[6.198s] -- Installing: /home/user/ros2_ws/install/battery_monitoring/include/battery_monitoring/srv/detail/robot_battery_status__type_support.cpp
[6.198s] -- Installing: /home/user/ros2_ws/install/battery_monitoring/lib/libbattery_monitoring__rosidl_typesupport_introspection_cpp.so
[6.199s] -- Set runtime path of "/home/user/ros2_ws/install/battery_monitoring/lib/libbattery_monitoring__rosidl_typesupport_introspection_cpp.so" to ""
[6.199s] -- Installing: /home/user/ros2_ws/install/battery_monitoring/lib/libbattery_monitoring__rosidl_typesupport_cpp.so
[6.199s] -- Set runtime path of "/home/user/ros2_ws/install/battery_monitoring/lib/libbattery_monitoring__rosidl_typesupport_cpp.so" to ""
[6.200s] -- Installing: /home/user/ros2_ws/install/battery_monitoring/share/battery_monitoring/environment/pythonpath.sh
[6.200s] -- Installing: /home/user/ros2_ws/install/battery_monitoring/share/battery_monitoring/environment/pythonpath.dsv
[6.200s] -- Installing: /home/user/ros2_ws/install/battery_monitoring/lib/python3.8/site-packages/battery_monitoring/__init__.py
[6.237s] Compiling '/home/user/ros2_ws/install/battery_monitoring/lib/python3.8/site-packages/battery_monitoring/__init__.py'...
[6.241s] -- Installing: /home/user/ros2_ws/install/battery_monitoring/lib/python3.8/site-packages/battery_monitoring/srv
[6.241s] -- Installing: /home/user/ros2_ws/install/battery_monitoring/lib/python3.8/site-packages/battery_monitoring/srv/_robot_battery_status.py
[6.242s] -- Installing: /home/user/ros2_ws/install/battery_monitoring/lib/python3.8/site-packages/battery_monitoring/srv/__init__.py
[6.242s] -- Installing: /home/user/ros2_ws/install/battery_monitoring/lib/python3.8/site-packages/battery_monitoring/srv/_robot_battery_status_s.c
[6.243s] -- Installing: /home/user/ros2_ws/install/battery_monitoring/lib/python3.8/site-packages/battery_monitoring/battery_monitoring_s__rosidl_typesupport_fastrtps_c.cpython-38-x86_64-linux-gnu.so
[6.243s] -- Set runtime path of "/home/user/ros2_ws/install/battery_monitoring/lib/python3.8/site-packages/battery_monitoring/battery_monitoring_s__rosidl_typesupport_fastrtps_c.cpython-38-x86_64-linux-gnu.so" to ""
[6.244s] -- Installing: /home/user/ros2_ws/install/battery_monitoring/lib/python3.8/site-packages/battery_monitoring/battery_monitoring_s__rosidl_typesupport_introspection_c.cpython-38-x86_64-linux-gnu.so
[6.244s] -- Set runtime path of "/home/user/ros2_ws/install/battery_monitoring/lib/python3.8/site-packages/battery_monitoring/battery_monitoring_s__rosidl_typesupport_introspection_c.cpython-38-x86_64-linux-gnu.so" to ""
[6.245s] -- Installing: /home/user/ros2_ws/install/battery_monitoring/lib/python3.8/site-packages/battery_monitoring/battery_monitoring_s__rosidl_typesupport_c.cpython-38-x86_64-linux-gnu.so
[6.245s] -- Set runtime path of "/home/user/ros2_ws/install/battery_monitoring/lib/python3.8/site-packages/battery_monitoring/battery_monitoring_s__rosidl_typesupport_c.cpython-38-x86_64-linux-gnu.so" to ""
[6.246s] -- Installing: /home/user/ros2_ws/install/battery_monitoring/lib/libbattery_monitoring__python.so
[6.246s] -- Set runtime path of "/home/user/ros2_ws/install/battery_monitoring/lib/libbattery_monitoring__python.so" to ""
[6.246s] -- Installing: /home/user/ros2_ws/install/battery_monitoring/share/battery_monitoring/srv/RobotBatteryStatus.idl
[6.247s] -- Installing: /home/user/ros2_ws/install/battery_monitoring/share/battery_monitoring/srv/RobotBatteryStatus.srv
[6.247s] -- Installing: /home/user/ros2_ws/install/battery_monitoring/share/battery_monitoring/srv/RobotBatteryStatus_Request.msg
[6.247s] -- Installing: /home/user/ros2_ws/install/battery_monitoring/share/battery_monitoring/srv/RobotBatteryStatus_Response.msg
[6.248s] -- Installing: /home/user/ros2_ws/install/battery_monitoring/share/ament_index/resource_index/package_run_dependencies/battery_monitoring
[6.248s] -- Installing: /home/user/ros2_ws/install/battery_monitoring/share/ament_index/resource_index/parent_prefix_path/battery_monitoring
[6.248s] -- Installing: /home/user/ros2_ws/install/battery_monitoring/share/battery_monitoring/environment/ament_prefix_path.sh
[6.249s] -- Installing: /home/user/ros2_ws/install/battery_monitoring/share/battery_monitoring/environment/ament_prefix_path.dsv
[6.249s] -- Installing: /home/user/ros2_ws/install/battery_monitoring/share/battery_monitoring/environment/path.sh
[6.249s] -- Installing: /home/user/ros2_ws/install/battery_monitoring/share/battery_monitoring/environment/path.dsv
[6.250s] -- Installing: /home/user/ros2_ws/install/battery_monitoring/share/battery_monitoring/local_setup.bash
[6.250s] -- Installing: /home/user/ros2_ws/install/battery_monitoring/share/battery_monitoring/local_setup.sh
[6.250s] -- Installing: /home/user/ros2_ws/install/battery_monitoring/share/battery_monitoring/local_setup.zsh
[6.250s] -- Installing: /home/user/ros2_ws/install/battery_monitoring/share/battery_monitoring/local_setup.dsv
[6.251s] -- Installing: /home/user/ros2_ws/install/battery_monitoring/share/battery_monitoring/package.dsv
[6.251s] -- Installing: /home/user/ros2_ws/install/battery_monitoring/share/ament_index/resource_index/packages/battery_monitoring
[6.251s] -- Installing: /home/user/ros2_ws/install/battery_monitoring/share/battery_monitoring/cmake/battery_monitoring__rosidl_generator_cExport.cmake
[6.252s] -- Installing: /home/user/ros2_ws/install/battery_monitoring/share/battery_monitoring/cmake/battery_monitoring__rosidl_generator_cExport-noconfig.cmake
[6.252s] -- Installing: /home/user/ros2_ws/install/battery_monitoring/share/battery_monitoring/cmake/battery_monitoring__rosidl_typesupport_introspection_cExport.cmake
[6.252s] -- Installing: /home/user/ros2_ws/install/battery_monitoring/share/battery_monitoring/cmake/battery_monitoring__rosidl_typesupport_introspection_cExport-noconfig.cmake
[6.253s] -- Installing: /home/user/ros2_ws/install/battery_monitoring/share/battery_monitoring/cmake/battery_monitoring__rosidl_typesupport_cExport.cmake
[6.253s] -- Installing: /home/user/ros2_ws/install/battery_monitoring/share/battery_monitoring/cmake/battery_monitoring__rosidl_typesupport_cExport-noconfig.cmake
[6.254s] -- Installing: /home/user/ros2_ws/install/battery_monitoring/share/battery_monitoring/cmake/battery_monitoring__rosidl_generator_cppExport.cmake
[6.254s] -- Installing: /home/user/ros2_ws/install/battery_monitoring/share/battery_monitoring/cmake/battery_monitoring__rosidl_typesupport_introspection_cppExport.cmake
[6.254s] -- Installing: /home/user/ros2_ws/install/battery_monitoring/share/battery_monitoring/cmake/battery_monitoring__rosidl_typesupport_introspection_cppExport-noconfig.cmake
[6.255s] -- Installing: /home/user/ros2_ws/install/battery_monitoring/share/battery_monitoring/cmake/battery_monitoring__rosidl_typesupport_cppExport.cmake
[6.255s] -- Installing: /home/user/ros2_ws/install/battery_monitoring/share/battery_monitoring/cmake/battery_monitoring__rosidl_typesupport_cppExport-noconfig.cmake
[6.256s] -- Installing: /home/user/ros2_ws/install/battery_monitoring/share/battery_monitoring/cmake/rosidl_cmake-extras.cmake
[6.256s] -- Installing: /home/user/ros2_ws/install/battery_monitoring/share/battery_monitoring/cmake/ament_cmake_export_dependencies-extras.cmake
[6.256s] -- Installing: /home/user/ros2_ws/install/battery_monitoring/share/battery_monitoring/cmake/ament_cmake_export_libraries-extras.cmake
[6.256s] -- Installing: /home/user/ros2_ws/install/battery_monitoring/share/battery_monitoring/cmake/ament_cmake_export_targets-extras.cmake
[6.257s] -- Installing: /home/user/ros2_ws/install/battery_monitoring/share/battery_monitoring/cmake/ament_cmake_export_include_directories-extras.cmake
[6.257s] -- Installing: /home/user/ros2_ws/install/battery_monitoring/share/battery_monitoring/cmake/rosidl_cmake_export_typesupport_libraries-extras.cmake
[6.257s] -- Installing: /home/user/ros2_ws/install/battery_monitoring/share/battery_monitoring/cmake/rosidl_cmake_export_typesupport_targets-extras.cmake
[6.258s] -- Installing: /home/user/ros2_ws/install/battery_monitoring/share/battery_monitoring/cmake/battery_monitoringConfig.cmake
[6.258s] -- Installing: /home/user/ros2_ws/install/battery_monitoring/share/battery_monitoring/cmake/battery_monitoringConfig-version.cmake
[6.258s] -- Installing: /home/user/ros2_ws/install/battery_monitoring/share/battery_monitoring/package.xml
[6.262s] Invoked command in '/home/user/ros2_ws/build/battery_monitoring' returned '0': CMAKE_PREFIX_PATH=${CMAKE_PREFIX_PATH}:/opt/ros/foxy _=/usr/bin/env /usr/bin/cmake --install /home/user/ros2_ws/build/battery_monitoring
