[0.038s] Invoking command in '/home/user/ros2_ws/build/battery_monitoring': CMAKE_PREFIX_PATH=${CMAKE_PREFIX_PATH}:/opt/ros/foxy _=/usr/bin/env /usr/bin/cmake --build /home/user/ros2_ws/build/battery_monitoring -- -j8 -l8
[0.114s] [35m[1mScanning dependencies of target server[0m
[0.193s] [  8%] Built target battery_monitoring__rosidl_generator_c
[0.260s] [ 14%] Built target client
[0.272s] [ 17%] Built target battery_monitoring__cpp
[0.277s] [ 20%] [32mBuilding CXX object CMakeFiles/server.dir/src/server.cpp.o[0m
[0.375s] [ 28%] Built target battery_monitoring__rosidl_typesupport_c
[0.455s] [ 37%] Built target battery_monitoring__rosidl_typesupport_introspection_c
[0.475s] [ 45%] Built target battery_monitoring__rosidl_typesupport_introspection_cpp
[0.556s] [ 54%] Built target battery_monitoring__rosidl_typesupport_cpp
[0.558s] [ 62%] Built target battery_monitoring__rosidl_typesupport_fastrtps_cpp
[0.605s] [ 71%] Built target battery_monitoring__rosidl_typesupport_fastrtps_c
[0.691s] [ 71%] Built target battery_monitoring
[0.775s] [ 74%] Built target battery_monitoring__py
[0.862s] [ 80%] Built target battery_monitoring__python
[0.988s] [ 85%] Built target battery_monitoring__rosidl_typesupport_introspection_c__pyext
[0.991s] [ 91%] Built target battery_monitoring__rosidl_typesupport_c__pyext
[0.997s] [ 97%] Built target battery_monitoring__rosidl_typesupport_fastrtps_c__pyext
[2.554s] [01m[K/home/user/ros2_ws/src/battery_monitoring/src/server.cpp:[m[K In function '[01m[Kint main(int, char**)[m[K':
[2.554s] [01m[K/home/user/ros2_ws/src/battery_monitoring/src/server.cpp:28:42:[m[K [01;31m[Kerror: [m[K'[01m[Kbattery_monitoring::RobotBatteryStatus[m[K' has not been declared
[2.555s]    28 |               &add, (battery_monitoring::[01;31m[KRobotBatteryStatus[m[K::Request &)_1,
[2.555s]       |                                          [01;31m[K^~~~~~~~~~~~~~~~~~[m[K
[2.555s] [01m[K/home/user/ros2_ws/src/battery_monitoring/src/server.cpp:28:71:[m[K [01;31m[Kerror: [m[Kexpected primary-expression before '[01m[K)[m[K' token
[2.555s]    28 |               &add, (battery_monitoring::RobotBatteryStatus::Request &[01;31m[K)[m[K_1,
[2.555s]       |                                                                       [01;31m[K^[m[K
[3.005s] make[2]: *** [CMakeFiles/server.dir/build.make:63: CMakeFiles/server.dir/src/server.cpp.o] Error 1
[3.006s] make[1]: *** [CMakeFiles/Makefile2:152: CMakeFiles/server.dir/all] Error 2
[3.006s] make: *** [Makefile:141: all] Error 2
[3.008s] Invoked command in '/home/user/ros2_ws/build/battery_monitoring' returned '2': CMAKE_PREFIX_PATH=${CMAKE_PREFIX_PATH}:/opt/ros/foxy _=/usr/bin/env /usr/bin/cmake --build /home/user/ros2_ws/build/battery_monitoring -- -j8 -l8
