[0.034s] Invoking command in '/home/user/ros2_ws/build/battery_monitoring': CMAKE_PREFIX_PATH=${CMAKE_PREFIX_PATH}:/opt/ros/foxy _=/usr/bin/env /usr/bin/cmake --build /home/user/ros2_ws/build/battery_monitoring -- -j8 -l8
[0.149s] [  5%] Built target client
[0.187s] [ 14%] Built target battery_monitoring__rosidl_generator_c
[0.235s] [ 17%] Built target battery_monitoring__cpp
[0.274s] [ 25%] Built target battery_monitoring__rosidl_typesupport_c
[0.321s] [ 34%] Built target battery_monitoring__rosidl_typesupport_introspection_cpp
[0.362s] [ 42%] Built target battery_monitoring__rosidl_typesupport_fastrtps_cpp
[0.404s] [ 51%] Built target battery_monitoring__rosidl_typesupport_cpp
[0.454s] [ 60%] Built target battery_monitoring__rosidl_typesupport_fastrtps_c
[0.493s] [ 68%] Built target battery_monitoring__rosidl_typesupport_introspection_c
[0.518s] [35m[1mScanning dependencies of target server[0m
[0.581s] [ 71%] [32mBuilding CXX object CMakeFiles/server.dir/src/server.cpp.o[0m
[2.847s] [01m[K/home/user/ros2_ws/src/battery_monitoring/src/server.cpp:[m[K In function '[01m[Kint main(int, char**)[m[K':
[2.847s] [01m[K/home/user/ros2_ws/src/battery_monitoring/src/server.cpp:27:3:[m[K [01;31m[Kerror: [m[K'[01m[Knode[m[K' was not declared in this scope
[2.847s]    27 |   [01;31m[Knode[m[K->create_service<example_interfaces::srv::AddTwoInts>("add_two_ints",
[2.847s]       |   [01;31m[K^~~~[m[K
[2.848s] [01m[K/home/user/ros2_ws/src/battery_monitoring/src/server.cpp:27:24:[m[K [01;31m[Kerror: [m[K'[01m[Kexample_interfaces[m[K' has not been declared
[2.848s]    27 |   node->create_service<[01;31m[Kexample_interfaces[m[K::srv::AddTwoInts>("add_two_ints",
[2.848s]       |                        [01;31m[K^~~~~~~~~~~~~~~~~~[m[K
[2.848s] [01m[K/home/user/ros2_ws/src/battery_monitoring/src/server.cpp:28:61:[m[K [01;31m[Kerror: [m[K'[01m[Kfcn2[m[K' was not declared in this scope
[2.848s]    28 |                                                             [01;31m[Kfcn2[m[K);
[2.849s]       |                                                             [01;31m[K^~~~[m[K
[2.851s] [01m[K/home/user/ros2_ws/src/battery_monitoring/src/server.cpp:35:71:[m[K [01;31m[Kerror: [m[Kexpected primary-expression before '[01m[K>[m[K' token
[2.851s]    35 |       node->create_service<battery_monitoring::srv::RobotBatteryStatus[01;31m[K>[m[K(
[2.851s]       |                                                                       [01;31m[K^[m[K
[2.854s] [01m[K/home/user/ros2_ws/src/battery_monitoring/src/server.cpp:36:11:[m[K [01;35m[Kwarning: [m[Kleft operand of comma operator has no effect [[01;35m[K-Wunused-value[m[K]
[2.855s]    36 |           [01;35m[K"add_three_ints"[m[K,
[2.855s]       |           [01;35m[K^~~~~~~~~~~~~~~~[m[K
[3.547s] make[2]: *** [CMakeFiles/server.dir/build.make:63: CMakeFiles/server.dir/src/server.cpp.o] Error 1
[3.548s] make[1]: *** [CMakeFiles/Makefile2:152: CMakeFiles/server.dir/all] Error 2
[3.548s] make: *** [Makefile:141: all] Error 2
[3.551s] Invoked command in '/home/user/ros2_ws/build/battery_monitoring' returned '2': CMAKE_PREFIX_PATH=${CMAKE_PREFIX_PATH}:/opt/ros/foxy _=/usr/bin/env /usr/bin/cmake --build /home/user/ros2_ws/build/battery_monitoring -- -j8 -l8
