[0.019s] Invoking command in '/home/user/ros2_ws/build/battery_monitoring': CMAKE_PREFIX_PATH=${CMAKE_PREFIX_PATH}:/opt/ros/foxy _=/usr/bin/env /usr/bin/cmake --build /home/user/ros2_ws/build/battery_monitoring -- -j8 -l8
[0.073s] [35m[1mScanning dependencies of target client[0m
[0.093s] [  8%] Built target battery_monitoring__rosidl_generator_c
[0.095s] [ 11%] Built target battery_monitoring__cpp
[0.103s] [ 17%] Built target server
[0.193s] [ 25%] Built target battery_monitoring__rosidl_typesupport_introspection_c
[0.193s] [ 34%] Built target battery_monitoring__rosidl_typesupport_cpp
[0.195s] [ 42%] Built target battery_monitoring__rosidl_typesupport_c
[0.204s] [ 51%] [32mBuilding CXX object CMakeFiles/client.dir/src/client.cpp.o[0m
[0.204s] [ 54%] Built target battery_monitoring__rosidl_typesupport_introspection_cpp
[0.209s] [ 62%] Built target battery_monitoring__rosidl_typesupport_fastrtps_cpp
[0.244s] [ 71%] Built target battery_monitoring__rosidl_typesupport_fastrtps_c
[0.269s] [ 71%] Built target battery_monitoring
[0.316s] [ 74%] Built target battery_monitoring__py
[0.351s] [ 80%] Built target battery_monitoring__python
[0.415s] [ 91%] Built target battery_monitoring__rosidl_typesupport_c__pyext
[0.416s] [ 91%] Built target battery_monitoring__rosidl_typesupport_introspection_c__pyext
[0.420s] [ 97%] Built target battery_monitoring__rosidl_typesupport_fastrtps_c__pyext
[1.679s] [01m[K/home/user/ros2_ws/src/battery_monitoring/src/client.cpp:[m[K In function '[01m[Kint main(int, char**)[m[K':
[1.679s] [01m[K/home/user/ros2_ws/src/battery_monitoring/src/client.cpp:18:10:[m[K [01;31m[Kerror: [m[K'[01m[Kros2[m[K' has not been declared
[1.679s]    18 |   while ([01;31m[Kros2[m[K::ok()) {
[1.679s]       |          [01;31m[K^~~~[m[K
[2.277s] make[2]: *** [CMakeFiles/client.dir/build.make:63: CMakeFiles/client.dir/src/client.cpp.o] Error 1
[2.277s] make[1]: *** [CMakeFiles/Makefile2:125: CMakeFiles/client.dir/all] Error 2
[2.278s] make: *** [Makefile:141: all] Error 2
[2.280s] Invoked command in '/home/user/ros2_ws/build/battery_monitoring' returned '2': CMAKE_PREFIX_PATH=${CMAKE_PREFIX_PATH}:/opt/ros/foxy _=/usr/bin/env /usr/bin/cmake --build /home/user/ros2_ws/build/battery_monitoring -- -j8 -l8
