[0.026s] Invoking command in '/home/user/ros2_ws/build/cpp_srvcli': CMAKE_PREFIX_PATH=${CMAKE_PREFIX_PATH}:/opt/ros/foxy _=/usr/bin/env /usr/bin/cmake /home/user/ros2_ws/src/cpp_srvcli -DCMAKE_INSTALL_PREFIX=/home/user/ros2_ws/install/cpp_srvcli
[0.118s] -- The C compiler identification is GNU 9.3.0
[0.195s] -- The CXX compiler identification is GNU 9.3.0
[0.202s] -- Check for working C compiler: /usr/bin/cc
[0.303s] -- Check for working C compiler: /usr/bin/cc -- works
[0.305s] -- Detecting C compiler ABI info
[0.410s] -- Detecting C compiler ABI info - done
[0.424s] -- Detecting C compile features
[0.425s] -- Detecting C compile features - done
[0.428s] -- Check for working CXX compiler: /usr/bin/c++
[0.543s] -- Check for working CXX compiler: /usr/bin/c++ -- works
[0.544s] -- Detecting CXX compiler ABI info
[0.660s] -- Detecting CXX compiler ABI info - done
[0.685s] -- Detecting CXX compile features
[0.686s] -- Detecting CXX compile features - done
[0.692s] -- Found ament_cmake: 0.9.9 (/opt/ros/foxy/share/ament_cmake/cmake)
[0.730s] -- Found PythonInterp: /usr/bin/python3 (found suitable version "3.8.10", minimum required is "3") 
[0.730s] -- Using PYTHON_EXECUTABLE: /usr/bin/python3
[1.144s] -- Found rclcpp: 2.4.0 (/opt/ros/foxy/share/rclcpp/cmake)
[1.249s] -- Using all available rosidl_typesupport_c: rosidl_typesupport_fastrtps_c;rosidl_typesupport_introspection_c
[1.272s] -- Found rosidl_adapter: 1.2.1 (/opt/ros/foxy/share/rosidl_adapter/cmake)
[1.434s] -- Found OpenSSL: /usr/lib/x86_64-linux-gnu/libcrypto.so (found version "1.1.1f")  
[1.500s] -- Found FastRTPS: /opt/ros/foxy/include  
[1.656s] -- Using all available rosidl_typesupport_cpp: rosidl_typesupport_fastrtps_cpp;rosidl_typesupport_introspection_cpp
[1.757s] -- Found rmw_implementation_cmake: 1.0.3 (/opt/ros/foxy/share/rmw_implementation_cmake/cmake)
[1.760s] -- Using RMW implementation 'rmw_fastrtps_cpp' as default
[1.761s] -- Looking for pthread.h
[1.866s] -- Looking for pthread.h - found
[1.866s] -- Performing Test CMAKE_HAVE_LIBC_PTHREAD
[1.975s] -- Performing Test CMAKE_HAVE_LIBC_PTHREAD - Failed
[1.975s] -- Looking for pthread_create in pthreads
[2.067s] -- Looking for pthread_create in pthreads - not found
[2.067s] -- Looking for pthread_create in pthread
[2.164s] -- Looking for pthread_create in pthread - found
[2.166s] -- Found Threads: TRUE  
[2.416s] -- Found example_interfaces: 0.9.1 (/opt/ros/foxy/share/example_interfaces/cmake)
[2.611s] -- Found ament_lint_auto: 0.9.6 (/opt/ros/foxy/share/ament_lint_auto/cmake)
[2.770s] -- Added test 'copyright' to check source files copyright and LICENSE
[2.775s] -- Added test 'lint_cmake' to check CMake code style
[2.778s] -- Added test 'xmllint' to check XML markup files
[2.784s] -- Configuring done
[2.788s] -- Generating done
[2.790s] -- Build files have been written to: /home/user/ros2_ws/build/cpp_srvcli
[2.800s] Invoked command in '/home/user/ros2_ws/build/cpp_srvcli' returned '0': CMAKE_PREFIX_PATH=${CMAKE_PREFIX_PATH}:/opt/ros/foxy _=/usr/bin/env /usr/bin/cmake /home/user/ros2_ws/src/cpp_srvcli -DCMAKE_INSTALL_PREFIX=/home/user/ros2_ws/install/cpp_srvcli
[2.803s] Invoking command in '/home/user/ros2_ws/build/cpp_srvcli': CMAKE_PREFIX_PATH=${CMAKE_PREFIX_PATH}:/opt/ros/foxy _=/usr/bin/env /usr/bin/cmake --build /home/user/ros2_ws/build/cpp_srvcli -- -j8 -l8
[2.855s] Invoked command in '/home/user/ros2_ws/build/cpp_srvcli' returned '0': CMAKE_PREFIX_PATH=${CMAKE_PREFIX_PATH}:/opt/ros/foxy _=/usr/bin/env /usr/bin/cmake --build /home/user/ros2_ws/build/cpp_srvcli -- -j8 -l8
[2.926s] Invoking command in '/home/user/ros2_ws/build/cpp_srvcli': CMAKE_PREFIX_PATH=${CMAKE_PREFIX_PATH}:/opt/ros/foxy _=/usr/bin/env /usr/bin/cmake --install /home/user/ros2_ws/build/cpp_srvcli
[2.935s] -- Install configuration: ""
[2.936s] -- Installing: /home/user/ros2_ws/install/cpp_srvcli/share/ament_index/resource_index/package_run_dependencies/cpp_srvcli
[2.936s] -- Installing: /home/user/ros2_ws/install/cpp_srvcli/share/ament_index/resource_index/parent_prefix_path/cpp_srvcli
[2.937s] -- Installing: /home/user/ros2_ws/install/cpp_srvcli/share/cpp_srvcli/environment/ament_prefix_path.sh
[2.937s] -- Installing: /home/user/ros2_ws/install/cpp_srvcli/share/cpp_srvcli/environment/ament_prefix_path.dsv
[2.937s] -- Installing: /home/user/ros2_ws/install/cpp_srvcli/share/cpp_srvcli/environment/path.sh
[2.937s] -- Installing: /home/user/ros2_ws/install/cpp_srvcli/share/cpp_srvcli/environment/path.dsv
[2.938s] -- Installing: /home/user/ros2_ws/install/cpp_srvcli/share/cpp_srvcli/local_setup.bash
[2.938s] -- Installing: /home/user/ros2_ws/install/cpp_srvcli/share/cpp_srvcli/local_setup.sh
[2.938s] -- Installing: /home/user/ros2_ws/install/cpp_srvcli/share/cpp_srvcli/local_setup.zsh
[2.939s] -- Installing: /home/user/ros2_ws/install/cpp_srvcli/share/cpp_srvcli/local_setup.dsv
[2.939s] -- Installing: /home/user/ros2_ws/install/cpp_srvcli/share/cpp_srvcli/package.dsv
[2.939s] -- Installing: /home/user/ros2_ws/install/cpp_srvcli/share/ament_index/resource_index/packages/cpp_srvcli
[2.939s] -- Installing: /home/user/ros2_ws/install/cpp_srvcli/share/cpp_srvcli/cmake/cpp_srvcliConfig.cmake
[2.940s] -- Installing: /home/user/ros2_ws/install/cpp_srvcli/share/cpp_srvcli/cmake/cpp_srvcliConfig-version.cmake
[2.940s] -- Installing: /home/user/ros2_ws/install/cpp_srvcli/share/cpp_srvcli/package.xml
[2.943s] Invoked command in '/home/user/ros2_ws/build/cpp_srvcli' returned '0': CMAKE_PREFIX_PATH=${CMAKE_PREFIX_PATH}:/opt/ros/foxy _=/usr/bin/env /usr/bin/cmake --install /home/user/ros2_ws/build/cpp_srvcli
