[0.021s] Invoking command in '/home/user/ros2_ws/build/battery_monitoring': CMAKE_PREFIX_PATH=${CMAKE_PREFIX_PATH}:/opt/ros/foxy _=/usr/bin/env /usr/bin/cmake --build /home/user/ros2_ws/build/battery_monitoring -- -j8 -l8
[0.082s] [35m[1mScanning dependencies of target server[0m
[0.096s] [  8%] Built target battery_monitoring__rosidl_generator_c
[0.100s] [ 11%] Built target battery_monitoring__cpp
[0.147s] [ 17%] Built target client
[0.162s] [ 25%] Built target battery_monitoring__rosidl_typesupport_introspection_c
[0.167s] [ 34%] Built target battery_monitoring__rosidl_typesupport_cpp
[0.228s] [ 37%] [32mBuilding CXX object CMakeFiles/server.dir/src/server.cpp.o[0m
[0.229s] [ 45%] Built target battery_monitoring__rosidl_typesupport_c
[0.233s] [ 54%] Built target battery_monitoring__rosidl_typesupport_introspection_cpp
[0.242s] [ 62%] Built target battery_monitoring__rosidl_typesupport_fastrtps_cpp
[0.282s] [ 71%] Built target battery_monitoring__rosidl_typesupport_fastrtps_c
[0.310s] [ 71%] Built target battery_monitoring
[0.342s] [ 74%] Built target battery_monitoring__py
[0.382s] [ 80%] Built target battery_monitoring__python
[0.447s] [ 85%] Built target battery_monitoring__rosidl_typesupport_c__pyext
[0.451s] [ 91%] Built target battery_monitoring__rosidl_typesupport_introspection_c__pyext
[0.456s] [ 97%] Built target battery_monitoring__rosidl_typesupport_fastrtps_c__pyext
[1.864s] [01m[K/home/user/ros2_ws/src/battery_monitoring/src/server.cpp:[m[K In function '[01m[Kint main(int, char**)[m[K':
[1.865s] [01m[K/home/user/ros2_ws/src/battery_monitoring/src/server.cpp:27:101:[m[K [01;31m[Kerror: [m[Kno matching function for call to '[01m[Kbattery_monitoring::srv::RobotBatteryStatus_Request_<std::allocator<void> >::RobotBatteryStatus_Request_(const boost::arg<1>&)[m[K'
[1.865s]    27 |           "add_three_ints", boost::bind(&add((battery_monitoring::srv::RobotBatteryStatus::Request) [01;31m[K_1[m[K,_2)); // CHANGE
[1.865s]       |                                                                                                     [01;31m[K^~[m[K
[1.865s] In file included from [01m[K/home/user/ros2_ws/install/battery_monitoring/include/battery_monitoring/srv/robot_battery_status.hpp:7[m[K,
[1.865s]                  from [01m[K/home/user/ros2_ws/src/battery_monitoring/src/server.cpp:1[m[K:
[1.865s] [01m[K/home/user/ros2_ws/install/battery_monitoring/include/battery_monitoring/srv/detail/robot_battery_status__struct.hpp:44:12:[m[K [01;36m[Knote: [m[Kcandidate: '[01m[Kbattery_monitoring::srv::RobotBatteryStatus_Request_<ContainerAllocator>::RobotBatteryStatus_Request_(const ContainerAllocator&, rosidl_runtime_cpp::MessageInitialization) [with ContainerAllocator = std::allocator<void>][m[K'
[1.865s]    44 |   explicit [01;36m[KRobotBatteryStatus_Request_[m[K(const ContainerAllocator & _alloc, rosidl_runtime_cpp::MessageInitialization _init = rosidl_runtime_cpp::MessageInitialization::ALL)
[1.866s]       |            [01;36m[K^~~~~~~~~~~~~~~~~~~~~~~~~~~[m[K
[1.866s] [01m[K/home/user/ros2_ws/install/battery_monitoring/include/battery_monitoring/srv/detail/robot_battery_status__struct.hpp:44:67:[m[K [01;36m[Knote: [m[K  no known conversion for argument 1 from '[01m[Kconst boost::arg<1>[m[K' to '[01m[Kconst std::allocator<void>&[m[K'
[1.866s]    44 |   explicit RobotBatteryStatus_Request_([01;36m[Kconst ContainerAllocator & _alloc[m[K, rosidl_runtime_cpp::MessageInitialization _init = rosidl_runtime_cpp::MessageInitialization::ALL)
[1.866s]       |                                        [01;36m[K~~~~~~~~~~~~~~~~~~~~~~~~~~~^~~~~~[m[K
[1.866s] In file included from [01m[K/home/user/ros2_ws/install/battery_monitoring/include/battery_monitoring/srv/robot_battery_status.hpp:7[m[K,
[1.866s]                  from [01m[K/home/user/ros2_ws/src/battery_monitoring/src/server.cpp:1[m[K:
[1.866s] [01m[K/home/user/ros2_ws/install/battery_monitoring/include/battery_monitoring/srv/detail/robot_battery_status__struct.hpp:35:12:[m[K [01;36m[Knote: [m[Kcandidate: '[01m[Kbattery_monitoring::srv::RobotBatteryStatus_Request_<ContainerAllocator>::RobotBatteryStatus_Request_(rosidl_runtime_cpp::MessageInitialization) [with ContainerAllocator = std::allocator<void>][m[K'
[1.867s]    35 |   explicit [01;36m[KRobotBatteryStatus_Request_[m[K(rosidl_runtime_cpp::MessageInitialization _init = rosidl_runtime_cpp::MessageInitialization::ALL)
[1.867s]       |            [01;36m[K^~~~~~~~~~~~~~~~~~~~~~~~~~~[m[K
[1.867s] [01m[K/home/user/ros2_ws/install/battery_monitoring/include/battery_monitoring/srv/detail/robot_battery_status__struct.hpp:35:82:[m[K [01;36m[Knote: [m[K  no known conversion for argument 1 from '[01m[Kconst boost::arg<1>[m[K' to '[01m[Krosidl_runtime_cpp::MessageInitialization[m[K'
[1.867s]    35 |   explicit RobotBatteryStatus_Request_([01;36m[Krosidl_runtime_cpp::MessageInitialization _init = rosidl_runtime_cpp::MessageInitialization::ALL[m[K)
[1.867s]       |                                        [01;36m[K~~~~~~~~~~~~~~~~~~~~~~~~~~~~~~~~~~~~~~~~~~^~~~~~~~~~~~~~~~~~~~~~~~~~~~~~~~~~~~~~~~~~~~~~~~~~~~~~[m[K
[1.867s] [01m[K/home/user/ros2_ws/install/battery_monitoring/include/battery_monitoring/srv/detail/robot_battery_status__struct.hpp:31:8:[m[K [01;36m[Knote: [m[Kcandidate: '[01m[Kconstexpr battery_monitoring::srv::RobotBatteryStatus_Request_<std::allocator<void> >::RobotBatteryStatus_Request_(const battery_monitoring::srv::RobotBatteryStatus_Request_<std::allocator<void> >&)[m[K'
[1.867s]    31 | struct [01;36m[KRobotBatteryStatus_Request_[m[K
[1.868s]       |        [01;36m[K^~~~~~~~~~~~~~~~~~~~~~~~~~~[m[K
[1.868s] [01m[K/home/user/ros2_ws/install/battery_monitoring/include/battery_monitoring/srv/detail/robot_battery_status__struct.hpp:31:8:[m[K [01;36m[Knote: [m[K  no known conversion for argument 1 from '[01m[Kconst boost::arg<1>[m[K' to '[01m[Kconst battery_monitoring::srv::RobotBatteryStatus_Request_<std::allocator<void> >&[m[K'
[1.868s] [01m[K/home/user/ros2_ws/install/battery_monitoring/include/battery_monitoring/srv/detail/robot_battery_status__struct.hpp:31:8:[m[K [01;36m[Knote: [m[Kcandidate: '[01m[Kconstexpr battery_monitoring::srv::RobotBatteryStatus_Request_<std::allocator<void> >::RobotBatteryStatus_Request_(battery_monitoring::srv::RobotBatteryStatus_Request_<std::allocator<void> >&&)[m[K'
[1.868s] [01m[K/home/user/ros2_ws/install/battery_monitoring/include/battery_monitoring/srv/detail/robot_battery_status__struct.hpp:31:8:[m[K [01;36m[Knote: [m[K  no known conversion for argument 1 from '[01m[Kconst boost::arg<1>[m[K' to '[01m[Kbattery_monitoring::srv::RobotBatteryStatus_Request_<std::allocator<void> >&&[m[K'
[2.312s] make[2]: *** [CMakeFiles/server.dir/build.make:63: CMakeFiles/server.dir/src/server.cpp.o] Error 1
[2.312s] make[1]: *** [CMakeFiles/Makefile2:152: CMakeFiles/server.dir/all] Error 2
[2.313s] make: *** [Makefile:141: all] Error 2
[2.315s] Invoked command in '/home/user/ros2_ws/build/battery_monitoring' returned '2': CMAKE_PREFIX_PATH=${CMAKE_PREFIX_PATH}:/opt/ros/foxy _=/usr/bin/env /usr/bin/cmake --build /home/user/ros2_ws/build/battery_monitoring -- -j8 -l8
